Tree 0 CV-Ensemble 0
GRADIENTSUM 4.89333333
LEAFVALUESSUM -0.8060606061
Tree 1 CV-Ensemble 0
GRADIENTSUM 0.22424242
LEAFVALUESSUM -0.1707988981
Tree 2 CV-Ensemble 0
GRADIENTSUM -0.29884298
LEAFVALUESSUM -0.4245429502
Tree 3 CV-Ensemble 0
GRADIENTSUM -2.13165039
LEAFVALUESSUM 1.0950435990
Tree 4 CV-Ensemble 0
GRADIENTSUM 3.73183981
LEAFVALUESSUM -0.0557454885
Tree 5 CV-Ensemble 0
GRADIENTSUM 3.78924291
LEAFVALUESSUM 0.7766376969
Tree 6 CV-Ensemble 0
GRADIENTSUM 4.70057535
LEAFVALUESSUM 0.2807277060
Tree 7 CV-Ensemble 0
GRADIENTSUM 5.03008621
LEAFVALUESSUM 0.3495254147
Tree 8 CV-Ensemble 0
GRADIENTSUM 6.29016031
LEAFVALUESSUM 0.1583092476
Tree 9 CV-Ensemble 0
GRADIENTSUM 4.78816139
LEAFVALUESSUM -0.4547936116
Tree 10 CV-Ensemble 0
GRADIENTSUM 3.29181469
LEAFVALUESSUM 0.3995501488
Tree 11 CV-Ensemble 0
GRADIENTSUM 4.85906928
LEAFVALUESSUM 0.0213684201
Tree 12 CV-Ensemble 0
GRADIENTSUM 4.57547434
LEAFVALUESSUM -0.3019995951
Tree 13 CV-Ensemble 0
GRADIENTSUM 3.15225700
LEAFVALUESSUM 0.0011643121
Tree 14 CV-Ensemble 0
GRADIENTSUM 3.05818704
LEAFVALUESSUM -0.1521655245
Tree 15 CV-Ensemble 0
GRADIENTSUM 1.74278025
LEAFVALUESSUM -0.2585871062
Tree 16 CV-Ensemble 0
GRADIENTSUM 1.77265913
LEAFVALUESSUM -0.6397404594
Tree 17 CV-Ensemble 0
GRADIENTSUM -0.60781625
LEAFVALUESSUM 0.4294192484
Tree 18 CV-Ensemble 0
GRADIENTSUM 0.64014852
LEAFVALUESSUM -0.5402097973
Tree 19 CV-Ensemble 0
GRADIENTSUM -1.56269508
LEAFVALUESSUM -0.1454662870
Tree 20 CV-Ensemble 0
GRADIENTSUM -2.23095886
LEAFVALUESSUM -0.0119304565
Tree 21 CV-Ensemble 0
GRADIENTSUM -2.21187965
LEAFVALUESSUM 0.1334200118
Tree 22 CV-Ensemble 0
GRADIENTSUM -1.77857920
LEAFVALUESSUM -0.1969541804
Tree 23 CV-Ensemble 0
GRADIENTSUM -2.75588824
LEAFVALUESSUM -0.1354897464
Tree 24 CV-Ensemble 0
GRADIENTSUM -3.19196304
LEAFVALUESSUM 0.3100336355
Tree 25 CV-Ensemble 0
GRADIENTSUM -1.83157292
LEAFVALUESSUM 0.1476699120
Tree 26 CV-Ensemble 0
GRADIENTSUM -0.84660982
LEAFVALUESSUM 0.2510983390
Tree 27 CV-Ensemble 0
GRADIENTSUM 1.25560497
LEAFVALUESSUM 0.0215938252
Tree 28 CV-Ensemble 0
GRADIENTSUM 0.54052630
LEAFVALUESSUM -0.2093390532
Tree 29 CV-Ensemble 0
GRADIENTSUM -0.82563509
LEAFVALUESSUM -0.1790699693
Tree 30 CV-Ensemble 0
GRADIENTSUM -1.93012949
LEAFVALUESSUM 0.0000000000
Tree 31 CV-Ensemble 0
GRADIENTSUM -1.49265999
LEAFVALUESSUM 0.0309368297
Tree 32 CV-Ensemble 0
GRADIENTSUM -1.26303802
LEAFVALUESSUM -0.0801944344
Tree 33 CV-Ensemble 0
GRADIENTSUM -1.78374322
LEAFVALUESSUM 0.0000000000
Tree 34 CV-Ensemble 0
GRADIENTSUM -1.61786651
LEAFVALUESSUM 0.0556256779
Tree 35 CV-Ensemble 0
GRADIENTSUM -1.30879245
LEAFVALUESSUM 0.0500631101
Tree 36 CV-Ensemble 0
GRADIENTSUM -0.92692940
LEAFVALUESSUM -0.0450567991
Tree 37 CV-Ensemble 0
GRADIENTSUM -1.09396225
LEAFVALUESSUM -0.0011113382
Tree 38 CV-Ensemble 0
GRADIENTSUM -1.22854386
LEAFVALUESSUM 0.0000000000
Tree 39 CV-Ensemble 0
GRADIENTSUM -0.87054942
LEAFVALUESSUM -0.0328464065
Tree 40 CV-Ensemble 0
GRADIENTSUM -1.16620088
LEAFVALUESSUM 0.0000000000
Tree 41 CV-Ensemble 0
GRADIENTSUM -1.10635177
LEAFVALUESSUM -0.0266055893
Tree 42 CV-Ensemble 0
GRADIENTSUM -1.36264652
LEAFVALUESSUM 0.0239450304
Tree 43 CV-Ensemble 0
GRADIENTSUM -0.81759038
LEAFVALUESSUM 0.0215505273
Tree 44 CV-Ensemble 0
GRADIENTSUM 0.16424360
LEAFVALUESSUM -0.0387909492
Tree 45 CV-Ensemble 0
GRADIENTSUM -1.52983091
LEAFVALUESSUM -0.0174559271
Tree 46 CV-Ensemble 0
GRADIENTSUM -1.65039014
LEAFVALUESSUM 0.0157103344
Tree 47 CV-Ensemble 0
GRADIENTSUM -1.10286367
LEAFVALUESSUM -0.0141393010
Tree 48 CV-Ensemble 0
GRADIENTSUM -1.37714243
LEAFVALUESSUM 0.0254507418
Tree 49 CV-Ensemble 0
GRADIENTSUM -0.66176625
LEAFVALUESSUM 0.0114528338
Tree 0 CV-Ensemble 1
GRADIENTSUM 5.56000000
LEAFVALUESSUM -0.1636363636
Tree 1 CV-Ensemble 1
GRADIENTSUM 2.86181818
LEAFVALUESSUM 0.6380165289
Tree 2 CV-Ensemble 1
GRADIENTSUM 9.99537190
LEAFVALUESSUM 0.4700225394
Tree 3 CV-Ensemble 1
GRADIENTSUM 13.17373403
LEAFVALUESSUM -0.2693258657
Tree 4 CV-Ensemble 1
GRADIENTSUM 11.15941807
LEAFVALUESSUM -0.8939776841
Tree 5 CV-Ensemble 1
GRADIENTSUM 6.55155299
LEAFVALUESSUM -0.1305181137
Tree 6 CV-Ensemble 1
GRADIENTSUM 5.87219999
LEAFVALUESSUM -0.0852025571
Tree 7 CV-Ensemble 1
GRADIENTSUM 6.39835051
LEAFVALUESSUM 0.5002317026
Tree 8 CV-Ensemble 1
GRADIENTSUM 7.87588159
LEAFVALUESSUM 0.6797434669
Tree 9 CV-Ensemble 1
GRADIENTSUM 4.77978557
LEAFVALUESSUM 0.0025136798
Tree 10 CV-Ensemble 1
GRADIENTSUM 4.23827109
LEAFVALUESSUM -0.5430164030
Tree 11 CV-Ensemble 1
GRADIENTSUM 2.49574476
LEAFVALUESSUM -0.8799558132
Tree 12 CV-Ensemble 1
GRADIENTSUM -2.15436998
LEAFVALUESSUM -0.6003507284
Tree 13 CV-Ensemble 1
GRADIENTSUM -5.13869862
LEAFVALUESSUM -0.3191189921
Tree 14 CV-Ensemble 1
GRADIENTSUM -7.56992636
LEAFVALUESSUM -0.7127412134
Tree 15 CV-Ensemble 1
GRADIENTSUM -10.84237588
LEAFVALUESSUM -0.1383824476
Tree 16 CV-Ensemble 1
GRADIENTSUM -10.12907806
LEAFVALUESSUM -0.4404265603
Tree 17 CV-Ensemble 1
GRADIENTSUM -11.13892926
LEAFVALUESSUM 0.4927994162
Tree 18 CV-Ensemble 1
GRADIENTSUM -8.98062534
LEAFVALUESSUM -0.2686901338
Tree 19 CV-Ensemble 1
GRADIENTSUM -9.95499354
LEAFVALUESSUM -0.0501467454
Tree 20 CV-Ensemble 1
GRADIENTSUM -10.06233289
LEAFVALUESSUM 0.0839958575
Tree 21 CV-Ensemble 1
GRADIENTSUM -9.55562575
LEAFVALUESSUM 0.1954745014
Tree 22 CV-Ensemble 1
GRADIENTSUM -8.65489991
LEAFVALUESSUM -0.1969541804
Tree 23 CV-Ensemble 1
GRADIENTSUM -9.42893880
LEAFVALUESSUM -0.1058858644
Tree 24 CV-Ensemble 1
GRADIENTSUM -9.62148842
LEAFVALUESSUM 0.3190657723
Tree 25 CV-Ensemble 1
GRADIENTSUM -7.96280415
LEAFVALUESSUM 0.2378152584
Tree 26 CV-Ensemble 1
GRADIENTSUM -6.60806263
LEAFVALUESSUM 0.2584432756
Tree 27 CV-Ensemble 1
GRADIENTSUM -4.32810129
LEAFVALUESSUM 0.0079954195
Tree 28 CV-Ensemble 1
GRADIENTSUM -4.58139835
LEAFVALUESSUM -0.2093390532
Tree 29 CV-Ensemble 1
GRADIENTSUM -5.70836151
LEAFVALUESSUM -0.1025452014
Tree 30 CV-Ensemble 1
GRADIENTSUM -6.40597842
LEAFVALUESSUM 0.0076961422
Tree 31 CV-Ensemble 1
GRADIENTSUM -5.69632565
LEAFVALUESSUM 0.0763040849
Tree 32 CV-Ensemble 1
GRADIENTSUM -5.36532930
LEAFVALUESSUM -0.0198677734
Tree 33 CV-Ensemble 1
GRADIENTSUM -5.66710904
LEAFVALUESSUM 0.1105305367
Tree 34 CV-Ensemble 1
GRADIENTSUM -5.02224955
LEAFVALUESSUM 0.0556256779
Tree 35 CV-Ensemble 1
GRADIENTSUM -4.35852519
LEAFVALUESSUM 0.0500631101
Tree 36 CV-Ensemble 1
GRADIENTSUM -3.75607956
LEAFVALUESSUM -0.0320119833
Tree 37 CV-Ensemble 1
GRADIENTSUM -3.85233238
LEAFVALUESSUM 0.0000000000
Tree 38 CV-Ensemble 1
GRADIENTSUM -3.77027341
LEAFVALUESSUM 0.0000000000
Tree 39 CV-Ensemble 1
GRADIENTSUM -3.35396083
LEAFVALUESSUM -0.0539631499
Tree 40 CV-Ensemble 1
GRADIENTSUM -3.71571483
LEAFVALUESSUM 0.0033658315
Tree 41 CV-Ensemble 1
GRADIENTSUM -3.53721206
LEAFVALUESSUM -0.0266055893
Tree 42 CV-Ensemble 1
GRADIENTSUM -3.63990455
LEAFVALUESSUM 0.0373798504
Tree 43 CV-Ensemble 1
GRADIENTSUM -2.79840822
LEAFVALUESSUM 0.0215505273
Tree 44 CV-Ensemble 1
GRADIENTSUM -1.58439815
LEAFVALUESSUM -0.0387909492
Tree 45 CV-Ensemble 1
GRADIENTSUM -2.98283243
LEAFVALUESSUM 0.0000000000
Tree 46 CV-Ensemble 1
GRADIENTSUM -2.80225269
LEAFVALUESSUM 0.0314206688
Tree 47 CV-Ensemble 1
GRADIENTSUM -2.02109236
LEAFVALUESSUM -0.0141393010
Tree 48 CV-Ensemble 1
GRADIENTSUM -1.99286246
LEAFVALUESSUM 0.0254507418
Tree 49 CV-Ensemble 1
GRADIENTSUM -1.01445960
LEAFVALUESSUM 0.0114528338
Tree 0 CV-Ensemble 2
GRADIENTSUM 5.17333333
LEAFVALUESSUM -0.1987878788
Tree 1 CV-Ensemble 2
GRADIENTSUM 2.72242424
LEAFVALUESSUM 0.6060606061
Tree 2 CV-Ensemble 2
GRADIENTSUM 10.73520661
LEAFVALUESSUM 0.4409717005
Tree 3 CV-Ensemble 2
GRADIENTSUM 13.33383421
LEAFVALUESSUM -0.2957357193
Tree 4 CV-Ensemble 2
GRADIENTSUM 11.34478975
LEAFVALUESSUM -0.9179866419
Tree 5 CV-Ensemble 2
GRADIENTSUM 6.69152852
LEAFVALUESSUM -0.1523444390
Tree 6 CV-Ensemble 2
GRADIENTSUM 5.78724123
LEAFVALUESSUM -0.1050446710
Tree 7 CV-Ensemble 2
GRADIENTSUM 6.21972339
LEAFVALUESSUM 0.4821934172
Tree 8 CV-Ensemble 2
GRADIENTSUM 7.30367337
LEAFVALUESSUM 0.6715442462
Tree 9 CV-Ensemble 2
GRADIENTSUM 3.79983427
LEAFVALUESSUM -0.0123939940
Tree 10 CV-Ensemble 2
GRADIENTSUM 2.71635526
LEAFVALUESSUM -0.5565688338
Tree 11 CV-Ensemble 2
GRADIENTSUM 0.97691498
LEAFVALUESSUM -0.8891961069
Tree 12 CV-Ensemble 2
GRADIENTSUM -3.46328685
LEAFVALUESSUM -0.6118310933
Tree 13 CV-Ensemble 2
GRADIENTSUM -6.45711623
LEAFVALUESSUM -0.3293011340
Tree 14 CV-Ensemble 2
GRADIENTSUM -8.79529202
LEAFVALUESSUM -0.7196835828
Tree 15 CV-Ensemble 2
GRADIENTSUM -12.01634975
LEAFVALUESSUM -0.4126751377
Tree 16 CV-Ensemble 2
GRADIENTSUM -13.76370267
LEAFVALUESSUM -0.0487236617
Tree 17 CV-Ensemble 2
GRADIENTSUM -13.66544705
LEAFVALUESSUM -0.0248242336
Tree 18 CV-Ensemble 2
GRADIENTSUM -13.15630435
LEAFVALUESSUM 0.4519064814
Tree 19 CV-Ensemble 2
GRADIENTSUM -10.26113525
LEAFVALUESSUM -0.0371382932
Tree 20 CV-Ensemble 2
GRADIENTSUM -9.83353284
LEAFVALUESSUM 0.1677987561
Tree 21 CV-Ensemble 2
GRADIENTSUM -9.14319529
LEAFVALUESSUM 0.2597667210
Tree 22 CV-Ensemble 2
GRADIENTSUM -8.26853454
LEAFVALUESSUM 0.2283014393
Tree 23 CV-Ensemble 2
GRADIENTSUM -6.90544754
LEAFVALUESSUM 0.1772587624
Tree 24 CV-Ensemble 2
GRADIENTSUM -6.81965758
LEAFVALUESSUM -0.1816138239
Tree 25 CV-Ensemble 2
GRADIENTSUM -7.17506267
LEAFVALUESSUM 0.0925201567
Tree 26 CV-Ensemble 2
GRADIENTSUM -6.34742497
LEAFVALUESSUM 0.2447261992
Tree 27 CV-Ensemble 2
GRADIENTSUM -5.43148328
LEAFVALUESSUM -0.1655501150
Tree 28 CV-Ensemble 2
GRADIENTSUM -5.90803967
LEAFVALUESSUM 0.1260227290
Tree 29 CV-Ensemble 2
GRADIENTSUM -5.47590372
LEAFVALUESSUM -0.0507516526
Tree 30 CV-Ensemble 2
GRADIENTSUM -5.77369270
LEAFVALUESSUM 0.0000000000
Tree 31 CV-Ensemble 2
GRADIENTSUM -5.17384409
LEAFVALUESSUM -0.0433341752
Tree 32 CV-Ensemble 2
GRADIENTSUM -5.21502776
LEAFVALUESSUM -0.0043993597
Tree 33 CV-Ensemble 2
GRADIENTSUM -5.32455403
LEAFVALUESSUM 0.0879198115
Tree 34 CV-Ensemble 2
GRADIENTSUM -4.72100996
LEAFVALUESSUM 0.0556256779
Tree 35 CV-Ensemble 2
GRADIENTSUM -4.04054753
LEAFVALUESSUM 0.0500631101
Tree 36 CV-Ensemble 2
GRADIENTSUM -3.47715321
LEAFVALUESSUM -0.0271851876
Tree 37 CV-Ensemble 2
GRADIENTSUM -3.54448480
LEAFVALUESSUM 0.0000000000
Tree 38 CV-Ensemble 2
GRADIENTSUM -3.55512471
LEAFVALUESSUM 0.0000000000
Tree 39 CV-Ensemble 2
GRADIENTSUM -3.09714752
LEAFVALUESSUM -0.0334380618
Tree 40 CV-Ensemble 2
GRADIENTSUM -3.38219899
LEAFVALUESSUM 0.0000000000
Tree 41 CV-Ensemble 2
GRADIENTSUM -3.22263959
LEAFVALUESSUM -0.0266055893
Tree 42 CV-Ensemble 2
GRADIENTSUM -3.33092867
LEAFVALUESSUM 0.0239450304
Tree 43 CV-Ensemble 2
GRADIENTSUM -2.48312071
LEAFVALUESSUM 0.0215505273
Tree 44 CV-Ensemble 2
GRADIENTSUM -1.31962489
LEAFVALUESSUM -0.0387909492
Tree 45 CV-Ensemble 2
GRADIENTSUM -2.83010825
LEAFVALUESSUM 0.0000000000
Tree 46 CV-Ensemble 2
GRADIENTSUM -2.69986480
LEAFVALUESSUM 0.0314206688
Tree 47 CV-Ensemble 2
GRADIENTSUM -1.97141304
LEAFVALUESSUM -0.0141393010
Tree 48 CV-Ensemble 2
GRADIENTSUM -1.96350614
LEAFVALUESSUM 0.0254507418
Tree 49 CV-Ensemble 2
GRADIENTSUM -0.95919296
LEAFVALUESSUM 0.0146618882
Tree 0 CV-Ensemble 3
GRADIENTSUM 5.80303030
LEAFVALUESSUM -0.2327823691
Tree 1 CV-Ensemble 3
GRADIENTSUM 2.98484848
LEAFVALUESSUM 0.6824442775
Tree 2 CV-Ensemble 3
GRADIENTSUM 11.69120962
LEAFVALUESSUM 0.4954124263
Tree 3 CV-Ensemble 3
GRADIENTSUM 14.92147622
LEAFVALUESSUM -0.3412376618
Tree 4 CV-Ensemble 3
GRADIENTSUM 12.65499542
LEAFVALUESSUM -1.0478705880
Tree 5 CV-Ensemble 3
GRADIENTSUM 7.30478092
LEAFVALUESSUM -0.1773949983
Tree 6 CV-Ensemble 3
GRADIENTSUM 6.44887964
LEAFVALUESSUM -0.1232565058
Tree 7 CV-Ensemble 3
GRADIENTSUM 6.91656881
LEAFVALUESSUM 0.5444129182
Tree 8 CV-Ensemble 3
GRADIENTSUM 8.34432094
LEAFVALUESSUM 0.6441118831
Tree 9 CV-Ensemble 3
GRADIENTSUM 4.84039582
LEAFVALUESSUM -0.0547668265
Tree 10 CV-Ensemble 3
GRADIENTSUM 4.00108353
LEAFVALUESSUM -0.5916641203
Tree 11 CV-Ensemble 3
GRADIENTSUM 2.43652709
LEAFVALUESSUM -0.9681827634
Tree 12 CV-Ensemble 3
GRADIENTSUM -2.60194064
LEAFVALUESSUM -0.7074447430
Tree 13 CV-Ensemble 3
GRADIENTSUM -5.94467928
LEAFVALUESSUM -0.3800911578
Tree 14 CV-Ensemble 3
GRADIENTSUM -8.65102486
LEAFVALUESSUM -0.7912392104
Tree 15 CV-Ensemble 3
GRADIENTSUM -12.28209295
LEAFVALUESSUM -0.4453061592
Tree 16 CV-Ensemble 3
GRADIENTSUM -14.08148469
LEAFVALUESSUM -0.0591781767
Tree 17 CV-Ensemble 3
GRADIENTSUM -13.97551577
LEAFVALUESSUM -0.0627612224
Tree 18 CV-Ensemble 3
GRADIENTSUM -13.55766020
LEAFVALUESSUM 0.4779376286
Tree 19 CV-Ensemble 3
GRADIENTSUM -10.43646188
LEAFVALUESSUM -0.0489438424
Tree 20 CV-Ensemble 3
GRADIENTSUM -9.98420235
LEAFVALUESSUM 0.1835578662
Tree 21 CV-Ensemble 3
GRADIENTSUM -9.12064671
LEAFVALUESSUM 0.2740152900
Tree 22 CV-Ensemble 3
GRADIENTSUM -8.05385440
LEAFVALUESSUM 0.2321865275
Tree 23 CV-Ensemble 3
GRADIENTSUM -6.55455776
LEAFVALUESSUM 0.1772587624
Tree 24 CV-Ensemble 3
GRADIENTSUM -6.37239212
LEAFVALUESSUM -0.1858620698
Tree 25 CV-Ensemble 3
GRADIENTSUM -7.21684598
LEAFVALUESSUM 0.0910170609
Tree 26 CV-Ensemble 3
GRADIENTSUM -6.23793670
LEAFVALUESSUM 0.2481454602
Tree 27 CV-Ensemble 3
GRADIENTSUM -5.23407107
LEAFVALUESSUM -0.1664709745
Tree 28 CV-Ensemble 3
GRADIENTSUM -5.71301628
LEAFVALUESSUM 0.1287344038
Tree 29 CV-Ensemble 3
GRADIENTSUM -5.23913100
LEAFVALUESSUM -0.0502617394
Tree 30 CV-Ensemble 3
GRADIENTSUM -5.63803220
LEAFVALUESSUM -0.0847823166
Tree 31 CV-Ensemble 3
GRADIENTSUM -5.64361527
LEAFVALUESSUM -0.0946506743
Tree 32 CV-Ensemble 3
GRADIENTSUM -6.17292890
LEAFVALUESSUM 0.0882507659
Tree 33 CV-Ensemble 3
GRADIENTSUM -4.49880081
LEAFVALUESSUM -0.1236126175
Tree 34 CV-Ensemble 3
GRADIENTSUM -5.07943563
LEAFVALUESSUM -0.0241884510
Tree 35 CV-Ensemble 3
GRADIENTSUM -5.27485697
LEAFVALUESSUM 0.0000000000
Tree 36 CV-Ensemble 3
GRADIENTSUM -4.89933069
LEAFVALUESSUM 0.0656452672
Tree 37 CV-Ensemble 3
GRADIENTSUM -4.57531727
LEAFVALUESSUM -0.0405511192
Tree 38 CV-Ensemble 3
GRADIENTSUM -5.10569125
LEAFVALUESSUM -0.0049683603
Tree 39 CV-Ensemble 3
GRADIENTSUM -5.38608553
LEAFVALUESSUM 0.0656928131
Tree 40 CV-Ensemble 3
GRADIENTSUM -4.52065720
LEAFVALUESSUM 0.0591235318
Tree 41 CV-Ensemble 3
GRADIENTSUM -3.68417041
LEAFVALUESSUM 0.0532111786
Tree 42 CV-Ensemble 3
GRADIENTSUM -1.87268168
LEAFVALUESSUM 0.0000000000
Tree 43 CV-Ensemble 3
GRADIENTSUM -1.97662447
LEAFVALUESSUM -0.0431010547
Tree 44 CV-Ensemble 3
GRADIENTSUM -2.73011046
LEAFVALUESSUM -0.0105923455
Tree 45 CV-Ensemble 3
GRADIENTSUM -3.26791955
LEAFVALUESSUM 0.0000000000
Tree 46 CV-Ensemble 3
GRADIENTSUM -3.10716542
LEAFVALUESSUM 0.0314206688
Tree 47 CV-Ensemble 3
GRADIENTSUM -2.26921466
LEAFVALUESSUM -0.0141393010
Tree 48 CV-Ensemble 3
GRADIENTSUM -2.25178925
LEAFVALUESSUM 0.0254507418
Tree 49 CV-Ensemble 3
GRADIENTSUM -1.10290135
LEAFVALUESSUM 0.0148110766
Tree 0 CV-Ensemble 4
GRADIENTSUM -3.60317460
LEAFVALUESSUM -0.1024531025
Tree 1 CV-Ensemble 4
GRADIENTSUM -5.51659452
LEAFVALUESSUM 0.8434999344
Tree 2 CV-Ensemble 4
GRADIENTSUM 5.15387643
LEAFVALUESSUM 0.6358746855
Tree 3 CV-Ensemble 4
GRADIENTSUM 9.17882485
LEAFVALUESSUM -0.2512405367
Tree 4 CV-Ensemble 4
GRADIENTSUM 7.52522325
LEAFVALUESSUM -1.0011814260
Tree 5 CV-Ensemble 4
GRADIENTSUM 2.56173924
LEAFVALUESSUM -0.0980353234
Tree 6 CV-Ensemble 4
GRADIENTSUM 2.08586770
LEAFVALUESSUM -0.0493012671
Tree 7 CV-Ensemble 4
GRADIENTSUM 2.90099131
LEAFVALUESSUM 0.6429051575
Tree 8 CV-Ensemble 4
GRADIENTSUM 5.08420974
LEAFVALUESSUM 0.6667723707
Tree 9 CV-Ensemble 4
GRADIENTSUM 1.73428422
LEAFVALUESSUM -0.0308433149
Tree 10 CV-Ensemble 4
GRADIENTSUM 1.42447641
LEAFVALUESSUM -0.5593704951
Tree 11 CV-Ensemble 4
GRADIENTSUM 0.56863821
LEAFVALUESSUM -0.9601582054
Tree 12 CV-Ensemble 4
GRADIENTSUM -4.38246644
LEAFVALUESSUM -0.6972994985
Tree 13 CV-Ensemble 4
GRADIENTSUM -7.60983512
LEAFVALUESSUM -0.3580942418
Tree 14 CV-Ensemble 4
GRADIENTSUM -10.17400879
LEAFVALUESSUM -0.7906912754
Tree 15 CV-Ensemble 4
GRADIENTSUM -13.75010291
LEAFVALUESSUM -0.4318618407
Tree 16 CV-Ensemble 4
GRADIENTSUM -15.33288530
LEAFVALUESSUM -0.0289707441
Tree 17 CV-Ensemble 4
GRADIENTSUM -15.19304439
LEAFVALUESSUM -0.0536788931
Tree 18 CV-Ensemble 4
GRADIENTSUM -14.49451681
LEAFVALUESSUM 0.4981535043
Tree 19 CV-Ensemble 4
GRADIENTSUM -11.27378956
LEAFVALUESSUM -0.0337488796
Tree 20 CV-Ensemble 4
GRADIENTSUM -10.61727181
LEAFVALUESSUM 0.1986172347
Tree 21 CV-Ensemble 4
GRADIENTSUM -9.52890009
LEAFVALUESSUM 0.2918161817
Tree 22 CV-Ensemble 4
GRADIENTSUM -8.20522471
LEAFVALUESSUM 0.2450090630
Tree 23 CV-Ensemble 4
GRADIENTSUM -6.64910690
LEAFVALUESSUM 0.1772587624
Tree 24 CV-Ensemble 4
GRADIENTSUM -6.32285682
LEAFVALUESSUM -0.1758606843
Tree 25 CV-Ensemble 4
GRADIENTSUM -7.06095876
LEAFVALUESSUM 0.0992673098
Tree 26 CV-Ensemble 4
GRADIENTSUM -5.87664917
LEAFVALUESSUM 0.2539147088
Tree 27 CV-Ensemble 4
GRADIENTSUM -4.79865051
LEAFVALUESSUM -0.1630385575
Tree 28 CV-Ensemble 4
GRADIENTSUM -5.31852635
LEAFVALUESSUM 0.1330100594
Tree 29 CV-Ensemble 4
GRADIENTSUM -4.83332285
LEAFVALUESSUM -0.0453014729
Tree 30 CV-Ensemble 4
GRADIENTSUM -5.19863713
LEAFVALUESSUM -0.0847823166
Tree 31 CV-Ensemble 4
GRADIENTSUM -5.13949055
LEAFVALUESSUM -0.0905338128
Tree 32 CV-Ensemble 4
GRADIENTSUM -5.60458398
LEAFVALUESSUM 0.0902813469
Tree 33 CV-Ensemble 4
GRADIENTSUM -3.77928622
LEAFVALUESSUM -0.1236126175
Tree 34 CV-Ensemble 4
GRADIENTSUM -4.36647745
LEAFVALUESSUM -0.0130317748
Tree 35 CV-Ensemble 4
GRADIENTSUM -4.51667687
LEAFVALUESSUM 0.0000000000
Tree 36 CV-Ensemble 4
GRADIENTSUM -4.12380904
LEAFVALUESSUM 0.0693191333
Tree 37 CV-Ensemble 4
GRADIENTSUM -3.77700056
LEAFVALUESSUM -0.0405511192
Tree 38 CV-Ensemble 4
GRADIENTSUM -4.28781307
LEAFVALUESSUM -0.0001549567
Tree 39 CV-Ensemble 4
GRADIENTSUM -4.57488585
LEAFVALUESSUM 0.0656928131
Tree 40 CV-Ensemble 4
GRADIENTSUM -3.64188020
LEAFVALUESSUM 0.0591235318
Tree 41 CV-Ensemble 4
GRADIENTSUM -2.72852770
LEAFVALUESSUM 0.0532111786
Tree 42 CV-Ensemble 4
GRADIENTSUM -0.78678532
LEAFVALUESSUM 0.0000000000
Tree 43 CV-Ensemble 4
GRADIENTSUM -0.83972913
LEAFVALUESSUM -0.0431010547
Tree 44 CV-Ensemble 4
GRADIENTSUM -1.61315203
LEAFVALUESSUM -0.0003744490
Tree 45 CV-Ensemble 4
GRADIENTSUM -2.14201130
LEAFVALUESSUM 0.0000000000
Tree 46 CV-Ensemble 4
GRADIENTSUM -1.26382266
LEAFVALUESSUM -0.0065835585
Tree 47 CV-Ensemble 4
GRADIENTSUM -1.34780126
LEAFVALUESSUM 0.0000000000
Tree 48 CV-Ensemble 4
GRADIENTSUM -1.49512451
LEAFVALUESSUM 0.0254507418
Tree 49 CV-Ensemble 4
GRADIENTSUM -0.89563456
LEAFVALUESSUM 0.0114528338
