Tree 0 CV-Ensemble 0
GRADIENTSUM 0.00000000
LEAFVALUESSUM 0.0000000000
Tree 1 CV-Ensemble 0
GRADIENTSUM 0.00000000
LEAFVALUESSUM 0.0000000000
Tree 2 CV-Ensemble 0
GRADIENTSUM 0.00000000
LEAFVALUESSUM 0.0000000000
Tree 3 CV-Ensemble 0
GRADIENTSUM 0.00000000
LEAFVALUESSUM 0.0000000000
Tree 4 CV-Ensemble 0
GRADIENTSUM 0.00000000
LEAFVALUESSUM 0.0000000000
Tree 5 CV-Ensemble 0
GRADIENTSUM 0.00000000
LEAFVALUESSUM 0.0000000000
Tree 6 CV-Ensemble 0
GRADIENTSUM 0.00000000
LEAFVALUESSUM 0.0000000000
Tree 7 CV-Ensemble 0
GRADIENTSUM 0.00000000
LEAFVALUESSUM 0.0000000000
Tree 8 CV-Ensemble 0
GRADIENTSUM 0.00000000
LEAFVALUESSUM 0.0000000000
Tree 9 CV-Ensemble 0
GRADIENTSUM 0.00000000
LEAFVALUESSUM 0.0000000000
Tree 10 CV-Ensemble 0
GRADIENTSUM 0.00000000
LEAFVALUESSUM 0.0000000000
Tree 11 CV-Ensemble 0
GRADIENTSUM 0.00000000
LEAFVALUESSUM 0.0000000000
Tree 12 CV-Ensemble 0
GRADIENTSUM 0.00000000
LEAFVALUESSUM 0.0000000000
Tree 13 CV-Ensemble 0
GRADIENTSUM 0.00000000
LEAFVALUESSUM 0.0000000000
Tree 14 CV-Ensemble 0
GRADIENTSUM 0.00000000
LEAFVALUESSUM 0.0000000000
Tree 15 CV-Ensemble 0
GRADIENTSUM 0.00000000
LEAFVALUESSUM 0.0000000000
Tree 16 CV-Ensemble 0
GRADIENTSUM 0.00000000
LEAFVALUESSUM 0.0000000000
Tree 17 CV-Ensemble 0
GRADIENTSUM 0.00000000
LEAFVALUESSUM 0.0000000000
Tree 18 CV-Ensemble 0
GRADIENTSUM 0.00000000
LEAFVALUESSUM 0.0000000000
Tree 19 CV-Ensemble 0
GRADIENTSUM 0.00000000
LEAFVALUESSUM 0.0000000000
Tree 20 CV-Ensemble 0
GRADIENTSUM 0.00000000
LEAFVALUESSUM 0.0000000000
Tree 21 CV-Ensemble 0
GRADIENTSUM 0.00000000
LEAFVALUESSUM 0.0000000000
Tree 22 CV-Ensemble 0
GRADIENTSUM 0.00000000
LEAFVALUESSUM 0.0000000000
Tree 23 CV-Ensemble 0
GRADIENTSUM 0.00000000
LEAFVALUESSUM 0.0000000000
Tree 24 CV-Ensemble 0
GRADIENTSUM 0.00000000
LEAFVALUESSUM 0.0000000000
Tree 25 CV-Ensemble 0
GRADIENTSUM 0.00000000
LEAFVALUESSUM 0.0000000000
Tree 26 CV-Ensemble 0
GRADIENTSUM 0.00000000
LEAFVALUESSUM 0.0000000000
Tree 27 CV-Ensemble 0
GRADIENTSUM 0.00000000
LEAFVALUESSUM 0.0000000000
Tree 28 CV-Ensemble 0
GRADIENTSUM 0.00000000
LEAFVALUESSUM 0.0000000000
Tree 29 CV-Ensemble 0
GRADIENTSUM 0.00000000
LEAFVALUESSUM 0.0000000000
Tree 30 CV-Ensemble 0
GRADIENTSUM 0.00000000
LEAFVALUESSUM 0.0000000000
Tree 31 CV-Ensemble 0
GRADIENTSUM 0.00000000
LEAFVALUESSUM 0.0000000000
Tree 32 CV-Ensemble 0
GRADIENTSUM 0.00000000
LEAFVALUESSUM 0.0000000000
Tree 33 CV-Ensemble 0
GRADIENTSUM 0.00000000
LEAFVALUESSUM 0.0000000000
Tree 34 CV-Ensemble 0
GRADIENTSUM 0.00000000
LEAFVALUESSUM 0.0000000000
Tree 35 CV-Ensemble 0
GRADIENTSUM 0.00000000
LEAFVALUESSUM 0.0000000000
Tree 36 CV-Ensemble 0
GRADIENTSUM 0.00000000
LEAFVALUESSUM 0.0000000000
Tree 37 CV-Ensemble 0
GRADIENTSUM 0.00000000
LEAFVALUESSUM 0.0000000000
Tree 38 CV-Ensemble 0
GRADIENTSUM 0.00000000
LEAFVALUESSUM 0.0000000000
Tree 39 CV-Ensemble 0
GRADIENTSUM 0.00000000
LEAFVALUESSUM 0.0000000000
Tree 40 CV-Ensemble 0
GRADIENTSUM 0.00000000
LEAFVALUESSUM 0.0000000000
Tree 41 CV-Ensemble 0
GRADIENTSUM 0.00000000
LEAFVALUESSUM 0.0000000000
Tree 42 CV-Ensemble 0
GRADIENTSUM 0.00000000
LEAFVALUESSUM 0.0000000000
Tree 43 CV-Ensemble 0
GRADIENTSUM 0.00000000
LEAFVALUESSUM 0.0000000000
Tree 44 CV-Ensemble 0
GRADIENTSUM 0.00000000
LEAFVALUESSUM 0.0000000000
Tree 45 CV-Ensemble 0
GRADIENTSUM 0.00000000
LEAFVALUESSUM 0.0000000000
Tree 46 CV-Ensemble 0
GRADIENTSUM 0.00000000
LEAFVALUESSUM 0.0000000000
Tree 47 CV-Ensemble 0
GRADIENTSUM 0.00000000
LEAFVALUESSUM 0.0000000000
Tree 48 CV-Ensemble 0
GRADIENTSUM 0.00000000
LEAFVALUESSUM 0.0000000000
Tree 49 CV-Ensemble 0
GRADIENTSUM 0.00000000
LEAFVALUESSUM 0.0000000000
Tree 0 CV-Ensemble 1
GRADIENTSUM 0.00000000
LEAFVALUESSUM 0.0000000000
Tree 1 CV-Ensemble 1
GRADIENTSUM 0.00000000
LEAFVALUESSUM 0.0000000000
Tree 2 CV-Ensemble 1
GRADIENTSUM 0.00000000
LEAFVALUESSUM 0.0000000000
Tree 3 CV-Ensemble 1
GRADIENTSUM 0.00000000
LEAFVALUESSUM 0.0000000000
Tree 4 CV-Ensemble 1
GRADIENTSUM 0.00000000
LEAFVALUESSUM 0.0000000000
Tree 5 CV-Ensemble 1
GRADIENTSUM 0.00000000
LEAFVALUESSUM 0.0000000000
Tree 6 CV-Ensemble 1
GRADIENTSUM 0.00000000
LEAFVALUESSUM 0.0000000000
Tree 7 CV-Ensemble 1
GRADIENTSUM 0.00000000
LEAFVALUESSUM 0.0000000000
Tree 8 CV-Ensemble 1
GRADIENTSUM 0.00000000
LEAFVALUESSUM 0.0000000000
Tree 9 CV-Ensemble 1
GRADIENTSUM 0.00000000
LEAFVALUESSUM 0.0000000000
Tree 10 CV-Ensemble 1
GRADIENTSUM 0.00000000
LEAFVALUESSUM 0.0000000000
Tree 11 CV-Ensemble 1
GRADIENTSUM 0.00000000
LEAFVALUESSUM 0.0000000000
Tree 12 CV-Ensemble 1
GRADIENTSUM 0.00000000
LEAFVALUESSUM 0.0000000000
Tree 13 CV-Ensemble 1
GRADIENTSUM 0.00000000
LEAFVALUESSUM 0.0000000000
Tree 14 CV-Ensemble 1
GRADIENTSUM 0.00000000
LEAFVALUESSUM 0.0000000000
Tree 15 CV-Ensemble 1
GRADIENTSUM 0.00000000
LEAFVALUESSUM 0.0000000000
Tree 16 CV-Ensemble 1
GRADIENTSUM 0.00000000
LEAFVALUESSUM 0.0000000000
Tree 17 CV-Ensemble 1
GRADIENTSUM 0.00000000
LEAFVALUESSUM 0.0000000000
Tree 18 CV-Ensemble 1
GRADIENTSUM 0.00000000
LEAFVALUESSUM 0.0000000000
Tree 19 CV-Ensemble 1
GRADIENTSUM 0.00000000
LEAFVALUESSUM 0.0000000000
Tree 20 CV-Ensemble 1
GRADIENTSUM 0.00000000
LEAFVALUESSUM 0.0000000000
Tree 21 CV-Ensemble 1
GRADIENTSUM 0.00000000
LEAFVALUESSUM 0.0000000000
Tree 22 CV-Ensemble 1
GRADIENTSUM 0.00000000
LEAFVALUESSUM 0.0000000000
Tree 23 CV-Ensemble 1
GRADIENTSUM 0.00000000
LEAFVALUESSUM 0.0000000000
Tree 24 CV-Ensemble 1
GRADIENTSUM 0.00000000
LEAFVALUESSUM 0.0000000000
Tree 25 CV-Ensemble 1
GRADIENTSUM 0.00000000
LEAFVALUESSUM 0.0000000000
Tree 26 CV-Ensemble 1
GRADIENTSUM 0.00000000
LEAFVALUESSUM 0.0000000000
Tree 27 CV-Ensemble 1
GRADIENTSUM 0.00000000
LEAFVALUESSUM 0.0000000000
Tree 28 CV-Ensemble 1
GRADIENTSUM 0.00000000
LEAFVALUESSUM 0.0000000000
Tree 29 CV-Ensemble 1
GRADIENTSUM 0.00000000
LEAFVALUESSUM 0.0000000000
Tree 30 CV-Ensemble 1
GRADIENTSUM 0.00000000
LEAFVALUESSUM 0.0000000000
Tree 31 CV-Ensemble 1
GRADIENTSUM 0.00000000
LEAFVALUESSUM 0.0000000000
Tree 32 CV-Ensemble 1
GRADIENTSUM 0.00000000
LEAFVALUESSUM 0.0000000000
Tree 33 CV-Ensemble 1
GRADIENTSUM 0.00000000
LEAFVALUESSUM 0.0000000000
Tree 34 CV-Ensemble 1
GRADIENTSUM 0.00000000
LEAFVALUESSUM 0.0000000000
Tree 35 CV-Ensemble 1
GRADIENTSUM 0.00000000
LEAFVALUESSUM 0.0000000000
Tree 36 CV-Ensemble 1
GRADIENTSUM 0.00000000
LEAFVALUESSUM 0.0000000000
Tree 37 CV-Ensemble 1
GRADIENTSUM 0.00000000
LEAFVALUESSUM 0.0000000000
Tree 38 CV-Ensemble 1
GRADIENTSUM 0.00000000
LEAFVALUESSUM 0.0000000000
Tree 39 CV-Ensemble 1
GRADIENTSUM 0.00000000
LEAFVALUESSUM 0.0000000000
Tree 40 CV-Ensemble 1
GRADIENTSUM 0.00000000
LEAFVALUESSUM 0.0000000000
Tree 41 CV-Ensemble 1
GRADIENTSUM 0.00000000
LEAFVALUESSUM 0.0000000000
Tree 42 CV-Ensemble 1
GRADIENTSUM 0.00000000
LEAFVALUESSUM 0.0000000000
Tree 43 CV-Ensemble 1
GRADIENTSUM 0.00000000
LEAFVALUESSUM 0.0000000000
Tree 44 CV-Ensemble 1
GRADIENTSUM 0.00000000
LEAFVALUESSUM 0.0000000000
Tree 45 CV-Ensemble 1
GRADIENTSUM 0.00000000
LEAFVALUESSUM 0.0000000000
Tree 46 CV-Ensemble 1
GRADIENTSUM 0.00000000
LEAFVALUESSUM 0.0000000000
Tree 47 CV-Ensemble 1
GRADIENTSUM 0.00000000
LEAFVALUESSUM 0.0000000000
Tree 48 CV-Ensemble 1
GRADIENTSUM 0.00000000
LEAFVALUESSUM 0.0000000000
Tree 49 CV-Ensemble 1
GRADIENTSUM 0.00000000
LEAFVALUESSUM 0.0000000000
Tree 0 CV-Ensemble 2
GRADIENTSUM 0.00000000
LEAFVALUESSUM 0.0000000000
Tree 1 CV-Ensemble 2
GRADIENTSUM 0.00000000
LEAFVALUESSUM 0.0000000000
Tree 2 CV-Ensemble 2
GRADIENTSUM 0.00000000
LEAFVALUESSUM 0.0000000000
Tree 3 CV-Ensemble 2
GRADIENTSUM 0.00000000
LEAFVALUESSUM 0.0000000000
Tree 4 CV-Ensemble 2
GRADIENTSUM 0.00000000
LEAFVALUESSUM 0.0000000000
Tree 5 CV-Ensemble 2
GRADIENTSUM 0.00000000
LEAFVALUESSUM 0.0000000000
Tree 6 CV-Ensemble 2
GRADIENTSUM 0.00000000
LEAFVALUESSUM 0.0000000000
Tree 7 CV-Ensemble 2
GRADIENTSUM 0.00000000
LEAFVALUESSUM 0.0000000000
Tree 8 CV-Ensemble 2
GRADIENTSUM 0.00000000
LEAFVALUESSUM 0.0000000000
Tree 9 CV-Ensemble 2
GRADIENTSUM 0.00000000
LEAFVALUESSUM 0.0000000000
Tree 10 CV-Ensemble 2
GRADIENTSUM 0.00000000
LEAFVALUESSUM 0.0000000000
Tree 11 CV-Ensemble 2
GRADIENTSUM 0.00000000
LEAFVALUESSUM 0.0000000000
Tree 12 CV-Ensemble 2
GRADIENTSUM 0.00000000
LEAFVALUESSUM 0.0000000000
Tree 13 CV-Ensemble 2
GRADIENTSUM 0.00000000
LEAFVALUESSUM 0.0000000000
Tree 14 CV-Ensemble 2
GRADIENTSUM 0.00000000
LEAFVALUESSUM 0.0000000000
Tree 15 CV-Ensemble 2
GRADIENTSUM 0.00000000
LEAFVALUESSUM 0.0000000000
Tree 16 CV-Ensemble 2
GRADIENTSUM 0.00000000
LEAFVALUESSUM 0.0000000000
Tree 17 CV-Ensemble 2
GRADIENTSUM 0.00000000
LEAFVALUESSUM 0.0000000000
Tree 18 CV-Ensemble 2
GRADIENTSUM 0.00000000
LEAFVALUESSUM 0.0000000000
Tree 19 CV-Ensemble 2
GRADIENTSUM 0.00000000
LEAFVALUESSUM 0.0000000000
Tree 20 CV-Ensemble 2
GRADIENTSUM 0.00000000
LEAFVALUESSUM 0.0000000000
Tree 21 CV-Ensemble 2
GRADIENTSUM 0.00000000
LEAFVALUESSUM 0.0000000000
Tree 22 CV-Ensemble 2
GRADIENTSUM 0.00000000
LEAFVALUESSUM 0.0000000000
Tree 23 CV-Ensemble 2
GRADIENTSUM 0.00000000
LEAFVALUESSUM 0.0000000000
Tree 24 CV-Ensemble 2
GRADIENTSUM 0.00000000
LEAFVALUESSUM 0.0000000000
Tree 25 CV-Ensemble 2
GRADIENTSUM 0.00000000
LEAFVALUESSUM 0.0000000000
Tree 26 CV-Ensemble 2
GRADIENTSUM 0.00000000
LEAFVALUESSUM 0.0000000000
Tree 27 CV-Ensemble 2
GRADIENTSUM 0.00000000
LEAFVALUESSUM 0.0000000000
Tree 28 CV-Ensemble 2
GRADIENTSUM 0.00000000
LEAFVALUESSUM 0.0000000000
Tree 29 CV-Ensemble 2
GRADIENTSUM 0.00000000
LEAFVALUESSUM 0.0000000000
Tree 30 CV-Ensemble 2
GRADIENTSUM 0.00000000
LEAFVALUESSUM 0.0000000000
Tree 31 CV-Ensemble 2
GRADIENTSUM 0.00000000
LEAFVALUESSUM 0.0000000000
Tree 32 CV-Ensemble 2
GRADIENTSUM 0.00000000
LEAFVALUESSUM 0.0000000000
Tree 33 CV-Ensemble 2
GRADIENTSUM 0.00000000
LEAFVALUESSUM 0.0000000000
Tree 34 CV-Ensemble 2
GRADIENTSUM 0.00000000
LEAFVALUESSUM 0.0000000000
Tree 35 CV-Ensemble 2
GRADIENTSUM 0.00000000
LEAFVALUESSUM 0.0000000000
Tree 36 CV-Ensemble 2
GRADIENTSUM 0.00000000
LEAFVALUESSUM 0.0000000000
Tree 37 CV-Ensemble 2
GRADIENTSUM 0.00000000
LEAFVALUESSUM 0.0000000000
Tree 38 CV-Ensemble 2
GRADIENTSUM 0.00000000
LEAFVALUESSUM 0.0000000000
Tree 39 CV-Ensemble 2
GRADIENTSUM 0.00000000
LEAFVALUESSUM 0.0000000000
Tree 40 CV-Ensemble 2
GRADIENTSUM 0.00000000
LEAFVALUESSUM 0.0000000000
Tree 41 CV-Ensemble 2
GRADIENTSUM 0.00000000
LEAFVALUESSUM 0.0000000000
Tree 42 CV-Ensemble 2
GRADIENTSUM 0.00000000
LEAFVALUESSUM 0.0000000000
Tree 43 CV-Ensemble 2
GRADIENTSUM 0.00000000
LEAFVALUESSUM 0.0000000000
Tree 44 CV-Ensemble 2
GRADIENTSUM 0.00000000
LEAFVALUESSUM 0.0000000000
Tree 45 CV-Ensemble 2
GRADIENTSUM 0.00000000
LEAFVALUESSUM 0.0000000000
Tree 46 CV-Ensemble 2
GRADIENTSUM 0.00000000
LEAFVALUESSUM 0.0000000000
Tree 47 CV-Ensemble 2
GRADIENTSUM 0.00000000
LEAFVALUESSUM 0.0000000000
Tree 48 CV-Ensemble 2
GRADIENTSUM 0.00000000
LEAFVALUESSUM 0.0000000000
Tree 49 CV-Ensemble 2
GRADIENTSUM 0.00000000
LEAFVALUESSUM 0.0000000000
Tree 0 CV-Ensemble 3
GRADIENTSUM 0.00000000
LEAFVALUESSUM 0.0000000000
Tree 1 CV-Ensemble 3
GRADIENTSUM 0.00000000
LEAFVALUESSUM 0.0000000000
Tree 2 CV-Ensemble 3
GRADIENTSUM 0.00000000
LEAFVALUESSUM 0.0000000000
Tree 3 CV-Ensemble 3
GRADIENTSUM 0.00000000
LEAFVALUESSUM 0.0000000000
Tree 4 CV-Ensemble 3
GRADIENTSUM 0.00000000
LEAFVALUESSUM 0.0000000000
Tree 5 CV-Ensemble 3
GRADIENTSUM 0.00000000
LEAFVALUESSUM 0.0000000000
Tree 6 CV-Ensemble 3
GRADIENTSUM 0.00000000
LEAFVALUESSUM 0.0000000000
Tree 7 CV-Ensemble 3
GRADIENTSUM 0.00000000
LEAFVALUESSUM 0.0000000000
Tree 8 CV-Ensemble 3
GRADIENTSUM 0.00000000
LEAFVALUESSUM 0.0000000000
Tree 9 CV-Ensemble 3
GRADIENTSUM 0.00000000
LEAFVALUESSUM 0.0000000000
Tree 10 CV-Ensemble 3
GRADIENTSUM 0.00000000
LEAFVALUESSUM 0.0000000000
Tree 11 CV-Ensemble 3
GRADIENTSUM 0.00000000
LEAFVALUESSUM 0.0000000000
Tree 12 CV-Ensemble 3
GRADIENTSUM 0.00000000
LEAFVALUESSUM 0.0000000000
Tree 13 CV-Ensemble 3
GRADIENTSUM 0.00000000
LEAFVALUESSUM 0.0000000000
Tree 14 CV-Ensemble 3
GRADIENTSUM 0.00000000
LEAFVALUESSUM 0.0000000000
Tree 15 CV-Ensemble 3
GRADIENTSUM 0.00000000
LEAFVALUESSUM 0.0000000000
Tree 16 CV-Ensemble 3
GRADIENTSUM 0.00000000
LEAFVALUESSUM 0.0000000000
Tree 17 CV-Ensemble 3
GRADIENTSUM 0.00000000
LEAFVALUESSUM 0.0000000000
Tree 18 CV-Ensemble 3
GRADIENTSUM 0.00000000
LEAFVALUESSUM 0.0000000000
Tree 19 CV-Ensemble 3
GRADIENTSUM 0.00000000
LEAFVALUESSUM 0.0000000000
Tree 20 CV-Ensemble 3
GRADIENTSUM 0.00000000
LEAFVALUESSUM 0.0000000000
Tree 21 CV-Ensemble 3
GRADIENTSUM 0.00000000
LEAFVALUESSUM 0.0000000000
Tree 22 CV-Ensemble 3
GRADIENTSUM 0.00000000
LEAFVALUESSUM 0.0000000000
Tree 23 CV-Ensemble 3
GRADIENTSUM 0.00000000
LEAFVALUESSUM 0.0000000000
Tree 24 CV-Ensemble 3
GRADIENTSUM 0.00000000
LEAFVALUESSUM 0.0000000000
Tree 25 CV-Ensemble 3
GRADIENTSUM 0.00000000
LEAFVALUESSUM 0.0000000000
Tree 26 CV-Ensemble 3
GRADIENTSUM 0.00000000
LEAFVALUESSUM 0.0000000000
Tree 27 CV-Ensemble 3
GRADIENTSUM 0.00000000
LEAFVALUESSUM 0.0000000000
Tree 28 CV-Ensemble 3
GRADIENTSUM 0.00000000
LEAFVALUESSUM 0.0000000000
Tree 29 CV-Ensemble 3
GRADIENTSUM 0.00000000
LEAFVALUESSUM 0.0000000000
Tree 30 CV-Ensemble 3
GRADIENTSUM 0.00000000
LEAFVALUESSUM 0.0000000000
Tree 31 CV-Ensemble 3
GRADIENTSUM 0.00000000
LEAFVALUESSUM 0.0000000000
Tree 32 CV-Ensemble 3
GRADIENTSUM 0.00000000
LEAFVALUESSUM 0.0000000000
Tree 33 CV-Ensemble 3
GRADIENTSUM 0.00000000
LEAFVALUESSUM 0.0000000000
Tree 34 CV-Ensemble 3
GRADIENTSUM 0.00000000
LEAFVALUESSUM 0.0000000000
Tree 35 CV-Ensemble 3
GRADIENTSUM 0.00000000
LEAFVALUESSUM 0.0000000000
Tree 36 CV-Ensemble 3
GRADIENTSUM 0.00000000
LEAFVALUESSUM 0.0000000000
Tree 37 CV-Ensemble 3
GRADIENTSUM 0.00000000
LEAFVALUESSUM 0.0000000000
Tree 38 CV-Ensemble 3
GRADIENTSUM 0.00000000
LEAFVALUESSUM 0.0000000000
Tree 39 CV-Ensemble 3
GRADIENTSUM 0.00000000
LEAFVALUESSUM 0.0000000000
Tree 40 CV-Ensemble 3
GRADIENTSUM 0.00000000
LEAFVALUESSUM 0.0000000000
Tree 41 CV-Ensemble 3
GRADIENTSUM 0.00000000
LEAFVALUESSUM 0.0000000000
Tree 42 CV-Ensemble 3
GRADIENTSUM 0.00000000
LEAFVALUESSUM 0.0000000000
Tree 43 CV-Ensemble 3
GRADIENTSUM 0.00000000
LEAFVALUESSUM 0.0000000000
Tree 44 CV-Ensemble 3
GRADIENTSUM 0.00000000
LEAFVALUESSUM 0.0000000000
Tree 45 CV-Ensemble 3
GRADIENTSUM 0.00000000
LEAFVALUESSUM 0.0000000000
Tree 46 CV-Ensemble 3
GRADIENTSUM 0.00000000
LEAFVALUESSUM 0.0000000000
Tree 47 CV-Ensemble 3
GRADIENTSUM 0.00000000
LEAFVALUESSUM 0.0000000000
Tree 48 CV-Ensemble 3
GRADIENTSUM 0.00000000
LEAFVALUESSUM 0.0000000000
Tree 49 CV-Ensemble 3
GRADIENTSUM 0.00000000
LEAFVALUESSUM 0.0000000000
Tree 0 CV-Ensemble 4
GRADIENTSUM 0.00000000
LEAFVALUESSUM 0.0000000000
Tree 1 CV-Ensemble 4
GRADIENTSUM 0.00000000
LEAFVALUESSUM 0.0000000000
Tree 2 CV-Ensemble 4
GRADIENTSUM 0.00000000
LEAFVALUESSUM 0.0000000000
Tree 3 CV-Ensemble 4
GRADIENTSUM 0.00000000
LEAFVALUESSUM 0.0000000000
Tree 4 CV-Ensemble 4
GRADIENTSUM 0.00000000
LEAFVALUESSUM 0.0000000000
Tree 5 CV-Ensemble 4
GRADIENTSUM 0.00000000
LEAFVALUESSUM 0.0000000000
Tree 6 CV-Ensemble 4
GRADIENTSUM 0.00000000
LEAFVALUESSUM 0.0000000000
Tree 7 CV-Ensemble 4
GRADIENTSUM 0.00000000
LEAFVALUESSUM 0.0000000000
Tree 8 CV-Ensemble 4
GRADIENTSUM 0.00000000
LEAFVALUESSUM 0.0000000000
Tree 9 CV-Ensemble 4
GRADIENTSUM 0.00000000
LEAFVALUESSUM 0.0000000000
Tree 10 CV-Ensemble 4
GRADIENTSUM 0.00000000
LEAFVALUESSUM 0.0000000000
Tree 11 CV-Ensemble 4
GRADIENTSUM 0.00000000
LEAFVALUESSUM 0.0000000000
Tree 12 CV-Ensemble 4
GRADIENTSUM 0.00000000
LEAFVALUESSUM 0.0000000000
Tree 13 CV-Ensemble 4
GRADIENTSUM 0.00000000
LEAFVALUESSUM 0.0000000000
Tree 14 CV-Ensemble 4
GRADIENTSUM 0.00000000
LEAFVALUESSUM 0.0000000000
Tree 15 CV-Ensemble 4
GRADIENTSUM 0.00000000
LEAFVALUESSUM 0.0000000000
Tree 16 CV-Ensemble 4
GRADIENTSUM 0.00000000
LEAFVALUESSUM 0.0000000000
Tree 17 CV-Ensemble 4
GRADIENTSUM 0.00000000
LEAFVALUESSUM 0.0000000000
Tree 18 CV-Ensemble 4
GRADIENTSUM 0.00000000
LEAFVALUESSUM 0.0000000000
Tree 19 CV-Ensemble 4
GRADIENTSUM 0.00000000
LEAFVALUESSUM 0.0000000000
Tree 20 CV-Ensemble 4
GRADIENTSUM 0.00000000
LEAFVALUESSUM 0.0000000000
Tree 21 CV-Ensemble 4
GRADIENTSUM 0.00000000
LEAFVALUESSUM 0.0000000000
Tree 22 CV-Ensemble 4
GRADIENTSUM 0.00000000
LEAFVALUESSUM 0.0000000000
Tree 23 CV-Ensemble 4
GRADIENTSUM 0.00000000
LEAFVALUESSUM 0.0000000000
Tree 24 CV-Ensemble 4
GRADIENTSUM 0.00000000
LEAFVALUESSUM 0.0000000000
Tree 25 CV-Ensemble 4
GRADIENTSUM 0.00000000
LEAFVALUESSUM 0.0000000000
Tree 26 CV-Ensemble 4
GRADIENTSUM 0.00000000
LEAFVALUESSUM 0.0000000000
Tree 27 CV-Ensemble 4
GRADIENTSUM 0.00000000
LEAFVALUESSUM 0.0000000000
Tree 28 CV-Ensemble 4
GRADIENTSUM 0.00000000
LEAFVALUESSUM 0.0000000000
Tree 29 CV-Ensemble 4
GRADIENTSUM 0.00000000
LEAFVALUESSUM 0.0000000000
Tree 30 CV-Ensemble 4
GRADIENTSUM 0.00000000
LEAFVALUESSUM 0.0000000000
Tree 31 CV-Ensemble 4
GRADIENTSUM 0.00000000
LEAFVALUESSUM 0.0000000000
Tree 32 CV-Ensemble 4
GRADIENTSUM 0.00000000
LEAFVALUESSUM 0.0000000000
Tree 33 CV-Ensemble 4
GRADIENTSUM 0.00000000
LEAFVALUESSUM 0.0000000000
Tree 34 CV-Ensemble 4
GRADIENTSUM 0.00000000
LEAFVALUESSUM 0.0000000000
Tree 35 CV-Ensemble 4
GRADIENTSUM 0.00000000
LEAFVALUESSUM 0.0000000000
Tree 36 CV-Ensemble 4
GRADIENTSUM 0.00000000
LEAFVALUESSUM 0.0000000000
Tree 37 CV-Ensemble 4
GRADIENTSUM 0.00000000
LEAFVALUESSUM 0.0000000000
Tree 38 CV-Ensemble 4
GRADIENTSUM 0.00000000
LEAFVALUESSUM 0.0000000000
Tree 39 CV-Ensemble 4
GRADIENTSUM 0.00000000
LEAFVALUESSUM 0.0000000000
Tree 40 CV-Ensemble 4
GRADIENTSUM 0.00000000
LEAFVALUESSUM 0.0000000000
Tree 41 CV-Ensemble 4
GRADIENTSUM 0.00000000
LEAFVALUESSUM 0.0000000000
Tree 42 CV-Ensemble 4
GRADIENTSUM 0.00000000
LEAFVALUESSUM 0.0000000000
Tree 43 CV-Ensemble 4
GRADIENTSUM 0.00000000
LEAFVALUESSUM 0.0000000000
Tree 44 CV-Ensemble 4
GRADIENTSUM 0.00000000
LEAFVALUESSUM 0.0000000000
Tree 45 CV-Ensemble 4
GRADIENTSUM 0.00000000
LEAFVALUESSUM 0.0000000000
Tree 46 CV-Ensemble 4
GRADIENTSUM 0.00000000
LEAFVALUESSUM 0.0000000000
Tree 47 CV-Ensemble 4
GRADIENTSUM 0.00000000
LEAFVALUESSUM 0.0000000000
Tree 48 CV-Ensemble 4
GRADIENTSUM 0.00000000
LEAFVALUESSUM 0.0000000000
Tree 49 CV-Ensemble 4
GRADIENTSUM 0.00000000
LEAFVALUESSUM 0.0000000000
