Tree 0 CV-Ensemble 0
GRADIENTSUM -6.4500000000
LEAFVALUESSUM 2.2614008942
Tree 1 CV-Ensemble 0
GRADIENTSUM 16.6534556632
LEAFVALUESSUM 1.6137166051
Tree 2 CV-Ensemble 0
GRADIENTSUM 27.7013725718
LEAFVALUESSUM -1.1792042905
Tree 3 CV-Ensemble 0
GRADIENTSUM 24.7632469227
LEAFVALUESSUM -1.3732400792
Tree 4 CV-Ensemble 0
GRADIENTSUM 17.3781813056
LEAFVALUESSUM -0.3073171040
Tree 5 CV-Ensemble 0
GRADIENTSUM 11.4830682875
LEAFVALUESSUM -1.3524927280
Tree 6 CV-Ensemble 0
GRADIENTSUM -19.4135419677
LEAFVALUESSUM -1.1069064616
Tree 7 CV-Ensemble 0
GRADIENTSUM -35.9982748438
LEAFVALUESSUM 0.7630171224
Tree 8 CV-Ensemble 0
GRADIENTSUM -32.6169224790
LEAFVALUESSUM 3.3854525111
Tree 9 CV-Ensemble 0
GRADIENTSUM -14.8386595681
LEAFVALUESSUM 2.5901083328
Tree 10 CV-Ensemble 0
GRADIENTSUM -3.2700094186
LEAFVALUESSUM 2.0027493749
Tree 11 CV-Ensemble 0
GRADIENTSUM 5.8886062968
LEAFVALUESSUM 2.0092630918
Tree 12 CV-Ensemble 0
GRADIENTSUM 16.1419853761
LEAFVALUESSUM 1.5266527503
Tree 13 CV-Ensemble 0
GRADIENTSUM 21.5432561790
LEAFVALUESSUM 0.8345589350
Tree 14 CV-Ensemble 0
GRADIENTSUM 25.0276342005
LEAFVALUESSUM 1.4127630006
Tree 15 CV-Ensemble 0
GRADIENTSUM 32.3821358999
LEAFVALUESSUM 1.4852979066
Tree 16 CV-Ensemble 0
GRADIENTSUM 39.8525339141
LEAFVALUESSUM 0.2815231646
Tree 17 CV-Ensemble 0
GRADIENTSUM 37.3117752561
LEAFVALUESSUM 0.6091361754
Tree 18 CV-Ensemble 0
GRADIENTSUM 38.9975918153
LEAFVALUESSUM -0.5179906212
Tree 19 CV-Ensemble 0
GRADIENTSUM 37.1753816598
LEAFVALUESSUM 0.5381938541
Tree 20 CV-Ensemble 0
GRADIENTSUM 40.4625558559
LEAFVALUESSUM -0.1602492805
Tree 21 CV-Ensemble 0
GRADIENTSUM 41.7174923826
LEAFVALUESSUM 0.9016867155
Tree 22 CV-Ensemble 0
GRADIENTSUM 45.7721509185
LEAFVALUESSUM 1.0491883312
Tree 23 CV-Ensemble 0
GRADIENTSUM 50.3394991749
LEAFVALUESSUM 0.9591555818
Tree 24 CV-Ensemble 0
GRADIENTSUM 55.0147577503
LEAFVALUESSUM 0.8106963766
Tree 25 CV-Ensemble 0
GRADIENTSUM 57.0973113798
LEAFVALUESSUM 0.8161081343
Tree 26 CV-Ensemble 0
GRADIENTSUM 60.8244670684
LEAFVALUESSUM 0.2163393548
Tree 27 CV-Ensemble 0
GRADIENTSUM 62.0971665921
LEAFVALUESSUM 0.5611897903
Tree 28 CV-Ensemble 0
GRADIENTSUM 64.3694581793
LEAFVALUESSUM -0.1810600878
Tree 29 CV-Ensemble 0
GRADIENTSUM 63.1239095030
LEAFVALUESSUM -0.5189209391
Tree 30 CV-Ensemble 0
GRADIENTSUM 60.5369365542
LEAFVALUESSUM -0.4239115828
Tree 31 CV-Ensemble 0
GRADIENTSUM 54.9245086432
LEAFVALUESSUM -0.3815204245
Tree 32 CV-Ensemble 0
GRADIENTSUM 47.4999626256
LEAFVALUESSUM -0.3090315438
Tree 33 CV-Ensemble 0
GRADIENTSUM 38.2976235875
LEAFVALUESSUM -0.2163220807
Tree 34 CV-Ensemble 0
GRADIENTSUM 31.9588341855
LEAFVALUESSUM -0.0697701718
Tree 35 CV-Ensemble 0
GRADIENTSUM 29.5144094267
LEAFVALUESSUM -0.2753471055
Tree 36 CV-Ensemble 0
GRADIENTSUM 20.7564386186
LEAFVALUESSUM -0.1576987968
Tree 37 CV-Ensemble 0
GRADIENTSUM 12.1499132215
LEAFVALUESSUM -0.0405511192
Tree 38 CV-Ensemble 0
GRADIENTSUM 9.7399133363
LEAFVALUESSUM 0.2007280399
Tree 39 CV-Ensemble 0
GRADIENTSUM 12.6264036444
LEAFVALUESSUM 0.1642320327
Tree 40 CV-Ensemble 0
GRADIENTSUM 15.1473641713
LEAFVALUESSUM 0.1773705953
Tree 41 CV-Ensemble 0
GRADIENTSUM 18.1623956533
LEAFVALUESSUM 0.1596335358
Tree 42 CV-Ensemble 0
GRADIENTSUM 21.0476623796
LEAFVALUESSUM 0.1436701822
Tree 43 CV-Ensemble 0
GRADIENTSUM 24.8671893024
LEAFVALUESSUM -0.1077526366
Tree 44 CV-Ensemble 0
GRADIENTSUM 22.9881832613
LEAFVALUESSUM -0.0068687152
Tree 45 CV-Ensemble 0
GRADIENTSUM 22.7614986962
LEAFVALUESSUM -0.0562910479
Tree 46 CV-Ensemble 0
GRADIENTSUM 18.7949512070
LEAFVALUESSUM -0.0494506324
Tree 47 CV-Ensemble 0
GRADIENTSUM 15.4269611138
LEAFVALUESSUM -0.0777661554
Tree 48 CV-Ensemble 0
GRADIENTSUM 12.3730203290
LEAFVALUESSUM -0.0699895399
Tree 49 CV-Ensemble 0
GRADIENTSUM 4.9163454171
LEAFVALUESSUM -0.0171792507
Tree 0 CV-Ensemble 1
GRADIENTSUM -12.9086538462
LEAFVALUESSUM 1.6502553819
Tree 1 CV-Ensemble 1
GRADIENTSUM 1.9809791924
LEAFVALUESSUM 0.7537349015
Tree 2 CV-Ensemble 1
GRADIENTSUM 1.8221664142
LEAFVALUESSUM -0.1383430619
Tree 3 CV-Ensemble 1
GRADIENTSUM 1.4439227571
LEAFVALUESSUM 0.7181191704
Tree 4 CV-Ensemble 1
GRADIENTSUM 5.3884000683
LEAFVALUESSUM 2.0373360899
Tree 5 CV-Ensemble 1
GRADIENTSUM 16.3029559809
LEAFVALUESSUM 3.5479826445
Tree 6 CV-Ensemble 1
GRADIENTSUM 34.6001296820
LEAFVALUESSUM 2.8500375078
Tree 7 CV-Ensemble 1
GRADIENTSUM 57.5120881672
LEAFVALUESSUM 3.2050009280
Tree 8 CV-Ensemble 1
GRADIENTSUM 77.7961605862
LEAFVALUESSUM 2.6244748604
Tree 9 CV-Ensemble 1
GRADIENTSUM 94.4905739811
LEAFVALUESSUM 1.9230740137
Tree 10 CV-Ensemble 1
GRADIENTSUM 105.6143560845
LEAFVALUESSUM 1.6314459605
Tree 11 CV-Ensemble 1
GRADIENTSUM 117.6103439038
LEAFVALUESSUM 1.6401124462
Tree 12 CV-Ensemble 1
GRADIENTSUM 123.9041602988
LEAFVALUESSUM 0.7525276960
Tree 13 CV-Ensemble 1
GRADIENTSUM 131.7750949870
LEAFVALUESSUM -0.1010618963
Tree 14 CV-Ensemble 1
GRADIENTSUM 134.7559851245
LEAFVALUESSUM -0.2136288966
Tree 15 CV-Ensemble 1
GRADIENTSUM 134.1197250309
LEAFVALUESSUM -0.0421676766
Tree 16 CV-Ensemble 1
GRADIENTSUM 129.2147509466
LEAFVALUESSUM -1.1154672481
Tree 17 CV-Ensemble 1
GRADIENTSUM 121.5118426792
LEAFVALUESSUM -0.2786307772
Tree 18 CV-Ensemble 1
GRADIENTSUM 121.2044442324
LEAFVALUESSUM -0.7252151059
Tree 19 CV-Ensemble 1
GRADIENTSUM 117.8458981197
LEAFVALUESSUM -0.1207233090
Tree 20 CV-Ensemble 1
GRADIENTSUM 118.5543188727
LEAFVALUESSUM -0.4185819663
Tree 21 CV-Ensemble 1
GRADIENTSUM 118.3077086947
LEAFVALUESSUM 0.5300114390
Tree 22 CV-Ensemble 1
GRADIENTSUM 120.9966438115
LEAFVALUESSUM 0.8724297837
Tree 23 CV-Ensemble 1
GRADIENTSUM 125.1151287630
LEAFVALUESSUM 1.0536723029
Tree 24 CV-Ensemble 1
GRADIENTSUM 129.2955877880
LEAFVALUESSUM 0.5652947779
Tree 25 CV-Ensemble 1
GRADIENTSUM 130.2370974392
LEAFVALUESSUM 0.7694564213
Tree 26 CV-Ensemble 1
GRADIENTSUM 133.8904792625
LEAFVALUESSUM -0.1449642960
Tree 27 CV-Ensemble 1
GRADIENTSUM 134.9355057640
LEAFVALUESSUM 0.3468643050
Tree 28 CV-Ensemble 1
GRADIENTSUM 136.2717712228
LEAFVALUESSUM -0.3140085798
Tree 29 CV-Ensemble 1
GRADIENTSUM 133.1587477947
LEAFVALUESSUM -0.5181141567
Tree 30 CV-Ensemble 1
GRADIENTSUM 126.9379647204
LEAFVALUESSUM -0.4239115828
Tree 31 CV-Ensemble 1
GRADIENTSUM 117.4370804221
LEAFVALUESSUM -0.3052163396
Tree 32 CV-Ensemble 1
GRADIENTSUM 105.5008829747
LEAFVALUESSUM -0.2403578674
Tree 33 CV-Ensemble 1
GRADIENTSUM 90.2451983866
LEAFVALUESSUM -0.1854189263
Tree 34 CV-Ensemble 1
GRADIENTSUM 79.3036234697
LEAFVALUESSUM -0.2611284391
Tree 35 CV-Ensemble 1
GRADIENTSUM 74.3555941353
LEAFVALUESSUM -0.1752208853
Tree 36 CV-Ensemble 1
GRADIENTSUM 59.9693052803
LEAFVALUESSUM -0.1576987968
Tree 37 CV-Ensemble 1
GRADIENTSUM 46.0647902362
LEAFVALUESSUM -0.0405511192
Tree 38 CV-Ensemble 1
GRADIENTSUM 40.5785762164
LEAFVALUESSUM 0.2007280399
Tree 39 CV-Ensemble 1
GRADIENTSUM 43.0593634390
LEAFVALUESSUM 0.1642320327
Tree 40 CV-Ensemble 1
GRADIENTSUM 44.9817414797
LEAFVALUESSUM 0.1001528595
Tree 41 CV-Ensemble 1
GRADIENTSUM 45.8608850619
LEAFVALUESSUM 0.1596335358
Tree 42 CV-Ensemble 1
GRADIENTSUM 47.5805742524
LEAFVALUESSUM 0.1316976670
Tree 43 CV-Ensemble 1
GRADIENTSUM 50.4568352874
LEAFVALUESSUM -0.0754268457
Tree 44 CV-Ensemble 1
GRADIENTSUM 45.1997453162
LEAFVALUESSUM -0.0387909492
Tree 45 CV-Ensemble 1
GRADIENTSUM 42.7922961740
LEAFVALUESSUM -0.0872796357
Tree 46 CV-Ensemble 1
GRADIENTSUM 35.6392917409
LEAFVALUESSUM -0.0864068393
Tree 47 CV-Ensemble 1
GRADIENTSUM 29.4072776900
LEAFVALUESSUM -0.0494875534
Tree 48 CV-Ensemble 1
GRADIENTSUM 22.0546548473
LEAFVALUESSUM -0.0509014835
Tree 49 CV-Ensemble 1
GRADIENTSUM 8.6591042786
LEAFVALUESSUM -0.0114528338
Tree 0 CV-Ensemble 2
GRADIENTSUM -6.9312500000
LEAFVALUESSUM 1.3227829768
Tree 1 CV-Ensemble 2
GRADIENTSUM 5.2447448752
LEAFVALUESSUM 0.8575008102
Tree 2 CV-Ensemble 2
GRADIENTSUM 6.9928223748
LEAFVALUESSUM 0.2453637616
Tree 3 CV-Ensemble 2
GRADIENTSUM 8.5804166667
LEAFVALUESSUM 0.8138019029
Tree 4 CV-Ensemble 2
GRADIENTSUM 12.9076849759
LEAFVALUESSUM 1.5977249214
Tree 5 CV-Ensemble 2
GRADIENTSUM 21.3135784624
LEAFVALUESSUM 2.5357208684
Tree 6 CV-Ensemble 2
GRADIENTSUM 34.1328244668
LEAFVALUESSUM 1.7452666629
Tree 7 CV-Ensemble 2
GRADIENTSUM 49.8756484507
LEAFVALUESSUM 2.2658667644
Tree 8 CV-Ensemble 2
GRADIENTSUM 64.2815456062
LEAFVALUESSUM 1.8670914140
Tree 9 CV-Ensemble 2
GRADIENTSUM 76.0057989715
LEAFVALUESSUM 1.3944906567
Tree 10 CV-Ensemble 2
GRADIENTSUM 84.3373916736
LEAFVALUESSUM 1.1777917997
Tree 11 CV-Ensemble 2
GRADIENTSUM 93.0387204029
LEAFVALUESSUM 1.0923068978
Tree 12 CV-Ensemble 2
GRADIENTSUM 97.6069904040
LEAFVALUESSUM 0.5917580663
Tree 13 CV-Ensemble 2
GRADIENTSUM 103.8331603523
LEAFVALUESSUM 1.1018394460
Tree 14 CV-Ensemble 2
GRADIENTSUM 112.6579436618
LEAFVALUESSUM 1.2078449481
Tree 15 CV-Ensemble 2
GRADIENTSUM 118.8590348121
LEAFVALUESSUM -1.1512146872
Tree 16 CV-Ensemble 2
GRADIENTSUM 111.7418538897
LEAFVALUESSUM -1.4594499567
Tree 17 CV-Ensemble 2
GRADIENTSUM 100.2158051761
LEAFVALUESSUM -1.2778547508
Tree 18 CV-Ensemble 2
GRADIENTSUM 93.7870298485
LEAFVALUESSUM -1.3576565900
Tree 19 CV-Ensemble 2
GRADIENTSUM 82.9513370896
LEAFVALUESSUM -1.0114219868
Tree 20 CV-Ensemble 2
GRADIENTSUM 74.9626554694
LEAFVALUESSUM -0.7930044754
Tree 21 CV-Ensemble 2
GRADIENTSUM 69.8471497202
LEAFVALUESSUM 0.5985302013
Tree 22 CV-Ensemble 2
GRADIENTSUM 74.1787924815
LEAFVALUESSUM 0.8175015817
Tree 23 CV-Ensemble 2
GRADIENTSUM 77.2795141132
LEAFVALUESSUM 0.2564423508
Tree 24 CV-Ensemble 2
GRADIENTSUM 78.2645219706
LEAFVALUESSUM 0.0484278891
Tree 25 CV-Ensemble 2
GRADIENTSUM 78.5019582330
LEAFVALUESSUM 0.4156869596
Tree 26 CV-Ensemble 2
GRADIENTSUM 78.5114622013
LEAFVALUESSUM -0.4121161699
Tree 27 CV-Ensemble 2
GRADIENTSUM 76.7226578132
LEAFVALUESSUM 0.3864110657
Tree 28 CV-Ensemble 2
GRADIENTSUM 78.7341005624
LEAFVALUESSUM -0.2616738165
Tree 29 CV-Ensemble 2
GRADIENTSUM 76.6989299608
LEAFVALUESSUM -0.4239115828
Tree 30 CV-Ensemble 2
GRADIENTSUM 72.6890061362
LEAFVALUESSUM -0.4239115828
Tree 31 CV-Ensemble 2
GRADIENTSUM 66.5991184153
LEAFVALUESSUM -0.3052163396
Tree 32 CV-Ensemble 2
GRADIENTSUM 59.0118171139
LEAFVALUESSUM -0.2746947056
Tree 33 CV-Ensemble 2
GRADIENTSUM 49.3983975961
LEAFVALUESSUM -0.2163220807
Tree 34 CV-Ensemble 2
GRADIENTSUM 42.7662953672
LEAFVALUESSUM -0.0964524749
Tree 35 CV-Ensemble 2
GRADIENTSUM 39.9462554754
LEAFVALUESSUM -0.2753471055
Tree 36 CV-Ensemble 2
GRADIENTSUM 30.9816906953
LEAFVALUESSUM -0.1576987968
Tree 37 CV-Ensemble 2
GRADIENTSUM 22.2275655237
LEAFVALUESSUM -0.0608266788
Tree 38 CV-Ensemble 2
GRADIENTSUM 19.2835192576
LEAFVALUESSUM 0.2007280399
Tree 39 CV-Ensemble 2
GRADIENTSUM 21.4886537759
LEAFVALUESSUM 0.1806552360
Tree 40 CV-Ensemble 2
GRADIENTSUM 23.3430967906
LEAFVALUESSUM 0.1773705953
Tree 41 CV-Ensemble 2
GRADIENTSUM 24.7444660320
LEAFVALUESSUM 0.1596335358
Tree 42 CV-Ensemble 2
GRADIENTSUM 26.4710344680
LEAFVALUESSUM 0.1197251518
Tree 43 CV-Ensemble 2
GRADIENTSUM 28.9399776899
LEAFVALUESSUM -0.0646515820
Tree 44 CV-Ensemble 2
GRADIENTSUM 25.9162287205
LEAFVALUESSUM -0.0250227466
Tree 45 CV-Ensemble 2
GRADIENTSUM 24.7245034391
LEAFVALUESSUM -0.0544367953
Tree 46 CV-Ensemble 2
GRADIENTSUM 20.7225369501
LEAFVALUESSUM -0.0568341032
Tree 47 CV-Ensemble 2
GRADIENTSUM 17.3304777464
LEAFVALUESSUM -0.0494875534
Tree 48 CV-Ensemble 2
GRADIENTSUM 13.1507511160
LEAFVALUESSUM -0.0509014835
Tree 49 CV-Ensemble 2
GRADIENTSUM 5.0433221044
LEAFVALUESSUM -0.0114528338
Tree 0 CV-Ensemble 3
GRADIENTSUM -10.3939873418
LEAFVALUESSUM 0.7379256075
Tree 1 CV-Ensemble 3
GRADIENTSUM -3.0775451838
LEAFVALUESSUM 0.0257610629
Tree 2 CV-Ensemble 3
GRADIENTSUM -6.4319886402
LEAFVALUESSUM -0.4727192116
Tree 3 CV-Ensemble 3
GRADIENTSUM -8.9710644822
LEAFVALUESSUM 0.2630088693
Tree 4 CV-Ensemble 3
GRADIENTSUM -7.9450066947
LEAFVALUESSUM 1.0139098735
Tree 5 CV-Ensemble 3
GRADIENTSUM -2.8516437612
LEAFVALUESSUM 2.0063379587
Tree 6 CV-Ensemble 3
GRADIENTSUM 6.3015914628
LEAFVALUESSUM 1.6533477332
Tree 7 CV-Ensemble 3
GRADIENTSUM 19.4352997084
LEAFVALUESSUM 1.8697180840
Tree 8 CV-Ensemble 3
GRADIENTSUM 31.3086972062
LEAFVALUESSUM 1.6369041867
Tree 9 CV-Ensemble 3
GRADIENTSUM 40.5169071553
LEAFVALUESSUM 1.0965207638
Tree 10 CV-Ensemble 3
GRADIENTSUM 46.9196267183
LEAFVALUESSUM 1.0685212846
Tree 11 CV-Ensemble 3
GRADIENTSUM 53.8409716952
LEAFVALUESSUM 0.7834959647
Tree 12 CV-Ensemble 3
GRADIENTSUM 56.8071044969
LEAFVALUESSUM 0.3847748773
Tree 13 CV-Ensemble 3
GRADIENTSUM 61.6421201010
LEAFVALUESSUM 1.0853299923
Tree 14 CV-Ensemble 3
GRADIENTSUM 69.0689210670
LEAFVALUESSUM 1.0792154096
Tree 15 CV-Ensemble 3
GRADIENTSUM 73.5970589363
LEAFVALUESSUM -1.1874924386
Tree 16 CV-Ensemble 3
GRADIENTSUM 64.8197904796
LEAFVALUESSUM -1.4779671393
Tree 17 CV-Ensemble 3
GRADIENTSUM 53.1594559499
LEAFVALUESSUM -1.3736070024
Tree 18 CV-Ensemble 3
GRADIENTSUM 46.2152780090
LEAFVALUESSUM -1.2466416764
Tree 19 CV-Ensemble 3
GRADIENTSUM 35.3720193431
LEAFVALUESSUM -1.0584178956
Tree 20 CV-Ensemble 3
GRADIENTSUM 27.2222171570
LEAFVALUESSUM -0.9027754431
Tree 21 CV-Ensemble 3
GRADIENTSUM 21.3041417596
LEAFVALUESSUM 0.5346873878
Tree 22 CV-Ensemble 3
GRADIENTSUM 25.4103004014
LEAFVALUESSUM 0.7477774316
Tree 23 CV-Ensemble 3
GRADIENTSUM 28.9028160816
LEAFVALUESSUM 0.0841305229
Tree 24 CV-Ensemble 3
GRADIENTSUM 29.2504046618
LEAFVALUESSUM -0.0305948635
Tree 25 CV-Ensemble 3
GRADIENTSUM 28.5881997275
LEAFVALUESSUM 0.3699422295
Tree 26 CV-Ensemble 3
GRADIENTSUM 28.0947523294
LEAFVALUESSUM -0.7645818079
Tree 27 CV-Ensemble 3
GRADIENTSUM 25.2934842293
LEAFVALUESSUM -0.5224823701
Tree 28 CV-Ensemble 3
GRADIENTSUM 23.2538665424
LEAFVALUESSUM 0.2437870275
Tree 29 CV-Ensemble 3
GRADIENTSUM 24.2870706576
LEAFVALUESSUM -0.2149095560
Tree 30 CV-Ensemble 3
GRADIENTSUM 22.7395241134
LEAFVALUESSUM 0.0356980768
Tree 31 CV-Ensemble 3
GRADIENTSUM 22.2330835681
LEAFVALUESSUM -0.0808381418
Tree 32 CV-Ensemble 3
GRADIENTSUM 21.3986901616
LEAFVALUESSUM -0.1252880596
Tree 33 CV-Ensemble 3
GRADIENTSUM 20.5116770550
LEAFVALUESSUM -0.1236126175
Tree 34 CV-Ensemble 3
GRADIENTSUM 19.7946617700
LEAFVALUESSUM 0.1671961246
Tree 35 CV-Ensemble 3
GRADIENTSUM 21.2401609138
LEAFVALUESSUM 0.2190071524
Tree 36 CV-Ensemble 3
GRADIENTSUM 22.3369468242
LEAFVALUESSUM 0.2478123950
Tree 37 CV-Ensemble 3
GRADIENTSUM 24.2187492911
LEAFVALUESSUM 0.2230311555
Tree 38 CV-Ensemble 3
GRADIENTSUM 25.4764523662
LEAFVALUESSUM 0.1277360254
Tree 39 CV-Ensemble 3
GRADIENTSUM 26.8316020764
LEAFVALUESSUM 0.1719425004
Tree 40 CV-Ensemble 3
GRADIENTSUM 27.8311299996
LEAFVALUESSUM 0.1754437373
Tree 41 CV-Ensemble 3
GRADIENTSUM 28.7535613339
LEAFVALUESSUM 0.1463307411
Tree 42 CV-Ensemble 3
GRADIENTSUM 29.8556858374
LEAFVALUESSUM 0.1197251518
Tree 43 CV-Ensemble 3
GRADIENTSUM 31.8572428240
LEAFVALUESSUM -0.0754268457
Tree 44 CV-Ensemble 3
GRADIENTSUM 28.4164532798
LEAFVALUESSUM -0.0208386910
Tree 45 CV-Ensemble 3
GRADIENTSUM 26.9076140922
LEAFVALUESSUM -0.0694049024
Tree 46 CV-Ensemble 3
GRADIENTSUM 22.4664179617
LEAFVALUESSUM -0.0706965049
Tree 47 CV-Ensemble 3
GRADIENTSUM 18.6403234934
LEAFVALUESSUM -0.0494875534
Tree 48 CV-Ensemble 3
GRADIENTSUM 14.0787311963
LEAFVALUESSUM -0.0509014835
Tree 49 CV-Ensemble 3
GRADIENTSUM 5.5218780707
LEAFVALUESSUM -0.0114528338
Tree 0 CV-Ensemble 4
GRADIENTSUM 1.1796875000
LEAFVALUESSUM 0.8101743538
Tree 1 CV-Ensemble 4
GRADIENTSUM 8.8278436943
LEAFVALUESSUM 0.1354597107
Tree 2 CV-Ensemble 4
GRADIENTSUM 5.7644526819
LEAFVALUESSUM -0.3747294372
Tree 3 CV-Ensemble 4
GRADIENTSUM 3.8253024167
LEAFVALUESSUM 0.3357995221
Tree 4 CV-Ensemble 4
GRADIENTSUM 5.2855124647
LEAFVALUESSUM 0.9745716830
Tree 5 CV-Ensemble 4
GRADIENTSUM 10.9859454424
LEAFVALUESSUM 2.0509679731
Tree 6 CV-Ensemble 4
GRADIENTSUM 21.1205632822
LEAFVALUESSUM 1.6817107638
Tree 7 CV-Ensemble 4
GRADIENTSUM 34.5911973575
LEAFVALUESSUM 1.8925022611
Tree 8 CV-Ensemble 4
GRADIENTSUM 46.6445647246
LEAFVALUESSUM 1.6701493095
Tree 9 CV-Ensemble 4
GRADIENTSUM 56.1036107577
LEAFVALUESSUM 1.1186256842
Tree 10 CV-Ensemble 4
GRADIENTSUM 62.4131216492
LEAFVALUESSUM 1.0864089053
Tree 11 CV-Ensemble 4
GRADIENTSUM 69.4377292892
LEAFVALUESSUM 0.8204292394
Tree 12 CV-Ensemble 4
GRADIENTSUM 72.7975203119
LEAFVALUESSUM 0.3802983493
Tree 13 CV-Ensemble 4
GRADIENTSUM 77.1208543120
LEAFVALUESSUM 1.2387083538
Tree 14 CV-Ensemble 4
GRADIENTSUM 84.6778091926
LEAFVALUESSUM 1.1061191639
Tree 15 CV-Ensemble 4
GRADIENTSUM 89.5421432366
LEAFVALUESSUM -1.1875270416
Tree 16 CV-Ensemble 4
GRADIENTSUM 82.2764231554
LEAFVALUESSUM -1.4729944152
Tree 17 CV-Ensemble 4
GRADIENTSUM 70.5143064529
LEAFVALUESSUM -1.3511483579
Tree 18 CV-Ensemble 4
GRADIENTSUM 64.0005154073
LEAFVALUESSUM -1.2373899643
Tree 19 CV-Ensemble 4
GRADIENTSUM 53.1735275200
LEAFVALUESSUM -1.0415114197
Tree 20 CV-Ensemble 4
GRADIENTSUM 45.1800141322
LEAFVALUESSUM -0.8818458864
Tree 21 CV-Ensemble 4
GRADIENTSUM 39.5000954735
LEAFVALUESSUM 0.5419447801
Tree 22 CV-Ensemble 4
GRADIENTSUM 43.5891374869
LEAFVALUESSUM 0.7486694253
Tree 23 CV-Ensemble 4
GRADIENTSUM 46.9768790063
LEAFVALUESSUM 0.1015728703
Tree 24 CV-Ensemble 4
GRADIENTSUM 47.5965162956
LEAFVALUESSUM -0.0289734416
Tree 25 CV-Ensemble 4
GRADIENTSUM 47.4783435856
LEAFVALUESSUM 0.3708131033
Tree 26 CV-Ensemble 4
GRADIENTSUM 47.5160715224
LEAFVALUESSUM -0.7536700134
Tree 27 CV-Ensemble 4
GRADIENTSUM 44.7645193451
LEAFVALUESSUM -0.5210082631
Tree 28 CV-Ensemble 4
GRADIENTSUM 43.0716360929
LEAFVALUESSUM 0.2509861951
Tree 29 CV-Ensemble 4
GRADIENTSUM 44.1497609832
LEAFVALUESSUM -0.1964316931
Tree 30 CV-Ensemble 4
GRADIENTSUM 42.9372361573
LEAFVALUESSUM 0.0376861521
Tree 31 CV-Ensemble 4
GRADIENTSUM 42.3584683485
LEAFVALUESSUM -0.0759978274
Tree 32 CV-Ensemble 4
GRADIENTSUM 41.5620555168
LEAFVALUESSUM -0.1069662334
Tree 33 CV-Ensemble 4
GRADIENTSUM 40.6329605564
LEAFVALUESSUM -0.1236126175
Tree 34 CV-Ensemble 4
GRADIENTSUM 39.9246358394
LEAFVALUESSUM 0.1668770337
Tree 35 CV-Ensemble 4
GRADIENTSUM 41.2684130501
LEAFVALUESSUM 0.2212988849
Tree 36 CV-Ensemble 4
GRADIENTSUM 42.3691942796
LEAFVALUESSUM 0.2478123950
Tree 37 CV-Ensemble 4
GRADIENTSUM 44.2434913544
LEAFVALUESSUM 0.2230311555
Tree 38 CV-Ensemble 4
GRADIENTSUM 45.4984574827
LEAFVALUESSUM 0.1459840291
Tree 39 CV-Ensemble 4
GRADIENTSUM 46.7891860749
LEAFVALUESSUM 0.1777396746
Tree 40 CV-Ensemble 4
GRADIENTSUM 47.7967352660
LEAFVALUESSUM 0.1104064216
Tree 41 CV-Ensemble 4
GRADIENTSUM 48.5314077618
LEAFVALUESSUM 0.0133027946
Tree 42 CV-Ensemble 4
GRADIENTSUM 48.7705776070
LEAFVALUESSUM -0.1436701822
Tree 43 CV-Ensemble 4
GRADIENTSUM 46.2192460132
LEAFVALUESSUM -0.1077526366
Tree 44 CV-Ensemble 4
GRADIENTSUM 42.5436414302
LEAFVALUESSUM -0.0678841611
Tree 45 CV-Ensemble 4
GRADIENTSUM 34.9983434753
LEAFVALUESSUM -0.0872796357
Tree 46 CV-Ensemble 4
GRADIENTSUM 26.9187325865
LEAFVALUESSUM -0.0864068393
Tree 47 CV-Ensemble 4
GRADIENTSUM 18.7971274934
LEAFVALUESSUM -0.0468096325
Tree 48 CV-Ensemble 4
GRADIENTSUM 16.3551360293
LEAFVALUESSUM -0.0381761126
Tree 49 CV-Ensemble 4
GRADIENTSUM 8.9588133231
LEAFVALUESSUM -0.0400849183
