Tree 0 CV-Ensemble 0
GRADIENTSUM 0.00000000
LEAFVALUESSUM -2.0105688404
Tree 1 CV-Ensemble 0
GRADIENTSUM -101.42287763
LEAFVALUESSUM -9.4619642944
Tree 2 CV-Ensemble 0
GRADIENTSUM -553.85245709
LEAFVALUESSUM -4.2290897961
Tree 3 CV-Ensemble 0
GRADIENTSUM -680.64676567
LEAFVALUESSUM -0.6832124888
Tree 4 CV-Ensemble 0
GRADIENTSUM -948.84994155
LEAFVALUESSUM -10.5518291536
Tree 5 CV-Ensemble 0
GRADIENTSUM -1149.77150339
LEAFVALUESSUM 2.5760426043
Tree 6 CV-Ensemble 0
GRADIENTSUM -1291.56744713
LEAFVALUESSUM -5.3288228321
Tree 7 CV-Ensemble 0
GRADIENTSUM -1375.32128627
LEAFVALUESSUM -0.8762325369
Tree 8 CV-Ensemble 0
GRADIENTSUM -1414.42504784
LEAFVALUESSUM 2.6488431804
Tree 9 CV-Ensemble 0
GRADIENTSUM -1432.84533158
LEAFVALUESSUM -5.7419649643
Tree 10 CV-Ensemble 0
GRADIENTSUM -1562.57909295
LEAFVALUESSUM -0.1528858225
Tree 11 CV-Ensemble 0
GRADIENTSUM -1675.82917489
LEAFVALUESSUM -3.7846154197
Tree 12 CV-Ensemble 0
GRADIENTSUM -1667.90551323
LEAFVALUESSUM 1.7962529365
Tree 13 CV-Ensemble 0
GRADIENTSUM -1626.82740932
LEAFVALUESSUM 1.2642546741
Tree 14 CV-Ensemble 0
GRADIENTSUM -1564.09304301
LEAFVALUESSUM -2.3405893276
Tree 15 CV-Ensemble 0
GRADIENTSUM -1605.43718248
LEAFVALUESSUM -2.5944941450
Tree 16 CV-Ensemble 0
GRADIENTSUM -1641.88339384
LEAFVALUESSUM 2.1322622527
Tree 17 CV-Ensemble 0
GRADIENTSUM -1536.87809867
LEAFVALUESSUM -0.3360810777
Tree 18 CV-Ensemble 0
GRADIENTSUM -1568.84810746
LEAFVALUESSUM 1.9561031711
Tree 19 CV-Ensemble 0
GRADIENTSUM -1548.19317629
LEAFVALUESSUM 0.1111807675
Tree 20 CV-Ensemble 0
GRADIENTSUM -1525.36002372
LEAFVALUESSUM -0.1395146014
Tree 21 CV-Ensemble 0
GRADIENTSUM -1305.89306708
LEAFVALUESSUM 0.7603599132
Tree 22 CV-Ensemble 0
GRADIENTSUM -1153.39516367
LEAFVALUESSUM -0.0984770902
Tree 23 CV-Ensemble 0
GRADIENTSUM -870.94752373
LEAFVALUESSUM 0.7208955656
Tree 24 CV-Ensemble 0
GRADIENTSUM -663.16444853
LEAFVALUESSUM -0.0487514221
Tree 25 CV-Ensemble 0
GRADIENTSUM -549.16157812
LEAFVALUESSUM -0.5743183902
Tree 26 CV-Ensemble 0
GRADIENTSUM -620.26179006
LEAFVALUESSUM -0.1938324567
Tree 27 CV-Ensemble 0
GRADIENTSUM -685.80080120
LEAFVALUESSUM -0.4070481590
Tree 28 CV-Ensemble 0
GRADIENTSUM -710.33447018
LEAFVALUESSUM -0.4503284787
Tree 29 CV-Ensemble 0
GRADIENTSUM -767.23298999
LEAFVALUESSUM -0.6638532258
Tree 30 CV-Ensemble 0
GRADIENTSUM -796.07249490
LEAFVALUESSUM 0.2448399790
Tree 31 CV-Ensemble 0
GRADIENTSUM -832.25338133
LEAFVALUESSUM -0.0381520424
Tree 32 CV-Ensemble 0
GRADIENTSUM -783.94218510
LEAFVALUESSUM -0.3090315438
Tree 33 CV-Ensemble 0
GRADIENTSUM -797.74818258
LEAFVALUESSUM -0.0618063088
Tree 34 CV-Ensemble 0
GRADIENTSUM -789.56986596
LEAFVALUESSUM -0.0707692755
Tree 35 CV-Ensemble 0
GRADIENTSUM -712.23489656
LEAFVALUESSUM 0.2002524404
Tree 36 CV-Ensemble 0
GRADIENTSUM -514.83789716
LEAFVALUESSUM 0.0694186685
Tree 37 CV-Ensemble 0
GRADIENTSUM -301.54333438
LEAFVALUESSUM 0.0608266788
Tree 38 CV-Ensemble 0
GRADIENTSUM -121.84494705
LEAFVALUESSUM 0.0729920145
Tree 39 CV-Ensemble 0
GRADIENTSUM -96.43933391
LEAFVALUESSUM -0.1970784392
Tree 40 CV-Ensemble 0
GRADIENTSUM -141.04019903
LEAFVALUESSUM -0.0591235318
Tree 41 CV-Ensemble 0
GRADIENTSUM -194.79693253
LEAFVALUESSUM -0.0133027946
Tree 42 CV-Ensemble 0
GRADIENTSUM -218.90060425
LEAFVALUESSUM 0.1915602429
Tree 43 CV-Ensemble 0
GRADIENTSUM -174.81561167
LEAFVALUESSUM -0.0969773730
Tree 44 CV-Ensemble 0
GRADIENTSUM -198.09551016
LEAFVALUESSUM -0.0000000000
Tree 45 CV-Ensemble 0
GRADIENTSUM -174.16742232
LEAFVALUESSUM 0.0174559271
Tree 46 CV-Ensemble 0
GRADIENTSUM -46.13594494
LEAFVALUESSUM -0.0157103344
Tree 47 CV-Ensemble 0
GRADIENTSUM 47.11094717
LEAFVALUESSUM 0.0282786020
Tree 48 CV-Ensemble 0
GRADIENTSUM 4.96134134
LEAFVALUESSUM -0.0572641690
Tree 49 CV-Ensemble 0
GRADIENTSUM 8.24248010
LEAFVALUESSUM -0.0171792507
Tree 0 CV-Ensemble 1
GRADIENTSUM 0.00000000
LEAFVALUESSUM 4.8827733079
Tree 1 CV-Ensemble 1
GRADIENTSUM -9.10300918
LEAFVALUESSUM -2.8681699158
Tree 2 CV-Ensemble 1
GRADIENTSUM 10.96063745
LEAFVALUESSUM 1.5635950280
Tree 3 CV-Ensemble 1
GRADIENTSUM 43.20790191
LEAFVALUESSUM 7.6735185838
Tree 4 CV-Ensemble 1
GRADIENTSUM 128.44371958
LEAFVALUESSUM -0.7945062127
Tree 5 CV-Ensemble 1
GRADIENTSUM 290.15454101
LEAFVALUESSUM 1.7699774267
Tree 6 CV-Ensemble 1
GRADIENTSUM 506.76502710
LEAFVALUESSUM -0.3770456489
Tree 7 CV-Ensemble 1
GRADIENTSUM 725.44315373
LEAFVALUESSUM 0.1492835774
Tree 8 CV-Ensemble 1
GRADIENTSUM 862.10935189
LEAFVALUESSUM 0.7271421950
Tree 9 CV-Ensemble 1
GRADIENTSUM 1075.87975457
LEAFVALUESSUM 0.0998092779
Tree 10 CV-Ensemble 1
GRADIENTSUM 1186.43747614
LEAFVALUESSUM -1.1935290178
Tree 11 CV-Ensemble 1
GRADIENTSUM 1312.17849798
LEAFVALUESSUM 0.1188613035
Tree 12 CV-Ensemble 1
GRADIENTSUM 1462.68943335
LEAFVALUESSUM -2.3756341093
Tree 13 CV-Ensemble 1
GRADIENTSUM 1344.46922500
LEAFVALUESSUM -1.2355479219
Tree 14 CV-Ensemble 1
GRADIENTSUM 1269.12209773
LEAFVALUESSUM -3.0004636022
Tree 15 CV-Ensemble 1
GRADIENTSUM 1120.52516467
LEAFVALUESSUM -3.8033322120
Tree 16 CV-Ensemble 1
GRADIENTSUM 983.22632157
LEAFVALUESSUM -0.1908731986
Tree 17 CV-Ensemble 1
GRADIENTSUM 953.45120825
LEAFVALUESSUM -0.7781643686
Tree 18 CV-Ensemble 1
GRADIENTSUM 829.43384189
LEAFVALUESSUM 0.0267209290
Tree 19 CV-Ensemble 1
GRADIENTSUM 761.46544496
LEAFVALUESSUM -0.6263556102
Tree 20 CV-Ensemble 1
GRADIENTSUM 711.65265312
LEAFVALUESSUM 0.3647299638
Tree 21 CV-Ensemble 1
GRADIENTSUM 855.83672401
LEAFVALUESSUM 0.1668591055
Tree 22 CV-Ensemble 1
GRADIENTSUM 927.27087804
LEAFVALUESSUM -0.0039733781
Tree 23 CV-Ensemble 1
GRADIENTSUM 1132.26234055
LEAFVALUESSUM 0.3545175248
Tree 24 CV-Ensemble 1
GRADIENTSUM 1266.56039638
LEAFVALUESSUM -0.3266042410
Tree 25 CV-Ensemble 1
GRADIENTSUM 1311.23113071
LEAFVALUESSUM -0.1435795975
Tree 26 CV-Ensemble 1
GRADIENTSUM 1166.54623975
LEAFVALUESSUM -0.5168865511
Tree 27 CV-Ensemble 1
GRADIENTSUM 1022.24530026
LEAFVALUESSUM -0.4843272757
Tree 28 CV-Ensemble 1
GRADIENTSUM 912.07439875
LEAFVALUESSUM -0.8896909761
Tree 29 CV-Ensemble 1
GRADIENTSUM 781.14563724
LEAFVALUESSUM -0.6123167306
Tree 30 CV-Ensemble 1
GRADIENTSUM 673.01056816
LEAFVALUESSUM -0.4239115828
Tree 31 CV-Ensemble 1
GRADIENTSUM 559.92122467
LEAFVALUESSUM 0.0147708410
Tree 32 CV-Ensemble 1
GRADIENTSUM 525.37640051
LEAFVALUESSUM -0.2226484684
Tree 33 CV-Ensemble 1
GRADIENTSUM 435.11864015
LEAFVALUESSUM -0.0927094631
Tree 34 CV-Ensemble 1
GRADIENTSUM 369.67341825
LEAFVALUESSUM -0.0556256779
Tree 35 CV-Ensemble 1
GRADIENTSUM 374.52404373
LEAFVALUESSUM -0.0758659296
Tree 36 CV-Ensemble 1
GRADIENTSUM 497.51945879
LEAFVALUESSUM 0.0450567991
Tree 37 CV-Ensemble 1
GRADIENTSUM 634.97209982
LEAFVALUESSUM 0.0202755596
Tree 38 CV-Ensemble 1
GRADIENTSUM 750.10267955
LEAFVALUESSUM -0.1094880218
Tree 39 CV-Ensemble 1
GRADIENTSUM 703.77582068
LEAFVALUESSUM -0.1292966730
Tree 40 CV-Ensemble 1
GRADIENTSUM 584.35760525
LEAFVALUESSUM -0.1773705953
Tree 41 CV-Ensemble 1
GRADIENTSUM 458.74559521
LEAFVALUESSUM -0.1862391251
Tree 42 CV-Ensemble 1
GRADIENTSUM 365.50750209
LEAFVALUESSUM -0.0960020246
Tree 43 CV-Ensemble 1
GRADIENTSUM 330.75692933
LEAFVALUESSUM -0.1185279003
Tree 44 CV-Ensemble 1
GRADIENTSUM 233.11010438
LEAFVALUESSUM -0.0678841611
Tree 45 CV-Ensemble 1
GRADIENTSUM 184.81735520
LEAFVALUESSUM -0.0087279636
Tree 46 CV-Ensemble 1
GRADIENTSUM 243.11548529
LEAFVALUESSUM -0.0706965049
Tree 47 CV-Ensemble 1
GRADIENTSUM 267.49999448
LEAFVALUESSUM -0.0494875534
Tree 48 CV-Ensemble 1
GRADIENTSUM 152.50276360
LEAFVALUESSUM 0.0063626854
Tree 49 CV-Ensemble 1
GRADIENTSUM 78.97712632
LEAFVALUESSUM -0.0744434197
Tree 0 CV-Ensemble 2
GRADIENTSUM 0.00000000
LEAFVALUESSUM 6.8057082671
Tree 1 CV-Ensemble 2
GRADIENTSUM 41.30356510
LEAFVALUESSUM -5.5268637587
Tree 2 CV-Ensemble 2
GRADIENTSUM 127.90930446
LEAFVALUESSUM 2.3980361894
Tree 3 CV-Ensemble 2
GRADIENTSUM 231.59095919
LEAFVALUESSUM 1.9289249847
Tree 4 CV-Ensemble 2
GRADIENTSUM 359.45080931
LEAFVALUESSUM -0.0155030623
Tree 5 CV-Ensemble 2
GRADIENTSUM 566.34937802
LEAFVALUESSUM 3.6898170780
Tree 6 CV-Ensemble 2
GRADIENTSUM 809.54134276
LEAFVALUESSUM 0.5057536043
Tree 7 CV-Ensemble 2
GRADIENTSUM 1061.11747876
LEAFVALUESSUM 1.0630904743
Tree 8 CV-Ensemble 2
GRADIENTSUM 1259.63415218
LEAFVALUESSUM 0.8703597473
Tree 9 CV-Ensemble 2
GRADIENTSUM 1503.41121359
LEAFVALUESSUM -0.8993774322
Tree 10 CV-Ensemble 2
GRADIENTSUM 1645.68446731
LEAFVALUESSUM -0.2694250254
Tree 11 CV-Ensemble 2
GRADIENTSUM 1802.22106813
LEAFVALUESSUM 2.7759106312
Tree 12 CV-Ensemble 2
GRADIENTSUM 1980.51369616
LEAFVALUESSUM -1.6945772189
Tree 13 CV-Ensemble 2
GRADIENTSUM 1864.63343969
LEAFVALUESSUM 0.2541865828
Tree 14 CV-Ensemble 2
GRADIENTSUM 1689.06660281
LEAFVALUESSUM -3.4315188682
Tree 15 CV-Ensemble 2
GRADIENTSUM 1508.70605462
LEAFVALUESSUM -2.2485227260
Tree 16 CV-Ensemble 2
GRADIENTSUM 1377.85471835
LEAFVALUESSUM -3.0103548566
Tree 17 CV-Ensemble 2
GRADIENTSUM 1200.04591990
LEAFVALUESSUM 0.1667718170
Tree 18 CV-Ensemble 2
GRADIENTSUM 1111.27580742
LEAFVALUESSUM -1.5009463530
Tree 19 CV-Ensemble 2
GRADIENTSUM 928.64778980
LEAFVALUESSUM -2.6127225257
Tree 20 CV-Ensemble 2
GRADIENTSUM 843.08205663
LEAFVALUESSUM -1.2755893412
Tree 21 CV-Ensemble 2
GRADIENTSUM 829.28264774
LEAFVALUESSUM -0.9847709022
Tree 22 CV-Ensemble 2
GRADIENTSUM 717.07992168
LEAFVALUESSUM -0.4923854511
Tree 23 CV-Ensemble 2
GRADIENTSUM 642.74334539
LEAFVALUESSUM -0.3584030362
Tree 24 CV-Ensemble 2
GRADIENTSUM 535.58096712
LEAFVALUESSUM -0.7866728019
Tree 25 CV-Ensemble 2
GRADIENTSUM 472.06953784
LEAFVALUESSUM -0.5743183902
Tree 26 CV-Ensemble 2
GRADIENTSUM 361.44585113
LEAFVALUESSUM -0.6461081889
Tree 27 CV-Ensemble 2
GRADIENTSUM 251.99121693
LEAFVALUESSUM -1.1048450031
Tree 28 CV-Ensemble 2
GRADIENTSUM 182.95019872
LEAFVALUESSUM -0.7322101803
Tree 29 CV-Ensemble 2
GRADIENTSUM 86.97436637
LEAFVALUESSUM -0.8175117870
Tree 30 CV-Ensemble 2
GRADIENTSUM 12.97836194
LEAFVALUESSUM -0.1271734748
Tree 31 CV-Ensemble 2
GRADIENTSUM -65.01058335
LEAFVALUESSUM -0.3052163396
Tree 32 CV-Ensemble 2
GRADIENTSUM -62.23526739
LEAFVALUESSUM -0.2285914719
Tree 33 CV-Ensemble 2
GRADIENTSUM -122.61858368
LEAFVALUESSUM 0.1854189263
Tree 34 CV-Ensemble 2
GRADIENTSUM -149.81872883
LEAFVALUESSUM -0.2225027116
Tree 35 CV-Ensemble 2
GRADIENTSUM -111.90065683
LEAFVALUESSUM -0.1148625607
Tree 36 CV-Ensemble 2
GRADIENTSUM 36.18128226
LEAFVALUESSUM 0.0450567991
Tree 37 CV-Ensemble 2
GRADIENTSUM 210.45568685
LEAFVALUESSUM 0.1622044767
Tree 38 CV-Ensemble 2
GRADIENTSUM 350.24204985
LEAFVALUESSUM -0.0912400182
Tree 39 CV-Ensemble 2
GRADIENTSUM 347.72385730
LEAFVALUESSUM -0.0656928131
Tree 40 CV-Ensemble 2
GRADIENTSUM 258.04654082
LEAFVALUESSUM -0.1773705953
Tree 41 CV-Ensemble 2
GRADIENTSUM 167.55286106
LEAFVALUESSUM -0.1064223572
Tree 42 CV-Ensemble 2
GRADIENTSUM 106.40425779
LEAFVALUESSUM -0.0718350911
Tree 43 CV-Ensemble 2
GRADIENTSUM 104.75571291
LEAFVALUESSUM -0.0862021093
Tree 44 CV-Ensemble 2
GRADIENTSUM 39.86275752
LEAFVALUESSUM -0.0484886865
Tree 45 CV-Ensemble 2
GRADIENTSUM 24.48951828
LEAFVALUESSUM 0.0087279636
Tree 46 CV-Ensemble 2
GRADIENTSUM 114.46569401
LEAFVALUESSUM -0.0314206688
Tree 47 CV-Ensemble 2
GRADIENTSUM 170.42025974
LEAFVALUESSUM 0.0141393010
Tree 48 CV-Ensemble 2
GRADIENTSUM 88.46509336
LEAFVALUESSUM -0.0509014835
Tree 49 CV-Ensemble 2
GRADIENTSUM 47.12841642
LEAFVALUESSUM -0.0400849183
Tree 0 CV-Ensemble 3
GRADIENTSUM 0.00000000
LEAFVALUESSUM 3.3286507797
Tree 1 CV-Ensemble 3
GRADIENTSUM 41.60758715
LEAFVALUESSUM -6.5876007623
Tree 2 CV-Ensemble 3
GRADIENTSUM 95.69753769
LEAFVALUESSUM 0.3128724933
Tree 3 CV-Ensemble 3
GRADIENTSUM 166.33397289
LEAFVALUESSUM 1.4774959545
Tree 4 CV-Ensemble 3
GRADIENTSUM 262.59079932
LEAFVALUESSUM -1.4040409889
Tree 5 CV-Ensemble 3
GRADIENTSUM 439.48363479
LEAFVALUESSUM 4.1816429038
Tree 6 CV-Ensemble 3
GRADIENTSUM 653.02121405
LEAFVALUESSUM -1.1483137401
Tree 7 CV-Ensemble 3
GRADIENTSUM 892.26385623
LEAFVALUESSUM 0.0820631127
Tree 8 CV-Ensemble 3
GRADIENTSUM 1062.55640603
LEAFVALUESSUM 0.5889674903
Tree 9 CV-Ensemble 3
GRADIENTSUM 1292.00954678
LEAFVALUESSUM 0.7381528382
Tree 10 CV-Ensemble 3
GRADIENTSUM 1419.77409934
LEAFVALUESSUM -0.8594042100
Tree 11 CV-Ensemble 3
GRADIENTSUM 1563.44652684
LEAFVALUESSUM 0.0642616683
Tree 12 CV-Ensemble 3
GRADIENTSUM 1722.24394097
LEAFVALUESSUM -1.9941128558
Tree 13 CV-Ensemble 3
GRADIENTSUM 1597.66809138
LEAFVALUESSUM 0.2415193346
Tree 14 CV-Ensemble 3
GRADIENTSUM 1410.50945548
LEAFVALUESSUM -3.2027509437
Tree 15 CV-Ensemble 3
GRADIENTSUM 1226.22271185
LEAFVALUESSUM -1.5585801487
Tree 16 CV-Ensemble 3
GRADIENTSUM 1082.61473759
LEAFVALUESSUM -2.2197058252
Tree 17 CV-Ensemble 3
GRADIENTSUM 890.98863929
LEAFVALUESSUM 0.0000000000
Tree 18 CV-Ensemble 3
GRADIENTSUM 790.99357327
LEAFVALUESSUM -1.5009463530
Tree 19 CV-Ensemble 3
GRADIENTSUM 597.25774611
LEAFVALUESSUM -3.2026319356
Tree 20 CV-Ensemble 3
GRADIENTSUM 497.56677555
LEAFVALUESSUM -1.0512691881
Tree 21 CV-Ensemble 3
GRADIENTSUM 501.10463459
LEAFVALUESSUM -1.0941898913
Tree 22 CV-Ensemble 3
GRADIENTSUM 375.27826891
LEAFVALUESSUM -0.3939083609
Tree 23 CV-Ensemble 3
GRADIENTSUM 288.98952138
LEAFVALUESSUM -0.6204056684
Tree 24 CV-Ensemble 3
GRADIENTSUM 160.86067969
LEAFVALUESSUM -0.4785986585
Tree 25 CV-Ensemble 3
GRADIENTSUM 90.35597709
LEAFVALUESSUM -0.2153693963
Tree 26 CV-Ensemble 3
GRADIENTSUM 85.26151546
LEAFVALUESSUM 0.0492170625
Tree 27 CV-Ensemble 3
GRADIENTSUM 34.69327393
LEAFVALUESSUM -0.4070481590
Tree 28 CV-Ensemble 3
GRADIENTSUM -70.86567287
LEAFVALUESSUM -0.5233476330
Tree 29 CV-Ensemble 3
GRADIENTSUM -110.40132216
LEAFVALUESSUM -0.1884051479
Tree 30 CV-Ensemble 3
GRADIENTSUM -155.96087496
LEAFVALUESSUM -0.5934762159
Tree 31 CV-Ensemble 3
GRADIENTSUM -241.82926158
LEAFVALUESSUM -0.3052163396
Tree 32 CV-Ensemble 3
GRADIENTSUM -249.80919419
LEAFVALUESSUM -0.1716841910
Tree 33 CV-Ensemble 3
GRADIENTSUM -140.11212417
LEAFVALUESSUM 0.1946302840
Tree 34 CV-Ensemble 3
GRADIENTSUM -2.72256232
LEAFVALUESSUM 0.2225027116
Tree 35 CV-Ensemble 3
GRADIENTSUM 110.21540101
LEAFVALUESSUM 0.1501893303
Tree 36 CV-Ensemble 3
GRADIENTSUM 290.82661695
LEAFVALUESSUM 0.1351703973
Tree 37 CV-Ensemble 3
GRADIENTSUM 406.41928311
LEAFVALUESSUM -0.0202755596
Tree 38 CV-Ensemble 3
GRADIENTSUM 496.57761211
LEAFVALUESSUM -0.0729920145
Tree 39 CV-Ensemble 3
GRADIENTSUM 483.20525624
LEAFVALUESSUM -0.0656928131
Tree 40 CV-Ensemble 3
GRADIENTSUM 381.85268264
LEAFVALUESSUM -0.1478088294
Tree 41 CV-Ensemble 3
GRADIENTSUM 278.66596668
LEAFVALUESSUM -0.1862391251
Tree 42 CV-Ensemble 3
GRADIENTSUM 206.55112559
LEAFVALUESSUM -0.0061984539
Tree 43 CV-Ensemble 3
GRADIENTSUM 191.97326866
LEAFVALUESSUM -0.1508536913
Tree 44 CV-Ensemble 3
GRADIENTSUM 113.63708763
LEAFVALUESSUM -0.0484886865
Tree 45 CV-Ensemble 3
GRADIENTSUM 86.15517469
LEAFVALUESSUM -0.0523677814
Tree 46 CV-Ensemble 3
GRADIENTSUM 162.70669526
LEAFVALUESSUM -0.0549861705
Tree 47 CV-Ensemble 3
GRADIENTSUM 205.37979513
LEAFVALUESSUM -0.0353482525
Tree 48 CV-Ensemble 3
GRADIENTSUM 112.30393119
LEAFVALUESSUM -0.0063626854
Tree 49 CV-Ensemble 3
GRADIENTSUM 59.30516090
LEAFVALUESSUM -0.0458113352
Tree 0 CV-Ensemble 4
GRADIENTSUM 0.00000000
LEAFVALUESSUM 3.3953217408
Tree 1 CV-Ensemble 4
GRADIENTSUM 32.86812577
LEAFVALUESSUM -5.2563035201
Tree 2 CV-Ensemble 4
GRADIENTSUM 81.56799430
LEAFVALUESSUM -1.5519301908
Tree 3 CV-Ensemble 4
GRADIENTSUM 153.67651659
LEAFVALUESSUM 2.6133293400
Tree 4 CV-Ensemble 4
GRADIENTSUM 249.97637455
LEAFVALUESSUM -1.6212103361
Tree 5 CV-Ensemble 4
GRADIENTSUM 423.65474710
LEAFVALUESSUM 3.9834604243
Tree 6 CV-Ensemble 4
GRADIENTSUM 632.60654184
LEAFVALUESSUM 0.6304419446
Tree 7 CV-Ensemble 4
GRADIENTSUM 873.88416326
LEAFVALUESSUM -0.2317104318
Tree 8 CV-Ensemble 4
GRADIENTSUM 1040.38689156
LEAFVALUESSUM 0.4411471411
Tree 9 CV-Ensemble 4
GRADIENTSUM 1269.18655446
LEAFVALUESSUM 0.5110069055
Tree 10 CV-Ensemble 4
GRADIENTSUM 1394.44277434
LEAFVALUESSUM -0.8883881017
Tree 11 CV-Ensemble 4
GRADIENTSUM 1532.17468233
LEAFVALUESSUM 0.0302688196
Tree 12 CV-Ensemble 4
GRADIENTSUM 1690.39516465
LEAFVALUESSUM -2.0356823656
Tree 13 CV-Ensemble 4
GRADIENTSUM 1564.73800010
LEAFVALUESSUM 0.1505103205
Tree 14 CV-Ensemble 4
GRADIENTSUM 1374.93079685
LEAFVALUESSUM -2.7452150946
Tree 15 CV-Ensemble 4
GRADIENTSUM 1188.89122071
LEAFVALUESSUM -1.5978162732
Tree 16 CV-Ensemble 4
GRADIENTSUM 1041.01929614
LEAFVALUESSUM -2.2236242266
Tree 17 CV-Ensemble 4
GRADIENTSUM 847.38062636
LEAFVALUESSUM 0.0000000000
Tree 18 CV-Ensemble 4
GRADIENTSUM 745.14011481
LEAFVALUESSUM -1.5009463530
Tree 19 CV-Ensemble 4
GRADIENTSUM 548.25392767
LEAFVALUESSUM -3.1069589506
Tree 20 CV-Ensemble 4
GRADIENTSUM 446.48392828
LEAFVALUESSUM -1.0400369654
Tree 21 CV-Ensemble 4
GRADIENTSUM 447.48405525
LEAFVALUESSUM -1.0941898913
Tree 22 CV-Ensemble 4
GRADIENTSUM 318.96057206
LEAFVALUESSUM -0.3939083609
Tree 23 CV-Ensemble 4
GRADIENTSUM 230.47307570
LEAFVALUESSUM -0.6204056684
Tree 24 CV-Ensemble 4
GRADIENTSUM 99.97510584
LEAFVALUESSUM -0.4785986585
Tree 25 CV-Ensemble 4
GRADIENTSUM 27.37096357
LEAFVALUESSUM 0.0717897988
Tree 26 CV-Ensemble 4
GRADIENTSUM 19.29065066
LEAFVALUESSUM 0.0152748976
Tree 27 CV-Ensemble 4
GRADIENTSUM -33.46269734
LEAFVALUESSUM -0.4070481590
Tree 28 CV-Ensemble 4
GRADIENTSUM -140.93174475
LEAFVALUESSUM -0.5233476330
Tree 29 CV-Ensemble 4
GRADIENTSUM -182.92086309
LEAFVALUESSUM -0.1884051479
Tree 30 CV-Ensemble 4
GRADIENTSUM -230.95718583
LEAFVALUESSUM -0.5934762159
Tree 31 CV-Ensemble 4
GRADIENTSUM -318.86067646
LEAFVALUESSUM -0.1907602122
Tree 32 CV-Ensemble 4
GRADIENTSUM -329.32341163
LEAFVALUESSUM -0.1716841910
Tree 33 CV-Ensemble 4
GRADIENTSUM -222.70510424
LEAFVALUESSUM 0.1545157719
Tree 34 CV-Ensemble 4
GRADIENTSUM -87.83753455
LEAFVALUESSUM 0.2225027116
Tree 35 CV-Ensemble 4
GRADIENTSUM 23.13733194
LEAFVALUESSUM 0.1501893303
Tree 36 CV-Ensemble 4
GRADIENTSUM 201.62748355
LEAFVALUESSUM 0.1576987968
Tree 37 CV-Ensemble 4
GRADIENTSUM 314.67941114
LEAFVALUESSUM -0.0202755596
Tree 38 CV-Ensemble 4
GRADIENTSUM 309.77615501
LEAFVALUESSUM -0.2189760436
Tree 39 CV-Ensemble 4
GRADIENTSUM 155.23082619
LEAFVALUESSUM -0.1313856261
Tree 40 CV-Ensemble 4
GRADIENTSUM 36.63397009
LEAFVALUESSUM -0.1182470635
Tree 41 CV-Ensemble 4
GRADIENTSUM -60.13431370
LEAFVALUESSUM -0.1530163606
Tree 42 CV-Ensemble 4
GRADIENTSUM -108.84729815
LEAFVALUESSUM -0.1316976670
Tree 43 CV-Ensemble 4
GRADIENTSUM -216.00564905
