Tree 0 CV-Ensemble 0
GRADIENTSUM 0.00000000
LEAFVALUESSUM -0.7261363636
Tree 1 CV-Ensemble 0
GRADIENTSUM -5.01704545
LEAFVALUESSUM 0.9597107438
Tree 2 CV-Ensemble 0
GRADIENTSUM -4.11297521
LEAFVALUESSUM -0.2635236664
Tree 3 CV-Ensemble 0
GRADIENTSUM -4.76628850
LEAFVALUESSUM 1.3634382897
Tree 4 CV-Ensemble 0
GRADIENTSUM -0.35948364
LEAFVALUESSUM 0.1553557569
Tree 5 CV-Ensemble 0
GRADIENTSUM 1.95362587
LEAFVALUESSUM -0.4006380813
Tree 6 CV-Ensemble 0
GRADIENTSUM -1.91575091
LEAFVALUESSUM 0.3550866362
Tree 7 CV-Ensemble 0
GRADIENTSUM -1.63379729
LEAFVALUESSUM -0.0882407219
Tree 8 CV-Ensemble 0
GRADIENTSUM -2.19266537
LEAFVALUESSUM -0.3333105978
Tree 9 CV-Ensemble 0
GRADIENTSUM -3.43019893
LEAFVALUESSUM -0.2532819405
Tree 10 CV-Ensemble 0
GRADIENTSUM -5.78222543
LEAFVALUESSUM -0.5778331471
Tree 11 CV-Ensemble 0
GRADIENTSUM -5.74314738
LEAFVALUESSUM -0.0241486743
Tree 12 CV-Ensemble 0
GRADIENTSUM -2.17446550
LEAFVALUESSUM -0.3324770999
Tree 13 CV-Ensemble 0
GRADIENTSUM -1.84652962
LEAFVALUESSUM -0.6409706005
Tree 14 CV-Ensemble 0
GRADIENTSUM -5.30961556
LEAFVALUESSUM -0.1440601062
Tree 15 CV-Ensemble 0
GRADIENTSUM -6.54407005
LEAFVALUESSUM -0.4219690728
Tree 16 CV-Ensemble 0
GRADIENTSUM -7.71035390
LEAFVALUESSUM -0.3057868840
Tree 17 CV-Ensemble 0
GRADIENTSUM -7.73678998
LEAFVALUESSUM 0.2984144008
Tree 18 CV-Ensemble 0
GRADIENTSUM -7.82037942
LEAFVALUESSUM 0.4361634490
Tree 19 CV-Ensemble 0
GRADIENTSUM -5.96878253
LEAFVALUESSUM 0.1925755065
Tree 20 CV-Ensemble 0
GRADIENTSUM -5.78273046
LEAFVALUESSUM -0.4794534575
Tree 21 CV-Ensemble 0
GRADIENTSUM -8.71212699
LEAFVALUESSUM -0.4383918950
Tree 22 CV-Ensemble 0
GRADIENTSUM -10.89737409
LEAFVALUESSUM -0.0041559224
Tree 23 CV-Ensemble 0
GRADIENTSUM -10.56173456
LEAFVALUESSUM -0.0761218328
Tree 24 CV-Ensemble 0
GRADIENTSUM -11.94144261
LEAFVALUESSUM 0.1813219905
Tree 25 CV-Ensemble 0
GRADIENTSUM -11.28092556
LEAFVALUESSUM 0.2153693963
Tree 26 CV-Ensemble 0
GRADIENTSUM -9.97040912
LEAFVALUESSUM 0.0944230275
Tree 27 CV-Ensemble 0
GRADIENTSUM -9.67020844
LEAFVALUESSUM -0.0061226346
Tree 28 CV-Ensemble 0
GRADIENTSUM -9.23975626
LEAFVALUESSUM 0.0224720202
Tree 29 CV-Ensemble 0
GRADIENTSUM -9.30771434
LEAFVALUESSUM -0.2106506168
Tree 30 CV-Ensemble 0
GRADIENTSUM -10.28576345
LEAFVALUESSUM 0.0555473639
Tree 31 CV-Ensemble 0
GRADIENTSUM -10.24473640
LEAFVALUESSUM -0.1144561273
Tree 32 CV-Ensemble 0
GRADIENTSUM -10.44073853
LEAFVALUESSUM 0.1102566003
Tree 33 CV-Ensemble 0
GRADIENTSUM -9.07339559
LEAFVALUESSUM -0.0927094631
Tree 34 CV-Ensemble 0
GRADIENTSUM -10.15601651
LEAFVALUESSUM 0.0088393322
Tree 35 CV-Ensemble 0
GRADIENTSUM -9.93395698
LEAFVALUESSUM 0.0250315550
Tree 36 CV-Ensemble 0
GRADIENTSUM -9.24693086
LEAFVALUESSUM 0.0413610006
Tree 37 CV-Ensemble 0
GRADIENTSUM -8.79245587
LEAFVALUESSUM 0.0608266788
Tree 38 CV-Ensemble 0
GRADIENTSUM -7.79160799
LEAFVALUESSUM -0.0483653592
Tree 39 CV-Ensemble 0
GRADIENTSUM -8.51103674
LEAFVALUESSUM 0.0164232033
Tree 40 CV-Ensemble 0
GRADIENTSUM -8.16965554
LEAFVALUESSUM 0.0739044147
Tree 41 CV-Ensemble 0
GRADIENTSUM -6.66639821
LEAFVALUESSUM 0.0399083839
Tree 42 CV-Ensemble 0
GRADIENTSUM -4.98188000
LEAFVALUESSUM 0.0119725152
Tree 43 CV-Ensemble 0
GRADIENTSUM -4.26296027
LEAFVALUESSUM -0.0323257910
Tree 44 CV-Ensemble 0
GRADIENTSUM -4.15859140
LEAFVALUESSUM 0.0290932119
Tree 45 CV-Ensemble 0
GRADIENTSUM -1.90621997
LEAFVALUESSUM -0.0261838907
Tree 46 CV-Ensemble 0
GRADIENTSUM -2.47132526
LEAFVALUESSUM -0.0078551672
Tree 47 CV-Ensemble 0
GRADIENTSUM -2.80973839
LEAFVALUESSUM -0.0140445120
Tree 48 CV-Ensemble 0
GRADIENTSUM -3.48088838
LEAFVALUESSUM 0.0318134272
Tree 49 CV-Ensemble 0
GRADIENTSUM -0.47650455
LEAFVALUESSUM -0.0057264169
Tree 0 CV-Ensemble 1
GRADIENTSUM 0.00000000
LEAFVALUESSUM -0.7221590909
Tree 1 CV-Ensemble 1
GRADIENTSUM -4.06034091
LEAFVALUESSUM 1.6839876033
Tree 2 CV-Ensemble 1
GRADIENTSUM 0.82252066
LEAFVALUESSUM -0.4651953418
Tree 3 CV-Ensemble 1
GRADIENTSUM -1.26936514
LEAFVALUESSUM -0.5347551397
Tree 4 CV-Ensemble 1
GRADIENTSUM -3.80772625
LEAFVALUESSUM 0.2428702709
Tree 5 CV-Ensemble 1
GRADIENTSUM -2.89694854
LEAFVALUESSUM 1.1363073583
Tree 6 CV-Ensemble 1
GRADIENTSUM -5.43783870
LEAFVALUESSUM -0.0747269575
Tree 7 CV-Ensemble 1
GRADIENTSUM -5.35990436
LEAFVALUESSUM -1.0126109755
Tree 8 CV-Ensemble 1
GRADIENTSUM -7.74383654
LEAFVALUESSUM -0.9296051604
Tree 9 CV-Ensemble 1
GRADIENTSUM -12.28398527
LEAFVALUESSUM -0.6127720476
Tree 10 CV-Ensemble 1
GRADIENTSUM -13.75732492
LEAFVALUESSUM -1.0869772919
Tree 11 CV-Ensemble 1
GRADIENTSUM -18.73272980
LEAFVALUESSUM 0.3723931339
Tree 12 CV-Ensemble 1
GRADIENTSUM -19.69694491
LEAFVALUESSUM -0.1473226532
Tree 13 CV-Ensemble 1
GRADIENTSUM -18.54991303
LEAFVALUESSUM -0.3266499671
Tree 14 CV-Ensemble 1
GRADIENTSUM -19.79484058
LEAFVALUESSUM 0.2867471885
Tree 15 CV-Ensemble 1
GRADIENTSUM -18.73389359
LEAFVALUESSUM -0.2987238960
Tree 16 CV-Ensemble 1
GRADIENTSUM -19.00881420
LEAFVALUESSUM -0.1028741315
Tree 17 CV-Ensemble 1
GRADIENTSUM -17.71269071
LEAFVALUESSUM 0.5587700614
Tree 18 CV-Ensemble 1
GRADIENTSUM -15.54432480
LEAFVALUESSUM 0.6206969875
Tree 19 CV-Ensemble 1
GRADIENTSUM -12.61351899
LEAFVALUESSUM 0.4386279463
Tree 20 CV-Ensemble 1
GRADIENTSUM -10.96327255
LEAFVALUESSUM -0.3712421649
Tree 21 CV-Ensemble 1
GRADIENTSUM -13.55191246
LEAFVALUESSUM -0.3840167782
Tree 22 CV-Ensemble 1
GRADIENTSUM -14.95521210
LEAFVALUESSUM 0.1027010487
Tree 23 CV-Ensemble 1
GRADIENTSUM -13.95661493
LEAFVALUESSUM -0.0316606173
Tree 24 CV-Ensemble 1
GRADIENTSUM -15.14325384
LEAFVALUESSUM 0.1961808587
Tree 25 CV-Ensemble 1
GRADIENTSUM -14.40337866
LEAFVALUESSUM 0.1755385470
Tree 26 CV-Ensemble 1
GRADIENTSUM -13.08651746
LEAFVALUESSUM 0.0646108189
Tree 27 CV-Ensemble 1
GRADIENTSUM -12.77049420
LEAFVALUESSUM -0.0694665878
Tree 28 CV-Ensemble 1
GRADIENTSUM -12.55945831
LEAFVALUESSUM 0.0292294857
Tree 29 CV-Ensemble 1
GRADIENTSUM -12.54946126
LEAFVALUESSUM -0.1687562558
Tree 30 CV-Ensemble 1
GRADIENTSUM -13.25309083
LEAFVALUESSUM 0.0423911583
Tree 31 CV-Ensemble 1
GRADIENTSUM -13.42663727
LEAFVALUESSUM -0.0966834914
Tree 32 CV-Ensemble 1
GRADIENTSUM -13.56466578
LEAFVALUESSUM 0.1030105146
Tree 33 CV-Ensemble 1
GRADIENTSUM -11.96595576
LEAFVALUESSUM -0.0927094631
Tree 34 CV-Ensemble 1
GRADIENTSUM -13.08329167
LEAFVALUESSUM -0.0098079504
Tree 35 CV-Ensemble 1
GRADIENTSUM -12.86522872
LEAFVALUESSUM 0.0250315550
Tree 36 CV-Ensemble 1
GRADIENTSUM -12.19883921
LEAFVALUESSUM 0.0675851986
Tree 37 CV-Ensemble 1
GRADIENTSUM -11.45211061
LEAFVALUESSUM 0.0608266788
Tree 38 CV-Ensemble 1
GRADIENTSUM -10.10719763
LEAFVALUESSUM -0.0217711235
Tree 39 CV-Ensemble 1
GRADIENTSUM -10.56905497
LEAFVALUESSUM 0.0164232033
Tree 40 CV-Ensemble 1
GRADIENTSUM -10.06517407
LEAFVALUESSUM 0.0739044147
Tree 41 CV-Ensemble 1
GRADIENTSUM -8.23817103
LEAFVALUESSUM 0.0399083839
Tree 42 CV-Ensemble 1
GRADIENTSUM -6.18324576
LEAFVALUESSUM 0.0119725152
Tree 43 CV-Ensemble 1
GRADIENTSUM -5.46482762
LEAFVALUESSUM -0.0323257910
Tree 44 CV-Ensemble 1
GRADIENTSUM -5.28884783
LEAFVALUESSUM 0.0465354966
Tree 45 CV-Ensemble 1
GRADIENTSUM -2.71220529
LEAFVALUESSUM -0.0261838907
Tree 46 CV-Ensemble 1
GRADIENTSUM -3.24314777
LEAFVALUESSUM -0.0078551672
Tree 47 CV-Ensemble 1
GRADIENTSUM -3.53176347
LEAFVALUESSUM -0.0070696505
Tree 48 CV-Ensemble 1
GRADIENTSUM -3.87304250
LEAFVALUESSUM 0.0318134272
Tree 49 CV-Ensemble 1
GRADIENTSUM -0.42890890
LEAFVALUESSUM -0.0057264169
Tree 0 CV-Ensemble 2
GRADIENTSUM 0.00000000
LEAFVALUESSUM -0.6727272727
Tree 1 CV-Ensemble 2
GRADIENTSUM -3.52363636
LEAFVALUESSUM 1.7289256198
Tree 2 CV-Ensemble 2
GRADIENTSUM 1.35272727
LEAFVALUESSUM -0.4243425995
Tree 3 CV-Ensemble 2
GRADIENTSUM -0.48354621
LEAFVALUESSUM -0.4976162830
Tree 4 CV-Ensemble 2
GRADIENTSUM -3.13165494
LEAFVALUESSUM 0.2766328678
Tree 5 CV-Ensemble 2
GRADIENTSUM -2.18117491
LEAFVALUESSUM 1.1670006283
Tree 6 CV-Ensemble 2
GRADIENTSUM -4.99122340
LEAFVALUESSUM -0.0514744803
Tree 7 CV-Ensemble 2
GRADIENTSUM -5.71578450
LEAFVALUESSUM -0.9914723599
Tree 8 CV-Ensemble 2
GRADIENTSUM -8.00273830
LEAFVALUESSUM -0.9103882371
Tree 9 CV-Ensemble 2
GRADIENTSUM -12.40536180
LEAFVALUESSUM -0.5953021173
Tree 10 CV-Ensemble 2
GRADIENTSUM -13.93871483
LEAFVALUESSUM -1.0710955371
Tree 11 CV-Ensemble 2
GRADIENTSUM -18.86519992
LEAFVALUESSUM -0.4980834357
Tree 12 CV-Ensemble 2
GRADIENTSUM -20.21962938
LEAFVALUESSUM 0.2247434719
Tree 13 CV-Ensemble 2
GRADIENTSUM -20.19914597
LEAFVALUESSUM 0.4808033823
Tree 14 CV-Ensemble 2
GRADIENTSUM -19.16244964
LEAFVALUESSUM -0.2029042159
Tree 15 CV-Ensemble 2
GRADIENTSUM -18.64973333
LEAFVALUESSUM 0.6798693520
Tree 16 CV-Ensemble 2
GRADIENTSUM -13.66619182
LEAFVALUESSUM 0.2965272751
Tree 17 CV-Ensemble 2
GRADIENTSUM -12.92410540
LEAFVALUESSUM 0.3837167629
Tree 18 CV-Ensemble 2
GRADIENTSUM -13.31779231
LEAFVALUESSUM -0.4094981535
Tree 19 CV-Ensemble 2
GRADIENTSUM -14.69140165
LEAFVALUESSUM 0.4442152200
Tree 20 CV-Ensemble 2
GRADIENTSUM -12.30432202
LEAFVALUESSUM -0.1202412665
Tree 21 CV-Ensemble 2
GRADIENTSUM -12.83897228
LEAFVALUESSUM 0.1063104293
Tree 22 CV-Ensemble 2
GRADIENTSUM -12.44422762
LEAFVALUESSUM -0.1706550330
Tree 23 CV-Ensemble 2
GRADIENTSUM -13.72723468
LEAFVALUESSUM -0.2547434361
Tree 24 CV-Ensemble 2
GRADIENTSUM -14.42264471
LEAFVALUESSUM -0.0288543242
Tree 25 CV-Ensemble 2
GRADIENTSUM -14.29765105
LEAFVALUESSUM 0.1739454634
Tree 26 CV-Ensemble 2
GRADIENTSUM -12.99063773
LEAFVALUESSUM 0.0646108189
Tree 27 CV-Ensemble 2
GRADIENTSUM -12.60555457
LEAFVALUESSUM -0.0558817853
Tree 28 CV-Ensemble 2
GRADIENTSUM -12.35274190
LEAFVALUESSUM 0.0339540452
Tree 29 CV-Ensemble 2
GRADIENTSUM -12.26595796
LEAFVALUESSUM -0.0537803629
Tree 30 CV-Ensemble 2
GRADIENTSUM -12.41517511
LEAFVALUESSUM 0.0418713228
Tree 31 CV-Ensemble 2
GRADIENTSUM -12.67618629
LEAFVALUESSUM -0.1144561273
Tree 32 CV-Ensemble 2
GRADIENTSUM -12.93916884
LEAFVALUESSUM 0.1030105146
Tree 33 CV-Ensemble 2
GRADIENTSUM -11.38560763
LEAFVALUESSUM -0.0927094631
Tree 34 CV-Ensemble 2
GRADIENTSUM -12.53753747
LEAFVALUESSUM 0.0179135195
Tree 35 CV-Ensemble 2
GRADIENTSUM -12.25656081
LEAFVALUESSUM 0.0250315550
Tree 36 CV-Ensemble 2
GRADIENTSUM -11.51638387
LEAFVALUESSUM 0.0490722381
Tree 37 CV-Ensemble 2
GRADIENTSUM -10.92001066
LEAFVALUESSUM 0.0608266788
Tree 38 CV-Ensemble 2
GRADIENTSUM -9.66176227
LEAFVALUESSUM -0.0182480036
Tree 39 CV-Ensemble 2
GRADIENTSUM -10.12935566
LEAFVALUESSUM 0.0164232033
Tree 40 CV-Ensemble 2
GRADIENTSUM -9.51483431
LEAFVALUESSUM 0.0739044147
Tree 41 CV-Ensemble 2
GRADIENTSUM -7.95379417
LEAFVALUESSUM 0.0399083839
Tree 42 CV-Ensemble 2
GRADIENTSUM -6.10999005
LEAFVALUESSUM 0.0119725152
Tree 43 CV-Ensemble 2
GRADIENTSUM -5.25511170
LEAFVALUESSUM -0.0230882944
Tree 44 CV-Ensemble 2
GRADIENTSUM -5.00238149
LEAFVALUESSUM 0.0290932119
Tree 45 CV-Ensemble 2
GRADIENTSUM -2.56280530
LEAFVALUESSUM -0.0087279636
Tree 46 CV-Ensemble 2
GRADIENTSUM -2.93297999
LEAFVALUESSUM -0.0235655016
Tree 47 CV-Ensemble 2
GRADIENTSUM -3.15097799
LEAFVALUESSUM -0.0070696505
Tree 48 CV-Ensemble 2
GRADIENTSUM -3.51245169
LEAFVALUESSUM 0.0318134272
Tree 49 CV-Ensemble 2
GRADIENTSUM -0.37452289
LEAFVALUESSUM 0.0057264169
Tree 0 CV-Ensemble 3
GRADIENTSUM 0.00000000
LEAFVALUESSUM -0.8646245059
Tree 1 CV-Ensemble 3
GRADIENTSUM -4.27964427
LEAFVALUESSUM 1.7579949695
Tree 2 CV-Ensemble 3
GRADIENTSUM 0.98778297
LEAFVALUESSUM -0.5714892366
Tree 3 CV-Ensemble 3
GRADIENTSUM -1.15731879
LEAFVALUESSUM -0.6411120647
Tree 4 CV-Ensemble 3
GRADIENTSUM -4.04028592
LEAFVALUESSUM 0.2095744448
Tree 5 CV-Ensemble 3
GRADIENTSUM -3.25374166
LEAFVALUESSUM 1.1808816278
Tree 6 CV-Ensemble 3
GRADIENTSUM -6.03983831
LEAFVALUESSUM -0.1187008355
Tree 7 CV-Ensemble 3
GRADIENTSUM -5.83000079
LEAFVALUESSUM -1.1347330871
Tree 8 CV-Ensemble 3
GRADIENTSUM -8.05372637
LEAFVALUESSUM -1.0414121948
Tree 9 CV-Ensemble 3
GRADIENTSUM -12.93576255
LEAFVALUESSUM -0.6942127580
Tree 10 CV-Ensemble 3
GRADIENTSUM -14.56880391
LEAFVALUESSUM -1.1735812152
Tree 11 CV-Ensemble 3
GRADIENTSUM -19.75929989
LEAFVALUESSUM -0.5803580464
Tree 12 CV-Ensemble 3
GRADIENTSUM -21.45234427
LEAFVALUESSUM 0.2058188872
Tree 13 CV-Ensemble 3
GRADIENTSUM -20.93323178
LEAFVALUESSUM 0.4747485247
Tree 14 CV-Ensemble 3
GRADIENTSUM -19.45939012
LEAFVALUESSUM -0.2498215451
Tree 15 CV-Ensemble 3
GRADIENTSUM -18.94654481
LEAFVALUESSUM 0.6774806135
Tree 16 CV-Ensemble 3
GRADIENTSUM -13.90777097
LEAFVALUESSUM 0.2901464362
Tree 17 CV-Ensemble 3
GRADIENTSUM -12.67250823
LEAFVALUESSUM 0.4096751607
Tree 18 CV-Ensemble 3
GRADIENTSUM -12.82049006
LEAFVALUESSUM -0.4497324962
Tree 19 CV-Ensemble 3
GRADIENTSUM -14.31616391
LEAFVALUESSUM 0.4421741989
Tree 20 CV-Ensemble 3
GRADIENTSUM -11.98395409
LEAFVALUESSUM -0.1445145109
Tree 21 CV-Ensemble 3
GRADIENTSUM -12.36975597
LEAFVALUESSUM 0.0969633352
Tree 22 CV-Ensemble 3
GRADIENTSUM -12.05699746
LEAFVALUESSUM -0.1756176996
Tree 23 CV-Ensemble 3
GRADIENTSUM -13.45345882
LEAFVALUESSUM -0.2658881436
Tree 24 CV-Ensemble 3
GRADIENTSUM -14.10752742
LEAFVALUESSUM 0.1561461988
Tree 25 CV-Ensemble 3
GRADIENTSUM -12.07159469
LEAFVALUESSUM -0.3589489938
Tree 26 CV-Ensemble 3
GRADIENTSUM -13.63186277
LEAFVALUESSUM -0.1347810129
Tree 27 CV-Ensemble 3
GRADIENTSUM -14.12406629
LEAFVALUESSUM 0.1447232282
Tree 28 CV-Ensemble 3
GRADIENTSUM -13.34061004
LEAFVALUESSUM 0.0463527674
Tree 29 CV-Ensemble 3
GRADIENTSUM -13.04584268
LEAFVALUESSUM -0.0618719140
Tree 30 CV-Ensemble 3
GRADIENTSUM -13.57469415
LEAFVALUESSUM 0.2119557914
Tree 31 CV-Ensemble 3
GRADIENTSUM -12.30593953
LEAFVALUESSUM 0.1656959154
Tree 32 CV-Ensemble 3
GRADIENTSUM -11.15771589
LEAFVALUESSUM 0.1030105146
Tree 33 CV-Ensemble 3
GRADIENTSUM -9.83990673
LEAFVALUESSUM -0.1545157719
Tree 34 CV-Ensemble 3
GRADIENTSUM -11.15436467
LEAFVALUESSUM -0.0557534005
Tree 35 CV-Ensemble 3
GRADIENTSUM -11.60124310
LEAFVALUESSUM -0.0250315550
Tree 36 CV-Ensemble 3
GRADIENTSUM -11.09908481
LEAFVALUESSUM -0.0675851986
Tree 37 CV-Ensemble 3
GRADIENTSUM -11.59190000
LEAFVALUESSUM 0.0457507043
Tree 38 CV-Ensemble 3
GRADIENTSUM -10.49543392
LEAFVALUESSUM -0.0182480036
Tree 39 CV-Ensemble 3
GRADIENTSUM -11.00094866
LEAFVALUESSUM 0.0164232033
Tree 40 CV-Ensemble 3
GRADIENTSUM -10.38087578
LEAFVALUESSUM 0.0739044147
Tree 41 CV-Ensemble 3
GRADIENTSUM -8.66023746
LEAFVALUESSUM 0.0399083839
Tree 42 CV-Ensemble 3
GRADIENTSUM -6.58904970
LEAFVALUESSUM 0.0119725152
Tree 43 CV-Ensemble 3
GRADIENTSUM -5.68929664
LEAFVALUESSUM -0.0268757735
Tree 44 CV-Ensemble 3
GRADIENTSUM -5.38214245
LEAFVALUESSUM 0.0290932119
Tree 45 CV-Ensemble 3
GRADIENTSUM -2.66211580
LEAFVALUESSUM -0.0261838907
Tree 46 CV-Ensemble 3
GRADIENTSUM -3.24362729
LEAFVALUESSUM -0.0078551672
Tree 47 CV-Ensemble 3
GRADIENTSUM -3.48242172
LEAFVALUESSUM -0.0070696505
Tree 48 CV-Ensemble 3
GRADIENTSUM -3.92062251
LEAFVALUESSUM 0.0318134272
Tree 49 CV-Ensemble 3
GRADIENTSUM -0.39311755
LEAFVALUESSUM 0.0057264169
Tree 0 CV-Ensemble 4
GRADIENTSUM 0.00000000
LEAFVALUESSUM -0.6243235931
Tree 1 CV-Ensemble 4
GRADIENTSUM -3.38622835
LEAFVALUESSUM 2.2187377017
Tree 2 CV-Ensemble 4
GRADIENTSUM 3.65431917
LEAFVALUESSUM -0.3592671103
Tree 3 CV-Ensemble 4
GRADIENTSUM 2.06913438
LEAFVALUESSUM -0.4597615633
Tree 4 CV-Ensemble 4
GRADIENTSUM -0.21331161
LEAFVALUESSUM 0.4499055460
Tree 5 CV-Ensemble 4
GRADIENTSUM 1.55009120
LEAFVALUESSUM 1.3870675503
Tree 6 CV-Ensemble 4
GRADIENTSUM -0.77612386
LEAFVALUESSUM 0.0217654183
Tree 7 CV-Ensemble 4
GRADIENTSUM -0.55604338
LEAFVALUESSUM -1.1048291820
Tree 8 CV-Ensemble 4
GRADIENTSUM -2.49164770
LEAFVALUESSUM -1.0151636513
Tree 9 CV-Ensemble 4
GRADIENTSUM -7.38577139
LEAFVALUESSUM -0.6463003886
Tree 10 CV-Ensemble 4
GRADIENTSUM -8.73421415
LEAFVALUESSUM -1.1692140241
Tree 11 CV-Ensemble 4
GRADIENTSUM -14.11125411
LEAFVALUESSUM -0.5413923320
Tree 12 CV-Ensemble 4
GRADIENTSUM -15.33433425
LEAFVALUESSUM 0.2792895393
Tree 13 CV-Ensemble 4
GRADIENTSUM -14.84177267
LEAFVALUESSUM 0.5360817337
Tree 14 CV-Ensemble 4
GRADIENTSUM -13.34782627
LEAFVALUESSUM -0.1980256811
Tree 15 CV-Ensemble 4
GRADIENTSUM -12.58516076
LEAFVALUESSUM 0.7189444239
Tree 16 CV-Ensemble 4
GRADIENTSUM -7.22285326
LEAFVALUESSUM 0.3605420318
Tree 17 CV-Ensemble 4
GRADIENTSUM -6.07708587
LEAFVALUESSUM 0.4700938045
Tree 18 CV-Ensemble 4
GRADIENTSUM -6.33702542
LEAFVALUESSUM -0.4327509470
Tree 19 CV-Ensemble 4
GRADIENTSUM -7.85932078
LEAFVALUESSUM 0.4989002431
Tree 20 CV-Ensemble 4
GRADIENTSUM -4.98777059
LEAFVALUESSUM -0.1093676495
Tree 21 CV-Ensemble 4
GRADIENTSUM -5.50045325
LEAFVALUESSUM 0.1490336736
Tree 22 CV-Ensemble 4
GRADIENTSUM -4.87382448
LEAFVALUESSUM -0.1498006167
Tree 23 CV-Ensemble 4
GRADIENTSUM -6.21485291
LEAFVALUESSUM -0.2658881436
Tree 24 CV-Ensemble 4
GRADIENTSUM -6.90969425
LEAFVALUESSUM 0.1613866550
Tree 25 CV-Ensemble 4
GRADIENTSUM -4.86964921
LEAFVALUESSUM -0.3589489938
Tree 26 CV-Ensemble 4
GRADIENTSUM -6.45619067
LEAFVALUESSUM -0.1144662932
Tree 27 CV-Ensemble 4
GRADIENTSUM -6.83204893
LEAFVALUESSUM 0.1607376725
Tree 28 CV-Ensemble 4
GRADIENTSUM -5.87943245
LEAFVALUESSUM 0.0523347633
Tree 29 CV-Ensemble 4
GRADIENTSUM -5.56707734
LEAFVALUESSUM -0.0526937683
Tree 30 CV-Ensemble 4
GRADIENTSUM -5.94784516
LEAFVALUESSUM 0.2119557914
Tree 31 CV-Ensemble 4
GRADIENTSUM -4.51996647
LEAFVALUESSUM 0.1857444924
Tree 32 CV-Ensemble 4
GRADIENTSUM -3.10984647
LEAFVALUESSUM 0.1030105146
Tree 33 CV-Ensemble 4
GRADIENTSUM -1.67703739
LEAFVALUESSUM -0.1545157719
Tree 34 CV-Ensemble 4
GRADIENTSUM -3.06050561
LEAFVALUESSUM -0.0434788077
Tree 35 CV-Ensemble 4
GRADIENTSUM -3.51238440
LEAFVALUESSUM -0.0250315550
Tree 36 CV-Ensemble 4
GRADIENTSUM -2.88808482
LEAFVALUESSUM -0.0675851986
Tree 37 CV-Ensemble 4
GRADIENTSUM -3.37030462
LEAFVALUESSUM 0.0325219007
Tree 38 CV-Ensemble 4
GRADIENTSUM -2.91839582
LEAFVALUESSUM 0.0182480036
Tree 39 CV-Ensemble 4
GRADIENTSUM -2.39142391
LEAFVALUESSUM 0.0164232033
Tree 40 CV-Ensemble 4
GRADIENTSUM -1.84978783
LEAFVALUESSUM 0.0083387964
Tree 41 CV-Ensemble 4
GRADIENTSUM -1.76758606
LEAFVALUESSUM 0.0133027946
Tree 42 CV-Ensemble 4
GRADIENTSUM -1.33681998
LEAFVALUESSUM -0.0359175455
Tree 43 CV-Ensemble 4
GRADIENTSUM -1.77528610
LEAFVALUESSUM 0.0107752637
Tree 44 CV-Ensemble 4
GRADIENTSUM -1.68817844
LEAFVALUESSUM -0.0096977373
Tree 45 CV-Ensemble 4
GRADIENTSUM -1.44228688
LEAFVALUESSUM 0.0261838907
Tree 46 CV-Ensemble 4
GRADIENTSUM 0.11220451
LEAFVALUESSUM -0.0235655016
Tree 47 CV-Ensemble 4
GRADIENTSUM -1.13100315
LEAFVALUESSUM -0.0111155323
Tree 48 CV-Ensemble 4
GRADIENTSUM -1.49403716
LEAFVALUESSUM -0.0063626854
Tree 49 CV-Ensemble 4
GRADIENTSUM -1.28008426
LEAFVALUESSUM 0.0286320845
