Tree 0 CV-Ensemble 0
GRADIENTSUM 0.00000000
LEAFVALUESSUM -3.9942279942
Tree 1 CV-Ensemble 0
GRADIENTSUM 13.36998557
LEAFVALUESSUM -4.1425127902
Tree 2 CV-Ensemble 0
GRADIENTSUM 4.31801292
LEAFVALUESSUM 1.5365840220
Tree 3 CV-Ensemble 0
GRADIENTSUM 19.57479116
LEAFVALUESSUM 2.7750692402
Tree 4 CV-Ensemble 0
GRADIENTSUM 29.36222044
LEAFVALUESSUM -0.0556434493
Tree 0 CV-Ensemble 1
GRADIENTSUM 0.00000000
LEAFVALUESSUM -6.0637829912
Tree 1 CV-Ensemble 1
GRADIENTSUM 0.82723607
LEAFVALUESSUM -7.3005865103
Tree 2 CV-Ensemble 1
GRADIENTSUM -20.07247067
LEAFVALUESSUM 0.0000000000
Tree 3 CV-Ensemble 1
GRADIENTSUM -20.07247067
LEAFVALUESSUM -2.7166198347
Tree 4 CV-Ensemble 1
GRADIENTSUM -23.10407315
LEAFVALUESSUM -4.1921076222
Tree 0 CV-Ensemble 2
GRADIENTSUM 0.00000000
LEAFVALUESSUM -6.7673509286
Tree 1 CV-Ensemble 2
GRADIENTSUM -5.26529814
LEAFVALUESSUM 1.2267839687
Tree 2 CV-Ensemble 2
GRADIENTSUM -9.56754643
LEAFVALUESSUM -2.4267244290
Tree 3 CV-Ensemble 2
