Tree 0 CV-Ensemble 0
GRADIENTSUM 4.8933333333
LEAFVALUESSUM -0.8060606061
Tree 1 CV-Ensemble 0
GRADIENTSUM 0.2242424242
LEAFVALUESSUM -0.1707988981
Tree 2 CV-Ensemble 0
GRADIENTSUM -0.2988429752
LEAFVALUESSUM -0.4245429502
Tree 3 CV-Ensemble 0
GRADIENTSUM -2.1316503882
LEAFVALUESSUM 1.0950435990
Tree 4 CV-Ensemble 0
GRADIENTSUM 3.7318398106
LEAFVALUESSUM -0.0557454885
Tree 5 CV-Ensemble 0
GRADIENTSUM 3.7892429106
LEAFVALUESSUM 0.8808483215
Tree 6 CV-Ensemble 0
GRADIENTSUM 4.9089966043
LEAFVALUESSUM 0.2712540129
Tree 7 CV-Ensemble 0
GRADIENTSUM 5.1541915872
LEAFVALUESSUM 0.3512479044
Tree 8 CV-Ensemble 0
GRADIENTSUM 6.4217585241
LEAFVALUESSUM 0.1485223746
Tree 9 CV-Ensemble 0
GRADIENTSUM 4.8574994294
LEAFVALUESSUM -0.4495976717
Tree 10 CV-Ensemble 0
GRADIENTSUM 3.3764558379
LEAFVALUESSUM 0.3956612822
Tree 11 CV-Ensemble 0
GRADIENTSUM 4.9583009302
LEAFVALUESSUM 0.0119751985
Tree 12 CV-Ensemble 0
GRADIENTSUM 4.6339876036
LEAFVALUESSUM -0.2993640579
Tree 13 CV-Ensemble 0
GRADIENTSUM 3.2234208372
LEAFVALUESSUM 0.0029196597
Tree 14 CV-Ensemble 0
GRADIENTSUM 3.1395441499
LEAFVALUESSUM -0.1502080441
Tree 15 CV-Ensemble 0
GRADIENTSUM 1.8322643472
LEAFVALUESSUM -0.2411906114
Tree 16 CV-Ensemble 0
GRADIENTSUM 2.1356460810
LEAFVALUESSUM -0.8426070220
Tree 17 CV-Ensemble 0
GRADIENTSUM -0.5972793613
LEAFVALUESSUM 1.0316217039
Tree 18 CV-Ensemble 0
GRADIENTSUM 1.1112087312
LEAFVALUESSUM -0.5451924117
Tree 19 CV-Ensemble 0
GRADIENTSUM -1.0390374036
LEAFVALUESSUM -0.1656632590
Tree 20 CV-Ensemble 0
GRADIENTSUM -1.7235661523
LEAFVALUESSUM 0.0735174478
Tree 21 CV-Ensemble 0
GRADIENTSUM -1.7557446990
LEAFVALUESSUM 0.1365524760
Tree 22 CV-Ensemble 0
GRADIENTSUM -1.2854284482
LEAFVALUESSUM -0.5393243429
Tree 23 CV-Ensemble 0
GRADIENTSUM -2.7207760319
LEAFVALUESSUM -0.2527981485
Tree 24 CV-Ensemble 0
GRADIENTSUM -3.3909372532
LEAFVALUESSUM 0.5234913256
Tree 25 CV-Ensemble 0
GRADIENTSUM -1.0535989304
LEAFVALUESSUM 0.4231730646
Tree 26 CV-Ensemble 0
GRADIENTSUM 0.0695728869
LEAFVALUESSUM 1.2782730518
Tree 27 CV-Ensemble 0
GRADIENTSUM 2.1838085142
LEAFVALUESSUM -0.3348092618
Tree 28 CV-Ensemble 0
GRADIENTSUM -0.7365785272
LEAFVALUESSUM -0.7680687475
Tree 29 CV-Ensemble 0
GRADIENTSUM -3.3615675844
LEAFVALUESSUM -0.4882041700
Tree 30 CV-Ensemble 0
GRADIENTSUM -4.3098611308
LEAFVALUESSUM 0.5515412423
Tree 31 CV-Ensemble 0
GRADIENTSUM -3.8406070688
LEAFVALUESSUM -0.0161386998
Tree 32 CV-Ensemble 0
GRADIENTSUM -3.3516839349
LEAFVALUESSUM -0.2462322156
Tree 33 CV-Ensemble 0
GRADIENTSUM -4.9435507557
LEAFVALUESSUM 0.3716199666
Tree 34 CV-Ensemble 0
GRADIENTSUM -4.1760232010
LEAFVALUESSUM 0.3041689340
Tree 35 CV-Ensemble 0
GRADIENTSUM -4.2854257136
LEAFVALUESSUM 0.4856036002
Tree 36 CV-Ensemble 0
GRADIENTSUM -3.5596954627
LEAFVALUESSUM 0.0260735959
Tree 37 CV-Ensemble 0
GRADIENTSUM -3.4276735267
LEAFVALUESSUM 0.0348701331
Tree 38 CV-Ensemble 0
GRADIENTSUM -3.4999639656
LEAFVALUESSUM 0.4538037313
Tree 39 CV-Ensemble 0
GRADIENTSUM -2.7490558662
LEAFVALUESSUM -0.1197759465
Tree 40 CV-Ensemble 0
GRADIENTSUM -2.8541834996
LEAFVALUESSUM 0.1140538967
Tree 41 CV-Ensemble 0
GRADIENTSUM -2.8677457920
LEAFVALUESSUM -0.1215611636
Tree 42 CV-Ensemble 0
GRADIENTSUM -2.8243709123
LEAFVALUESSUM 0.4124791121
Tree 43 CV-Ensemble 0
GRADIENTSUM -2.1228241591
LEAFVALUESSUM 1.0999431589
Tree 44 CV-Ensemble 0
GRADIENTSUM -0.2787332335
LEAFVALUESSUM -1.1037672335
Tree 45 CV-Ensemble 0
GRADIENTSUM -1.7538517162
LEAFVALUESSUM 0.1508238540
Tree 46 CV-Ensemble 0
GRADIENTSUM -1.3394638012
LEAFVALUESSUM 0.7248969657
Tree 47 CV-Ensemble 0
GRADIENTSUM -0.3982751485
LEAFVALUESSUM -0.2038836872
Tree 48 CV-Ensemble 0
GRADIENTSUM -0.6662044075
LEAFVALUESSUM 0.3024464405
Tree 49 CV-Ensemble 0
GRADIENTSUM -0.3190856718
LEAFVALUESSUM 0.2900778835
Tree 0 CV-Ensemble 1
GRADIENTSUM 5.5600000000
LEAFVALUESSUM -0.1636363636
Tree 1 CV-Ensemble 1
GRADIENTSUM 2.8618181818
LEAFVALUESSUM 0.6380165289
Tree 2 CV-Ensemble 1
GRADIENTSUM 9.9953719008
LEAFVALUESSUM 0.4700225394
Tree 3 CV-Ensemble 1
GRADIENTSUM 13.1737340346
LEAFVALUESSUM -0.2693258657
Tree 4 CV-Ensemble 1
GRADIENTSUM 11.1594180725
LEAFVALUESSUM -0.8939776841
Tree 5 CV-Ensemble 1
GRADIENTSUM 6.5515529863
LEAFVALUESSUM -0.1305181137
Tree 6 CV-Ensemble 1
GRADIENTSUM 5.8721999863
LEAFVALUESSUM -0.0852025571
Tree 7 CV-Ensemble 1
GRADIENTSUM 6.3983505128
LEAFVALUESSUM 0.5002317026
Tree 8 CV-Ensemble 1
GRADIENTSUM 7.8758815887
LEAFVALUESSUM 0.8361154641
Tree 9 CV-Ensemble 1
GRADIENTSUM 4.8110599737
LEAFVALUESSUM 0.0025136798
Tree 10 CV-Ensemble 1
GRADIENTSUM 4.2695454867
LEAFVALUESSUM -0.5430164030
Tree 11 CV-Ensemble 1
GRADIENTSUM 2.5270191583
LEAFVALUESSUM -0.9315863808
Tree 12 CV-Ensemble 1
GRADIENTSUM -2.3399439667
LEAFVALUESSUM -0.5956570404
Tree 13 CV-Ensemble 1
GRADIENTSUM -5.3003347972
LEAFVALUESSUM -0.3191189921
Tree 14 CV-Ensemble 1
GRADIENTSUM -7.7315625314
LEAFVALUESSUM -0.7814083327
Tree 15 CV-Ensemble 1
GRADIENTSUM -11.2671201285
LEAFVALUESSUM 0.0054615722
Tree 16 CV-Ensemble 1
GRADIENTSUM -9.6107737908
LEAFVALUESSUM -0.4187873808
Tree 17 CV-Ensemble 1
GRADIENTSUM -10.5005470702
LEAFVALUESSUM 1.3386178091
Tree 18 CV-Ensemble 1
GRADIENTSUM -7.2788353152
LEAFVALUESSUM -0.2435257052
Tree 19 CV-Ensemble 1
GRADIENTSUM -8.1503614481
LEAFVALUESSUM -0.0873174485
Tree 20 CV-Ensemble 1
GRADIENTSUM -8.3784623364
LEAFVALUESSUM 0.1913550627
Tree 21 CV-Ensemble 1
GRADIENTSUM -8.1398676727
LEAFVALUESSUM 0.1741648264
Tree 22 CV-Ensemble 1
GRADIENTSUM -7.2821314331
LEAFVALUESSUM -0.3854310768
Tree 23 CV-Ensemble 1
GRADIENTSUM -8.3167442832
LEAFVALUESSUM -0.1851799100
Tree 24 CV-Ensemble 1
GRADIENTSUM -8.8053129900
LEAFVALUESSUM 0.7303346596
Tree 25 CV-Ensemble 1
GRADIENTSUM -5.7074265691
LEAFVALUESSUM 0.5323424141
Tree 26 CV-Ensemble 1
GRADIENTSUM -4.4162814029
LEAFVALUESSUM 1.3261615433
Tree 27 CV-Ensemble 1
GRADIENTSUM -1.9068307340
LEAFVALUESSUM -0.3083606071
Tree 28 CV-Ensemble 1
GRADIENTSUM -3.7113152416
LEAFVALUESSUM -0.6435295250
Tree 29 CV-Ensemble 1
GRADIENTSUM -6.0018486766
LEAFVALUESSUM -0.3787726740
Tree 30 CV-Ensemble 1
GRADIENTSUM -6.9111053285
LEAFVALUESSUM 0.6694925886
Tree 31 CV-Ensemble 1
GRADIENTSUM -5.8997813698
LEAFVALUESSUM 0.0263031010
Tree 32 CV-Ensemble 1
GRADIENTSUM -5.4883864551
LEAFVALUESSUM -0.1359619067
Tree 33 CV-Ensemble 1
GRADIENTSUM -6.5422953727
LEAFVALUESSUM 0.4438338700
Tree 34 CV-Ensemble 1
GRADIENTSUM -5.4892688761
LEAFVALUESSUM 0.4791700981
Tree 35 CV-Ensemble 1
GRADIENTSUM -5.0238427678
LEAFVALUESSUM 0.5757176364
Tree 36 CV-Ensemble 1
GRADIENTSUM -4.1708863616
LEAFVALUESSUM -0.0237932090
Tree 37 CV-Ensemble 1
GRADIENTSUM -4.1660180629
LEAFVALUESSUM 0.0858967003
Tree 38 CV-Ensemble 1
GRADIENTSUM -4.1414173102
LEAFVALUESSUM 0.3760288882
Tree 39 CV-Ensemble 1
GRADIENTSUM -3.6201002488
LEAFVALUESSUM -0.2516888274
Tree 40 CV-Ensemble 1
GRADIENTSUM -4.0029887780
LEAFVALUESSUM 0.1452092385
Tree 41 CV-Ensemble 1
GRADIENTSUM -3.9446000333
LEAFVALUESSUM -0.0791549616
Tree 42 CV-Ensemble 1
GRADIENTSUM -3.8238954068
LEAFVALUESSUM 0.5262157349
Tree 43 CV-Ensemble 1
GRADIENTSUM -2.8938042369
LEAFVALUESSUM 1.1570983116
Tree 44 CV-Ensemble 1
GRADIENTSUM -0.9469584657
LEAFVALUESSUM -1.0638346048
Tree 45 CV-Ensemble 1
GRADIENTSUM -2.3581847425
LEAFVALUESSUM 0.2204470229
Tree 46 CV-Ensemble 1
GRADIENTSUM -1.8386746243
LEAFVALUESSUM 0.7676665398
Tree 47 CV-Ensemble 1
GRADIENTSUM -0.8381236120
LEAFVALUESSUM -0.0764718633
Tree 48 CV-Ensemble 1
GRADIENTSUM -0.8988232276
LEAFVALUESSUM 0.3680135477
Tree 49 CV-Ensemble 1
GRADIENTSUM -0.4764210077
LEAFVALUESSUM 0.4331100070
Tree 0 CV-Ensemble 2
GRADIENTSUM 5.1733333333
LEAFVALUESSUM -0.1987878788
Tree 1 CV-Ensemble 2
GRADIENTSUM 2.7224242424
LEAFVALUESSUM 0.6060606061
Tree 2 CV-Ensemble 2
GRADIENTSUM 10.7352066116
LEAFVALUESSUM 0.4409717005
Tree 3 CV-Ensemble 2
GRADIENTSUM 13.3338342099
LEAFVALUESSUM -0.2957357193
Tree 4 CV-Ensemble 2
GRADIENTSUM 11.3447897457
LEAFVALUESSUM -0.9179866419
Tree 5 CV-Ensemble 2
GRADIENTSUM 6.6915285220
LEAFVALUESSUM -0.1523444390
Tree 6 CV-Ensemble 2
GRADIENTSUM 5.7872412259
LEAFVALUESSUM -0.1050446710
Tree 7 CV-Ensemble 2
GRADIENTSUM 6.2197233876
LEAFVALUESSUM 0.4821934172
Tree 8 CV-Ensemble 2
GRADIENTSUM 7.3036733746
LEAFVALUESSUM 0.8197170229
Tree 9 CV-Ensemble 2
GRADIENTSUM 3.8107154580
LEAFVALUESSUM -0.0123939940
Tree 10 CV-Ensemble 2
GRADIENTSUM 2.7272364474
LEAFVALUESSUM -0.5565688338
Tree 11 CV-Ensemble 2
GRADIENTSUM 0.9877961693
LEAFVALUESSUM -0.9439067724
Tree 12 CV-Ensemble 2
GRADIENTSUM -3.5837112603
LEAFVALUESSUM -0.6068573964
Tree 13 CV-Ensemble 2
GRADIENTSUM -6.5581432232
LEAFVALUESSUM -0.3293011340
Tree 14 CV-Ensemble 2
GRADIENTSUM -8.8963190114
LEAFVALUESSUM -0.7906648253
Tree 15 CV-Ensemble 2
GRADIENTSUM -12.3040523998
LEAFVALUESSUM -0.4254524464
Tree 16 CV-Ensemble 2
GRADIENTSUM -14.0795153974
LEAFVALUESSUM -0.0475620881
Tree 17 CV-Ensemble 2
GRADIENTSUM -13.9783558413
LEAFVALUESSUM 0.0538856795
Tree 18 CV-Ensemble 2
GRADIENTSUM -13.0895817977
LEAFVALUESSUM 1.0396761995
Tree 19 CV-Ensemble 2
GRADIENTSUM -8.4693781336
LEAFVALUESSUM -0.0645996330
Tree 20 CV-Ensemble 2
GRADIENTSUM -8.1914476238
LEAFVALUESSUM 0.9677610609
Tree 21 CV-Ensemble 2
GRADIENTSUM -6.6662380157
LEAFVALUESSUM 0.3231992617
Tree 22 CV-Ensemble 2
GRADIENTSUM -6.3067014296
LEAFVALUESSUM 0.4931445376
Tree 23 CV-Ensemble 2
GRADIENTSUM -3.9071333941
LEAFVALUESSUM -0.0149207995
Tree 24 CV-Ensemble 2
GRADIENTSUM -5.1280386937
LEAFVALUESSUM -0.3760453291
Tree 25 CV-Ensemble 2
GRADIENTSUM -5.5615844557
LEAFVALUESSUM 0.5970317305
Tree 26 CV-Ensemble 2
GRADIENTSUM -3.9353762645
LEAFVALUESSUM 0.2388773187
Tree 27 CV-Ensemble 2
GRADIENTSUM -3.3334363338
LEAFVALUESSUM -0.1357202120
Tree 28 CV-Ensemble 2
GRADIENTSUM -3.6696288758
LEAFVALUESSUM 0.2481900286
Tree 29 CV-Ensemble 2
GRADIENTSUM -2.9697788939
LEAFVALUESSUM -0.1001728303
Tree 30 CV-Ensemble 2
GRADIENTSUM -3.4689339880
LEAFVALUESSUM 0.3554251177
Tree 31 CV-Ensemble 2
GRADIENTSUM -3.4410853652
LEAFVALUESSUM -0.4154528070
Tree 32 CV-Ensemble 2
GRADIENTSUM -4.1065372628
LEAFVALUESSUM -0.5081238395
Tree 33 CV-Ensemble 2
GRADIENTSUM -6.3848859734
LEAFVALUESSUM 0.4891784023
Tree 34 CV-Ensemble 2
GRADIENTSUM -5.2919460374
LEAFVALUESSUM 0.3812355906
Tree 35 CV-Ensemble 2
GRADIENTSUM -5.0966036401
LEAFVALUESSUM 0.5430586540
Tree 36 CV-Ensemble 2
GRADIENTSUM -4.2642806106
LEAFVALUESSUM 0.1251687123
Tree 37 CV-Ensemble 2
GRADIENTSUM -3.9397695433
LEAFVALUESSUM 0.1248335596
Tree 38 CV-Ensemble 2
GRADIENTSUM -3.7946046293
LEAFVALUESSUM 0.4941612371
Tree 39 CV-Ensemble 2
GRADIENTSUM -2.9706627494
LEAFVALUESSUM -0.1123313923
Tree 40 CV-Ensemble 2
GRADIENTSUM -3.0511465388
LEAFVALUESSUM 0.1873249439
Tree 41 CV-Ensemble 2
GRADIENTSUM -2.9116439326
LEAFVALUESSUM -0.0163893691
Tree 42 CV-Ensemble 2
GRADIENTSUM -2.6568355329
LEAFVALUESSUM 0.4406253909
Tree 43 CV-Ensemble 2
GRADIENTSUM -1.9079920079
LEAFVALUESSUM 1.0664139160
Tree 44 CV-Ensemble 2
GRADIENTSUM -0.1254529280
LEAFVALUESSUM -1.1901996106
Tree 45 CV-Ensemble 2
GRADIENTSUM -1.7388632141
LEAFVALUESSUM 0.1270603500
Tree 46 CV-Ensemble 2
GRADIENTSUM -1.3572840448
LEAFVALUESSUM 0.8046422054
Tree 47 CV-Ensemble 2
GRADIENTSUM -0.3048246092
LEAFVALUESSUM -0.1099273918
Tree 48 CV-Ensemble 2
GRADIENTSUM -0.4354283667
LEAFVALUESSUM 0.2065024211
Tree 49 CV-Ensemble 2
GRADIENTSUM -0.2002367249
LEAFVALUESSUM 0.1820333863
Tree 0 CV-Ensemble 3
GRADIENTSUM 5.8030303030
LEAFVALUESSUM -0.2327823691
Tree 1 CV-Ensemble 3
GRADIENTSUM 2.9848484848
LEAFVALUESSUM 0.6824442775
Tree 2 CV-Ensemble 3
GRADIENTSUM 11.6912096168
LEAFVALUESSUM 0.4954124263
Tree 3 CV-Ensemble 3
GRADIENTSUM 14.9214762197
LEAFVALUESSUM -0.3412376618
Tree 4 CV-Ensemble 3
GRADIENTSUM 12.6549954155
LEAFVALUESSUM -1.0478705880
Tree 5 CV-Ensemble 3
GRADIENTSUM 7.3047809248
LEAFVALUESSUM -0.1773949983
Tree 6 CV-Ensemble 3
GRADIENTSUM 6.4488796416
LEAFVALUESSUM -0.1232565058
Tree 7 CV-Ensemble 3
GRADIENTSUM 6.9165688062
LEAFVALUESSUM 0.5444129182
Tree 8 CV-Ensemble 3
GRADIENTSUM 8.3443209360
LEAFVALUESSUM 0.9282837561
Tree 9 CV-Ensemble 3
GRADIENTSUM 4.9211745571
LEAFVALUESSUM -0.0170048666
Tree 10 CV-Ensemble 3
GRADIENTSUM 4.2102529259
LEAFVALUESSUM -0.6351198407
Tree 11 CV-Ensemble 3
GRADIENTSUM 2.5109837537
LEAFVALUESSUM -1.0750352021
Tree 12 CV-Ensemble 3
GRADIENTSUM -2.8984103428
LEAFVALUESSUM -0.6918051049
Tree 13 CV-Ensemble 3
GRADIENTSUM -6.1742958838
LEAFVALUESSUM -0.3762007678
Tree 14 CV-Ensemble 3
GRADIENTSUM -8.8647320871
LEAFVALUESSUM -0.9002963321
Tree 15 CV-Ensemble 3
GRADIENTSUM -12.7806984449
LEAFVALUESSUM -0.4851173947
Tree 16 CV-Ensemble 3
GRADIENTSUM -14.6223414251
LEAFVALUESSUM -0.0555466507
Tree 17 CV-Ensemble 3
GRADIENTSUM -14.5043987816
LEAFVALUESSUM 0.0598711601
Tree 18 CV-Ensemble 3
GRADIENTSUM -13.4970680242
LEAFVALUESSUM 1.1802115298
Tree 19 CV-Ensemble 3
GRADIENTSUM -7.7844328120
LEAFVALUESSUM -0.0745347619
Tree 20 CV-Ensemble 3
GRADIENTSUM -7.5040755175
LEAFVALUESSUM 1.0987047618
Tree 21 CV-Ensemble 3
GRADIENTSUM -6.1487969906
LEAFVALUESSUM 0.3663412370
Tree 22 CV-Ensemble 3
GRADIENTSUM -5.5755175411
LEAFVALUESSUM 0.5595454734
Tree 23 CV-Ensemble 3
GRADIENTSUM -2.5933137966
LEAFVALUESSUM -0.0177245873
Tree 24 CV-Ensemble 3
GRADIENTSUM -3.9992936443
LEAFVALUESSUM -0.4280234497
Tree 25 CV-Ensemble 3
GRADIENTSUM -4.4944764464
LEAFVALUESSUM 0.6778095009
Tree 26 CV-Ensemble 3
GRADIENTSUM -2.3522248810
LEAFVALUESSUM 0.2708736373
Tree 27 CV-Ensemble 3
GRADIENTSUM -1.6219839446
LEAFVALUESSUM -0.1547528420
Tree 28 CV-Ensemble 3
GRADIENTSUM -2.0006155666
LEAFVALUESSUM 0.2815565522
Tree 29 CV-Ensemble 3
GRADIENTSUM -1.1548020841
LEAFVALUESSUM -0.1142669175
Tree 30 CV-Ensemble 3
GRADIENTSUM -1.9799504954
LEAFVALUESSUM 0.0069661015
Tree 31 CV-Ensemble 3
GRADIENTSUM -0.7451665513
LEAFVALUESSUM -0.4205677983
Tree 32 CV-Ensemble 3
GRADIENTSUM -1.5034324970
LEAFVALUESSUM 1.0253079683
Tree 33 CV-Ensemble 3
GRADIENTSUM 0.1910211127
LEAFVALUESSUM -0.2693312665
Tree 34 CV-Ensemble 3
GRADIENTSUM -0.4160743097
LEAFVALUESSUM -0.0574897608
Tree 35 CV-Ensemble 3
GRADIENTSUM -0.5786169657
LEAFVALUESSUM -0.0854819797
Tree 36 CV-Ensemble 3
GRADIENTSUM -0.7817894892
LEAFVALUESSUM 0.2628710102
Tree 37 CV-Ensemble 3
GRADIENTSUM -0.0435035105
LEAFVALUESSUM -0.6364271913
Tree 38 CV-Ensemble 3
GRADIENTSUM -1.4206859399
LEAFVALUESSUM -0.5585396895
Tree 39 CV-Ensemble 3
GRADIENTSUM -2.4768185168
LEAFVALUESSUM 0.3832599971
Tree 40 CV-Ensemble 3
GRADIENTSUM -1.4076840608
LEAFVALUESSUM 0.1454713055
Tree 41 CV-Ensemble 3
GRADIENTSUM -1.3189241455
LEAFVALUESSUM 1.0790665706
Tree 42 CV-Ensemble 3
GRADIENTSUM -0.1336460261
LEAFVALUESSUM -0.5666226800
Tree 43 CV-Ensemble 3
GRADIENTSUM -1.3164350882
LEAFVALUESSUM -0.6488348650
Tree 44 CV-Ensemble 3
GRADIENTSUM -2.4908602705
LEAFVALUESSUM -0.3678614677
Tree 45 CV-Ensemble 3
GRADIENTSUM -3.0030763597
LEAFVALUESSUM 0.3143984461
Tree 46 CV-Ensemble 3
GRADIENTSUM -2.3043592457
LEAFVALUESSUM 0.9531331937
Tree 47 CV-Ensemble 3
GRADIENTSUM -1.0542706648
LEAFVALUESSUM -0.0780873714
Tree 48 CV-Ensemble 3
GRADIENTSUM -1.1505682666
LEAFVALUESSUM 0.5453402231
Tree 49 CV-Ensemble 3
GRADIENTSUM -0.4870888875
LEAFVALUESSUM 0.4428080796
Tree 0 CV-Ensemble 4
GRADIENTSUM -3.6031746032
LEAFVALUESSUM -0.1024531025
Tree 1 CV-Ensemble 4
GRADIENTSUM -5.5165945166
LEAFVALUESSUM 0.8434999344
Tree 2 CV-Ensemble 4
GRADIENTSUM 5.1538764266
LEAFVALUESSUM 0.6358746855
Tree 3 CV-Ensemble 4
GRADIENTSUM 9.1788248482
LEAFVALUESSUM -0.2512405367
Tree 4 CV-Ensemble 4
GRADIENTSUM 7.5252232532
LEAFVALUESSUM -1.0011814260
Tree 5 CV-Ensemble 4
GRADIENTSUM 2.5617392420
LEAFVALUESSUM -0.0980353234
Tree 6 CV-Ensemble 4
GRADIENTSUM 2.0858677026
LEAFVALUESSUM -0.0493012671
Tree 7 CV-Ensemble 4
GRADIENTSUM 2.9009913110
LEAFVALUESSUM 0.6429051575
Tree 8 CV-Ensemble 4
GRADIENTSUM 5.0842097379
LEAFVALUESSUM 1.0384584852
Tree 9 CV-Ensemble 4
GRADIENTSUM 1.8411042399
LEAFVALUESSUM 0.0421587784
Tree 10 CV-Ensemble 4
GRADIENTSUM 1.8379052150
LEAFVALUESSUM -0.6108423694
Tree 11 CV-Ensemble 4
GRADIENTSUM 0.8456665518
LEAFVALUESSUM -1.0766625607
Tree 12 CV-Ensemble 4
GRADIENTSUM -4.4162449185
LEAFVALUESSUM -0.6796893016
Tree 13 CV-Ensemble 4
GRADIENTSUM -7.5777702235
LEAFVALUESSUM -0.3531524505
Tree 14 CV-Ensemble 4
GRADIENTSUM -10.1224873754
LEAFVALUESSUM -0.9059288228
Tree 15 CV-Ensemble 4
GRADIENTSUM -13.8891922931
LEAFVALUESSUM -0.4743648019
Tree 16 CV-Ensemble 4
GRADIENTSUM -15.5203715100
LEAFVALUESSUM -0.0274158919
Tree 17 CV-Ensemble 4
GRADIENTSUM -15.3744133779
LEAFVALUESSUM 0.0907002017
Tree 18 CV-Ensemble 4
GRADIENTSUM -13.9503052247
LEAFVALUESSUM 1.2618466552
Tree 19 CV-Ensemble 4
GRADIENTSUM -7.7581617746
LEAFVALUESSUM -0.0549616942
Tree 20 CV-Ensemble 4
GRADIENTSUM -7.2376767720
LEAFVALUESSUM 1.1720443472
Tree 21 CV-Ensemble 4
GRADIENTSUM -5.7215910846
LEAFVALUESSUM 0.4028954314
Tree 22 CV-Ensemble 4
GRADIENTSUM -4.7433115550
LEAFVALUESSUM 0.6035626538
Tree 23 CV-Ensemble 4
GRADIENTSUM -1.3885944503
LEAFVALUESSUM -0.0027757445
Tree 24 CV-Ensemble 4
GRADIENTSUM -2.6435147041
LEAFVALUESSUM -0.4340483635
Tree 25 CV-Ensemble 4
GRADIENTSUM -3.1850843421
LEAFVALUESSUM 0.7231381032
Tree 26 CV-Ensemble 4
GRADIENTSUM -0.5580497999
LEAFVALUESSUM 0.2956377995
Tree 27 CV-Ensemble 4
GRADIENTSUM 0.2361937571
LEAFVALUESSUM -0.1513352817
Tree 28 CV-Ensemble 4
GRADIENTSUM -0.1798502862
LEAFVALUESSUM 0.3047701373
Tree 29 CV-Ensemble 4
GRADIENTSUM 0.7026579054
LEAFVALUESSUM -0.1107935354
Tree 30 CV-Ensemble 4
GRADIENTSUM -0.1335253250
LEAFVALUESSUM 0.0154020605
Tree 31 CV-Ensemble 4
GRADIENTSUM 1.4163196172
LEAFVALUESSUM -0.4332273455
Tree 32 CV-Ensemble 4
GRADIENTSUM 0.8613891143
LEAFVALUESSUM 1.0808298762
Tree 33 CV-Ensemble 4
GRADIENTSUM 2.7863957629
LEAFVALUESSUM -0.2760677296
Tree 34 CV-Ensemble 4
GRADIENTSUM 2.1293021016
LEAFVALUESSUM -0.0546920636
Tree 35 CV-Ensemble 4
GRADIENTSUM 2.0791370640
LEAFVALUESSUM -0.0845204548
Tree 36 CV-Ensemble 4
GRADIENTSUM 1.8168368287
LEAFVALUESSUM 0.2799633094
Tree 37 CV-Ensemble 4
GRADIENTSUM 2.4975835900
LEAFVALUESSUM -0.6625744916
Tree 38 CV-Ensemble 4
GRADIENTSUM 1.1422712729
LEAFVALUESSUM -0.5813561298
Tree 39 CV-Ensemble 4
GRADIENTSUM -0.1604709502
LEAFVALUESSUM 0.4049474620
Tree 40 CV-Ensemble 4
GRADIENTSUM 0.8807134307
LEAFVALUESSUM 0.1555230458
Tree 41 CV-Ensemble 4
GRADIENTSUM 0.8662162452
LEAFVALUESSUM 1.1332911797
Tree 42 CV-Ensemble 4
GRADIENTSUM 2.2647192612
LEAFVALUESSUM -0.5910224518
Tree 43 CV-Ensemble 4
GRADIENTSUM 1.1180827948
LEAFVALUESSUM -0.6773842537
Tree 44 CV-Ensemble 4
GRADIENTSUM -0.2054330004
LEAFVALUESSUM -0.3832445808
Tree 45 CV-Ensemble 4
GRADIENTSUM -0.8416745137
LEAFVALUESSUM 0.4827856221
Tree 46 CV-Ensemble 4
GRADIENTSUM -0.2031828497
LEAFVALUESSUM -0.2512828498
Tree 47 CV-Ensemble 4
GRADIENTSUM -0.4627121531
LEAFVALUESSUM -0.5185798580
Tree 48 CV-Ensemble 4
GRADIENTSUM -1.2306410868
LEAFVALUESSUM 0.6469872392
Tree 49 CV-Ensemble 4
GRADIENTSUM -0.4436481850
LEAFVALUESSUM 0.4033165319
