Tree 0 CV-Ensemble 0
GRADIENTSUM -1.0984485683
LEAFVALUESSUM -1.0068649819
Tree 1 CV-Ensemble 0
GRADIENTSUM -24.6750567857
LEAFVALUESSUM -5.7029382165
Tree 2 CV-Ensemble 0
GRADIENTSUM -83.7707605137
LEAFVALUESSUM -0.4369466841
Tree 3 CV-Ensemble 0
GRADIENTSUM -99.3564001243
LEAFVALUESSUM -4.1240059163
Tree 4 CV-Ensemble 0
GRADIENTSUM -160.6764995236
LEAFVALUESSUM -1.3338920324
Tree 5 CV-Ensemble 0
GRADIENTSUM -180.1454997745
LEAFVALUESSUM -1.3459006742
Tree 6 CV-Ensemble 0
GRADIENTSUM -200.0739329595
LEAFVALUESSUM -0.8148718457
Tree 7 CV-Ensemble 0
GRADIENTSUM -177.5517742809
LEAFVALUESSUM 0.5240974020
Tree 8 CV-Ensemble 0
GRADIENTSUM -179.2376016912
LEAFVALUESSUM 0.8388124905
Tree 9 CV-Ensemble 0
GRADIENTSUM -240.4005678408
LEAFVALUESSUM -1.7159100348
Tree 10 CV-Ensemble 0
GRADIENTSUM -258.8329407450
LEAFVALUESSUM -0.1399894299
Tree 11 CV-Ensemble 0
GRADIENTSUM -260.5392294543
LEAFVALUESSUM 0.4774142433
Tree 12 CV-Ensemble 0
GRADIENTSUM -254.7007344840
LEAFVALUESSUM 1.5634846871
Tree 13 CV-Ensemble 0
GRADIENTSUM -218.2051396582
LEAFVALUESSUM 2.5562399503
Tree 14 CV-Ensemble 0
GRADIENTSUM -236.2506874627
LEAFVALUESSUM -0.7722859244
Tree 15 CV-Ensemble 0
GRADIENTSUM -242.0269413791
LEAFVALUESSUM -0.0738336731
Tree 16 CV-Ensemble 0
GRADIENTSUM -225.0114455342
LEAFVALUESSUM 1.1039763760
Tree 17 CV-Ensemble 0
GRADIENTSUM -190.2786049953
LEAFVALUESSUM 0.6410393515
Tree 18 CV-Ensemble 0
GRADIENTSUM -176.7766553851
LEAFVALUESSUM -0.6069675844
Tree 19 CV-Ensemble 0
GRADIENTSUM -178.3532135346
LEAFVALUESSUM 1.1723144243
Tree 20 CV-Ensemble 0
GRADIENTSUM -154.8716667832
LEAFVALUESSUM 1.4100534512
Tree 21 CV-Ensemble 0
GRADIENTSUM -126.4305039341
LEAFVALUESSUM 2.2123719921
Tree 22 CV-Ensemble 0
GRADIENTSUM -102.5812505661
LEAFVALUESSUM 2.5959555981
Tree 23 CV-Ensemble 0
GRADIENTSUM -75.0771567119
LEAFVALUESSUM 1.4256955868
Tree 24 CV-Ensemble 0
GRADIENTSUM -45.1648809049
LEAFVALUESSUM 1.3630104881
Tree 25 CV-Ensemble 0
GRADIENTSUM -19.2075062822
LEAFVALUESSUM -0.2486558357
Tree 26 CV-Ensemble 0
GRADIENTSUM -22.0371173597
LEAFVALUESSUM -0.7998770729
Tree 27 CV-Ensemble 0
GRADIENTSUM -35.7396672433
LEAFVALUESSUM -0.6684245258
Tree 28 CV-Ensemble 0
GRADIENTSUM -47.0323474877
LEAFVALUESSUM -0.4254095988
Tree 29 CV-Ensemble 0
GRADIENTSUM -53.1058992936
LEAFVALUESSUM -0.5733247398
Tree 30 CV-Ensemble 0
GRADIENTSUM -55.5235607811
LEAFVALUESSUM -0.4638733925
Tree 31 CV-Ensemble 0
GRADIENTSUM -63.3340802294
LEAFVALUESSUM -0.2350849143
Tree 32 CV-Ensemble 0
GRADIENTSUM -64.5595247265
LEAFVALUESSUM -0.0010067526
Tree 33 CV-Ensemble 0
GRADIENTSUM -67.7563602630
LEAFVALUESSUM -0.1016531242
Tree 34 CV-Ensemble 0
GRADIENTSUM -69.1678138107
LEAFVALUESSUM -0.0345355282
Tree 35 CV-Ensemble 0
GRADIENTSUM -68.4080392343
LEAFVALUESSUM 0.4404245639
Tree 36 CV-Ensemble 0
GRADIENTSUM -55.2647023070
LEAFVALUESSUM 0.4280395914
Tree 37 CV-Ensemble 0
GRADIENTSUM -37.5279672188
LEAFVALUESSUM 0.2837410597
Tree 38 CV-Ensemble 0
GRADIENTSUM -17.2948727032
LEAFVALUESSUM 0.4562000908
Tree 39 CV-Ensemble 0
GRADIENTSUM -0.3093986369
LEAFVALUESSUM -0.1970784392
Tree 40 CV-Ensemble 0
GRADIENTSUM -6.3364376447
LEAFVALUESSUM -0.1407024074
Tree 41 CV-Ensemble 0
GRADIENTSUM -10.7925313066
LEAFVALUESSUM -0.0739024447
Tree 42 CV-Ensemble 0
GRADIENTSUM -13.2254609312
LEAFVALUESSUM -0.0239450304
Tree 43 CV-Ensemble 0
GRADIENTSUM -14.4638768681
LEAFVALUESSUM -0.1124325845
Tree 44 CV-Ensemble 0
GRADIENTSUM -16.1393735999
LEAFVALUESSUM 0.0701211587
Tree 45 CV-Ensemble 0
GRADIENTSUM -16.0975620809
LEAFVALUESSUM 0.0349118543
Tree 46 CV-Ensemble 0
GRADIENTSUM -10.4312236899
LEAFVALUESSUM 0.1413930098
Tree 47 CV-Ensemble 0
GRADIENTSUM 3.4925417223
LEAFVALUESSUM -0.0848358059
Tree 48 CV-Ensemble 0
GRADIENTSUM 3.0991178628
LEAFVALUESSUM 0.0093364350
Tree 49 CV-Ensemble 0
GRADIENTSUM 1.9795372391
LEAFVALUESSUM -0.0412477970
Tree 0 CV-Ensemble 1
GRADIENTSUM -3.0049386411
LEAFVALUESSUM 1.1754519619
Tree 1 CV-Ensemble 1
GRADIENTSUM 18.9086960255
LEAFVALUESSUM 2.1454957207
Tree 2 CV-Ensemble 1
GRADIENTSUM 23.2957037907
LEAFVALUESSUM 1.8412307500
Tree 3 CV-Ensemble 1
GRADIENTSUM 43.2685007920
LEAFVALUESSUM 0.0503184231
Tree 4 CV-Ensemble 1
GRADIENTSUM 77.8807183072
LEAFVALUESSUM 3.4095594513
Tree 5 CV-Ensemble 1
GRADIENTSUM 126.0363351670
LEAFVALUESSUM 2.1352392854
Tree 6 CV-Ensemble 1
GRADIENTSUM 147.5825363542
LEAFVALUESSUM 4.5048057080
Tree 7 CV-Ensemble 1
GRADIENTSUM 184.1922468185
LEAFVALUESSUM 0.5448868996
Tree 8 CV-Ensemble 1
GRADIENTSUM 194.3045785609
LEAFVALUESSUM 3.0488755647
Tree 9 CV-Ensemble 1
GRADIENTSUM 231.2445067809
LEAFVALUESSUM 1.8804622728
Tree 10 CV-Ensemble 1
GRADIENTSUM 262.2926598950
LEAFVALUESSUM 1.8857389006
Tree 11 CV-Ensemble 1
GRADIENTSUM 307.0037684712
LEAFVALUESSUM 2.0096594603
Tree 12 CV-Ensemble 1
GRADIENTSUM 321.1319109460
LEAFVALUESSUM -3.2145956846
Tree 13 CV-Ensemble 1
GRADIENTSUM 278.9199012391
LEAFVALUESSUM -4.1682552177
Tree 14 CV-Ensemble 1
GRADIENTSUM 247.9765539720
LEAFVALUESSUM -5.1689039198
Tree 15 CV-Ensemble 1
GRADIENTSUM 188.5797832776
LEAFVALUESSUM -2.9261963585
Tree 16 CV-Ensemble 1
GRADIENTSUM 162.4172656189
LEAFVALUESSUM -1.1223409491
Tree 17 CV-Ensemble 1
GRADIENTSUM 151.4714927651
LEAFVALUESSUM -4.1284833554
Tree 18 CV-Ensemble 1
GRADIENTSUM 126.9047007344
LEAFVALUESSUM -2.3890340819
Tree 19 CV-Ensemble 1
GRADIENTSUM 96.0314218909
LEAFVALUESSUM 0.0049230924
Tree 20 CV-Ensemble 1
GRADIENTSUM 95.8241484613
LEAFVALUESSUM 1.1260730153
Tree 21 CV-Ensemble 1
GRADIENTSUM 109.1946727092
LEAFVALUESSUM 0.7109542772
Tree 22 CV-Ensemble 1
GRADIENTSUM 114.1613501511
LEAFVALUESSUM 0.5290426787
Tree 23 CV-Ensemble 1
GRADIENTSUM 130.8863409051
LEAFVALUESSUM 0.6604475623
Tree 24 CV-Ensemble 1
GRADIENTSUM 148.5091849888
LEAFVALUESSUM 0.3474925692
Tree 25 CV-Ensemble 1
GRADIENTSUM 163.0623026657
LEAFVALUESSUM -0.4645631791
Tree 26 CV-Ensemble 1
GRADIENTSUM 147.7379911413
LEAFVALUESSUM -1.5416293484
Tree 27 CV-Ensemble 1
GRADIENTSUM 126.3034280544
LEAFVALUESSUM -1.3374439511
Tree 28 CV-Ensemble 1
GRADIENTSUM 106.2857211374
LEAFVALUESSUM -1.1149261570
Tree 29 CV-Ensemble 1
GRADIENTSUM 92.0847219340
LEAFVALUESSUM -1.1009864497
Tree 30 CV-Ensemble 1
GRADIENTSUM 77.7167518561
LEAFVALUESSUM -1.3240749086
Tree 31 CV-Ensemble 1
GRADIENTSUM 63.3334300946
LEAFVALUESSUM -1.0179377771
Tree 32 CV-Ensemble 1
GRADIENTSUM 51.6967636559
LEAFVALUESSUM -0.6462897730
Tree 33 CV-Ensemble 1
GRADIENTSUM 39.5925979702
LEAFVALUESSUM -0.6001409393
Tree 34 CV-Ensemble 1
GRADIENTSUM 30.6593468525
LEAFVALUESSUM -0.4585096417
Tree 35 CV-Ensemble 1
GRADIENTSUM 23.8884021669
LEAFVALUESSUM 0.2002524404
Tree 36 CV-Ensemble 1
GRADIENTSUM 29.8607128298
LEAFVALUESSUM 0.1887721795
Tree 37 CV-Ensemble 1
GRADIENTSUM 38.8034069759
LEAFVALUESSUM 0.1824800363
Tree 38 CV-Ensemble 1
GRADIENTSUM 51.2557746299
LEAFVALUESSUM 0.2933951728
Tree 39 CV-Ensemble 1
GRADIENTSUM 61.1805031695
LEAFVALUESSUM -0.4691437835
Tree 40 CV-Ensemble 1
GRADIENTSUM 50.2000114281
LEAFVALUESSUM -0.5163864601
Tree 41 CV-Ensemble 1
GRADIENTSUM 40.9353305868
LEAFVALUESSUM -0.3844781568
Tree 42 CV-Ensemble 1
GRADIENTSUM 32.7773443228
LEAFVALUESSUM -0.1556426974
Tree 43 CV-Ensemble 1
GRADIENTSUM 26.3020317314
LEAFVALUESSUM -0.2559920935
Tree 44 CV-Ensemble 1
GRADIENTSUM 17.9596614143
LEAFVALUESSUM -0.2648613678
Tree 45 CV-Ensemble 1
GRADIENTSUM 12.7530583880
LEAFVALUESSUM -0.1134635264
Tree 46 CV-Ensemble 1
GRADIENTSUM 11.6443376602
LEAFVALUESSUM 0.1000109998
Tree 47 CV-Ensemble 1
GRADIENTSUM 19.2538822001
LEAFVALUESSUM -0.0848358059
Tree 48 CV-Ensemble 1
GRADIENTSUM 13.5997669371
LEAFVALUESSUM -0.0507809976
Tree 49 CV-Ensemble 1
GRADIENTSUM 7.3701713844
LEAFVALUESSUM -0.1088019210
Tree 0 CV-Ensemble 2
GRADIENTSUM -1.5270582201
LEAFVALUESSUM 2.1614685740
Tree 1 CV-Ensemble 2
GRADIENTSUM 28.7956426547
LEAFVALUESSUM 3.2304780864
Tree 2 CV-Ensemble 2
GRADIENTSUM 45.8304703867
LEAFVALUESSUM 2.7535679191
Tree 3 CV-Ensemble 2
GRADIENTSUM 76.4712572713
LEAFVALUESSUM 0.6933718177
Tree 4 CV-Ensemble 2
GRADIENTSUM 117.5025669489
LEAFVALUESSUM 4.3897685051
Tree 5 CV-Ensemble 2
GRADIENTSUM 176.2346926186
LEAFVALUESSUM 2.8785311110
Tree 6 CV-Ensemble 2
GRADIENTSUM 202.3521495199
LEAFVALUESSUM 5.1162012560
Tree 7 CV-Ensemble 2
GRADIENTSUM 243.1961516969
LEAFVALUESSUM 1.1147111585
Tree 8 CV-Ensemble 2
GRADIENTSUM 257.9177431680
LEAFVALUESSUM 3.3274620353
Tree 9 CV-Ensemble 2
GRADIENTSUM 297.2689677996
LEAFVALUESSUM 2.3604856243
Tree 10 CV-Ensemble 2
GRADIENTSUM 332.6473187435
LEAFVALUESSUM 2.1236383090
Tree 11 CV-Ensemble 2
GRADIENTSUM 381.6516971990
LEAFVALUESSUM 2.5737515744
Tree 12 CV-Ensemble 2
GRADIENTSUM 399.8607501833
LEAFVALUESSUM -3.3889367319
Tree 13 CV-Ensemble 2
GRADIENTSUM 364.3257637444
LEAFVALUESSUM -3.2621211011
Tree 14 CV-Ensemble 2
GRADIENTSUM 304.9153246381
LEAFVALUESSUM -4.6113787435
Tree 15 CV-Ensemble 2
GRADIENTSUM 254.1617475064
LEAFVALUESSUM -4.1659754930
Tree 16 CV-Ensemble 2
GRADIENTSUM 207.3897805427
LEAFVALUESSUM -2.9173532693
Tree 17 CV-Ensemble 2
GRADIENTSUM 176.8572966604
LEAFVALUESSUM -2.8755314809
Tree 18 CV-Ensemble 2
GRADIENTSUM 142.0300281148
LEAFVALUESSUM -3.1215982761
Tree 19 CV-Ensemble 2
GRADIENTSUM 103.9037313989
LEAFVALUESSUM -1.0552898557
Tree 20 CV-Ensemble 2
GRADIENTSUM 84.8367965667
LEAFVALUESSUM -1.4406491738
Tree 21 CV-Ensemble 2
GRADIENTSUM 81.4834460115
LEAFVALUESSUM -1.9305408859
Tree 22 CV-Ensemble 2
GRADIENTSUM 66.8856711826
LEAFVALUESSUM -1.5989908653
Tree 23 CV-Ensemble 2
GRADIENTSUM 49.7264764162
LEAFVALUESSUM -1.8939230425
Tree 24 CV-Ensemble 2
GRADIENTSUM 34.1134666572
LEAFVALUESSUM -0.4991204402
Tree 25 CV-Ensemble 2
GRADIENTSUM 28.0369303894
LEAFVALUESSUM -0.6092220559
Tree 26 CV-Ensemble 2
GRADIENTSUM 15.5972996491
LEAFVALUESSUM -0.5466647033
Tree 27 CV-Ensemble 2
GRADIENTSUM 3.9896183258
LEAFVALUESSUM -1.4039782495
Tree 28 CV-Ensemble 2
GRADIENTSUM -9.1071912237
LEAFVALUESSUM -0.6497685919
Tree 29 CV-Ensemble 2
GRADIENTSUM -18.5047366387
LEAFVALUESSUM -0.5915674282
Tree 30 CV-Ensemble 2
GRADIENTSUM -25.5535286182
LEAFVALUESSUM -0.3335606757
Tree 31 CV-Ensemble 2
GRADIENTSUM -32.7324248534
LEAFVALUESSUM -0.1738011186
Tree 32 CV-Ensemble 2
GRADIENTSUM -36.4503941913
LEAFVALUESSUM -0.4955314148
Tree 33 CV-Ensemble 2
GRADIENTSUM -42.4549520844
LEAFVALUESSUM -0.2973319485
Tree 34 CV-Ensemble 2
GRADIENTSUM -44.1698118991
LEAFVALUESSUM -0.1426208725
Tree 35 CV-Ensemble 2
GRADIENTSUM -45.0558470285
LEAFVALUESSUM 0.5091176283
Tree 36 CV-Ensemble 2
GRADIENTSUM -34.0818434073
LEAFVALUESSUM 0.4569084235
Tree 37 CV-Ensemble 2
GRADIENTSUM -19.7303895534
LEAFVALUESSUM 0.2379663552
Tree 38 CV-Ensemble 2
GRADIENTSUM -2.5141937417
LEAFVALUESSUM 0.4511020798
Tree 39 CV-Ensemble 2
GRADIENTSUM 12.1476339292
LEAFVALUESSUM -0.2210307730
Tree 40 CV-Ensemble 2
GRADIENTSUM 6.2250368045
LEAFVALUESSUM -0.2237554499
Tree 41 CV-Ensemble 2
GRADIENTSUM 1.2418237512
LEAFVALUESSUM -0.2195785549
Tree 42 CV-Ensemble 2
GRADIENTSUM -1.6790811881
LEAFVALUESSUM -0.0272070798
Tree 43 CV-Ensemble 2
GRADIENTSUM -4.1910630766
LEAFVALUESSUM -0.1089626822
Tree 44 CV-Ensemble 2
GRADIENTSUM -7.0541284836
LEAFVALUESSUM -0.1111925165
Tree 45 CV-Ensemble 2
GRADIENTSUM -8.3099490202
LEAFVALUESSUM -0.0523677814
Tree 46 CV-Ensemble 2
GRADIENTSUM -5.2866843890
LEAFVALUESSUM 0.1163000321
Tree 47 CV-Ensemble 2
GRADIENTSUM 6.5698605043
LEAFVALUESSUM -0.0672227180
Tree 48 CV-Ensemble 2
GRADIENTSUM 4.9364722987
LEAFVALUESSUM -0.0011948642
Tree 49 CV-Ensemble 2
GRADIENTSUM 2.8361875440
LEAFVALUESSUM -0.0425937758
Tree 0 CV-Ensemble 3
GRADIENTSUM -2.1356758143
LEAFVALUESSUM 1.7705450583
Tree 1 CV-Ensemble 3
GRADIENTSUM 23.9675079557
LEAFVALUESSUM 2.7660357938
Tree 2 CV-Ensemble 3
GRADIENTSUM 35.3839020870
LEAFVALUESSUM 2.3634108187
Tree 3 CV-Ensemble 3
GRADIENTSUM 60.4231433823
LEAFVALUESSUM 0.4821547476
Tree 4 CV-Ensemble 3
GRADIENTSUM 97.7336885137
LEAFVALUESSUM 3.9594667510
Tree 5 CV-Ensemble 3
GRADIENTSUM 150.2413957493
LEAFVALUESSUM 2.4871686529
Tree 6 CV-Ensemble 3
GRADIENTSUM 174.2480386129
LEAFVALUESSUM 4.8677237794
Tree 7 CV-Ensemble 3
GRADIENTSUM 213.0667627391
LEAFVALUESSUM 0.8914008833
Tree 8 CV-Ensemble 3
GRADIENTSUM 226.5358840307
LEAFVALUESSUM 3.2420167862
Tree 9 CV-Ensemble 3
GRADIENTSUM 265.0208233764
LEAFVALUESSUM 2.1127145719
Tree 10 CV-Ensemble 3
GRADIENTSUM 298.5125157090
LEAFVALUESSUM 2.0340476889
Tree 11 CV-Ensemble 3
GRADIENTSUM 345.2380906566
LEAFVALUESSUM 2.2836421573
Tree 12 CV-Ensemble 3
GRADIENTSUM 359.4229104587
LEAFVALUESSUM -3.5199803646
Tree 13 CV-Ensemble 3
GRADIENTSUM 324.6817973307
LEAFVALUESSUM -3.3378104702
Tree 14 CV-Ensemble 3
GRADIENTSUM 264.5545604472
LEAFVALUESSUM -4.4057599088
Tree 15 CV-Ensemble 3
GRADIENTSUM 212.3720755145
LEAFVALUESSUM -4.8412308715
Tree 16 CV-Ensemble 3
GRADIENTSUM 161.0904602131
LEAFVALUESSUM -2.8230696090
Tree 17 CV-Ensemble 3
GRADIENTSUM 130.1313109575
LEAFVALUESSUM -3.2092250025
Tree 18 CV-Ensemble 3
GRADIENTSUM 100.0138797421
LEAFVALUESSUM -3.8729868792
Tree 19 CV-Ensemble 3
GRADIENTSUM 66.3800922581
LEAFVALUESSUM -1.3259184730
Tree 20 CV-Ensemble 3
GRADIENTSUM 50.6090955192
LEAFVALUESSUM -2.0099898800
Tree 21 CV-Ensemble 3
GRADIENTSUM 45.5133351315
LEAFVALUESSUM -1.9754709464
Tree 22 CV-Ensemble 3
GRADIENTSUM 25.6090554549
LEAFVALUESSUM -1.8286302058
Tree 23 CV-Ensemble 3
GRADIENTSUM 7.8681724382
LEAFVALUESSUM -2.0124634317
Tree 24 CV-Ensemble 3
GRADIENTSUM -6.9391273125
LEAFVALUESSUM -0.4416911084
Tree 25 CV-Ensemble 3
GRADIENTSUM -13.1161830101
LEAFVALUESSUM -0.4344925800
Tree 26 CV-Ensemble 3
GRADIENTSUM -10.2455759711
LEAFVALUESSUM -1.0453843009
Tree 27 CV-Ensemble 3
GRADIENTSUM -27.0881938927
LEAFVALUESSUM -1.3691131059
Tree 28 CV-Ensemble 3
GRADIENTSUM -39.6279982630
LEAFVALUESSUM -0.1659182067
Tree 29 CV-Ensemble 3
GRADIENTSUM -43.5328455873
LEAFVALUESSUM -0.6267127745
Tree 30 CV-Ensemble 3
GRADIENTSUM -48.3516657408
LEAFVALUESSUM -0.3827433447
Tree 31 CV-Ensemble 3
GRADIENTSUM -50.7741945736
LEAFVALUESSUM -0.0875924567
Tree 32 CV-Ensemble 3
GRADIENTSUM -52.0094872759
LEAFVALUESSUM -0.0986764034
Tree 33 CV-Ensemble 3
GRADIENTSUM -48.3960474758
LEAFVALUESSUM 0.5260289658
Tree 34 CV-Ensemble 3
GRADIENTSUM -35.7516128480
LEAFVALUESSUM 0.1252213799
Tree 35 CV-Ensemble 3
GRADIENTSUM -27.4784104797
LEAFVALUESSUM 0.7401491170
Tree 36 CV-Ensemble 3
GRADIENTSUM -9.7292821281
LEAFVALUESSUM 0.4459519304
Tree 37 CV-Ensemble 3
GRADIENTSUM 5.5223558872
LEAFVALUESSUM 0.2242523700
Tree 38 CV-Ensemble 3
GRADIENTSUM 15.6870545946
LEAFVALUESSUM 0.4098617285
Tree 39 CV-Ensemble 3
GRADIENTSUM 28.5320684558
LEAFVALUESSUM -0.2265496507
Tree 40 CV-Ensemble 3
GRADIENTSUM 20.9592426023
LEAFVALUESSUM -0.3924171000
Tree 41 CV-Ensemble 3
GRADIENTSUM 14.3921542315
LEAFVALUESSUM -0.2578382869
Tree 42 CV-Ensemble 3
GRADIENTSUM 10.0013707902
LEAFVALUESSUM -0.1031488914
Tree 43 CV-Ensemble 3
GRADIENTSUM 6.2275355604
LEAFVALUESSUM -0.1460356747
Tree 44 CV-Ensemble 3
GRADIENTSUM 1.5875242355
LEAFVALUESSUM -0.1532402741
Tree 45 CV-Ensemble 3
GRADIENTSUM -1.1475348473
LEAFVALUESSUM -0.0667769982
Tree 46 CV-Ensemble 3
GRADIENTSUM 0.3704976254
LEAFVALUESSUM 0.0864068393
Tree 47 CV-Ensemble 3
GRADIENTSUM 10.6712898107
LEAFVALUESSUM -0.0494875534
Tree 48 CV-Ensemble 3
GRADIENTSUM 7.5364151196
LEAFVALUESSUM -0.0342848322
Tree 49 CV-Ensemble 3
GRADIENTSUM 4.0059492529
LEAFVALUESSUM -0.0366521810
Tree 0 CV-Ensemble 4
GRADIENTSUM 6.5922031290
LEAFVALUESSUM 1.6764044100
Tree 1 CV-Ensemble 4
GRADIENTSUM 31.6264289009
LEAFVALUESSUM 2.6678695656
Tree 2 CV-Ensemble 4
GRADIENTSUM 42.8683741293
LEAFVALUESSUM 2.2808046341
Tree 3 CV-Ensemble 4
GRADIENTSUM 68.4093570198
LEAFVALUESSUM 0.4137153117
Tree 4 CV-Ensemble 4
GRADIENTSUM 106.6718776817
LEAFVALUESSUM 3.8716621689
Tree 5 CV-Ensemble 4
GRADIENTSUM 160.9230551910
LEAFVALUESSUM 2.4504770325
Tree 6 CV-Ensemble 4
GRADIENTSUM 184.7455232410
LEAFVALUESSUM 4.7926101281
Tree 7 CV-Ensemble 4
GRADIENTSUM 223.1959892886
LEAFVALUESSUM 0.8415739229
Tree 8 CV-Ensemble 4
GRADIENTSUM 236.1231990991
LEAFVALUESSUM 3.2076839192
Tree 9 CV-Ensemble 4
GRADIENTSUM 273.8600913158
LEAFVALUESSUM 2.0696419106
Tree 10 CV-Ensemble 4
GRADIENTSUM 306.7632867670
LEAFVALUESSUM 2.0098885530
Tree 11 CV-Ensemble 4
GRADIENTSUM 353.2923322256
LEAFVALUESSUM 2.2540642281
Tree 12 CV-Ensemble 4
GRADIENTSUM 367.5172154425
LEAFVALUESSUM -3.5509966556
Tree 13 CV-Ensemble 4
GRADIENTSUM 332.3272907464
LEAFVALUESSUM -2.8283526480
Tree 14 CV-Ensemble 4
GRADIENTSUM 274.4134688179
LEAFVALUESSUM -4.6203837695
Tree 15 CV-Ensemble 4
GRADIENTSUM 221.1458757429
LEAFVALUESSUM -4.2580499703
Tree 16 CV-Ensemble 4
GRADIENTSUM 170.4876140296
LEAFVALUESSUM -2.8820311813
Tree 17 CV-Ensemble 4
GRADIENTSUM 138.5371900287
LEAFVALUESSUM -3.0961166574
Tree 18 CV-Ensemble 4
GRADIENTSUM 98.8350719934
LEAFVALUESSUM -3.6941294624
Tree 19 CV-Ensemble 4
GRADIENTSUM 65.6892607595
LEAFVALUESSUM -1.2390445300
Tree 20 CV-Ensemble 4
GRADIENTSUM 47.9795849008
LEAFVALUESSUM -1.9168817305
Tree 21 CV-Ensemble 4
GRADIENTSUM 41.7514818509
LEAFVALUESSUM -1.6047447483
Tree 22 CV-Ensemble 4
GRADIENTSUM 28.6462679619
LEAFVALUESSUM -1.7443619540
Tree 23 CV-Ensemble 4
GRADIENTSUM 11.1045755996
LEAFVALUESSUM -1.7430813587
Tree 24 CV-Ensemble 4
GRADIENTSUM -3.7403079595
LEAFVALUESSUM -0.2632137544
Tree 25 CV-Ensemble 4
GRADIENTSUM -10.2653558308
LEAFVALUESSUM 0.1006853004
Tree 26 CV-Ensemble 4
GRADIENTSUM -18.9437298409
LEAFVALUESSUM -1.2441707329
Tree 27 CV-Ensemble 4
GRADIENTSUM -34.6462102657
LEAFVALUESSUM -0.9898871084
Tree 28 CV-Ensemble 4
GRADIENTSUM -45.2171251085
LEAFVALUESSUM -0.4220595157
Tree 29 CV-Ensemble 4
GRADIENTSUM -48.6747839823
LEAFVALUESSUM -0.4187262420
Tree 30 CV-Ensemble 4
GRADIENTSUM -53.4260063876
LEAFVALUESSUM -0.2751593516
Tree 31 CV-Ensemble 4
GRADIENTSUM -54.0273722666
LEAFVALUESSUM 0.0069725043
Tree 32 CV-Ensemble 4
GRADIENTSUM -54.7720637122
LEAFVALUESSUM 0.0540482709
Tree 33 CV-Ensemble 4
GRADIENTSUM -50.6191271642
LEAFVALUESSUM 0.4635473157
Tree 34 CV-Ensemble 4
GRADIENTSUM -36.2805081567
LEAFVALUESSUM 0.2847841638
Tree 35 CV-Ensemble 4
GRADIENTSUM -27.4043643038
LEAFVALUESSUM 0.8613006363
Tree 36 CV-Ensemble 4
GRADIENTSUM -9.0321714283
LEAFVALUESSUM 0.3819514742
Tree 37 CV-Ensemble 4
GRADIENTSUM 6.5848597840
LEAFVALUESSUM 0.3053440342
Tree 38 CV-Ensemble 4
GRADIENTSUM 16.5710694287
LEAFVALUESSUM -0.1264126354
Tree 39 CV-Ensemble 4
GRADIENTSUM 10.5819734886
LEAFVALUESSUM -0.2047486113
Tree 40 CV-Ensemble 4
GRADIENTSUM 2.8167049887
LEAFVALUESSUM -0.2195953034
Tree 41 CV-Ensemble 4
GRADIENTSUM -3.7356445210
LEAFVALUESSUM -0.1422157967
Tree 42 CV-Ensemble 4
GRADIENTSUM -6.6733121905
LEAFVALUESSUM -0.1905327178
Tree 43 CV-Ensemble 4
GRADIENTSUM -12.1990287992
LEAFVALUESSUM -0.0974523586
Tree 44 CV-Ensemble 4
GRADIENTSUM -16.4407419084
LEAFVALUESSUM -0.0695031637
Tree 45 CV-Ensemble 4
GRADIENTSUM -19.0331510246
LEAFVALUESSUM -0.1358609581
Tree 46 CV-Ensemble 4
GRADIENTSUM -22.9417574119
LEAFVALUESSUM -0.0722672088
Tree 47 CV-Ensemble 4
GRADIENTSUM -24.8464330054
LEAFVALUESSUM 0.0067733749
Tree 48 CV-Ensemble 4
GRADIENTSUM -22.6038392879
LEAFVALUESSUM 0.0982145252
Tree 49 CV-Ensemble 4
GRADIENTSUM -13.7294642861
LEAFVALUESSUM 0.0916939940
