Tree 0 CV-Ensemble 0
GRADIENTSUM 0.00000000
LEAFVALUESSUM 4.7676758618
Tree 1 CV-Ensemble 0
GRADIENTSUM 1.99868595
LEAFVALUESSUM 2.4358638884
Tree 2 CV-Ensemble 0
GRADIENTSUM -1.97697879
LEAFVALUESSUM 4.8560326167
Tree 3 CV-Ensemble 0
GRADIENTSUM -0.18996504
LEAFVALUESSUM 5.7396543612
Tree 4 CV-Ensemble 0
GRADIENTSUM -0.11613746
LEAFVALUESSUM 3.5926861036
Tree 0 CV-Ensemble 1
GRADIENTSUM 0.00000000
LEAFVALUESSUM 1.7957101273
Tree 1 CV-Ensemble 1
GRADIENTSUM -2.18225357
LEAFVALUESSUM 3.2695418608
Tree 2 CV-Ensemble 1
GRADIENTSUM -5.10786241
LEAFVALUESSUM 4.7181957692
Tree 3 CV-Ensemble 1
GRADIENTSUM -2.26060079
LEAFVALUESSUM 6.0907859537
Tree 4 CV-Ensemble 1
GRADIENTSUM -1.08747057
LEAFVALUESSUM 3.7983322028
Tree 0 CV-Ensemble 2
GRADIENTSUM 0.00000000
LEAFVALUESSUM 1.1227534345
Tree 1 CV-Ensemble 2
GRADIENTSUM -3.86297620
LEAFVALUESSUM 6.3779865706
Tree 2 CV-Ensemble 2
GRADIENTSUM -1.40968795
LEAFVALUESSUM 2.4342950693
Tree 3 CV-Ensemble 2
GRADIENTSUM 0.97785469
LEAFVALUESSUM 5.4706336415
Tree 4 CV-Ensemble 2
GRADIENTSUM 0.40638131
LEAFVALUESSUM 2.8905828388
Tree 0 CV-Ensemble 3
GRADIENTSUM 0.00000000
LEAFVALUESSUM 1.6274709541
Tree 1 CV-Ensemble 3
GRADIENTSUM -2.59757873
LEAFVALUESSUM 7.0139038132
Tree 2 CV-Ensemble 3
GRADIENTSUM 1.09021981
LEAFVALUESSUM 4.9780179985
Tree 3 CV-Ensemble 3
GRADIENTSUM -0.07578443
LEAFVALUESSUM -1.0521272006
Tree 4 CV-Ensemble 3
GRADIENTSUM -0.61247500
LEAFVALUESSUM 3.7057462253
Tree 0 CV-Ensemble 4
GRADIENTSUM 0.00000000
LEAFVALUESSUM 1.6274709541
Tree 1 CV-Ensemble 4
GRADIENTSUM -2.63148875
LEAFVALUESSUM 7.0139038132
Tree 2 CV-Ensemble 4
GRADIENTSUM 1.12626957
LEAFVALUESSUM 4.9780179985
Tree 3 CV-Ensemble 4
GRADIENTSUM -0.06142912
LEAFVALUESSUM -0.1220673404
Tree 4 CV-Ensemble 4
GRADIENTSUM -0.45750442
LEAFVALUESSUM 3.2415960029
