Tree 0 CV-Ensemble 0
GRADIENTSUM -0.0000000000
LEAFVALUESSUM -1.5622835498
Tree 1 CV-Ensemble 0
GRADIENTSUM -42.8648349567
LEAFVALUESSUM -2.0870498819
Tree 2 CV-Ensemble 0
GRADIENTSUM -109.8152334219
LEAFVALUESSUM -2.3874464414
Tree 3 CV-Ensemble 0
GRADIENTSUM -111.1095548608
LEAFVALUESSUM 4.0393775180
Tree 4 CV-Ensemble 0
GRADIENTSUM -85.3061317689
LEAFVALUESSUM 4.1456927389
Tree 5 CV-Ensemble 0
GRADIENTSUM -63.2300847605
LEAFVALUESSUM 2.7258233437
Tree 6 CV-Ensemble 0
GRADIENTSUM -46.4907852218
LEAFVALUESSUM 2.0069662229
Tree 7 CV-Ensemble 0
GRADIENTSUM -29.5191141188
LEAFVALUESSUM 1.3029318519
Tree 8 CV-Ensemble 0
GRADIENTSUM -22.3398743208
LEAFVALUESSUM 2.1742845713
Tree 9 CV-Ensemble 0
GRADIENTSUM -3.5348074664
LEAFVALUESSUM 1.4919504829
Tree 10 CV-Ensemble 0
GRADIENTSUM 6.7641889353
LEAFVALUESSUM 1.3771371639
Tree 11 CV-Ensemble 0
GRADIENTSUM 12.6473834080
LEAFVALUESSUM 0.5057597228
Tree 12 CV-Ensemble 0
GRADIENTSUM 17.7163456241
LEAFVALUESSUM 1.3345635127
Tree 13 CV-Ensemble 0
GRADIENTSUM 23.3263343135
LEAFVALUESSUM 2.2790794290
Tree 14 CV-Ensemble 0
GRADIENTSUM 34.7106258600
LEAFVALUESSUM 1.4712015530
Tree 15 CV-Ensemble 0
GRADIENTSUM 44.4997607682
LEAFVALUESSUM 2.1684562327
Tree 16 CV-Ensemble 0
GRADIENTSUM 56.4276403006
LEAFVALUESSUM 2.2854659658
Tree 17 CV-Ensemble 0
GRADIENTSUM 67.3286674121
LEAFVALUESSUM 0.8179645882
Tree 18 CV-Ensemble 0
GRADIENTSUM 73.0662945994
LEAFVALUESSUM 0.7568380763
Tree 19 CV-Ensemble 0
GRADIENTSUM 72.5248821761
LEAFVALUESSUM -1.4199048387
Tree 20 CV-Ensemble 0
GRADIENTSUM 67.6431606969
LEAFVALUESSUM -1.4663913633
Tree 21 CV-Ensemble 0
GRADIENTSUM 56.1433213291
LEAFVALUESSUM -1.1267787535
Tree 22 CV-Ensemble 0
GRADIENTSUM 43.4934999810
LEAFVALUESSUM -0.9847709022
Tree 23 CV-Ensemble 0
GRADIENTSUM 33.2268462828
LEAFVALUESSUM -0.4501664059
Tree 24 CV-Ensemble 0
GRADIENTSUM 28.2780717920
LEAFVALUESSUM -0.9571973169
Tree 25 CV-Ensemble 0
GRADIENTSUM 15.1795198692
LEAFVALUESSUM -0.5025285914
Tree 26 CV-Ensemble 0
GRADIENTSUM 9.8133894608
LEAFVALUESSUM 0.7753298267
Tree 27 CV-Ensemble 0
GRADIENTSUM 16.5702873553
LEAFVALUESSUM 0.9048592475
Tree 28 CV-Ensemble 0
GRADIENTSUM 21.3741929055
LEAFVALUESSUM 0.7156683885
Tree 29 CV-Ensemble 0
GRADIENTSUM 25.6323233251
LEAFVALUESSUM 0.3297090088
Tree 30 CV-Ensemble 0
GRADIENTSUM 28.7940074609
LEAFVALUESSUM -0.3114256400
Tree 31 CV-Ensemble 0
GRADIENTSUM 25.7533585548
LEAFVALUESSUM -0.0763040849
Tree 32 CV-Ensemble 0
GRADIENTSUM 22.3886548988
LEAFVALUESSUM -0.2746947056
Tree 33 CV-Ensemble 0
GRADIENTSUM 17.9268371629
LEAFVALUESSUM -0.4326441614
Tree 34 CV-Ensemble 0
GRADIENTSUM 9.7806712418
LEAFVALUESSUM -0.1668770337
Tree 35 CV-Ensemble 0
GRADIENTSUM 1.8101817656
LEAFVALUESSUM -0.0750946651
Tree 36 CV-Ensemble 0
GRADIENTSUM -4.0299174167
LEAFVALUESSUM -0.0965005516
Tree 37 CV-Ensemble 0
GRADIENTSUM -7.7583280920
LEAFVALUESSUM -0.1227504677
Tree 38 CV-Ensemble 0
GRADIENTSUM -10.2180117432
LEAFVALUESSUM -0.1308567035
Tree 39 CV-Ensemble 0
GRADIENTSUM -14.1820387312
LEAFVALUESSUM 0.1313856261
Tree 40 CV-Ensemble 0
GRADIENTSUM -13.1441786184
LEAFVALUESSUM 0.0422092405
Tree 41 CV-Ensemble 0
GRADIENTSUM -13.3537056902
LEAFVALUESSUM 0.0508439916
Tree 42 CV-Ensemble 0
GRADIENTSUM -11.8771982683
LEAFVALUESSUM 0.1077526366
Tree 43 CV-Ensemble 0
GRADIENTSUM -8.7066912349
LEAFVALUESSUM 0.1616289550
Tree 44 CV-Ensemble 0
GRADIENTSUM -5.7034457864
LEAFVALUESSUM 0.1260705849
Tree 45 CV-Ensemble 0
GRADIENTSUM -2.2307833071
LEAFVALUESSUM 0.1396474171
Tree 46 CV-Ensemble 0
GRADIENTSUM 0.6531176475
LEAFVALUESSUM 0.1021171737
Tree 47 CV-Ensemble 0
GRADIENTSUM 3.4076353514
LEAFVALUESSUM 0.0919054564
Tree 48 CV-Ensemble 0
GRADIENTSUM 5.2175553997
LEAFVALUESSUM -0.0318134272
Tree 49 CV-Ensemble 0
GRADIENTSUM 0.9736375886
LEAFVALUESSUM 0.0286320845
Tree 0 CV-Ensemble 1
GRADIENTSUM -0.0000000000
LEAFVALUESSUM 1.3479694486
Tree 1 CV-Ensemble 1
GRADIENTSUM 7.8583899963
LEAFVALUESSUM -0.1356257379
Tree 2 CV-Ensemble 1
GRADIENTSUM 8.6149093292
LEAFVALUESSUM 0.3990488001
Tree 3 CV-Ensemble 1
GRADIENTSUM 11.6821956033
LEAFVALUESSUM 1.1631290194
Tree 4 CV-Ensemble 1
GRADIENTSUM 21.3794482012
LEAFVALUESSUM 1.8718168990
Tree 5 CV-Ensemble 1
GRADIENTSUM 42.3282685945
LEAFVALUESSUM 2.3219759572
Tree 6 CV-Ensemble 1
GRADIENTSUM 61.8368495356
LEAFVALUESSUM 1.8633880125
Tree 7 CV-Ensemble 1
GRADIENTSUM 75.3025462827
LEAFVALUESSUM 1.3816463742
Tree 8 CV-Ensemble 1
GRADIENTSUM 86.9844004112
LEAFVALUESSUM 1.4805118025
Tree 9 CV-Ensemble 1
GRADIENTSUM 94.3016468173
LEAFVALUESSUM 1.2668357955
Tree 10 CV-Ensemble 1
GRADIENTSUM 99.9837709312
LEAFVALUESSUM 1.0988117185
Tree 11 CV-Ensemble 1
GRADIENTSUM 109.4977288063
LEAFVALUESSUM -0.5683249910
Tree 12 CV-Ensemble 1
GRADIENTSUM 109.1703392807
LEAFVALUESSUM -1.6764774470
Tree 13 CV-Ensemble 1
GRADIENTSUM 101.5746272238
LEAFVALUESSUM 0.8306757355
Tree 14 CV-Ensemble 1
GRADIENTSUM 104.7273733038
LEAFVALUESSUM 0.6477178526
Tree 15 CV-Ensemble 1
GRADIENTSUM 110.7960672884
LEAFVALUESSUM 0.9690708104
Tree 16 CV-Ensemble 1
GRADIENTSUM 115.0649507450
LEAFVALUESSUM 0.6759122213
Tree 17 CV-Ensemble 1
GRADIENTSUM 120.1792747830
LEAFVALUESSUM -0.1161143037
Tree 18 CV-Ensemble 1
GRADIENTSUM 122.2486319447
LEAFVALUESSUM 0.0346146953
Tree 19 CV-Ensemble 1
GRADIENTSUM 118.9480820552
LEAFVALUESSUM -1.8190409567
Tree 20 CV-Ensemble 1
GRADIENTSUM 109.2611409898
LEAFVALUESSUM -1.1945167890
Tree 21 CV-Ensemble 1
GRADIENTSUM 95.8411229780
LEAFVALUESSUM -1.2199512395
Tree 22 CV-Ensemble 1
GRADIENTSUM 80.8952553790
LEAFVALUESSUM -0.8862938120
Tree 23 CV-Ensemble 1
GRADIENTSUM 68.9193005903
LEAFVALUESSUM -0.6893202452
Tree 24 CV-Ensemble 1
GRADIENTSUM 60.8791595189
LEAFVALUESSUM -0.5583651015
Tree 25 CV-Ensemble 1
GRADIENTSUM 45.9465457209
LEAFVALUESSUM -0.2871591951
Tree 26 CV-Ensemble 1
GRADIENTSUM 39.1361643701
LEAFVALUESSUM 0.6461081889
Tree 27 CV-Ensemble 1
GRADIENTSUM 44.2560082101
LEAFVALUESSUM 0.7636711669
Tree 28 CV-Ensemble 1
GRADIENTSUM 47.8829478868
LEAFVALUESSUM 0.7775599567
Tree 29 CV-Ensemble 1
GRADIENTSUM 51.3061817379
LEAFVALUESSUM 0.3768102958
Tree 30 CV-Ensemble 1
GRADIENTSUM 53.6957419354
LEAFVALUESSUM -0.2876492444
Tree 31 CV-Ensemble 1
GRADIENTSUM 49.3040056190
LEAFVALUESSUM -0.3103928759
Tree 32 CV-Ensemble 1
GRADIENTSUM 43.6524403923
LEAFVALUESSUM -0.3677295365
Tree 33 CV-Ensemble 1
GRADIENTSUM 37.6089557308
LEAFVALUESSUM -0.4017410070
Tree 34 CV-Ensemble 1
GRADIENTSUM 28.4037393709
LEAFVALUESSUM -0.1112513558
Tree 35 CV-Ensemble 1
GRADIENTSUM 19.4563222816
LEAFVALUESSUM -0.0750946651
Tree 36 CV-Ensemble 1
GRADIENTSUM 12.8899807632
LEAFVALUESSUM -0.1802271964
Tree 37 CV-Ensemble 1
GRADIENTSUM 7.7094858842
LEAFVALUESSUM -0.1549931778
Tree 38 CV-Ensemble 1
GRADIENTSUM 4.2158043466
LEAFVALUESSUM -0.1277360254
Tree 39 CV-Ensemble 1
GRADIENTSUM -1.1847634471
LEAFVALUESSUM 0.0985392196
Tree 40 CV-Ensemble 1
GRADIENTSUM -1.4303363346
LEAFVALUESSUM -0.0448774209
Tree 41 CV-Ensemble 1
GRADIENTSUM -3.0494494148
LEAFVALUESSUM 0.0798167679
Tree 42 CV-Ensemble 1
GRADIENTSUM -2.7372798774
LEAFVALUESSUM 0.1316976670
Tree 43 CV-Ensemble 1
GRADIENTSUM -1.4448919160
LEAFVALUESSUM 0.1724042186
Tree 44 CV-Ensemble 1
GRADIENTSUM 0.5432668949
LEAFVALUESSUM 0.1066751103
Tree 45 CV-Ensemble 1
GRADIENTSUM 3.3679223429
LEAFVALUESSUM 0.1396474171
Tree 46 CV-Ensemble 1
GRADIENTSUM 4.9890279446
LEAFVALUESSUM 0.1178275082
Tree 47 CV-Ensemble 1
GRADIENTSUM 6.5896975025
LEAFVALUESSUM 0.0777661554
Tree 48 CV-Ensemble 1
GRADIENTSUM 7.5544444920
LEAFVALUESSUM -0.0318134272
Tree 49 CV-Ensemble 1
GRADIENTSUM 1.8352116304
LEAFVALUESSUM 0.0057264169
Tree 0 CV-Ensemble 2
GRADIENTSUM -0.0000000000
LEAFVALUESSUM 1.0570678092
Tree 1 CV-Ensemble 2
GRADIENTSUM 5.6497797131
LEAFVALUESSUM -0.4947166470
Tree 2 CV-Ensemble 2
GRADIENTSUM 3.1696904274
LEAFVALUESSUM 0.1162390485
Tree 3 CV-Ensemble 2
GRADIENTSUM 4.3305444668
LEAFVALUESSUM 0.9654126635
Tree 4 CV-Ensemble 2
GRADIENTSUM 12.0295224251
LEAFVALUESSUM 1.7275481553
Tree 5 CV-Ensemble 2
GRADIENTSUM 31.6928768063
LEAFVALUESSUM 2.1402519856
Tree 6 CV-Ensemble 2
GRADIENTSUM 49.4876933659
LEAFVALUESSUM 1.8488737105
Tree 7 CV-Ensemble 2
GRADIENTSUM 61.2930538402
LEAFVALUESSUM 1.2470010524
Tree 8 CV-Ensemble 2
GRADIENTSUM 71.8345167414
LEAFVALUESSUM 1.3219201262
Tree 9 CV-Ensemble 2
GRADIENTSUM 78.1366048402
LEAFVALUESSUM 1.1246962486
Tree 10 CV-Ensemble 2
GRADIENTSUM 83.0542934375
LEAFVALUESSUM 1.0160195276
Tree 11 CV-Ensemble 2
GRADIENTSUM 91.4621371696
LEAFVALUESSUM -0.6702058970
Tree 12 CV-Ensemble 2
GRADIENTSUM 89.0420983013
LEAFVALUESSUM -2.1350467248
Tree 13 CV-Ensemble 2
GRADIENTSUM 67.2216952546
LEAFVALUESSUM -2.1211218853
Tree 14 CV-Ensemble 2
GRADIENTSUM 56.0133279605
LEAFVALUESSUM -1.8693488193
Tree 15 CV-Ensemble 2
GRADIENTSUM 42.4898176543
LEAFVALUESSUM -0.8022300830
Tree 16 CV-Ensemble 2
GRADIENTSUM 37.8378606225
LEAFVALUESSUM 1.8822636372
Tree 17 CV-Ensemble 2
GRADIENTSUM 46.7904066995
LEAFVALUESSUM 0.5040841566
Tree 18 CV-Ensemble 2
GRADIENTSUM 49.0884114886
LEAFVALUESSUM 0.7050692264
Tree 19 CV-Ensemble 2
GRADIENTSUM 50.6364327894
LEAFVALUESSUM 0.0537516434
Tree 20 CV-Ensemble 2
GRADIENTSUM 50.4691609085
LEAFVALUESSUM -0.3932751215
Tree 21 CV-Ensemble 2
GRADIENTSUM 48.0836681642
LEAFVALUESSUM 0.8543970232
Tree 22 CV-Ensemble 2
GRADIENTSUM 52.4982584665
LEAFVALUESSUM -0.6079852997
Tree 23 CV-Ensemble 2
GRADIENTSUM 48.0998006697
LEAFVALUESSUM -0.0748508206
Tree 24 CV-Ensemble 2
GRADIENTSUM 49.7342170669
LEAFVALUESSUM -0.0598107889
Tree 25 CV-Ensemble 2
GRADIENTSUM 49.5241931657
LEAFVALUESSUM -0.2871591951
Tree 26 CV-Ensemble 2
GRADIENTSUM 42.5683994938
LEAFVALUESSUM 0.8399406456
Tree 27 CV-Ensemble 2
GRADIENTSUM 47.4488800560
LEAFVALUESSUM 0.6357075425
Tree 28 CV-Ensemble 2
GRADIENTSUM 50.8199738627
LEAFVALUESSUM 0.8235330910
Tree 29 CV-Ensemble 2
GRADIENTSUM 54.3449135558
LEAFVALUESSUM 0.2826077218
Tree 30 CV-Ensemble 2
GRADIENTSUM 56.8836840966
LEAFVALUESSUM -0.3425143171
Tree 31 CV-Ensemble 2
GRADIENTSUM 52.5205923169
LEAFVALUESSUM -0.3364718552
Tree 32 CV-Ensemble 2
GRADIENTSUM 46.8983471599
LEAFVALUESSUM -0.4188310907
Tree 33 CV-Ensemble 2
GRADIENTSUM 40.7359791956
LEAFVALUESSUM -0.3708378526
Tree 34 CV-Ensemble 2
GRADIENTSUM 31.3803274830
LEAFVALUESSUM -0.1390641947
Tree 35 CV-Ensemble 2
GRADIENTSUM 22.3736389839
LEAFVALUESSUM -0.0750946651
Tree 36 CV-Ensemble 2
GRADIENTSUM 15.2809658802
LEAFVALUESSUM -0.1802271964
Tree 37 CV-Ensemble 2
GRADIENTSUM 9.6443935250
LEAFVALUESSUM -0.1824800363
Tree 38 CV-Ensemble 2
GRADIENTSUM 5.7705553272
LEAFVALUESSUM -0.1423837976
Tree 39 CV-Ensemble 2
GRADIENTSUM 0.0562679326
LEAFVALUESSUM 0.1375957055
Tree 40 CV-Ensemble 2
GRADIENTSUM -0.2463163250
LEAFVALUESSUM -0.0390902396
Tree 41 CV-Ensemble 2
GRADIENTSUM -1.8301103776
LEAFVALUESSUM 0.0798167679
Tree 42 CV-Ensemble 2
GRADIENTSUM -1.4911822208
LEAFVALUESSUM 0.1316976670
Tree 43 CV-Ensemble 2
GRADIENTSUM -0.1432174227
LEAFVALUESSUM 0.1724042186
Tree 44 CV-Ensemble 2
GRADIENTSUM 1.9816828715
LEAFVALUESSUM 0.1357683222
Tree 45 CV-Ensemble 2
GRADIENTSUM 4.6924413840
LEAFVALUESSUM 0.1047355628
Tree 46 CV-Ensemble 2
GRADIENTSUM 6.1474809431
LEAFVALUESSUM 0.1178275082
Tree 47 CV-Ensemble 2
GRADIENTSUM 7.5004107244
LEAFVALUESSUM 0.0989751069
Tree 48 CV-Ensemble 2
GRADIENTSUM 7.9803457703
LEAFVALUESSUM -0.0558240381
Tree 49 CV-Ensemble 2
GRADIENTSUM 2.0603028294
LEAFVALUESSUM 0.0000000000
Tree 0 CV-Ensemble 3
GRADIENTSUM -0.0000000000
LEAFVALUESSUM 1.0139362891
Tree 1 CV-Ensemble 3
GRADIENTSUM 5.2672417567
LEAFVALUESSUM -0.5479584809
Tree 2 CV-Ensemble 3
GRADIENTSUM 2.4650006361
LEAFVALUESSUM 0.0678953849
Tree 3 CV-Ensemble 3
GRADIENTSUM 3.3696519653
LEAFVALUESSUM 0.9360586927
Tree 4 CV-Ensemble 3
GRADIENTSUM 10.6018989701
LEAFVALUESSUM 1.7063541097
Tree 5 CV-Ensemble 3
GRADIENTSUM 29.6601173397
LEAFVALUESSUM 2.1120494028
Tree 6 CV-Ensemble 3
GRADIENTSUM 47.3915976709
LEAFVALUESSUM 1.8217887954
Tree 7 CV-Ensemble 3
GRADIENTSUM 59.2937918024
LEAFVALUESSUM 1.2271471119
Tree 8 CV-Ensemble 3
GRADIENTSUM 69.6742407004
LEAFVALUESSUM 1.2968767671
Tree 9 CV-Ensemble 3
GRADIENTSUM 75.8910164797
LEAFVALUESSUM 1.1054883210
Tree 10 CV-Ensemble 3
GRADIENTSUM 80.3932396269
LEAFVALUESSUM 1.0042783956
Tree 11 CV-Ensemble 3
GRADIENTSUM 89.0582437733
LEAFVALUESSUM -0.6834184378
Tree 12 CV-Ensemble 3
GRADIENTSUM 87.2609509244
LEAFVALUESSUM -2.1476354297
Tree 13 CV-Ensemble 3
GRADIENTSUM 65.2215874506
LEAFVALUESSUM -2.1360529694
Tree 14 CV-Ensemble 3
GRADIENTSUM 53.7338025436
LEAFVALUESSUM -1.8810144883
Tree 15 CV-Ensemble 3
GRADIENTSUM 39.4752587400
LEAFVALUESSUM -0.8169062153
Tree 16 CV-Ensemble 3
GRADIENTSUM 35.3181488567
LEAFVALUESSUM 1.9865986430
Tree 17 CV-Ensemble 3
GRADIENTSUM 44.4532690367
LEAFVALUESSUM 0.4872456001
Tree 18 CV-Ensemble 3
GRADIENTSUM 46.3254523469
LEAFVALUESSUM 0.6976841969
Tree 19 CV-Ensemble 3
GRADIENTSUM 48.0503422964
LEAFVALUESSUM 0.0886499498
Tree 20 CV-Ensemble 3
GRADIENTSUM 48.8485482608
LEAFVALUESSUM -0.3736705708
Tree 21 CV-Ensemble 3
GRADIENTSUM 47.0139244013
LEAFVALUESSUM 0.8504016325
Tree 22 CV-Ensemble 3
GRADIENTSUM 51.0634526158
LEAFVALUESSUM -0.6319832584
Tree 23 CV-Ensemble 3
GRADIENTSUM 46.8136761262
LEAFVALUESSUM -0.0917602840
Tree 24 CV-Ensemble 3
GRADIENTSUM 47.7613156232
LEAFVALUESSUM -0.1550178634
Tree 25 CV-Ensemble 3
GRADIENTSUM 48.4085941688
LEAFVALUESSUM 0.0949912595
Tree 26 CV-Ensemble 3
GRADIENTSUM 48.2008428530
LEAFVALUESSUM 0.7233520557
Tree 27 CV-Ensemble 3
GRADIENTSUM 49.2908861521
LEAFVALUESSUM 0.5233476330
Tree 28 CV-Ensemble 3
GRADIENTSUM 53.6660133155
LEAFVALUESSUM 0.5686244854
Tree 29 CV-Ensemble 3
GRADIENTSUM 56.3866011032
LEAFVALUESSUM 0.5474972954
Tree 30 CV-Ensemble 3
GRADIENTSUM 58.7452467447
LEAFVALUESSUM 0.2819178531
Tree 31 CV-Ensemble 3
GRADIENTSUM 59.9277078306
LEAFVALUESSUM -0.3433683820
Tree 32 CV-Ensemble 3
GRADIENTSUM 57.4671974498
LEAFVALUESSUM -0.3433683820
Tree 33 CV-Ensemble 3
GRADIENTSUM 51.9871236580
LEAFVALUESSUM -0.2781283894
Tree 34 CV-Ensemble 3
GRADIENTSUM 41.6202209388
LEAFVALUESSUM -0.2225027116
Tree 35 CV-Ensemble 3
GRADIENTSUM 28.9513566927
LEAFVALUESSUM -0.2165048157
Tree 36 CV-Ensemble 3
GRADIENTSUM 24.1412139965
LEAFVALUESSUM -0.1351703973
Tree 37 CV-Ensemble 3
GRADIENTSUM 13.2267201656
LEAFVALUESSUM -0.2635822747
Tree 38 CV-Ensemble 3
GRADIENTSUM 4.1233887243
LEAFVALUESSUM -0.1277360254
Tree 39 CV-Ensemble 3
GRADIENTSUM -1.3700242507
LEAFVALUESSUM 0.0648449392
Tree 40 CV-Ensemble 3
GRADIENTSUM -1.4809267255
LEAFVALUESSUM -0.0270685859
Tree 41 CV-Ensemble 3
GRADIENTSUM -2.9490040985
LEAFVALUESSUM 0.0798167679
Tree 42 CV-Ensemble 3
GRADIENTSUM -2.7747703349
LEAFVALUESSUM 0.0838076063
Tree 43 CV-Ensemble 3
GRADIENTSUM -1.3431753820
LEAFVALUESSUM 0.1724042186
Tree 44 CV-Ensemble 3
GRADIENTSUM 0.8754931739
LEAFVALUESSUM 0.1454660595
Tree 45 CV-Ensemble 3
GRADIENTSUM 3.7274519423
LEAFVALUESSUM 0.1396474171
Tree 46 CV-Ensemble 3
GRADIENTSUM 5.3698864713
LEAFVALUESSUM 0.1178275082
Tree 47 CV-Ensemble 3
GRADIENTSUM 6.8537216357
LEAFVALUESSUM 0.0706965049
Tree 48 CV-Ensemble 3
GRADIENTSUM 7.5995704929
LEAFVALUESSUM -0.0318134272
Tree 49 CV-Ensemble 3
GRADIENTSUM 1.8943489335
LEAFVALUESSUM 0.0114528338
Tree 0 CV-Ensemble 4
GRADIENTSUM -0.0000000000
LEAFVALUESSUM 1.4716970939
Tree 1 CV-Ensemble 4
GRADIENTSUM 9.5805157880
LEAFVALUESSUM 0.0171044864
Tree 2 CV-Ensemble 4
GRADIENTSUM 8.5227781847
LEAFVALUESSUM 0.6290575380
Tree 3 CV-Ensemble 4
GRADIENTSUM 12.8409626006
LEAFVALUESSUM 1.2870780744
Tree 4 CV-Ensemble 4
GRADIENTSUM 23.6096189387
LEAFVALUESSUM 1.9281188472
Tree 5 CV-Ensemble 4
GRADIENTSUM 45.3255166177
LEAFVALUESSUM 2.6698623629
Tree 6 CV-Ensemble 4
GRADIENTSUM 64.8380586434
LEAFVALUESSUM 1.9648742095
Tree 7 CV-Ensemble 4
GRADIENTSUM 78.8247281616
LEAFVALUESSUM 1.3115094828
Tree 8 CV-Ensemble 4
GRADIENTSUM 91.1417335896
LEAFVALUESSUM 1.1876376152
Tree 9 CV-Ensemble 4
GRADIENTSUM 98.9938650078
LEAFVALUESSUM 1.4669459837
Tree 10 CV-Ensemble 4
GRADIENTSUM 105.6182062701
LEAFVALUESSUM 1.1061404512
Tree 11 CV-Ensemble 4
GRADIENTSUM 115.2142203328
LEAFVALUESSUM -0.5279527244
Tree 12 CV-Ensemble 4
GRADIENTSUM 113.2657909809
LEAFVALUESSUM -2.0383066384
Tree 13 CV-Ensemble 4
GRADIENTSUM 91.8132370510
LEAFVALUESSUM -1.9947093638
Tree 14 CV-Ensemble 4
GRADIENTSUM 81.0576916684
LEAFVALUESSUM -1.7643524509
Tree 15 CV-Ensemble 4
GRADIENTSUM 67.4390713316
LEAFVALUESSUM -0.7299751275
Tree 16 CV-Ensemble 4
GRADIENTSUM 63.0865159411
LEAFVALUESSUM 2.1256370640
Tree 17 CV-Ensemble 4
GRADIENTSUM 73.1830715817
LEAFVALUESSUM 0.6105614375
Tree 18 CV-Ensemble 4
GRADIENTSUM 75.9707889933
LEAFVALUESSUM 0.6831328139
Tree 19 CV-Ensemble 4
GRADIENTSUM 78.0909295738
LEAFVALUESSUM 0.0894775666
Tree 20 CV-Ensemble 4
GRADIENTSUM 78.8368286429
LEAFVALUESSUM -0.2926724348
Tree 21 CV-Ensemble 4
GRADIENTSUM 77.5062376635
LEAFVALUESSUM 0.8887764772
Tree 22 CV-Ensemble 4
GRADIENTSUM 81.8068414324
LEAFVALUESSUM -0.6180696852
Tree 23 CV-Ensemble 4
GRADIENTSUM 77.6969849051
LEAFVALUESSUM 0.0378982627
Tree 24 CV-Ensemble 4
GRADIENTSUM 79.1141171168
LEAFVALUESSUM -0.0102896506
Tree 25 CV-Ensemble 4
GRADIENTSUM 78.6664414591
LEAFVALUESSUM 0.0449048748
Tree 26 CV-Ensemble 4
GRADIENTSUM 78.6252821831
LEAFVALUESSUM 0.6341019671
Tree 27 CV-Ensemble 4
GRADIENTSUM 80.3291093358
LEAFVALUESSUM 0.6977968440
Tree 28 CV-Ensemble 4
GRADIENTSUM 84.5505977179
LEAFVALUESSUM 0.6771344927
Tree 29 CV-Ensemble 4
GRADIENTSUM 87.3623495305
LEAFVALUESSUM 0.6195159825
Tree 30 CV-Ensemble 4
GRADIENTSUM 90.1648673081
LEAFVALUESSUM 0.3051686527
Tree 31 CV-Ensemble 4
GRADIENTSUM 91.8000016179
LEAFVALUESSUM -0.2670642971
Tree 32 CV-Ensemble 4
GRADIENTSUM 89.4463089854
LEAFVALUESSUM -0.3777052202
Tree 33 CV-Ensemble 4
GRADIENTSUM 84.0893121791
LEAFVALUESSUM -0.3399346982
Tree 34 CV-Ensemble 4
GRADIENTSUM 73.7760241504
LEAFVALUESSUM -0.2225027116
Tree 35 CV-Ensemble 4
GRADIENTSUM 61.1334729986
LEAFVALUESSUM -0.1923884166
Tree 36 CV-Ensemble 4
GRADIENTSUM 56.2978900965
LEAFVALUESSUM -0.1576987968
Tree 37 CV-Ensemble 4
GRADIENTSUM 45.5847779850
LEAFVALUESSUM -0.2027555959
Tree 38 CV-Ensemble 4
GRADIENTSUM 34.7969996537
LEAFVALUESSUM 0.0912400182
Tree 39 CV-Ensemble 4
GRADIENTSUM 34.7572904467
LEAFVALUESSUM 0.1970784392
Tree 40 CV-Ensemble 4
GRADIENTSUM 37.5082421365
LEAFVALUESSUM 0.1910577879
Tree 41 CV-Ensemble 4
GRADIENTSUM 39.0122066452
LEAFVALUESSUM 0.2128447144
Tree 42 CV-Ensemble 4
GRADIENTSUM 41.8933902591
LEAFVALUESSUM -0.0359175455
Tree 43 CV-Ensemble 4
GRADIENTSUM 39.7492807731
LEAFVALUESSUM -0.0646515820
Tree 44 CV-Ensemble 4
GRADIENTSUM 36.8402747461
LEAFVALUESSUM -0.0678456964
Tree 45 CV-Ensemble 4
GRADIENTSUM 31.9860268716
LEAFVALUESSUM -0.0785516721
Tree 46 CV-Ensemble 4
GRADIENTSUM 26.1325567946
LEAFVALUESSUM -0.0628413377
Tree 47 CV-Ensemble 4
GRADIENTSUM 14.7347614606
LEAFVALUESSUM 0.0000000000
Tree 48 CV-Ensemble 4
GRADIENTSUM 10.5717370076
LEAFVALUESSUM -0.0636268544
Tree 49 CV-Ensemble 4
GRADIENTSUM 2.3876244309
LEAFVALUESSUM -0.0352093131
