Tree 0 CV-Ensemble 0
GRADIENTSUM 3.0717299578
LEAFVALUESSUM 0.3943229766
Tree 1 CV-Ensemble 0
GRADIENTSUM 5.0694284618
LEAFVALUESSUM 0.6262858737
Tree 2 CV-Ensemble 0
GRADIENTSUM 8.4251490742
LEAFVALUESSUM 0.6579869201
Tree 3 CV-Ensemble 0
GRADIENTSUM 12.2611405402
LEAFVALUESSUM 0.6061585911
Tree 4 CV-Ensemble 0
GRADIENTSUM 15.6969956342
LEAFVALUESSUM 0.5639872916
Tree 5 CV-Ensemble 0
GRADIENTSUM 18.9306461535
LEAFVALUESSUM 0.4839945716
Tree 6 CV-Ensemble 0
GRADIENTSUM 21.7859419587
LEAFVALUESSUM 0.4046166972
Tree 7 CV-Ensemble 0
GRADIENTSUM 24.0166928162
LEAFVALUESSUM 0.3665019171
Tree 8 CV-Ensemble 0
GRADIENTSUM 25.8581724637
LEAFVALUESSUM 0.3434892831
Tree 9 CV-Ensemble 0
GRADIENTSUM 27.4714002076
LEAFVALUESSUM 0.2189062847
Tree 10 CV-Ensemble 0
GRADIENTSUM 28.7337104754
LEAFVALUESSUM 0.3229856241
Tree 11 CV-Ensemble 0
GRADIENTSUM 30.4953810109
LEAFVALUESSUM 0.2190655773
Tree 12 CV-Ensemble 0
GRADIENTSUM 31.6322759041
LEAFVALUESSUM 0.0784072647
Tree 13 CV-Ensemble 0
GRADIENTSUM 32.3567376603
LEAFVALUESSUM 0.1065948213
Tree 14 CV-Ensemble 0
GRADIENTSUM 32.8577333203
LEAFVALUESSUM 0.0802008134
Tree 15 CV-Ensemble 0
GRADIENTSUM 33.2684505690
LEAFVALUESSUM 0.0860026246
Tree 16 CV-Ensemble 0
GRADIENTSUM 33.6625760943
LEAFVALUESSUM 0.0637253831
Tree 17 CV-Ensemble 0
GRADIENTSUM 33.9785467288
LEAFVALUESSUM 0.0701742484
Tree 18 CV-Ensemble 0
GRADIENTSUM 34.2887166331
LEAFVALUESSUM 0.0661869975
Tree 19 CV-Ensemble 0
GRADIENTSUM 34.5667020224
LEAFVALUESSUM -0.0212068505
Tree 20 CV-Ensemble 0
GRADIENTSUM 34.7238844799
LEAFVALUESSUM -0.2368579322
Tree 21 CV-Ensemble 0
GRADIENTSUM 33.7614410743
LEAFVALUESSUM -0.2119702742
Tree 22 CV-Ensemble 0
GRADIENTSUM 32.9402676423
LEAFVALUESSUM -0.1856481836
Tree 23 CV-Ensemble 0
GRADIENTSUM 32.2205947210
LEAFVALUESSUM -0.0675178860
Tree 24 CV-Ensemble 0
GRADIENTSUM 31.6690051208
LEAFVALUESSUM 0.2878975652
Tree 25 CV-Ensemble 0
GRADIENTSUM 32.7078217939
LEAFVALUESSUM 0.2687341673
Tree 26 CV-Ensemble 0
GRADIENTSUM 33.6927600906
LEAFVALUESSUM 0.2443170065
Tree 27 CV-Ensemble 0
GRADIENTSUM 34.5439269016
LEAFVALUESSUM 0.2108351828
Tree 28 CV-Ensemble 0
GRADIENTSUM 35.2454721922
LEAFVALUESSUM 0.0517862777
Tree 29 CV-Ensemble 0
GRADIENTSUM 35.5584840231
LEAFVALUESSUM 0.1884051479
Tree 30 CV-Ensemble 0
GRADIENTSUM 36.1576316502
LEAFVALUESSUM -0.1695646331
Tree 31 CV-Ensemble 0
GRADIENTSUM 34.4253666355
LEAFVALUESSUM -0.1526081698
Tree 32 CV-Ensemble 0
GRADIENTSUM 32.7686252075
LEAFVALUESSUM -0.1373473528
Tree 33 CV-Ensemble 0
GRADIENTSUM 31.5431087749
LEAFVALUESSUM -0.1236126175
Tree 34 CV-Ensemble 0
GRADIENTSUM 28.3038162807
LEAFVALUESSUM -0.1112513558
Tree 35 CV-Ensemble 0
GRADIENTSUM 25.0295373394
LEAFVALUESSUM -0.1001262202
Tree 36 CV-Ensemble 0
GRADIENTSUM 22.4996431227
LEAFVALUESSUM -0.0901135982
Tree 37 CV-Ensemble 0
GRADIENTSUM 21.3422612146
LEAFVALUESSUM -0.0811022384
Tree 38 CV-Ensemble 0
GRADIENTSUM 18.9041644496
LEAFVALUESSUM -0.0729920145
Tree 39 CV-Ensemble 0
GRADIENTSUM 17.7101999192
LEAFVALUESSUM -0.0656928131
Tree 40 CV-Ensemble 0
GRADIENTSUM 16.7023415318
LEAFVALUESSUM -0.0591235318
Tree 41 CV-Ensemble 0
GRADIENTSUM 12.1531197910
LEAFVALUESSUM -0.0532111786
Tree 42 CV-Ensemble 0
GRADIENTSUM 10.6077944112
LEAFVALUESSUM -0.0478900607
Tree 43 CV-Ensemble 0
GRADIENTSUM 9.5808636676
LEAFVALUESSUM -0.0431010547
Tree 44 CV-Ensemble 0
GRADIENTSUM 8.2142554560
LEAFVALUESSUM -0.0387909492
Tree 45 CV-Ensemble 0
GRADIENTSUM 5.6179161789
LEAFVALUESSUM -0.0349118543
Tree 46 CV-Ensemble 0
GRADIENTSUM 3.3093677424
LEAFVALUESSUM -0.0314206688
Tree 47 CV-Ensemble 0
GRADIENTSUM 0.9582161209
LEAFVALUESSUM -0.0282786020
Tree 48 CV-Ensemble 0
GRADIENTSUM 0.3938668825
LEAFVALUESSUM -0.0254507418
Tree 49 CV-Ensemble 0
GRADIENTSUM -0.1544974997
LEAFVALUESSUM 0.0229056676
Tree 0 CV-Ensemble 1
GRADIENTSUM 5.0421940928
LEAFVALUESSUM 0.2052167242
Tree 1 CV-Ensemble 1
GRADIENTSUM 6.2734944381
LEAFVALUESSUM 0.1865606584
Tree 2 CV-Ensemble 1
GRADIENTSUM 7.3742023224
LEAFVALUESSUM 0.4918100346
Tree 3 CV-Ensemble 1
GRADIENTSUM 9.9321090389
LEAFVALUESSUM 0.2357808559
Tree 4 CV-Ensemble 1
GRADIENTSUM 11.7091596139
LEAFVALUESSUM -0.4951231870
Tree 5 CV-Ensemble 1
GRADIENTSUM 8.5786917565
LEAFVALUESSUM 0.1701506867
Tree 6 CV-Ensemble 1
GRADIENTSUM 8.9713674838
LEAFVALUESSUM -0.2190728952
Tree 7 CV-Ensemble 1
GRADIENTSUM 7.6894095229
LEAFVALUESSUM -0.2075262537
Tree 8 CV-Ensemble 1
GRADIENTSUM 6.5049927079
LEAFVALUESSUM -0.1489071184
Tree 9 CV-Ensemble 1
GRADIENTSUM 5.8146517642
LEAFVALUESSUM 0.1947242433
Tree 10 CV-Ensemble 1
GRADIENTSUM 6.7286195931
LEAFVALUESSUM 0.1118677432
Tree 11 CV-Ensemble 1
GRADIENTSUM 7.4392864244
LEAFVALUESSUM 0.0833343967
Tree 12 CV-Ensemble 1
GRADIENTSUM 8.0977081835
LEAFVALUESSUM 0.2987840500
Tree 13 CV-Ensemble 1
GRADIENTSUM 9.5126227480
LEAFVALUESSUM 0.3315368414
Tree 14 CV-Ensemble 1
GRADIENTSUM 11.2249129884
LEAFVALUESSUM 0.3172879986
Tree 15 CV-Ensemble 1
GRADIENTSUM 12.7649901409
LEAFVALUESSUM 0.5826927482
Tree 16 CV-Ensemble 1
GRADIENTSUM 15.3838740012
LEAFVALUESSUM 0.5349427071
Tree 17 CV-Ensemble 1
GRADIENTSUM 17.7577076956
LEAFVALUESSUM 0.5036376148
Tree 18 CV-Ensemble 1
GRADIENTSUM 19.8856125135
LEAFVALUESSUM 0.4859337404
Tree 19 CV-Ensemble 1
GRADIENTSUM 21.9439190771
LEAFVALUESSUM 0.3536751473
Tree 20 CV-Ensemble 1
GRADIENTSUM 23.4963873249
LEAFVALUESSUM 0.1094695836
Tree 21 CV-Ensemble 1
GRADIENTSUM 23.8735898564
LEAFVALUESSUM 0.0790792741
Tree 22 CV-Ensemble 1
GRADIENTSUM 24.1859691491
LEAFVALUESSUM 0.0794560576
Tree 23 CV-Ensemble 1
GRADIENTSUM 24.4709547884
LEAFVALUESSUM 0.1417751229
Tree 24 CV-Ensemble 1
GRADIENTSUM 24.8751594062
LEAFVALUESSUM 0.3190657723
Tree 25 CV-Ensemble 1
GRADIENTSUM 26.2457902077
LEAFVALUESSUM 0.2871591951
Tree 26 CV-Ensemble 1
GRADIENTSUM 27.4811486182
LEAFVALUESSUM 0.2584432756
Tree 27 CV-Ensemble 1
GRADIENTSUM 28.6863627957
LEAFVALUESSUM 0.2325989480
Tree 28 CV-Ensemble 1
GRADIENTSUM 29.7531113499
LEAFVALUESSUM 0.1884168268
Tree 29 CV-Ensemble 1
GRADIENTSUM 30.5008317009
LEAFVALUESSUM 0.1884051479
Tree 30 CV-Ensemble 1
GRADIENTSUM 31.3973615126
LEAFVALUESSUM -0.1695646331
Tree 31 CV-Ensemble 1
GRADIENTSUM 29.8953480632
LEAFVALUESSUM -0.1526081698
Tree 32 CV-Ensemble 1
GRADIENTSUM 28.4315206150
LEAFVALUESSUM -0.0881516414
Tree 33 CV-Ensemble 1
GRADIENTSUM 27.4340337461
LEAFVALUESSUM -0.1236126175
Tree 34 CV-Ensemble 1
GRADIENTSUM 24.4380410606
LEAFVALUESSUM -0.1112513558
Tree 35 CV-Ensemble 1
GRADIENTSUM 21.3973423873
LEAFVALUESSUM -0.0504449575
Tree 36 CV-Ensemble 1
GRADIENTSUM 19.1155792189
LEAFVALUESSUM -0.0901135982
Tree 37 CV-Ensemble 1
GRADIENTSUM 18.2135371770
LEAFVALUESSUM -0.0405511192
Tree 38 CV-Ensemble 1
GRADIENTSUM 16.0238757903
LEAFVALUESSUM -0.0729920145
Tree 39 CV-Ensemble 1
GRADIENTSUM 15.0679457666
LEAFVALUESSUM -0.0656928131
Tree 40 CV-Ensemble 1
GRADIENTSUM 14.3125931720
LEAFVALUESSUM -0.0591235318
Tree 41 CV-Ensemble 1
GRADIENTSUM 10.0100188704
LEAFVALUESSUM -0.0532111786
Tree 42 CV-Ensemble 1
GRADIENTSUM 8.7046456689
LEAFVALUESSUM -0.0478900607
Tree 43 CV-Ensemble 1
GRADIENTSUM 7.9251041691
LEAFVALUESSUM -0.0431010547
Tree 44 CV-Ensemble 1
GRADIENTSUM 6.8051433968
LEAFVALUESSUM -0.0387909492
Tree 45 CV-Ensemble 1
GRADIENTSUM 4.4554515590
LEAFVALUESSUM -0.0349118543
Tree 46 CV-Ensemble 1
GRADIENTSUM 2.3935505617
LEAFVALUESSUM -0.0314206688
Tree 47 CV-Ensemble 1
GRADIENTSUM 0.2874866881
LEAFVALUESSUM -0.0282786020
Tree 48 CV-Ensemble 1
GRADIENTSUM -0.0632505762
LEAFVALUESSUM -0.0254507418
Tree 49 CV-Ensemble 1
GRADIENTSUM -0.4159048997
LEAFVALUESSUM 0.0229056676
Tree 0 CV-Ensemble 2
GRADIENTSUM 4.7848101266
LEAFVALUESSUM 0.1818181818
Tree 1 CV-Ensemble 2
GRADIENTSUM 5.8757192175
LEAFVALUESSUM 0.1652892562
Tree 2 CV-Ensemble 2
GRADIENTSUM 6.8509258291
LEAFVALUESSUM 0.4724723963
Tree 3 CV-Ensemble 2
GRADIENTSUM 9.1585844849
LEAFVALUESSUM 0.2182011846
Tree 4 CV-Ensemble 2
GRADIENTSUM 10.8354309339
LEAFVALUESSUM -0.5111047063
Tree 5 CV-Ensemble 2
GRADIENTSUM 7.0170776157
LEAFVALUESSUM 0.1556220328
Tree 6 CV-Ensemble 2
GRADIENTSUM 7.3298457466
LEAFVALUESSUM -0.2322807624
Tree 7 CV-Ensemble 2
GRADIENTSUM 5.9765653029
LEAFVALUESSUM -0.2195334057
Tree 8 CV-Ensemble 2
GRADIENTSUM 4.7184676909
LEAFVALUESSUM -0.1598227111
Tree 9 CV-Ensemble 2
GRADIENTSUM 4.0035866087
LEAFVALUESSUM 0.1848009772
Tree 10 CV-Ensemble 2
GRADIENTSUM 4.8669457806
LEAFVALUESSUM 0.1028465922
Tree 11 CV-Ensemble 2
GRADIENTSUM 5.5325068568
LEAFVALUESSUM 0.0751333503
Tree 12 CV-Ensemble 2
GRADIENTSUM 6.1507434887
LEAFVALUESSUM 0.2913285533
Tree 13 CV-Ensemble 2
GRADIENTSUM 7.5989165483
LEAFVALUESSUM 0.3247591172
Tree 14 CV-Ensemble 2
GRADIENTSUM 9.2793514847
LEAFVALUESSUM 0.3111264311
Tree 15 CV-Ensemble 2
GRADIENTSUM 10.7910854266
LEAFVALUESSUM 0.4911180852
Tree 16 CV-Ensemble 2
GRADIENTSUM 12.7668777779
LEAFVALUESSUM 0.6760605179
Tree 17 CV-Ensemble 2
GRADIENTSUM 15.6074745737
LEAFVALUESSUM 0.6613052818
Tree 18 CV-Ensemble 2
GRADIENTSUM 18.5155171236
LEAFVALUESSUM 0.6003785412
Tree 19 CV-Ensemble 2
GRADIENTSUM 21.1057324459
LEAFVALUESSUM 0.5403406871
Tree 20 CV-Ensemble 2
GRADIENTSUM 23.4168001625
LEAFVALUESSUM 0.4855022668
Tree 21 CV-Ensemble 2
GRADIENTSUM 25.4483360848
LEAFVALUESSUM 0.4376759565
Tree 22 CV-Ensemble 2
GRADIENTSUM 27.2125500713
LEAFVALUESSUM 0.3939083609
Tree 23 CV-Ensemble 2
GRADIENTSUM 28.7657354330
LEAFVALUESSUM 0.3545175248
Tree 24 CV-Ensemble 2
GRADIENTSUM 30.1324922760
LEAFVALUESSUM 0.2378716159
Tree 25 CV-Ensemble 2
GRADIENTSUM 30.9440074094
LEAFVALUESSUM 0.2871591951
Tree 26 CV-Ensemble 2
GRADIENTSUM 32.0482989337
LEAFVALUESSUM 0.2365096746
Tree 27 CV-Ensemble 2
GRADIENTSUM 32.9389064857
LEAFVALUESSUM 0.1012964730
Tree 28 CV-Ensemble 2
GRADIENTSUM 33.5780946065
LEAFVALUESSUM 0.1015842809
Tree 29 CV-Ensemble 2
GRADIENTSUM 33.9154135896
LEAFVALUESSUM 0.0855883776
Tree 30 CV-Ensemble 2
GRADIENTSUM 34.1240560891
LEAFVALUESSUM -0.1695646331
Tree 31 CV-Ensemble 2
GRADIENTSUM 32.4838824714
LEAFVALUESSUM -0.1526081698
Tree 32 CV-Ensemble 2
GRADIENTSUM 30.8759224706
LEAFVALUESSUM -0.1287074972
Tree 33 CV-Ensemble 2
GRADIENTSUM 29.7278169685
LEAFVALUESSUM -0.1236126175
Tree 34 CV-Ensemble 2
GRADIENTSUM 26.5994843339
LEAFVALUESSUM -0.1112513558
Tree 35 CV-Ensemble 2
GRADIENTSUM 23.4255897833
LEAFVALUESSUM -0.0821476177
Tree 36 CV-Ensemble 2
GRADIENTSUM 21.0088427985
LEAFVALUESSUM -0.0901135982
Tree 37 CV-Ensemble 2
GRADIENTSUM 19.9736048793
LEAFVALUESSUM -0.0605126987
Tree 38 CV-Ensemble 2
GRADIENTSUM 17.6498156046
LEAFVALUESSUM -0.0729920145
Tree 39 CV-Ensemble 2
GRADIENTSUM 16.5508751060
LEAFVALUESSUM -0.0656928131
Tree 40 CV-Ensemble 2
GRADIENTSUM 15.6566678065
LEAFVALUESSUM -0.0591235318
Tree 41 CV-Ensemble 2
GRADIENTSUM 11.2217535559
LEAFVALUESSUM -0.0532111786
Tree 42 CV-Ensemble 2
GRADIENTSUM 9.7840404054
LEAFVALUESSUM -0.0478900607
Tree 43 CV-Ensemble 2
GRADIENTSUM 8.8703710174
LEAFVALUESSUM -0.0431010547
Tree 44 CV-Ensemble 2
GRADIENTSUM 7.6180702961
LEAFVALUESSUM -0.0387909492
Tree 45 CV-Ensemble 2
GRADIENTSUM 5.1360385093
LEAFVALUESSUM -0.0349118543
Tree 46 CV-Ensemble 2
GRADIENTSUM 2.9417975629
LEAFVALUESSUM -0.0314206688
Tree 47 CV-Ensemble 2
GRADIENTSUM 0.7025378119
LEAFVALUESSUM -0.0282786020
Tree 48 CV-Ensemble 2
GRADIENTSUM 0.2068500152
LEAFVALUESSUM -0.0254507418
Tree 49 CV-Ensemble 2
GRADIENTSUM -0.2824808213
LEAFVALUESSUM 0.0229056676
Tree 0 CV-Ensemble 3
GRADIENTSUM -0.2107843137
LEAFVALUESSUM -0.3132798574
Tree 1 CV-Ensemble 3
GRADIENTSUM -2.0904634581
LEAFVALUESSUM -0.2847998704
Tree 2 CV-Ensemble 3
GRADIENTSUM -3.7707826932
LEAFVALUESSUM 0.1154225777
Tree 3 CV-Ensemble 3
GRADIENTSUM -3.4917060739
LEAFVALUESSUM -0.1405735438
Tree 4 CV-Ensemble 3
GRADIENTSUM -3.7898153319
LEAFVALUESSUM -0.9520306623
Tree 5 CV-Ensemble 3
GRADIENTSUM -10.6865735260
LEAFVALUESSUM -0.1448831362
Tree 6 CV-Ensemble 3
GRADIENTSUM -12.1144468181
LEAFVALUESSUM -0.5659277020
Tree 7 CV-Ensemble 3
GRADIENTSUM -15.2854296708
LEAFVALUESSUM -0.5242026265
Tree 8 CV-Ensemble 3
GRADIENTSUM -18.3291386909
LEAFVALUESSUM -0.4197572823
Tree 9 CV-Ensemble 3
GRADIENTSUM -20.2741517169
LEAFVALUESSUM 0.0015730191
Tree 10 CV-Ensemble 3
GRADIENTSUM -20.3828040886
LEAFVALUESSUM -0.0737014627
Tree 11 CV-Ensemble 3
GRADIENTSUM -20.6608884563
LEAFVALUESSUM -0.0917505232
Tree 12 CV-Ensemble 3
GRADIENTSUM -20.8283252148
LEAFVALUESSUM 0.1697071846
Tree 13 CV-Ensemble 3
GRADIENTSUM -19.7896621383
LEAFVALUESSUM 0.2275424961
Tree 14 CV-Ensemble 3
GRADIENTSUM -18.5587239195
LEAFVALUESSUM 0.2235504670
Tree 15 CV-Ensemble 3
GRADIENTSUM -17.4275279359
LEAFVALUESSUM 0.4484897937
Tree 16 CV-Ensemble 3
GRADIENTSUM -15.5057131339
LEAFVALUESSUM 0.6669310036
Tree 17 CV-Ensemble 3
GRADIENTSUM -12.6545670765
LEAFVALUESSUM 0.6608019881
Tree 18 CV-Ensemble 3
GRADIENTSUM -9.7369759373
LEAFVALUESSUM 0.6003785412
Tree 19 CV-Ensemble 3
GRADIENTSUM -7.1334579693
LEAFVALUESSUM 0.5403406871
Tree 20 CV-Ensemble 3
GRADIENTSUM -4.8056216763
LEAFVALUESSUM 0.4850754958
Tree 21 CV-Ensemble 3
GRADIENTSUM -2.7596351574
LEAFVALUESSUM 0.4374241960
Tree 22 CV-Ensemble 3
GRADIENTSUM -0.9884347984
LEAFVALUESSUM 0.3939083609
Tree 23 CV-Ensemble 3
GRADIENTSUM 0.5711011527
LEAFVALUESSUM 0.3545175248
Tree 24 CV-Ensemble 3
GRADIENTSUM 1.9449534666
LEAFVALUESSUM 0.2249259477
Tree 25 CV-Ensemble 3
GRADIENTSUM 2.7073313226
LEAFVALUESSUM 0.2871591951
Tree 26 CV-Ensemble 3
GRADIENTSUM 3.8353404874
LEAFVALUESSUM 0.2332831864
Tree 27 CV-Ensemble 3
GRADIENTSUM 4.7261103493
LEAFVALUESSUM 0.0889156881
Tree 28 CV-Ensemble 3
GRADIENTSUM 5.3429277314
LEAFVALUESSUM 0.0924165231
Tree 29 CV-Ensemble 3
GRADIENTSUM 5.6586146426
LEAFVALUESSUM 0.0696630935
Tree 30 CV-Ensemble 3
GRADIENTSUM 5.7888604398
LEAFVALUESSUM 0.0625941558
Tree 31 CV-Ensemble 3
GRADIENTSUM 5.9837803979
LEAFVALUESSUM 0.0379917313
Tree 32 CV-Ensemble 3
GRADIENTSUM 6.1088897969
LEAFVALUESSUM 0.0574260454
Tree 33 CV-Ensemble 3
GRADIENTSUM 6.2117894434
LEAFVALUESSUM 0.0874030870
Tree 34 CV-Ensemble 3
GRADIENTSUM 6.4670329582
LEAFVALUESSUM 0.0101857284
Tree 35 CV-Ensemble 3
GRADIENTSUM 6.4428802475
LEAFVALUESSUM -0.1001262202
Tree 36 CV-Ensemble 3
GRADIENTSUM 5.9907355978
LEAFVALUESSUM -0.0901135982
Tree 37 CV-Ensemble 3
GRADIENTSUM 5.5451929703
LEAFVALUESSUM -0.0811022384
Tree 38 CV-Ensemble 3
GRADIENTSUM 5.1455228365
LEAFVALUESSUM -0.0364960073
Tree 39 CV-Ensemble 3
GRADIENTSUM 4.9129326260
LEAFVALUESSUM 0.0656928131
Tree 40 CV-Ensemble 3
GRADIENTSUM 5.2706066696
LEAFVALUESSUM 0.0591235318
Tree 41 CV-Ensemble 3
GRADIENTSUM 5.6285213587
LEAFVALUESSUM 0.0532111786
Tree 42 CV-Ensemble 3
GRADIENTSUM 6.0728582385
LEAFVALUESSUM 0.0478900607
Tree 43 CV-Ensemble 3
GRADIENTSUM 6.4583856156
LEAFVALUESSUM 0.0125268284
Tree 44 CV-Ensemble 3
GRADIENTSUM 6.6094400390
LEAFVALUESSUM 0.0387909492
Tree 45 CV-Ensemble 3
GRADIENTSUM 6.9771623472
LEAFVALUESSUM -0.0349118543
Tree 46 CV-Ensemble 3
GRADIENTSUM 4.2160971280
LEAFVALUESSUM -0.0314206688
Tree 47 CV-Ensemble 3
GRADIENTSUM 1.4059822900
LEAFVALUESSUM -0.0282786020
Tree 48 CV-Ensemble 3
GRADIENTSUM 0.6374530872
LEAFVALUESSUM -0.0254507418
Tree 49 CV-Ensemble 3
GRADIENTSUM -0.1287952231
LEAFVALUESSUM 0.0229056676
Tree 0 CV-Ensemble 4
GRADIENTSUM -13.2827004219
LEAFVALUESSUM 0.0375911009
Tree 1 CV-Ensemble 4
GRADIENTSUM -13.0571538166
LEAFVALUESSUM 0.0341737281
Tree 2 CV-Ensemble 4
GRADIENTSUM -12.8555288210
LEAFVALUESSUM 0.3532764617
Tree 3 CV-Ensemble 4
GRADIENTSUM -11.1287347795
LEAFVALUESSUM 0.1098412440
Tree 4 CV-Ensemble 4
GRADIENTSUM -10.0695399919
LEAFVALUESSUM -0.6096137432
Tree 5 CV-Ensemble 4
GRADIENTSUM -14.8077832724
LEAFVALUESSUM 0.0660683629
Tree 6 CV-Ensemble 4
GRADIENTSUM -14.9875603260
LEAFVALUESSUM -0.3136931896
Tree 7 CV-Ensemble 4
GRADIENTSUM -16.7804678766
LEAFVALUESSUM -0.2935447032
Tree 8 CV-Ensemble 4
GRADIENTSUM -18.4408682566
LEAFVALUESSUM -0.2271057088
Tree 9 CV-Ensemble 4
GRADIENTSUM -19.4204655757
LEAFVALUESSUM 0.1236346157
Tree 10 CV-Ensemble 4
GRADIENTSUM -18.8690548477
LEAFVALUESSUM 0.0472408090
Tree 11 CV-Ensemble 4
GRADIENTSUM -18.4815226875
LEAFVALUESSUM 0.0245826383
Tree 12 CV-Ensemble 4
GRADIENTSUM -18.1109845444
LEAFVALUESSUM 0.2453733606
Tree 13 CV-Ensemble 4
GRADIENTSUM -16.7176886999
LEAFVALUESSUM 0.2829816692
Tree 14 CV-Ensemble 4
GRADIENTSUM -15.2336077689
LEAFVALUESSUM 0.2731469329
Tree 15 CV-Ensemble 4
GRADIENTSUM -13.8965795184
LEAFVALUESSUM 0.4565912688
Tree 16 CV-Ensemble 4
GRADIENTSUM -11.9131700810
LEAFVALUESSUM 0.6603665104
Tree 17 CV-Ensemble 4
GRADIENTSUM -9.1292914384
LEAFVALUESSUM 0.6518729809
Tree 18 CV-Ensemble 4
GRADIENTSUM -6.2534216038
LEAFVALUESSUM 0.5960641161
Tree 19 CV-Ensemble 4
GRADIENTSUM -3.6953789969
LEAFVALUESSUM 0.5403406871
Tree 20 CV-Ensemble 4
GRADIENTSUM -1.4156992952
LEAFVALUESSUM 0.4783686271
Tree 21 CV-Ensemble 4
GRADIENTSUM 0.5836639116
LEAFVALUESSUM 0.4240104585
Tree 22 CV-Ensemble 4
GRADIENTSUM 2.2945236609
LEAFVALUESSUM 0.3828534581
Tree 23 CV-Ensemble 4
GRADIENTSUM 3.7792442930
LEAFVALUESSUM 0.3463485346
Tree 24 CV-Ensemble 4
GRADIENTSUM 5.0828322534
LEAFVALUESSUM 0.2187583512
Tree 25 CV-Ensemble 4
GRADIENTSUM 5.7949829562
LEAFVALUESSUM 0.2871591951
Tree 26 CV-Ensemble 4
GRADIENTSUM 6.8746198914
LEAFVALUESSUM 0.2296508842
Tree 27 CV-Ensemble 4
GRADIENTSUM 7.7383448157
LEAFVALUESSUM 0.0905753013
Tree 28 CV-Ensemble 4
GRADIENTSUM 8.3529029844
LEAFVALUESSUM 0.0788996195
Tree 29 CV-Ensemble 4
GRADIENTSUM 8.5933987712
LEAFVALUESSUM 0.0647630957
Tree 30 CV-Ensemble 4
GRADIENTSUM 8.7362657218
LEAFVALUESSUM 0.0528668233
Tree 31 CV-Ensemble 4
GRADIENTSUM 8.8939603282
LEAFVALUESSUM 0.0357220574
Tree 32 CV-Ensemble 4
GRADIENTSUM 9.0208927484
LEAFVALUESSUM 0.0555849349
Tree 33 CV-Ensemble 4
GRADIENTSUM 9.1285450347
LEAFVALUESSUM 0.0871541520
Tree 34 CV-Ensemble 4
GRADIENTSUM 9.3598240891
LEAFVALUESSUM 0.0064759546
Tree 35 CV-Ensemble 4
GRADIENTSUM 9.3362167808
LEAFVALUESSUM -0.1001262202
Tree 36 CV-Ensemble 4
GRADIENTSUM 8.9354151983
LEAFVALUESSUM -0.0901135982
Tree 37 CV-Ensemble 4
GRADIENTSUM 8.5432348252
LEAFVALUESSUM -0.0811022384
Tree 38 CV-Ensemble 4
GRADIENTSUM 8.1970159715
LEAFVALUESSUM -0.0364960073
Tree 39 CV-Ensemble 4
GRADIENTSUM 7.9973069889
LEAFVALUESSUM 0.0656928131
Tree 40 CV-Ensemble 4
GRADIENTSUM 8.3215286160
LEAFVALUESSUM 0.0591235318
Tree 41 CV-Ensemble 4
GRADIENTSUM 8.6428174595
LEAFVALUESSUM 0.0532111786
Tree 42 CV-Ensemble 4
GRADIENTSUM 9.0408489973
LEAFVALUESSUM 0.0478900607
Tree 43 CV-Ensemble 4
GRADIENTSUM 9.3819205602
LEAFVALUESSUM 0.0128483459
Tree 44 CV-Ensemble 4
GRADIENTSUM 9.5077953871
LEAFVALUESSUM 0.0387909492
Tree 45 CV-Ensemble 4
GRADIENTSUM 9.8333250694
LEAFVALUESSUM -0.0349118543
Tree 46 CV-Ensemble 4
GRADIENTSUM 8.4667745018
LEAFVALUESSUM -0.0314206688
Tree 47 CV-Ensemble 4
GRADIENTSUM 7.0816016944
LEAFVALUESSUM -0.0282786020
Tree 48 CV-Ensemble 4
GRADIENTSUM 6.1069976241
LEAFVALUESSUM -0.0254507418
Tree 49 CV-Ensemble 4
GRADIENTSUM 3.0947374680
LEAFVALUESSUM -0.0229056676
