Tree 0 CV-Ensemble 0
GRADIENTSUM -6.4500000000
LEAFVALUESSUM 2.2614008942
Tree 1 CV-Ensemble 0
GRADIENTSUM 18.0799180328
LEAFVALUESSUM 1.5898090980
Tree 2 CV-Ensemble 0
GRADIENTSUM 17.6537670321
LEAFVALUESSUM -1.1612301691
Tree 3 CV-Ensemble 0
GRADIENTSUM 10.4989383438
LEAFVALUESSUM -1.4208311782
Tree 4 CV-Ensemble 0
GRADIENTSUM 2.0164146207
LEAFVALUESSUM -0.5924107786
Tree 5 CV-Ensemble 0
GRADIENTSUM 5.1451918069
LEAFVALUESSUM -1.6862681748
Tree 6 CV-Ensemble 0
GRADIENTSUM -26.2922085098
LEAFVALUESSUM -1.1137097302
Tree 7 CV-Ensemble 0
GRADIENTSUM -42.6463383693
LEAFVALUESSUM 0.6876542005
Tree 8 CV-Ensemble 0
GRADIENTSUM -35.8577404229
LEAFVALUESSUM 3.0887011383
Tree 9 CV-Ensemble 0
GRADIENTSUM -15.2965305187
LEAFVALUESSUM 2.4286222454
Tree 10 CV-Ensemble 0
GRADIENTSUM -1.0859288430
LEAFVALUESSUM 1.6383900903
Tree 11 CV-Ensemble 0
GRADIENTSUM 6.8656196890
LEAFVALUESSUM 2.0396639178
Tree 12 CV-Ensemble 0
GRADIENTSUM 16.8320951440
LEAFVALUESSUM 1.4204919006
Tree 13 CV-Ensemble 0
GRADIENTSUM 25.2727437069
LEAFVALUESSUM 0.4355421706
Tree 14 CV-Ensemble 0
GRADIENTSUM 25.0848734686
LEAFVALUESSUM 1.3384434507
Tree 15 CV-Ensemble 0
GRADIENTSUM 30.2309992075
LEAFVALUESSUM 1.6476263017
Tree 16 CV-Ensemble 0
GRADIENTSUM 37.9841926519
LEAFVALUESSUM 0.3054129849
Tree 17 CV-Ensemble 0
GRADIENTSUM 37.4203844518
LEAFVALUESSUM 0.2988093244
Tree 18 CV-Ensemble 0
GRADIENTSUM 39.1027075717
LEAFVALUESSUM -0.3467933683
Tree 19 CV-Ensemble 0
GRADIENTSUM 40.0810412796
LEAFVALUESSUM 0.4131203396
Tree 20 CV-Ensemble 0
GRADIENTSUM 43.2773471041
LEAFVALUESSUM 0.1299337042
Tree 21 CV-Ensemble 0
GRADIENTSUM 44.2689038595
LEAFVALUESSUM 1.0160765073
Tree 22 CV-Ensemble 0
GRADIENTSUM 49.5969556635
LEAFVALUESSUM 1.1001012162
Tree 23 CV-Ensemble 0
GRADIENTSUM 54.2761597462
LEAFVALUESSUM 1.0630490221
Tree 24 CV-Ensemble 0
GRADIENTSUM 59.1053760114
LEAFVALUESSUM 0.8017896721
Tree 25 CV-Ensemble 0
GRADIENTSUM 63.1051065103
LEAFVALUESSUM 0.8614775852
Tree 26 CV-Ensemble 0
GRADIENTSUM 67.2754901727
LEAFVALUESSUM 0.6686092712
Tree 27 CV-Ensemble 0
GRADIENTSUM 69.7172110218
LEAFVALUESSUM 0.6177886322
Tree 28 CV-Ensemble 0
GRADIENTSUM 73.0498221236
LEAFVALUESSUM -0.2840942277
Tree 29 CV-Ensemble 0
GRADIENTSUM 72.6448255884
LEAFVALUESSUM -0.4578558781
Tree 30 CV-Ensemble 0
GRADIENTSUM 68.9464195993
LEAFVALUESSUM -0.3895805983
Tree 31 CV-Ensemble 0
GRADIENTSUM 63.4267335993
LEAFVALUESSUM -0.3754117140
Tree 32 CV-Ensemble 0
GRADIENTSUM 56.6347500647
LEAFVALUESSUM -0.4120420584
Tree 33 CV-Ensemble 0
GRADIENTSUM 47.4453454809
LEAFVALUESSUM -0.2163220807
Tree 34 CV-Ensemble 0
GRADIENTSUM 41.2080152175
LEAFVALUESSUM 0.0080897683
Tree 35 CV-Ensemble 0
GRADIENTSUM 39.0581078428
LEAFVALUESSUM -0.2252839954
Tree 36 CV-Ensemble 0
GRADIENTSUM 29.8379775072
LEAFVALUESSUM -0.2478123950
Tree 37 CV-Ensemble 0
GRADIENTSUM 21.2692310357
LEAFVALUESSUM -0.0811022384
Tree 38 CV-Ensemble 0
GRADIENTSUM 18.9498685746
LEAFVALUESSUM 0.2007280399
Tree 39 CV-Ensemble 0
GRADIENTSUM 21.6579276663
LEAFVALUESSUM 0.1970784392
Tree 40 CV-Ensemble 0
GRADIENTSUM 23.4754297888
LEAFVALUESSUM 0.1478088294
Tree 41 CV-Ensemble 0
GRADIENTSUM 24.9243643894
LEAFVALUESSUM 0.1596335358
Tree 42 CV-Ensemble 0
GRADIENTSUM 26.4676688747
LEAFVALUESSUM 0.1316976670
Tree 43 CV-Ensemble 0
GRADIENTSUM 28.6288104854
LEAFVALUESSUM -0.1077526366
Tree 44 CV-Ensemble 0
GRADIENTSUM 26.0295846415
LEAFVALUESSUM 0.0193750206
Tree 45 CV-Ensemble 0
GRADIENTSUM 25.4115691613
LEAFVALUESSUM -0.0386785746
Tree 46 CV-Ensemble 0
GRADIENTSUM 21.2187495622
LEAFVALUESSUM -0.0566351035
Tree 47 CV-Ensemble 0
GRADIENTSUM 17.4974126509
LEAFVALUESSUM -0.0848358059
Tree 48 CV-Ensemble 0
GRADIENTSUM 13.1850237771
LEAFVALUESSUM -0.0636268544
Tree 49 CV-Ensemble 0
GRADIENTSUM 5.1075932226
LEAFVALUESSUM -0.0114528338
Tree 0 CV-Ensemble 1
GRADIENTSUM -12.9086538462
LEAFVALUESSUM 1.6502553819
Tree 1 CV-Ensemble 1
GRADIENTSUM 1.2994652406
LEAFVALUESSUM 0.7709681139
Tree 2 CV-Ensemble 1
GRADIENTSUM -4.8133028402
LEAFVALUESSUM 0.0006846179
Tree 3 CV-Ensemble 1
GRADIENTSUM -4.3172918720
LEAFVALUESSUM 0.9436726421
Tree 4 CV-Ensemble 1
GRADIENTSUM 2.5050156114
LEAFVALUESSUM 2.1298913611
Tree 5 CV-Ensemble 1
GRADIENTSUM 14.0642394569
LEAFVALUESSUM 3.5239721164
Tree 6 CV-Ensemble 1
GRADIENTSUM 34.7591936952
LEAFVALUESSUM 3.9365764064
Tree 7 CV-Ensemble 1
GRADIENTSUM 58.6389825369
LEAFVALUESSUM 3.1196659262
Tree 8 CV-Ensemble 1
GRADIENTSUM 79.9510367084
LEAFVALUESSUM 2.7092718234
Tree 9 CV-Ensemble 1
GRADIENTSUM 97.9109026210
LEAFVALUESSUM 1.7345639233
Tree 10 CV-Ensemble 1
GRADIENTSUM 110.5725875923
LEAFVALUESSUM 1.2767261471
Tree 11 CV-Ensemble 1
GRADIENTSUM 123.3294904856
LEAFVALUESSUM 1.4548107587
Tree 12 CV-Ensemble 1
GRADIENTSUM 129.2821219464
LEAFVALUESSUM 0.6605190960
Tree 13 CV-Ensemble 1
GRADIENTSUM 133.1322889852
LEAFVALUESSUM -0.6005478147
Tree 14 CV-Ensemble 1
GRADIENTSUM 125.5709515954
LEAFVALUESSUM -0.1233709214
Tree 15 CV-Ensemble 1
GRADIENTSUM 122.2589307216
LEAFVALUESSUM 0.5392319779
Tree 16 CV-Ensemble 1
GRADIENTSUM 126.4254209330
LEAFVALUESSUM -0.9446720048
Tree 17 CV-Ensemble 1
GRADIENTSUM 118.8035601530
LEAFVALUESSUM -0.2748402374
Tree 18 CV-Ensemble 1
GRADIENTSUM 116.2472810183
LEAFVALUESSUM -1.0196164997
Tree 19 CV-Ensemble 1
GRADIENTSUM 113.1790448649
LEAFVALUESSUM 0.1140576597
Tree 20 CV-Ensemble 1
GRADIENTSUM 114.8651940262
LEAFVALUESSUM -0.1563328367
Tree 21 CV-Ensemble 1
GRADIENTSUM 114.9094300002
LEAFVALUESSUM 0.7737845685
Tree 22 CV-Ensemble 1
GRADIENTSUM 119.2759430438
LEAFVALUESSUM 0.9371443946
Tree 23 CV-Ensemble 1
GRADIENTSUM 123.5210357478
LEAFVALUESSUM 0.9923088812
Tree 24 CV-Ensemble 1
GRADIENTSUM 127.6607511419
LEAFVALUESSUM 0.5256484517
Tree 25 CV-Ensemble 1
GRADIENTSUM 130.7837907141
LEAFVALUESSUM 0.7658044030
Tree 26 CV-Ensemble 1
GRADIENTSUM 134.7779633975
LEAFVALUESSUM 0.3593750135
Tree 27 CV-Ensemble 1
GRADIENTSUM 136.4181449192
LEAFVALUESSUM 0.4144521135
Tree 28 CV-Ensemble 1
GRADIENTSUM 138.2965035987
LEAFVALUESSUM -0.2616738165
Tree 29 CV-Ensemble 1
GRADIENTSUM 136.2229287779
LEAFVALUESSUM -0.5652154437
Tree 30 CV-Ensemble 1
GRADIENTSUM 129.6542543848
LEAFVALUESSUM -0.4239115828
Tree 31 CV-Ensemble 1
GRADIENTSUM 120.2453058871
LEAFVALUESSUM -0.3052163396
Tree 32 CV-Ensemble 1
GRADIENTSUM 108.7910427031
LEAFVALUESSUM -0.2403578674
Tree 33 CV-Ensemble 1
GRADIENTSUM 93.7470521590
LEAFVALUESSUM -0.1854189263
Tree 34 CV-Ensemble 1
GRADIENTSUM 82.7297158220
LEAFVALUESSUM -0.2170127601
Tree 35 CV-Ensemble 1
GRADIENTSUM 77.7552170283
LEAFVALUESSUM -0.1752208853
Tree 36 CV-Ensemble 1
GRADIENTSUM 62.8659582655
LEAFVALUESSUM -0.1576987968
Tree 37 CV-Ensemble 1
GRADIENTSUM 49.0872455560
LEAFVALUESSUM -0.0405511192
Tree 38 CV-Ensemble 1
GRADIENTSUM 43.9399386449
LEAFVALUESSUM 0.2189760436
Tree 39 CV-Ensemble 1
GRADIENTSUM 46.2708442664
LEAFVALUESSUM 0.1445553476
Tree 40 CV-Ensemble 1
GRADIENTSUM 48.0526218554
LEAFVALUESSUM 0.0563243727
Tree 41 CV-Ensemble 1
GRADIENTSUM 48.5240679870
LEAFVALUESSUM 0.1482935770
Tree 42 CV-Ensemble 1
GRADIENTSUM 49.6821002922
LEAFVALUESSUM 0.1197251518
Tree 43 CV-Ensemble 1
GRADIENTSUM 51.9754049720
LEAFVALUESSUM -0.0646515820
Tree 44 CV-Ensemble 1
GRADIENTSUM 46.4395793659
LEAFVALUESSUM -0.0159270988
Tree 45 CV-Ensemble 1
GRADIENTSUM 43.9147963761
LEAFVALUESSUM -0.0698237085
Tree 46 CV-Ensemble 1
GRADIENTSUM 36.8067440588
LEAFVALUESSUM -0.0706965049
Tree 47 CV-Ensemble 1
GRADIENTSUM 30.4200870727
LEAFVALUESSUM -0.0706965049
Tree 48 CV-Ensemble 1
GRADIENTSUM 22.3545769139
LEAFVALUESSUM -0.0509014835
Tree 49 CV-Ensemble 1
GRADIENTSUM 8.9240025889
LEAFVALUESSUM -0.0114528338
Tree 0 CV-Ensemble 2
GRADIENTSUM -6.9312500000
LEAFVALUESSUM 1.3227829768
Tree 1 CV-Ensemble 2
GRADIENTSUM 5.3507052139
LEAFVALUESSUM 0.8575008102
Tree 2 CV-Ensemble 2
GRADIENTSUM 3.1546396451
LEAFVALUESSUM 0.2741595913
Tree 3 CV-Ensemble 2
GRADIENTSUM 4.8830445770
LEAFVALUESSUM 0.9191608189
Tree 4 CV-Ensemble 2
GRADIENTSUM 11.0552880607
LEAFVALUESSUM 1.6193752577
Tree 5 CV-Ensemble 2
GRADIENTSUM 19.6906334861
LEAFVALUESSUM 2.5254575207
Tree 6 CV-Ensemble 2
GRADIENTSUM 35.0373902001
LEAFVALUESSUM 2.7869095907
Tree 7 CV-Ensemble 2
GRADIENTSUM 52.0545971096
LEAFVALUESSUM 2.4458378444
Tree 8 CV-Ensemble 2
GRADIENTSUM 66.7892928696
LEAFVALUESSUM 1.7496732899
Tree 9 CV-Ensemble 2
GRADIENTSUM 78.7277509325
LEAFVALUESSUM 1.2408019758
Tree 10 CV-Ensemble 2
GRADIENTSUM 87.6249190703
LEAFVALUESSUM 0.9262416318
Tree 11 CV-Ensemble 2
GRADIENTSUM 96.5390595474
LEAFVALUESSUM 1.0625302988
Tree 12 CV-Ensemble 2
GRADIENTSUM 100.8287581328
LEAFVALUESSUM 0.5936133311
Tree 13 CV-Ensemble 2
GRADIENTSUM 103.9512784483
LEAFVALUESSUM 1.0595508280
Tree 14 CV-Ensemble 2
GRADIENTSUM 113.4313878723
LEAFVALUESSUM 1.3291714219
Tree 15 CV-Ensemble 2
GRADIENTSUM 119.7847471246
LEAFVALUESSUM -1.5712842929
Tree 16 CV-Ensemble 2
GRADIENTSUM 108.6885381765
LEAFVALUESSUM -1.4560591265
Tree 17 CV-Ensemble 2
GRADIENTSUM 96.9523132230
LEAFVALUESSUM -1.2406922893
Tree 18 CV-Ensemble 2
GRADIENTSUM 91.7097172693
LEAFVALUESSUM -1.2113955722
Tree 19 CV-Ensemble 2
GRADIENTSUM 80.9591352130
LEAFVALUESSUM -1.2487729134
Tree 20 CV-Ensemble 2
GRADIENTSUM 75.0791286249
LEAFVALUESSUM -0.7915554884
Tree 21 CV-Ensemble 2
GRADIENTSUM 69.5826616894
LEAFVALUESSUM 0.5810270960
Tree 22 CV-Ensemble 2
GRADIENTSUM 73.9811444643
LEAFVALUESSUM 0.7168595256
Tree 23 CV-Ensemble 2
GRADIENTSUM 77.8974760154
LEAFVALUESSUM 0.1393481987
Tree 24 CV-Ensemble 2
GRADIENTSUM 78.3014056575
LEAFVALUESSUM -0.0018444724
Tree 25 CV-Ensemble 2
GRADIENTSUM 78.7040520134
LEAFVALUESSUM 0.4738228750
Tree 26 CV-Ensemble 2
GRADIENTSUM 80.3689049471
LEAFVALUESSUM -0.2940797509
Tree 27 CV-Ensemble 2
GRADIENTSUM 78.5608522444
LEAFVALUESSUM 0.5445929166
Tree 28 CV-Ensemble 2
GRADIENTSUM 81.3832981992
LEAFVALUESSUM -0.2093390532
Tree 29 CV-Ensemble 2
GRADIENTSUM 80.4953099158
LEAFVALUESSUM -0.5181141567
Tree 30 CV-Ensemble 2
GRADIENTSUM 76.1667410304
LEAFVALUESSUM -0.4239115828
Tree 31 CV-Ensemble 2
GRADIENTSUM 70.0784429832
LEAFVALUESSUM -0.3028302498
Tree 32 CV-Ensemble 2
GRADIENTSUM 62.7906382772
LEAFVALUESSUM -0.3433683820
Tree 33 CV-Ensemble 2
GRADIENTSUM 53.1752362465
LEAFVALUESSUM -0.2163220807
Tree 34 CV-Ensemble 2
GRADIENTSUM 46.3663583973
LEAFVALUESSUM -0.0904650208
Tree 35 CV-Ensemble 2
GRADIENTSUM 43.4231973989
LEAFVALUESSUM -0.1752208853
Tree 36 CV-Ensemble 2
GRADIENTSUM 34.0640302196
LEAFVALUESSUM -0.1576987968
Tree 37 CV-Ensemble 2
GRADIENTSUM 25.2258402190
LEAFVALUESSUM -0.0811022384
Tree 38 CV-Ensemble 2
GRADIENTSUM 22.3946239706
LEAFVALUESSUM 0.2189760436
Tree 39 CV-Ensemble 2
GRADIENTSUM 24.6362816449
LEAFVALUESSUM 0.1969083766
Tree 40 CV-Ensemble 2
GRADIENTSUM 26.4513198528
LEAFVALUESSUM 0.1773705953
Tree 41 CV-Ensemble 2
GRADIENTSUM 27.5913029844
LEAFVALUESSUM 0.1463307411
Tree 42 CV-Ensemble 2
GRADIENTSUM 28.9294070927
LEAFVALUESSUM 0.1197251518
Tree 43 CV-Ensemble 2
GRADIENTSUM 31.0251225370
LEAFVALUESSUM -0.0646515820
Tree 44 CV-Ensemble 2
GRADIENTSUM 27.5659816958
LEAFVALUESSUM -0.0007304235
Tree 45 CV-Ensemble 2
GRADIENTSUM 26.1840422589
LEAFVALUESSUM -0.0397248279
Tree 46 CV-Ensemble 2
GRADIENTSUM 21.9629495460
LEAFVALUESSUM -0.0579938953
Tree 47 CV-Ensemble 2
GRADIENTSUM 18.4160478713
LEAFVALUESSUM -0.0777661554
Tree 48 CV-Ensemble 2
GRADIENTSUM 13.8430364434
LEAFVALUESSUM -0.0509014835
Tree 49 CV-Ensemble 2
GRADIENTSUM 5.3949153961
LEAFVALUESSUM -0.0114528338
Tree 0 CV-Ensemble 3
GRADIENTSUM -10.3939873418
LEAFVALUESSUM 0.7379256075
Tree 1 CV-Ensemble 3
GRADIENTSUM -3.6939644960
LEAFVALUESSUM 0.0395638850
Tree 2 CV-Ensemble 3
GRADIENTSUM -11.6797572199
LEAFVALUESSUM -0.3543250715
Tree 3 CV-Ensemble 3
GRADIENTSUM -13.8993195361
LEAFVALUESSUM 0.3533465409
Tree 4 CV-Ensemble 3
GRADIENTSUM -11.7692172729
LEAFVALUESSUM 1.0611140092
Tree 5 CV-Ensemble 3
GRADIENTSUM -6.4141305756
LEAFVALUESSUM 2.0332017029
Tree 6 CV-Ensemble 3
GRADIENTSUM 5.8738156512
LEAFVALUESSUM 2.3348661160
Tree 7 CV-Ensemble 3
GRADIENTSUM 20.1864973799
LEAFVALUESSUM 1.8345679408
Tree 8 CV-Ensemble 3
GRADIENTSUM 32.8982129071
LEAFVALUESSUM 1.7087433446
Tree 9 CV-Ensemble 3
GRADIENTSUM 42.5938993427
LEAFVALUESSUM 0.9863123312
Tree 10 CV-Ensemble 3
GRADIENTSUM 49.7587686474
LEAFVALUESSUM 0.7342550940
Tree 11 CV-Ensemble 3
GRADIENTSUM 57.1529277969
LEAFVALUESSUM 0.7925011014
Tree 12 CV-Ensemble 3
GRADIENTSUM 60.1797849408
LEAFVALUESSUM 0.3203978991
Tree 13 CV-Ensemble 3
GRADIENTSUM 62.0677134585
LEAFVALUESSUM 1.1861320962
Tree 14 CV-Ensemble 3
GRADIENTSUM 69.9463494400
LEAFVALUESSUM 1.1010877341
Tree 15 CV-Ensemble 3
GRADIENTSUM 74.6412312901
LEAFVALUESSUM -1.6174483226
Tree 16 CV-Ensemble 3
GRADIENTSUM 63.2233389596
LEAFVALUESSUM -1.4847714222
Tree 17 CV-Ensemble 3
GRADIENTSUM 51.1148763924
LEAFVALUESSUM -1.3423889133
Tree 18 CV-Ensemble 3
GRADIENTSUM 44.8521185486
LEAFVALUESSUM -1.2704903261
Tree 19 CV-Ensemble 3
GRADIENTSUM 34.0141872117
LEAFVALUESSUM -1.2955423588
Tree 20 CV-Ensemble 3
GRADIENTSUM 27.7314992126
LEAFVALUESSUM -0.9198745006
Tree 21 CV-Ensemble 3
GRADIENTSUM 21.7342352319
LEAFVALUESSUM 0.7317285523
Tree 22 CV-Ensemble 3
GRADIENTSUM 25.8852006798
LEAFVALUESSUM 0.7611974107
Tree 23 CV-Ensemble 3
GRADIENTSUM 29.5863104234
LEAFVALUESSUM 0.0016781001
Tree 24 CV-Ensemble 3
GRADIENTSUM 29.5444699106
LEAFVALUESSUM -0.1211692730
Tree 25 CV-Ensemble 3
GRADIENTSUM 29.5912698688
LEAFVALUESSUM 0.4263642813
Tree 26 CV-Ensemble 3
GRADIENTSUM 30.5990116388
LEAFVALUESSUM -0.7753298267
Tree 27 CV-Ensemble 3
GRADIENTSUM 27.5331754054
LEAFVALUESSUM -0.5814973700
Tree 28 CV-Ensemble 3
GRADIENTSUM 24.9331191873
LEAFVALUESSUM 0.2539037451
Tree 29 CV-Ensemble 3
GRADIENTSUM 26.9953014491
LEAFVALUESSUM -0.0202630901
Tree 30 CV-Ensemble 3
GRADIENTSUM 25.9177461428
LEAFVALUESSUM -0.0482616298
Tree 31 CV-Ensemble 3
GRADIENTSUM 24.9893510366
LEAFVALUESSUM -0.1464890404
Tree 32 CV-Ensemble 3
GRADIENTSUM 24.0350520331
LEAFVALUESSUM -0.2446065755
Tree 33 CV-Ensemble 3
GRADIENTSUM 22.7924021621
LEAFVALUESSUM -0.1083755805
Tree 34 CV-Ensemble 3
GRADIENTSUM 21.9963914546
LEAFVALUESSUM 0.1959696240
Tree 35 CV-Ensemble 3
GRADIENTSUM 23.6098922929
LEAFVALUESSUM 0.0888588301
Tree 36 CV-Ensemble 3
GRADIENTSUM 24.4153475143
LEAFVALUESSUM 0.2478123950
Tree 37 CV-Ensemble 3
GRADIENTSUM 26.4075065113
LEAFVALUESSUM 0.2433067151
Tree 38 CV-Ensemble 3
GRADIENTSUM 27.8774602828
LEAFVALUESSUM 0.1642320327
Tree 39 CV-Ensemble 3
GRADIENTSUM 29.3108523122
LEAFVALUESSUM 0.1970784392
Tree 40 CV-Ensemble 3
GRADIENTSUM 30.4386132052
LEAFVALUESSUM 0.1773705953
Tree 41 CV-Ensemble 3
GRADIENTSUM 31.2973618046
LEAFVALUESSUM 0.1463307411
Tree 42 CV-Ensemble 3
GRADIENTSUM 32.2721182669
LEAFVALUESSUM 0.1436701822
Tree 43 CV-Ensemble 3
GRADIENTSUM 34.0380706850
LEAFVALUESSUM -0.0646515820
Tree 44 CV-Ensemble 3
GRADIENTSUM 30.1390049699
LEAFVALUESSUM -0.0327466308
Tree 45 CV-Ensemble 3
GRADIENTSUM 28.4276378002
LEAFVALUESSUM -0.0690273697
Tree 46 CV-Ensemble 3
GRADIENTSUM 23.8367979303
LEAFVALUESSUM -0.0785516721
Tree 47 CV-Ensemble 3
GRADIENTSUM 19.8341308410
LEAFVALUESSUM -0.0636268544
Tree 48 CV-Ensemble 3
GRADIENTSUM 14.7529497384
LEAFVALUESSUM -0.0509014835
Tree 49 CV-Ensemble 3
GRADIENTSUM 5.8280237573
LEAFVALUESSUM -0.0114528338
Tree 0 CV-Ensemble 4
GRADIENTSUM 1.1796875000
LEAFVALUESSUM 0.8101743538
Tree 1 CV-Ensemble 4
GRADIENTSUM 8.3096019942
LEAFVALUESSUM 0.1485147261
Tree 2 CV-Ensemble 4
GRADIENTSUM 0.8028593927
LEAFVALUESSUM -0.2662311292
Tree 3 CV-Ensemble 4
GRADIENTSUM -0.7581725551
LEAFVALUESSUM 0.4317874829
Tree 4 CV-Ensemble 4
GRADIENTSUM 1.8234235559
LEAFVALUESSUM 1.1296317443
Tree 5 CV-Ensemble 4
GRADIENTSUM 7.9265388093
LEAFVALUESSUM 2.0763867289
Tree 6 CV-Ensemble 4
GRADIENTSUM 20.2928576035
LEAFVALUESSUM 2.3679586544
Tree 7 CV-Ensemble 4
GRADIENTSUM 34.7774544758
LEAFVALUESSUM 1.8631656848
Tree 8 CV-Ensemble 4
GRADIENTSUM 47.6827482972
LEAFVALUESSUM 1.7430135965
Tree 9 CV-Ensemble 4
GRADIENTSUM 58.8501160445
LEAFVALUESSUM 0.9831904276
Tree 10 CV-Ensemble 4
GRADIENTSUM 66.0070341375
LEAFVALUESSUM 0.7366472240
Tree 11 CV-Ensemble 4
GRADIENTSUM 73.5315152697
LEAFVALUESSUM 0.8055292592
Tree 12 CV-Ensemble 4
GRADIENTSUM 76.7642376960
LEAFVALUESSUM 0.3751933774
Tree 13 CV-Ensemble 4
GRADIENTSUM 78.6594634243
LEAFVALUESSUM 0.9270065785
Tree 14 CV-Ensemble 4
GRADIENTSUM 87.0913846590
LEAFVALUESSUM 1.0927426315
Tree 15 CV-Ensemble 4
GRADIENTSUM 92.0017745872
LEAFVALUESSUM -1.6221992570
Tree 16 CV-Ensemble 4
GRADIENTSUM 80.6232537860
LEAFVALUESSUM -1.4866427988
Tree 17 CV-Ensemble 4
GRADIENTSUM 68.3962430331
LEAFVALUESSUM -1.3570790284
Tree 18 CV-Ensemble 4
GRADIENTSUM 62.2859120561
LEAFVALUESSUM -1.2777769042
Tree 19 CV-Ensemble 4
GRADIENTSUM 51.3956294621
LEAFVALUESSUM -1.3083268077
Tree 20 CV-Ensemble 4
GRADIENTSUM 44.9739635647
LEAFVALUESSUM -0.9145605489
Tree 21 CV-Ensemble 4
GRADIENTSUM 39.0952640322
LEAFVALUESSUM 0.5199742931
Tree 22 CV-Ensemble 4
GRADIENTSUM 43.2977317781
LEAFVALUESSUM 0.7743021148
Tree 23 CV-Ensemble 4
GRADIENTSUM 46.5532349538
LEAFVALUESSUM 0.0076731777
Tree 24 CV-Ensemble 4
GRADIENTSUM 46.7896500102
LEAFVALUESSUM -0.1172583404
Tree 25 CV-Ensemble 4
GRADIENTSUM 46.2378356951
LEAFVALUESSUM 0.4419181558
Tree 26 CV-Ensemble 4
GRADIENTSUM 47.5357362895
LEAFVALUESSUM -0.5814973700
Tree 27 CV-Ensemble 4
GRADIENTSUM 44.4287094505
LEAFVALUESSUM -0.5233476330
Tree 28 CV-Ensemble 4
GRADIENTSUM 41.8227947399
LEAFVALUESSUM 0.2878955104
Tree 29 CV-Ensemble 4
GRADIENTSUM 43.9313533963
LEAFVALUESSUM -0.0055855205
Tree 30 CV-Ensemble 4
GRADIENTSUM 42.8251851193
LEAFVALUESSUM -0.0312641572
Tree 31 CV-Ensemble 4
GRADIENTSUM 41.8302587008
LEAFVALUESSUM -0.1416880401
Tree 32 CV-Ensemble 4
GRADIENTSUM 41.0791512038
LEAFVALUESSUM -0.2447638582
Tree 33 CV-Ensemble 4
GRADIENTSUM 39.7437225077
LEAFVALUESSUM -0.1133073519
Tree 34 CV-Ensemble 4
GRADIENTSUM 38.9208003089
LEAFVALUESSUM 0.1850129821
Tree 35 CV-Ensemble 4
GRADIENTSUM 40.4096593334
LEAFVALUESSUM 0.1201327800
Tree 36 CV-Ensemble 4
GRADIENTSUM 41.2983106400
LEAFVALUESSUM 0.2027555959
Tree 37 CV-Ensemble 4
GRADIENTSUM 43.3376879096
LEAFVALUESSUM 0.2230311555
Tree 38 CV-Ensemble 4
GRADIENTSUM 44.7968915419
LEAFVALUESSUM 0.1459840291
Tree 39 CV-Ensemble 4
GRADIENTSUM 46.2056136585
LEAFVALUESSUM 0.1970784392
Tree 40 CV-Ensemble 4
GRADIENTSUM 47.3501353580
LEAFVALUESSUM 0.1524169660
Tree 41 CV-Ensemble 4
GRADIENTSUM 48.4298618635
LEAFVALUESSUM 0.0133027946
Tree 42 CV-Ensemble 4
GRADIENTSUM 48.6466224826
LEAFVALUESSUM -0.1436701822
Tree 43 CV-Ensemble 4
GRADIENTSUM 45.8535737633
LEAFVALUESSUM -0.0754268457
Tree 44 CV-Ensemble 4
GRADIENTSUM 42.0587329168
LEAFVALUESSUM -0.0678841611
Tree 45 CV-Ensemble 4
GRADIENTSUM 34.8355048025
LEAFVALUESSUM -0.0960075992
Tree 46 CV-Ensemble 4
GRADIENTSUM 26.9148724265
LEAFVALUESSUM -0.0864068393
Tree 47 CV-Ensemble 4
GRADIENTSUM 18.9910915446
LEAFVALUESSUM -0.0141393010
Tree 48 CV-Ensemble 4
GRADIENTSUM 16.7327020881
LEAFVALUESSUM -0.0553158584
Tree 49 CV-Ensemble 4
GRADIENTSUM 9.0374572015
LEAFVALUESSUM -0.0400849183
