Tree 0 CV-Ensemble 0
GRADIENTSUM 3.0717299578
LEAFVALUESSUM 0.3943229766
Tree 1 CV-Ensemble 0
GRADIENTSUM 4.9221327196
LEAFVALUESSUM 0.6262858737
Tree 2 CV-Ensemble 0
GRADIENTSUM 8.3029605607
LEAFVALUESSUM 0.6655951713
Tree 3 CV-Ensemble 0
GRADIENTSUM 12.2010733974
LEAFVALUESSUM 0.6050865194
Tree 4 CV-Ensemble 0
GRADIENTSUM 15.6874161543
LEAFVALUESSUM 0.5544298191
Tree 5 CV-Ensemble 0
GRADIENTSUM 18.8248333003
LEAFVALUESSUM 0.4696469304
Tree 6 CV-Ensemble 0
GRADIENTSUM 21.4036324688
LEAFVALUESSUM 0.4070339188
Tree 7 CV-Ensemble 0
GRADIENTSUM 23.8751330931
LEAFVALUESSUM 0.3950050374
Tree 8 CV-Ensemble 0
GRADIENTSUM 25.8857897309
LEAFVALUESSUM 0.3556413368
Tree 9 CV-Ensemble 0
GRADIENTSUM 27.6397767649
LEAFVALUESSUM 0.2276246447
Tree 10 CV-Ensemble 0
GRADIENTSUM 28.9395601313
LEAFVALUESSUM 0.3036210337
Tree 11 CV-Ensemble 0
GRADIENTSUM 30.3494985188
LEAFVALUESSUM 0.2085085865
Tree 12 CV-Ensemble 0
GRADIENTSUM 31.4218706986
LEAFVALUESSUM 0.0888674190
Tree 13 CV-Ensemble 0
GRADIENTSUM 31.5068729871
LEAFVALUESSUM 0.1250698460
Tree 14 CV-Ensemble 0
GRADIENTSUM 32.0987082185
LEAFVALUESSUM 0.1126802167
Tree 15 CV-Ensemble 0
GRADIENTSUM 32.5983869859
LEAFVALUESSUM 0.0957531755
Tree 16 CV-Ensemble 0
GRADIENTSUM 33.0223573038
LEAFVALUESSUM 0.0924787655
Tree 17 CV-Ensemble 0
GRADIENTSUM 33.4605354636
LEAFVALUESSUM 0.0992254628
Tree 18 CV-Ensemble 0
GRADIENTSUM 33.8782672353
LEAFVALUESSUM 0.0742019556
Tree 19 CV-Ensemble 0
GRADIENTSUM 34.2012086316
LEAFVALUESSUM -0.0200793174
Tree 20 CV-Ensemble 0
GRADIENTSUM 34.2623269221
LEAFVALUESSUM -0.2464894475
Tree 21 CV-Ensemble 0
GRADIENTSUM 33.3019168284
LEAFVALUESSUM -0.2207028731
Tree 22 CV-Ensemble 0
GRADIENTSUM 32.5326934356
LEAFVALUESSUM -0.1999113904
Tree 23 CV-Ensemble 0
GRADIENTSUM 31.7704819961
LEAFVALUESSUM -0.0730778413
Tree 24 CV-Ensemble 0
GRADIENTSUM 32.3842991023
LEAFVALUESSUM 0.2699270303
Tree 25 CV-Ensemble 0
GRADIENTSUM 33.3109185284
LEAFVALUESSUM 0.2426928633
Tree 26 CV-Ensemble 0
GRADIENTSUM 34.1171564709
LEAFVALUESSUM 0.2526393080
Tree 27 CV-Ensemble 0
GRADIENTSUM 34.9889913729
LEAFVALUESSUM 0.1878326063
Tree 28 CV-Ensemble 0
GRADIENTSUM 35.5945819728
LEAFVALUESSUM 0.0264194491
Tree 29 CV-Ensemble 0
GRADIENTSUM 35.8275717314
LEAFVALUESSUM 0.1812361844
Tree 30 CV-Ensemble 0
GRADIENTSUM 36.3833558533
LEAFVALUESSUM -0.1695646331
Tree 31 CV-Ensemble 0
GRADIENTSUM 34.6215843337
LEAFVALUESSUM -0.1526081698
Tree 32 CV-Ensemble 0
GRADIENTSUM 32.9370960999
LEAFVALUESSUM -0.1249245633
Tree 33 CV-Ensemble 0
GRADIENTSUM 31.7063340083
LEAFVALUESSUM -0.1236126175
Tree 34 CV-Ensemble 0
GRADIENTSUM 28.4590779426
LEAFVALUESSUM -0.1112513558
Tree 35 CV-Ensemble 0
GRADIENTSUM 25.1798413995
LEAFVALUESSUM -0.1001262202
Tree 36 CV-Ensemble 0
GRADIENTSUM 22.6420025508
LEAFVALUESSUM -0.0901135982
Tree 37 CV-Ensemble 0
GRADIENTSUM 21.4855832240
LEAFVALUESSUM -0.0811022384
Tree 38 CV-Ensemble 0
GRADIENTSUM 19.0397986454
LEAFVALUESSUM -0.0729920145
Tree 39 CV-Ensemble 0
GRADIENTSUM 17.8425143955
LEAFVALUESSUM -0.0656928131
Tree 40 CV-Ensemble 0
GRADIENTSUM 16.8292903174
LEAFVALUESSUM -0.0591235318
Tree 41 CV-Ensemble 0
GRADIENTSUM 12.2767188007
LEAFVALUESSUM -0.0532111786
Tree 42 CV-Ensemble 0
GRADIENTSUM 10.7280436450
LEAFVALUESSUM -0.0478900607
Tree 43 CV-Ensemble 0
GRADIENTSUM 9.6980334815
LEAFVALUESSUM -0.0431010547
Tree 44 CV-Ensemble 0
GRADIENTSUM 8.3326892896
LEAFVALUESSUM -0.0387909492
Tree 45 CV-Ensemble 0
GRADIENTSUM 5.7283463939
LEAFVALUESSUM -0.0349118543
Tree 46 CV-Ensemble 0
GRADIENTSUM 3.4073515929
LEAFVALUESSUM -0.0314206688
Tree 47 CV-Ensemble 0
GRADIENTSUM 1.0485601058
LEAFVALUESSUM -0.0282786020
Tree 48 CV-Ensemble 0
GRADIENTSUM 0.4543649864
LEAFVALUESSUM -0.0254507418
Tree 49 CV-Ensemble 0
GRADIENTSUM -0.1231610521
LEAFVALUESSUM 0.0229056676
Tree 0 CV-Ensemble 1
GRADIENTSUM 5.0421940928
LEAFVALUESSUM 0.2052167242
Tree 1 CV-Ensemble 1
GRADIENTSUM 6.2734944381
LEAFVALUESSUM 0.1865606584
Tree 2 CV-Ensemble 1
GRADIENTSUM 7.3742023224
LEAFVALUESSUM 0.4918100346
Tree 3 CV-Ensemble 1
GRADIENTSUM 9.9021895913
LEAFVALUESSUM 0.2357808559
Tree 4 CV-Ensemble 1
GRADIENTSUM 10.6674188460
LEAFVALUESSUM -0.4781948282
Tree 5 CV-Ensemble 1
GRADIENTSUM 8.4433790098
LEAFVALUESSUM 0.1775514401
Tree 6 CV-Ensemble 1
GRADIENTSUM 9.8307246385
LEAFVALUESSUM -0.2496410877
Tree 7 CV-Ensemble 1
GRADIENTSUM 8.5920884369
LEAFVALUESSUM -0.2011664188
Tree 8 CV-Ensemble 1
GRADIENTSUM 7.4539862791
LEAFVALUESSUM -0.1412312473
Tree 9 CV-Ensemble 1
GRADIENTSUM 6.7070098862
LEAFVALUESSUM 0.1558073686
Tree 10 CV-Ensemble 1
GRADIENTSUM 7.5545086269
LEAFVALUESSUM 0.1020634117
Tree 11 CV-Ensemble 1
GRADIENTSUM 8.0629519707
LEAFVALUESSUM 0.0623347163
Tree 12 CV-Ensemble 1
GRADIENTSUM 7.9797524099
LEAFVALUESSUM 0.2554395002
Tree 13 CV-Ensemble 1
GRADIENTSUM 9.1965120993
LEAFVALUESSUM 0.2905488263
Tree 14 CV-Ensemble 1
GRADIENTSUM 10.6733144615
LEAFVALUESSUM 0.3251520319
Tree 15 CV-Ensemble 1
GRADIENTSUM 12.1967039196
LEAFVALUESSUM 0.6663898038
Tree 16 CV-Ensemble 1
GRADIENTSUM 15.2182911773
LEAFVALUESSUM 0.6008081660
Tree 17 CV-Ensemble 1
GRADIENTSUM 17.8669748759
LEAFVALUESSUM 0.5670301866
Tree 18 CV-Ensemble 1
GRADIENTSUM 20.3889153627
LEAFVALUESSUM 0.4966083229
Tree 19 CV-Ensemble 1
GRADIENTSUM 22.4618832527
LEAFVALUESSUM 0.3798885312
Tree 20 CV-Ensemble 1
GRADIENTSUM 24.1541972650
LEAFVALUESSUM 0.1221099522
Tree 21 CV-Ensemble 1
GRADIENTSUM 24.6340979809
LEAFVALUESSUM 0.1139103437
Tree 22 CV-Ensemble 1
GRADIENTSUM 25.0939216868
LEAFVALUESSUM 0.1114586396
Tree 23 CV-Ensemble 1
GRADIENTSUM 25.4767460624
LEAFVALUESSUM 0.1498749538
Tree 24 CV-Ensemble 1
GRADIENTSUM 26.5506344934
LEAFVALUESSUM 0.3190657723
Tree 25 CV-Ensemble 1
GRADIENTSUM 27.9549926155
LEAFVALUESSUM 0.2871591951
Tree 26 CV-Ensemble 1
GRADIENTSUM 29.1697157595
LEAFVALUESSUM 0.2584432756
Tree 27 CV-Ensemble 1
GRADIENTSUM 30.3213355870
LEAFVALUESSUM 0.2325989480
Tree 28 CV-Ensemble 1
GRADIENTSUM 31.3574104276
LEAFVALUESSUM 0.1601017625
Tree 29 CV-Ensemble 1
GRADIENTSUM 32.0373666891
LEAFVALUESSUM 0.1884051479
Tree 30 CV-Ensemble 1
GRADIENTSUM 32.8861812478
LEAFVALUESSUM -0.1695646331
Tree 31 CV-Ensemble 1
GRADIENTSUM 31.2634103228
LEAFVALUESSUM -0.1526081698
Tree 32 CV-Ensemble 1
GRADIENTSUM 29.7051882786
LEAFVALUESSUM -0.0747405038
Tree 33 CV-Ensemble 1
GRADIENTSUM 28.6363518756
LEAFVALUESSUM -0.1236126175
Tree 34 CV-Ensemble 1
GRADIENTSUM 25.5559800248
LEAFVALUESSUM -0.1112513558
Tree 35 CV-Ensemble 1
GRADIENTSUM 22.4313388969
LEAFVALUESSUM -0.0686243504
Tree 36 CV-Ensemble 1
GRADIENTSUM 20.0653910483
LEAFVALUESSUM -0.0901135982
Tree 37 CV-Ensemble 1
GRADIENTSUM 19.0732388238
LEAFVALUESSUM -0.0508964129
Tree 38 CV-Ensemble 1
GRADIENTSUM 16.8408320926
LEAFVALUESSUM -0.0729920145
Tree 39 CV-Ensemble 1
GRADIENTSUM 15.8300965999
LEAFVALUESSUM -0.0656928131
Tree 40 CV-Ensemble 1
GRADIENTSUM 15.0025000005
LEAFVALUESSUM -0.0591235318
Tree 41 CV-Ensemble 1
GRADIENTSUM 10.6114798166
LEAFVALUESSUM -0.0532111786
Tree 42 CV-Ensemble 1
GRADIENTSUM 9.2250750803
LEAFVALUESSUM -0.0478900607
Tree 43 CV-Ensemble 1
GRADIENTSUM 8.3559254716
LEAFVALUESSUM -0.0431010547
Tree 44 CV-Ensemble 1
GRADIENTSUM 7.1505393995
LEAFVALUESSUM -0.0387909492
Tree 45 CV-Ensemble 1
GRADIENTSUM 4.7066591789
LEAFVALUESSUM -0.0349118543
Tree 46 CV-Ensemble 1
GRADIENTSUM 2.5505697987
LEAFVALUESSUM -0.0314206688
Tree 47 CV-Ensemble 1
GRADIENTSUM 0.4022056483
LEAFVALUESSUM -0.0282786020
Tree 48 CV-Ensemble 1
GRADIENTSUM 0.0383951422
LEAFVALUESSUM -0.0254507418
Tree 49 CV-Ensemble 1
GRADIENTSUM -0.3149367659
LEAFVALUESSUM 0.0229056676
Tree 0 CV-Ensemble 2
GRADIENTSUM 4.7848101266
LEAFVALUESSUM 0.1818181818
Tree 1 CV-Ensemble 2
GRADIENTSUM 5.8757192175
LEAFVALUESSUM 0.1652892562
Tree 2 CV-Ensemble 2
GRADIENTSUM 6.8509258291
LEAFVALUESSUM 0.4724723963
Tree 3 CV-Ensemble 2
GRADIENTSUM 9.1102530695
LEAFVALUESSUM 0.2182011846
Tree 4 CV-Ensemble 2
GRADIENTSUM 9.8054068728
LEAFVALUESSUM -0.4941763475
Tree 5 CV-Ensemble 2
GRADIENTSUM 7.5426746257
LEAFVALUESSUM 0.1630227862
Tree 6 CV-Ensemble 2
GRADIENTSUM 8.8027270865
LEAFVALUESSUM -0.2628489549
Tree 7 CV-Ensemble 2
GRADIENTSUM 7.5005097976
LEAFVALUESSUM -0.2131735708
Tree 8 CV-Ensemble 2
GRADIENTSUM 6.3066777568
LEAFVALUESSUM -0.1521468400
Tree 9 CV-Ensemble 2
GRADIENTSUM 5.5211854512
LEAFVALUESSUM 0.1458841025
Tree 10 CV-Ensemble 2
GRADIENTSUM 6.3269545006
LEAFVALUESSUM 0.0930422607
Tree 11 CV-Ensemble 2
GRADIENTSUM 6.8001096595
LEAFVALUESSUM 0.0541336700
Tree 12 CV-Ensemble 2
GRADIENTSUM 6.7492979764
LEAFVALUESSUM 0.2479840035
Tree 13 CV-Ensemble 2
GRADIENTSUM 8.0035790699
LEAFVALUESSUM 0.2837711021
Tree 14 CV-Ensemble 2
GRADIENTSUM 9.4326371454
LEAFVALUESSUM 0.3189904644
Tree 15 CV-Ensemble 2
GRADIENTSUM 10.9241516419
LEAFVALUESSUM 0.4655614813
Tree 16 CV-Ensemble 2
GRADIENTSUM 12.6892815739
LEAFVALUESSUM 0.6557477079
Tree 17 CV-Ensemble 2
GRADIENTSUM 15.3689383442
LEAFVALUESSUM 0.6670872680
Tree 18 CV-Ensemble 2
GRADIENTSUM 18.2748945857
LEAFVALUESSUM 0.6003785412
Tree 19 CV-Ensemble 2
GRADIENTSUM 20.8620020609
LEAFVALUESSUM 0.5403406871
Tree 20 CV-Ensemble 2
GRADIENTSUM 23.1401667485
LEAFVALUESSUM 0.4817358654
Tree 21 CV-Ensemble 2
GRADIENTSUM 25.1098624915
LEAFVALUESSUM 0.4263791645
Tree 22 CV-Ensemble 2
GRADIENTSUM 26.8350901612
LEAFVALUESSUM 0.3939083609
Tree 23 CV-Ensemble 2
GRADIENTSUM 28.4381383242
LEAFVALUESSUM 0.3545175248
Tree 24 CV-Ensemble 2
GRADIENTSUM 29.8544408181
LEAFVALUESSUM 0.2431570082
Tree 25 CV-Ensemble 2
GRADIENTSUM 30.8975916208
LEAFVALUESSUM 0.2823789937
Tree 26 CV-Ensemble 2
GRADIENTSUM 31.9196542918
LEAFVALUESSUM 0.2468774258
Tree 27 CV-Ensemble 2
GRADIENTSUM 32.7916211119
LEAFVALUESSUM 0.1409966989
Tree 28 CV-Ensemble 2
GRADIENTSUM 33.0193713437
LEAFVALUESSUM 0.1822070745
Tree 29 CV-Ensemble 2
GRADIENTSUM 33.6735738182
LEAFVALUESSUM 0.1587827829
Tree 30 CV-Ensemble 2
GRADIENTSUM 34.1570960199
LEAFVALUESSUM -0.1695646331
Tree 31 CV-Ensemble 2
GRADIENTSUM 32.4449412859
LEAFVALUESSUM -0.1526081698
Tree 32 CV-Ensemble 2
GRADIENTSUM 30.7919953583
LEAFVALUESSUM -0.1048732613
Tree 33 CV-Ensemble 2
GRADIENTSUM 29.6191669894
LEAFVALUESSUM -0.1236126175
Tree 34 CV-Ensemble 2
GRADIENTSUM 26.4931609683
LEAFVALUESSUM -0.1112513558
Tree 35 CV-Ensemble 2
GRADIENTSUM 23.3153056647
LEAFVALUESSUM -0.0853231273
Tree 36 CV-Ensemble 2
GRADIENTSUM 20.8898934422
LEAFVALUESSUM -0.0901135982
Tree 37 CV-Ensemble 2
GRADIENTSUM 19.8457621624
LEAFVALUESSUM -0.0608522922
Tree 38 CV-Ensemble 2
GRADIENTSUM 17.5445792436
LEAFVALUESSUM -0.0729920145
Tree 39 CV-Ensemble 2
GRADIENTSUM 16.4611695355
LEAFVALUESSUM -0.0656928131
Tree 40 CV-Ensemble 2
GRADIENTSUM 15.5803971714
LEAFVALUESSUM -0.0591235318
Tree 41 CV-Ensemble 2
GRADIENTSUM 11.1456525558
LEAFVALUESSUM -0.0532111786
Tree 42 CV-Ensemble 2
GRADIENTSUM 9.7145277998
LEAFVALUESSUM -0.0478900607
Tree 43 CV-Ensemble 2
GRADIENTSUM 8.7939840739
LEAFVALUESSUM -0.0431010547
Tree 44 CV-Ensemble 2
GRADIENTSUM 7.5447921327
LEAFVALUESSUM -0.0387909492
Tree 45 CV-Ensemble 2
GRADIENTSUM 5.0500563074
LEAFVALUESSUM -0.0349118543
Tree 46 CV-Ensemble 2
GRADIENTSUM 2.8421971719
LEAFVALUESSUM -0.0314206688
Tree 47 CV-Ensemble 2
GRADIENTSUM 0.6418715511
LEAFVALUESSUM -0.0282786020
Tree 48 CV-Ensemble 2
GRADIENTSUM 0.1941059872
LEAFVALUESSUM -0.0254507418
Tree 49 CV-Ensemble 2
GRADIENTSUM -0.2399696310
LEAFVALUESSUM 0.0229056676
Tree 0 CV-Ensemble 3
GRADIENTSUM -0.2107843137
LEAFVALUESSUM -0.3132798574
Tree 1 CV-Ensemble 3
GRADIENTSUM -2.0904634581
LEAFVALUESSUM -0.2847998704
Tree 2 CV-Ensemble 3
GRADIENTSUM -3.7707826932
LEAFVALUESSUM 0.1154225777
Tree 3 CV-Ensemble 3
GRADIENTSUM -3.5612247904
LEAFVALUESSUM -0.1405735438
Tree 4 CV-Ensemble 3
GRADIENTSUM -5.8129072133
LEAFVALUESSUM -0.9323638925
Tree 5 CV-Ensemble 3
GRADIENTSUM -11.8537631667
LEAFVALUESSUM -0.1362852022
Tree 6 CV-Ensemble 3
GRADIENTSUM -11.3944642551
LEAFVALUESSUM -0.6014407492
Tree 7 CV-Ensemble 3
GRADIENTSUM -14.5348062841
LEAFVALUESSUM -0.5168139948
Tree 8 CV-Ensemble 3
GRADIENTSUM -17.2911751295
LEAFVALUESSUM -0.4214465234
Tree 9 CV-Ensemble 3
GRADIENTSUM -19.4546208649
LEAFVALUESSUM -0.0586747351
Tree 10 CV-Ensemble 3
GRADIENTSUM -19.7797863924
LEAFVALUESSUM -0.0982943005
Tree 11 CV-Ensemble 3
GRADIENTSUM -20.2696028120
LEAFVALUESSUM -0.1210352666
Tree 12 CV-Ensemble 3
GRADIENTSUM -21.1369329317
LEAFVALUESSUM 0.1224583322
Tree 13 CV-Ensemble 3
GRADIENTSUM -20.2751123008
LEAFVALUESSUM 0.1801471028
Tree 14 CV-Ensemble 3
GRADIENTSUM -19.3057300819
LEAFVALUESSUM 0.2352373598
Tree 15 CV-Ensemble 3
GRADIENTSUM -18.2147334946
LEAFVALUESSUM 0.4193751395
Tree 16 CV-Ensemble 3
GRADIENTSUM -16.5776649639
LEAFVALUESSUM 0.6462979044
Tree 17 CV-Ensemble 3
GRADIENTSUM -13.8750479592
LEAFVALUESSUM 0.6670872680
Tree 18 CV-Ensemble 3
GRADIENTSUM -10.9522123123
LEAFVALUESSUM 0.6003785412
Tree 19 CV-Ensemble 3
GRADIENTSUM -8.3469980205
LEAFVALUESSUM 0.5403406871
Tree 20 CV-Ensemble 3
GRADIENTSUM -6.0515093054
LEAFVALUESSUM 0.4826571383
Tree 21 CV-Ensemble 3
GRADIENTSUM -4.0541914801
LEAFVALUESSUM 0.4261123192
Tree 22 CV-Ensemble 3
GRADIENTSUM -2.3256654056
LEAFVALUESSUM 0.3939083609
Tree 23 CV-Ensemble 3
GRADIENTSUM -0.7047525857
LEAFVALUESSUM 0.3545175248
Tree 24 CV-Ensemble 3
GRADIENTSUM 0.7300544976
LEAFVALUESSUM 0.2310973615
Tree 25 CV-Ensemble 3
GRADIENTSUM 1.7124739784
LEAFVALUESSUM 0.2809123131
Tree 26 CV-Ensemble 3
GRADIENTSUM 2.7387961164
LEAFVALUESSUM 0.2451801460
Tree 27 CV-Ensemble 3
GRADIENTSUM 3.5868751659
LEAFVALUESSUM 0.1229368420
Tree 28 CV-Ensemble 3
GRADIENTSUM 3.9090430810
LEAFVALUESSUM 0.1724310431
Tree 29 CV-Ensemble 3
GRADIENTSUM 4.4960949205
LEAFVALUESSUM 0.1519049861
Tree 30 CV-Ensemble 3
GRADIENTSUM 4.9617138430
LEAFVALUESSUM 0.1392885365
Tree 31 CV-Ensemble 3
GRADIENTSUM 5.3686492653
LEAFVALUESSUM 0.1307607852
Tree 32 CV-Ensemble 3
GRADIENTSUM 5.7592804120
LEAFVALUESSUM 0.1339112639
Tree 33 CV-Ensemble 3
GRADIENTSUM 6.1623746290
LEAFVALUESSUM 0.1080132424
Tree 34 CV-Ensemble 3
GRADIENTSUM 6.4568511872
LEAFVALUESSUM 0.0342025342
Tree 35 CV-Ensemble 3
GRADIENTSUM 6.5439349788
LEAFVALUESSUM -0.1001262202
Tree 36 CV-Ensemble 3
GRADIENTSUM 6.1011469368
LEAFVALUESSUM -0.0901135982
Tree 37 CV-Ensemble 3
GRADIENTSUM 5.6885480081
LEAFVALUESSUM -0.0811022384
Tree 38 CV-Ensemble 3
GRADIENTSUM 5.3093546150
LEAFVALUESSUM -0.0364960073
Tree 39 CV-Ensemble 3
GRADIENTSUM 5.2150440808
LEAFVALUESSUM 0.0656928131
Tree 40 CV-Ensemble 3
GRADIENTSUM 5.6304656900
LEAFVALUESSUM 0.0591235318
Tree 41 CV-Ensemble 3
GRADIENTSUM 5.9826161936
LEAFVALUESSUM 0.0532111786
Tree 42 CV-Ensemble 3
GRADIENTSUM 6.3729453378
LEAFVALUESSUM 0.0478900607
Tree 43 CV-Ensemble 3
GRADIENTSUM 6.7310749615
LEAFVALUESSUM 0.0000000000
Tree 44 CV-Ensemble 3
GRADIENTSUM 6.8255060528
LEAFVALUESSUM 0.0387909492
Tree 45 CV-Ensemble 3
GRADIENTSUM 7.1546527619
LEAFVALUESSUM -0.0349118543
Tree 46 CV-Ensemble 3
GRADIENTSUM 4.3245212397
LEAFVALUESSUM -0.0314206688
Tree 47 CV-Ensemble 3
GRADIENTSUM 1.5013331429
LEAFVALUESSUM -0.0282786020
Tree 48 CV-Ensemble 3
GRADIENTSUM 0.7328882063
LEAFVALUESSUM -0.0254507418
Tree 49 CV-Ensemble 3
GRADIENTSUM -0.0215052180
LEAFVALUESSUM 0.0100624313
Tree 0 CV-Ensemble 4
GRADIENTSUM -13.2827004219
LEAFVALUESSUM 0.0375911009
Tree 1 CV-Ensemble 4
GRADIENTSUM -13.0571538166
LEAFVALUESSUM 0.0341737281
Tree 2 CV-Ensemble 4
GRADIENTSUM -12.8555288210
LEAFVALUESSUM 0.3532764617
Tree 3 CV-Ensemble 4
GRADIENTSUM -11.1885736748
LEAFVALUESSUM 0.1098412440
Tree 4 CV-Ensemble 4
GRADIENTSUM -11.7190849234
LEAFVALUESSUM -0.5926853844
Tree 5 CV-Ensemble 4
GRADIENTSUM -15.5338196588
LEAFVALUESSUM 0.0734691163
Tree 6 CV-Ensemble 4
GRADIENTSUM -14.1174392251
LEAFVALUESSUM -0.3442613821
Tree 7 CV-Ensemble 4
GRADIENTSUM -15.8852277572
LEAFVALUESSUM -0.2871848683
Tree 8 CV-Ensemble 4
GRADIENTSUM -17.4250024021
LEAFVALUESSUM -0.2194298377
Tree 9 CV-Ensemble 4
GRADIENTSUM -18.5400707427
LEAFVALUESSUM 0.0797990359
Tree 10 CV-Ensemble 4
GRADIENTSUM -18.1577031645
LEAFVALUESSUM 0.0338503124
Tree 11 CV-Ensemble 4
GRADIENTSUM -17.9778815740
LEAFVALUESSUM 0.0031332238
Tree 12 CV-Ensemble 4
GRADIENTSUM -18.1981499582
LEAFVALUESSUM 0.2026100118
Tree 13 CV-Ensemble 4
GRADIENTSUM -16.9684667035
LEAFVALUESSUM 0.2436179267
Tree 14 CV-Ensemble 4
GRADIENTSUM -15.7184985712
LEAFVALUESSUM 0.2833466044
Tree 15 CV-Ensemble 4
GRADIENTSUM -14.4075830694
LEAFVALUESSUM 0.4343082715
Tree 16 CV-Ensemble 4
GRADIENTSUM -12.6680328761
LEAFVALUESSUM 0.6380762681
Tree 17 CV-Ensemble 4
GRADIENTSUM -10.0233686811
LEAFVALUESSUM 0.6617530261
Tree 18 CV-Ensemble 4
GRADIENTSUM -7.1928551016
LEAFVALUESSUM 0.6003785412
Tree 19 CV-Ensemble 4
GRADIENTSUM -4.6343490320
LEAFVALUESSUM 0.5383719804
Tree 20 CV-Ensemble 4
GRADIENTSUM -2.3972032984
LEAFVALUESSUM 0.4757784917
Tree 21 CV-Ensemble 4
GRADIENTSUM -0.4542525496
LEAFVALUESSUM 0.4140593211
Tree 22 CV-Ensemble 4
GRADIENTSUM 1.2015179492
LEAFVALUESSUM 0.3939083609
Tree 23 CV-Ensemble 4
GRADIENTSUM 2.7800317884
LEAFVALUESSUM 0.3545175248
Tree 24 CV-Ensemble 4
GRADIENTSUM 4.1726018153
LEAFVALUESSUM 0.2245295812
Tree 25 CV-Ensemble 4
GRADIENTSUM 5.0187343824
LEAFVALUESSUM 0.2769758304
Tree 26 CV-Ensemble 4
GRADIENTSUM 5.9770638113
LEAFVALUESSUM 0.2346185437
Tree 27 CV-Ensemble 4
GRADIENTSUM 6.7846507638
LEAFVALUESSUM 0.1290918134
Tree 28 CV-Ensemble 4
GRADIENTSUM 7.1293976264
LEAFVALUESSUM 0.1660421320
Tree 29 CV-Ensemble 4
GRADIENTSUM 7.7047235575
LEAFVALUESSUM 0.1473999617
Tree 30 CV-Ensemble 4
GRADIENTSUM 8.1482730189
LEAFVALUESSUM 0.1306285970
Tree 31 CV-Ensemble 4
GRADIENTSUM 8.5327312126
LEAFVALUESSUM 0.1256471976
Tree 32 CV-Ensemble 4
GRADIENTSUM 8.9061052788
LEAFVALUESSUM 0.1289525700
Tree 33 CV-Ensemble 4
GRADIENTSUM 9.2892953997
LEAFVALUESSUM 0.1043126560
Tree 34 CV-Ensemble 4
GRADIENTSUM 9.5665838880
LEAFVALUESSUM 0.0289625806
Tree 35 CV-Ensemble 4
GRADIENTSUM 9.6512391574
LEAFVALUESSUM -0.1001262202
Tree 36 CV-Ensemble 4
GRADIENTSUM 9.2507980221
LEAFVALUESSUM -0.0901135982
Tree 37 CV-Ensemble 4
GRADIENTSUM 8.8778991036
LEAFVALUESSUM -0.0811022384
Tree 38 CV-Ensemble 4
GRADIENTSUM 8.5425648144
LEAFVALUESSUM -0.0364960073
Tree 39 CV-Ensemble 4
GRADIENTSUM 8.4701111121
LEAFVALUESSUM 0.0656928131
Tree 40 CV-Ensemble 4
GRADIENTSUM 8.8401054878
LEAFVALUESSUM 0.0591235318
Tree 41 CV-Ensemble 4
GRADIENTSUM 9.1559744227
LEAFVALUESSUM 0.0532111786
Tree 42 CV-Ensemble 4
GRADIENTSUM 9.5072130865
LEAFVALUESSUM 0.0478900607
Tree 43 CV-Ensemble 4
GRADIENTSUM 9.8225476725
LEAFVALUESSUM 0.0000000000
Tree 44 CV-Ensemble 4
GRADIENTSUM 9.9045528740
LEAFVALUESSUM 0.0387909492
Tree 45 CV-Ensemble 4
GRADIENTSUM 10.1950169981
LEAFVALUESSUM -0.0349118543
Tree 46 CV-Ensemble 4
GRADIENTSUM 8.7141532931
LEAFVALUESSUM -0.0314206688
Tree 47 CV-Ensemble 4
GRADIENTSUM 7.2416554297
LEAFVALUESSUM -0.0282786020
Tree 48 CV-Ensemble 4
GRADIENTSUM 6.1991572103
LEAFVALUESSUM -0.0254507418
Tree 49 CV-Ensemble 4
GRADIENTSUM 3.1415187531
LEAFVALUESSUM -0.0229056676
