Abalone, 1 ensemble with 50 trees, privacy budget = 3
Using all 4100 samples, (0.75,0.25) train-test-split
learning_rate=0.1, textbook sample selection

Mean                      RMSE: 3.26
Depth first growth        RMSE: 2.33    #trees used: 23/50
Best-leaf first growth    RMSE: 3.26    #trees used: 6/50
3-nodes trees growth      RMSE: 2.33    #trees used: 27/50
--------(0/9)
Mean                      RMSE: 3.23
Depth first growth        RMSE: 2.35    #trees used: 32/50
Best-leaf first growth    RMSE: 3.23    #trees used: 5/50
3-nodes trees growth      RMSE: 2.36    #trees used: 30/50
--------(1/9)
Mean                      RMSE: 3.20
Depth first growth        RMSE: 2.33    #trees used: 25/50
Best-leaf first growth    RMSE: 3.20    #trees used: 5/50
3-nodes trees growth      RMSE: 2.34    #trees used: 30/50
--------(2/9)
Mean                      RMSE: 3.13
Depth first growth        RMSE: 2.22    #trees used: 28/50
Best-leaf first growth    RMSE: 3.13    #trees used: 2/50
3-nodes trees growth      RMSE: 2.25    #trees used: 28/50
--------(3/9)
Mean                      RMSE: 3.33
Depth first growth        RMSE: 2.49    #trees used: 34/50
Best-leaf first growth    RMSE: 3.32    #trees used: 4/50
3-nodes trees growth      RMSE: 2.48    #trees used: 33/50
--------(4/9)
Mean                      RMSE: 3.17
Depth first growth        RMSE: 2.41    #trees used: 25/50
Best-leaf first growth    RMSE: 3.17    #trees used: 8/50
3-nodes trees growth      RMSE: 2.39    #trees used: 25/50
--------(5/9)
Mean                      RMSE: 3.24
Depth first growth        RMSE: 2.31    #trees used: 27/50
Best-leaf first growth    RMSE: 3.24    #trees used: 3/50
3-nodes trees growth      RMSE: 2.37    #trees used: 29/50
--------(6/9)
Mean                      RMSE: 3.18
Depth first growth        RMSE: 2.26    #trees used: 28/50
Best-leaf first growth    RMSE: 3.18    #trees used: 7/50
3-nodes trees growth      RMSE: 2.31    #trees used: 30/50
--------(7/9)
Mean                      RMSE: 3.12
Depth first growth        RMSE: 2.22    #trees used: 27/50
Best-leaf first growth    RMSE: 3.12    #trees used: 8/50
3-nodes trees growth      RMSE: 2.30    #trees used: 37/50
--------(8/9)
Mean                      RMSE: 3.17
Depth first growth        RMSE: 2.25    #trees used: 30/50
Best-leaf first growth    RMSE: 3.17    #trees used: 3/50
3-nodes trees growth      RMSE: 2.34    #trees used: 29/50
--------(9/9)

===== Average =====

RMSEs: [3.2, 2.32, 3.2, 2.35]   #trees: [27, 5, 29]/50