Abalone, 1 ensemble with 50 trees, privacy budget = 1
Using all 4177 samples, (0.75,0.25) train-test-split
learning_rate=0.1, balanced_trees (same #samples per tree)

Mean                      RMSE: 3.21
Depth first growth        RMSE: 2.48    #trees used: 50/50
Best-leaf first growth    RMSE: 3.23    #trees used: 50/50
3-nodes trees growth      RMSE: 2.57    #trees used: 50/50
--------(0/9)
Mean                      RMSE: 3.22
Depth first growth        RMSE: 2.48    #trees used: 50/50
Best-leaf first growth    RMSE: 3.26    #trees used: 50/50
3-nodes trees growth      RMSE: 2.40    #trees used: 50/50
--------(1/9)
Mean                      RMSE: 3.22
Depth first growth        RMSE: 2.45    #trees used: 50/50
Best-leaf first growth    RMSE: 3.21    #trees used: 50/50
3-nodes trees growth      RMSE: 2.39    #trees used: 50/50
--------(2/9)
Mean                      RMSE: 3.27
Depth first growth        RMSE: 2.53    #trees used: 50/50
Best-leaf first growth    RMSE: 3.28    #trees used: 50/50
3-nodes trees growth      RMSE: 2.44    #trees used: 50/50
--------(3/9)
Mean                      RMSE: 3.31
Depth first growth        RMSE: 2.57    #trees used: 50/50
Best-leaf first growth    RMSE: 3.78    #trees used: 50/50
3-nodes trees growth      RMSE: 2.39    #trees used: 50/50
--------(4/9)
Mean                      RMSE: 3.37
Depth first growth        RMSE: 2.62    #trees used: 50/50
Best-leaf first growth    RMSE: 3.37    #trees used: 50/50
3-nodes trees growth      RMSE: 2.50    #trees used: 50/50
--------(5/9)
Mean                      RMSE: 3.19
Depth first growth        RMSE: 2.41    #trees used: 50/50
Best-leaf first growth    RMSE: 3.20    #trees used: 50/50
3-nodes trees growth      RMSE: 2.42    #trees used: 50/50
--------(6/9)
Mean                      RMSE: 3.32
Depth first growth        RMSE: 2.55    #trees used: 50/50
Best-leaf first growth    RMSE: 3.32    #trees used: 50/50
3-nodes trees growth      RMSE: 2.64    #trees used: 50/50
--------(7/9)
Mean                      RMSE: 3.28
Depth first growth        RMSE: 2.54    #trees used: 50/50
Best-leaf first growth    RMSE: 3.36    #trees used: 50/50
3-nodes trees growth      RMSE: 2.50    #trees used: 50/50
--------(8/9)
Mean                      RMSE: 3.31
Depth first growth        RMSE: 2.59    #trees used: 50/50
Best-leaf first growth    RMSE: 3.59    #trees used: 50/50
3-nodes trees growth      RMSE: 2.49    #trees used: 50/50
--------(9/9)

===== Average =====

RMSEs: [3.27, 2.52, 3.36, 2.48]   #trees: [50, 50, 50]/50