Abalone, 1 ensemble with 50 trees, privacy budget = 3
Using all 4100 samples, (0.75,0.25) train-test-split
learning_rate=0.1, balanced_trees (same #samples per tree)

Mean                      RMSE: 3.31
Depth first growth        RMSE: 2.39    #trees used: 36/50
Best-leaf first growth    RMSE: 3.32    #trees used: 4/50
3-nodes trees growth      RMSE: 2.40    #trees used: 38/50
--------(0/9)
Mean                      RMSE: 3.22
Depth first growth        RMSE: 2.26    #trees used: 38/50
Best-leaf first growth    RMSE: 3.22    #trees used: 6/50
3-nodes trees growth      RMSE: 2.30    #trees used: 41/50
--------(1/9)
Mean                      RMSE: 3.26
Depth first growth        RMSE: 2.34    #trees used: 36/50
Best-leaf first growth    RMSE: 3.26    #trees used: 5/50
3-nodes trees growth      RMSE: 2.43    #trees used: 41/50
--------(2/9)
Mean                      RMSE: 3.22
Depth first growth        RMSE: 2.39    #trees used: 42/50
Best-leaf first growth    RMSE: 3.22    #trees used: 3/50
3-nodes trees growth      RMSE: 2.37    #trees used: 41/50
--------(3/9)
Mean                      RMSE: 3.21
Depth first growth        RMSE: 2.38    #trees used: 37/50
Best-leaf first growth    RMSE: 3.21    #trees used: 3/50
3-nodes trees growth      RMSE: 2.45    #trees used: 39/50
--------(4/9)
Mean                      RMSE: 3.29
Depth first growth        RMSE: 2.36    #trees used: 38/50
Best-leaf first growth    RMSE: 3.29    #trees used: 5/50
3-nodes trees growth      RMSE: 2.37    #trees used: 37/50
--------(5/9)
Mean                      RMSE: 3.21
Depth first growth        RMSE: 2.29    #trees used: 37/50
Best-leaf first growth    RMSE: 3.21    #trees used: 4/50
3-nodes trees growth      RMSE: 2.38    #trees used: 33/50
--------(6/9)
Mean                      RMSE: 3.19
Depth first growth        RMSE: 2.26    #trees used: 40/50
Best-leaf first growth    RMSE: 3.19    #trees used: 10/50
3-nodes trees growth      RMSE: 2.31    #trees used: 37/50
--------(7/9)
Mean                      RMSE: 3.10
Depth first growth        RMSE: 2.28    #trees used: 34/50
Best-leaf first growth    RMSE: 3.10    #trees used: 5/50
3-nodes trees growth      RMSE: 2.20    #trees used: 39/50
--------(8/9)
Mean                      RMSE: 3.07
Depth first growth        RMSE: 2.14    #trees used: 44/50
Best-leaf first growth    RMSE: 3.07    #trees used: 4/50
3-nodes trees growth      RMSE: 2.28    #trees used: 39/50
--------(9/9)

===== Average =====

RMSEs: [3.21, 2.31, 3.21, 2.35]   #trees: [38, 4, 38]/50