Abalone, 1 ensemble with 50 trees, privacy budget = 1
Using all 4177 samples, (0.75,0.25) train-test-split
learning_rate=0.1, balanced_trees (same #samples per tree)


Mean                      RMSE: 3.20
Depth first growth        RMSE: 2.31    #trees used: 38/50
Best-leaf first growth    RMSE: 3.21    #trees used: 8/50
3-nodes trees growth      RMSE: 2.32    #trees used: 36/50
--------(0/9)
Mean                      RMSE: 3.26
Depth first growth        RMSE: 2.39    #trees used: 34/50
Best-leaf first growth    RMSE: 3.26    #trees used: 5/50
3-nodes trees growth      RMSE: 2.48    #trees used: 41/50
--------(1/9)
Mean                      RMSE: 3.23
Depth first growth        RMSE: 2.46    #trees used: 39/50
Best-leaf first growth    RMSE: 3.23    #trees used: 3/50
3-nodes trees growth      RMSE: 2.48    #trees used: 38/50
--------(2/9)
Mean                      RMSE: 3.13
Depth first growth        RMSE: 2.37    #trees used: 33/50
Best-leaf first growth    RMSE: 3.13    #trees used: 5/50
3-nodes trees growth      RMSE: 2.33    #trees used: 39/50
--------(3/9)
Mean                      RMSE: 3.22
Depth first growth        RMSE: 2.35    #trees used: 43/50
Best-leaf first growth    RMSE: 3.22    #trees used: 3/50
3-nodes trees growth      RMSE: 2.28    #trees used: 35/50
--------(4/9)
Mean                      RMSE: 3.25
Depth first growth        RMSE: 2.43    #trees used: 35/50
Best-leaf first growth    RMSE: 3.25    #trees used: 5/50
3-nodes trees growth      RMSE: 2.48    #trees used: 35/50
--------(5/9)
Mean                      RMSE: 3.23
Depth first growth        RMSE: 2.35    #trees used: 33/50
Best-leaf first growth    RMSE: 3.23    #trees used: 3/50
3-nodes trees growth      RMSE: 2.45    #trees used: 36/50
--------(6/9)
Mean                      RMSE: 3.25
Depth first growth        RMSE: 2.46    #trees used: 42/50
Best-leaf first growth    RMSE: 3.26    #trees used: 3/50
3-nodes trees growth      RMSE: 2.47    #trees used: 40/50
--------(7/9)
Mean                      RMSE: 3.17
Depth first growth        RMSE: 2.41    #trees used: 37/50
Best-leaf first growth    RMSE: 3.18    #trees used: 5/50
3-nodes trees growth      RMSE: 2.32    #trees used: 31/50
--------(8/9)
Mean                      RMSE: 3.08
Depth first growth        RMSE: 2.44    #trees used: 40/50
Best-leaf first growth    RMSE: 3.08    #trees used: 3/50
3-nodes trees growth      RMSE: 2.40    #trees used: 43/50
--------(9/9)

===== Average =====

RMSEs: [3.2, 2.4, 3.2, 2.4]   #trees: [37, 4, 37]/50