Abalone, 1 ensemble with 50 trees, privacy budget = 0.1
Using all 4177 samples, (0.75,0.25) train-test-split
learning_rate=0.1, balanced_trees (same #samples per tree)


Mean                      RMSE: 3.28
Depth first growth        RMSE: 3.10    #trees used: 22/50
Best-leaf first growth    RMSE: 3.28    #trees used: 11/50
3-nodes trees growth      RMSE: 3.59    #trees used: 22/50
--------(0/9)
Mean                      RMSE: 3.22
Depth first growth        RMSE: 3.64    #trees used: 27/50
Best-leaf first growth    RMSE: 3.22    #trees used: 3/50
3-nodes trees growth      RMSE: 3.35    #trees used: 25/50
--------(1/9)
Mean                      RMSE: 3.28
Depth first growth        RMSE: 3.45    #trees used: 22/50
Best-leaf first growth    RMSE: 3.28    #trees used: 7/50
3-nodes trees growth      RMSE: 3.57    #trees used: 25/50
--------(2/9)
Mean                      RMSE: 3.19
Depth first growth        RMSE: 3.96    #trees used: 25/50
Best-leaf first growth    RMSE: 3.21    #trees used: 6/50
3-nodes trees growth      RMSE: 2.97    #trees used: 22/50
--------(3/9)
Mean                      RMSE: 3.38
Depth first growth        RMSE: 3.08    #trees used: 27/50
Best-leaf first growth    RMSE: 3.38    #trees used: 5/50
3-nodes trees growth      RMSE: 3.43    #trees used: 22/50
--------(4/9)
Mean                      RMSE: 3.28
Depth first growth        RMSE: 2.99    #trees used: 25/50
Best-leaf first growth    RMSE: 3.28    #trees used: 7/50
3-nodes trees growth      RMSE: 3.36    #trees used: 24/50
--------(5/9)
Mean                      RMSE: 3.32
Depth first growth        RMSE: 3.60    #trees used: 23/50
Best-leaf first growth    RMSE: 3.32    #trees used: 5/50
3-nodes trees growth      RMSE: 3.17    #trees used: 21/50
--------(6/9)
Mean                      RMSE: 3.15
Depth first growth        RMSE: 2.86    #trees used: 21/50
Best-leaf first growth    RMSE: 3.15    #trees used: 9/50
3-nodes trees growth      RMSE: 3.07    #trees used: 22/50
--------(7/9)
Mean                      RMSE: 3.29
Depth first growth        RMSE: 3.17    #trees used: 27/50
Best-leaf first growth    RMSE: 3.29    #trees used: 7/50
3-nodes trees growth      RMSE: 3.08    #trees used: 21/50
--------(8/9)
Mean                      RMSE: 3.21
Depth first growth        RMSE: 2.81    #trees used: 21/50
Best-leaf first growth    RMSE: 3.21    #trees used: 6/50
3-nodes trees growth      RMSE: 3.19    #trees used: 23/50
--------(9/9)

===== Average =====

RMSEs: [3.26, 3.27, 3.26, 3.28]   #trees: [24, 6, 22]/50