Tree 0 CV-Ensemble 0
GRADIENTSUM 0.00000000
LEAFVALUESSUM 3.8685716229
Tree 1 CV-Ensemble 0
GRADIENTSUM 1.77114636
LEAFVALUESSUM 0.9111414590
Tree 2 CV-Ensemble 0
GRADIENTSUM -2.32662359
LEAFVALUESSUM 6.7344279409
Tree 3 CV-Ensemble 0
GRADIENTSUM -2.53607245
LEAFVALUESSUM 1.1072857945
Tree 4 CV-Ensemble 0
GRADIENTSUM 2.39017040
LEAFVALUESSUM 4.3435443291
Tree 0 CV-Ensemble 1
GRADIENTSUM 0.00000000
LEAFVALUESSUM 3.1847506533
Tree 1 CV-Ensemble 1
GRADIENTSUM -0.94218620
LEAFVALUESSUM -0.5098391646
Tree 2 CV-Ensemble 1
GRADIENTSUM -3.51628687
LEAFVALUESSUM 6.7965343465
Tree 3 CV-Ensemble 1
GRADIENTSUM -3.30921593
LEAFVALUESSUM 1.5003574121
Tree 4 CV-Ensemble 1
GRADIENTSUM 1.88266627
LEAFVALUESSUM 4.2058499887
Tree 0 CV-Ensemble 2
GRADIENTSUM 0.00000000
LEAFVALUESSUM 2.8400965777
Tree 1 CV-Ensemble 2
GRADIENTSUM -1.73555447
LEAFVALUESSUM 5.1880491225
Tree 2 CV-Ensemble 2
GRADIENTSUM -0.13129673
LEAFVALUESSUM 5.0834245670
Tree 3 CV-Ensemble 2
GRADIENTSUM -1.66685004
LEAFVALUESSUM 1.2308411470
Tree 4 CV-Ensemble 2
GRADIENTSUM 2.89293490
LEAFVALUESSUM 4.0247438239
Tree 0 CV-Ensemble 3
GRADIENTSUM 0.00000000
LEAFVALUESSUM 3.1847506533
Tree 1 CV-Ensemble 3
GRADIENTSUM -0.87701237
LEAFVALUESSUM 5.4588942852
Tree 2 CV-Ensemble 3
GRADIENTSUM 1.54087778
LEAFVALUESSUM 2.8265475461
Tree 3 CV-Ensemble 3
GRADIENTSUM -0.12582978
LEAFVALUESSUM 4.1860902425
Tree 4 CV-Ensemble 3
GRADIENTSUM 2.04046600
LEAFVALUESSUM 4.3718385024
Tree 0 CV-Ensemble 4
GRADIENTSUM 0.00000000
LEAFVALUESSUM 2.9262600966
Tree 1 CV-Ensemble 4
GRADIENTSUM -1.52338215
LEAFVALUESSUM 5.2557120068
Tree 2 CV-Ensemble 4
GRADIENTSUM 0.30556750
LEAFVALUESSUM 2.6062013872
Tree 3 CV-Ensemble 4
GRADIENTSUM -1.99475504
LEAFVALUESSUM 4.1787917497
Tree 4 CV-Ensemble 4
GRADIENTSUM -0.42533021
LEAFVALUESSUM 3.9446878620
