Tree 0 CV-Ensemble 0
GRADIENTSUM 0.00000000
LEAFVALUESSUM -18.3881127150
Tree 1 CV-Ensemble 0
GRADIENTSUM -767.27231771
LEAFVALUESSUM -6.2669445949
Tree 2 CV-Ensemble 0
GRADIENTSUM -938.57255023
LEAFVALUESSUM 5.5062478477
Tree 3 CV-Ensemble 0
GRADIENTSUM -422.96363695
LEAFVALUESSUM 6.5114080762
Tree 4 CV-Ensemble 0
GRADIENTSUM 55.70518806
LEAFVALUESSUM -4.8293902707
Tree 0 CV-Ensemble 1
GRADIENTSUM 0.00000000
LEAFVALUESSUM 13.7968017772
Tree 1 CV-Ensemble 1
GRADIENTSUM 899.08236295
LEAFVALUESSUM -13.1114876933
Tree 2 CV-Ensemble 1
GRADIENTSUM 603.68272444
LEAFVALUESSUM -0.0119416902
Tree 3 CV-Ensemble 1
GRADIENTSUM 572.05000572
LEAFVALUESSUM -2.6939621040
Tree 4 CV-Ensemble 1
GRADIENTSUM 529.00334791
LEAFVALUESSUM -9.1621435108
Tree 0 CV-Ensemble 2
GRADIENTSUM 0.00000000
LEAFVALUESSUM 18.4869363212
Tree 1 CV-Ensemble 2
GRADIENTSUM 1243.75052011
LEAFVALUESSUM -7.4997116956
Tree 2 CV-Ensemble 2
GRADIENTSUM 646.84151321
LEAFVALUESSUM -16.8450457026
Tree 3 CV-Ensemble 2
GRADIENTSUM -97.96305902
LEAFVALUESSUM 2.6110148028
Tree 4 CV-Ensemble 2
GRADIENTSUM 207.35207592
LEAFVALUESSUM -6.2126087076
Tree 0 CV-Ensemble 3
GRADIENTSUM 0.00000000
LEAFVALUESSUM 16.3648839084
Tree 1 CV-Ensemble 3
GRADIENTSUM 1089.56791883
LEAFVALUESSUM -8.6656237646
Tree 2 CV-Ensemble 3
GRADIENTSUM 363.90873428
LEAFVALUESSUM -16.0315972479
Tree 3 CV-Ensemble 3
GRADIENTSUM -165.76575586
LEAFVALUESSUM 0.4181040215
Tree 4 CV-Ensemble 3
GRADIENTSUM 335.21079242
LEAFVALUESSUM -8.0761637547
Tree 0 CV-Ensemble 4
GRADIENTSUM 0.00000000
LEAFVALUESSUM 15.8241877378
Tree 1 CV-Ensemble 4
GRADIENTSUM 1061.63668654
LEAFVALUESSUM -9.1041732982
Tree 2 CV-Ensemble 4
GRADIENTSUM 306.19995766
LEAFVALUESSUM -16.5445120202
Tree 3 CV-Ensemble 4
GRADIENTSUM -248.34203553
LEAFVALUESSUM -3.9043744397
Tree 4 CV-Ensemble 4
GRADIENTSUM -6.48612641
LEAFVALUESSUM 0.8853506636
