Tree 0 CV-Ensemble 0
GRADIENTSUM 0.00000000
LEAFVALUESSUM 3.8685716229
Tree 1 CV-Ensemble 0
GRADIENTSUM 1.32243450
LEAFVALUESSUM -0.2118460563
Tree 2 CV-Ensemble 0
GRADIENTSUM -2.84892724
LEAFVALUESSUM 7.0349393479
Tree 3 CV-Ensemble 0
GRADIENTSUM -2.91477768
LEAFVALUESSUM -0.0028993413
Tree 4 CV-Ensemble 0
GRADIENTSUM 2.14330217
LEAFVALUESSUM 4.8459557893
Tree 0 CV-Ensemble 1
GRADIENTSUM 0.00000000
LEAFVALUESSUM 3.1865225417
Tree 1 CV-Ensemble 1
GRADIENTSUM -1.00673624
LEAFVALUESSUM 1.7841610715
Tree 2 CV-Ensemble 1
GRADIENTSUM -3.41042986
LEAFVALUESSUM 7.0739351100
Tree 3 CV-Ensemble 1
GRADIENTSUM -3.27869898
LEAFVALUESSUM -0.1192994594
Tree 4 CV-Ensemble 1
GRADIENTSUM 1.85573109
LEAFVALUESSUM 5.1183777996
Tree 0 CV-Ensemble 2
GRADIENTSUM 0.00000000
LEAFVALUESSUM 2.8419885942
Tree 1 CV-Ensemble 2
GRADIENTSUM -1.85392249
LEAFVALUESSUM 7.3082555121
Tree 2 CV-Ensemble 2
GRADIENTSUM -0.67966277
LEAFVALUESSUM 4.0000618294
Tree 3 CV-Ensemble 2
GRADIENTSUM -2.19257913
LEAFVALUESSUM -0.1156978670
Tree 4 CV-Ensemble 2
GRADIENTSUM 2.52495851
LEAFVALUESSUM 5.0416680485
Tree 0 CV-Ensemble 3
GRADIENTSUM 0.00000000
LEAFVALUESSUM 3.1865225417
Tree 1 CV-Ensemble 3
GRADIENTSUM -0.98858669
LEAFVALUESSUM 7.5082313385
Tree 2 CV-Ensemble 3
GRADIENTSUM 0.99849376
LEAFVALUESSUM 4.4603414788
Tree 3 CV-Ensemble 3
GRADIENTSUM -0.40706927
LEAFVALUESSUM 0.6989583389
Tree 4 CV-Ensemble 3
GRADIENTSUM 1.93450623
LEAFVALUESSUM 4.8893905858
Tree 0 CV-Ensemble 4
GRADIENTSUM 0.00000000
LEAFVALUESSUM 2.9281220811
Tree 1 CV-Ensemble 4
GRADIENTSUM -1.58561783
LEAFVALUESSUM 7.3582058442
Tree 2 CV-Ensemble 4
GRADIENTSUM -0.21844856
LEAFVALUESSUM 4.2747345111
Tree 3 CV-Ensemble 4
GRADIENTSUM -2.23211146
LEAFVALUESSUM 3.5320734629
Tree 4 CV-Ensemble 4
GRADIENTSUM -0.68034723
LEAFVALUESSUM 5.7678270679
