Tree 0 CV-Ensemble 0
GRADIENTSUM 0.00000000
LEAFVALUESSUM 3.8685716229
Tree 1 CV-Ensemble 0
GRADIENTSUM 1.55028450
LEAFVALUESSUM -0.2712964062
Tree 2 CV-Ensemble 0
GRADIENTSUM -2.71583999
LEAFVALUESSUM 6.7804111320
Tree 3 CV-Ensemble 0
GRADIENTSUM -2.86272311
LEAFVALUESSUM -0.4687421180
Tree 4 CV-Ensemble 0
GRADIENTSUM 2.19733481
LEAFVALUESSUM 4.3616596240
Tree 0 CV-Ensemble 1
GRADIENTSUM 0.00000000
LEAFVALUESSUM 3.1865225417
Tree 1 CV-Ensemble 1
GRADIENTSUM -1.00883878
LEAFVALUESSUM 1.7842013500
Tree 2 CV-Ensemble 1
GRADIENTSUM -3.41000881
LEAFVALUESSUM 6.8570988849
Tree 3 CV-Ensemble 1
GRADIENTSUM -3.31120176
LEAFVALUESSUM -0.4986060957
Tree 4 CV-Ensemble 1
GRADIENTSUM 1.85512786
LEAFVALUESSUM 4.4093752250
Tree 0 CV-Ensemble 2
GRADIENTSUM 0.00000000
LEAFVALUESSUM 2.8419885942
Tree 1 CV-Ensemble 2
GRADIENTSUM -1.85666230
LEAFVALUESSUM 7.3084735438
Tree 2 CV-Ensemble 2
GRADIENTSUM -0.68073769
LEAFVALUESSUM 3.9191184228
Tree 3 CV-Ensemble 2
GRADIENTSUM -2.14028363
LEAFVALUESSUM -0.1110183153
Tree 4 CV-Ensemble 2
GRADIENTSUM 2.54836754
LEAFVALUESSUM 4.4020494033
Tree 0 CV-Ensemble 3
GRADIENTSUM 0.00000000
LEAFVALUESSUM 3.1865225417
Tree 1 CV-Ensemble 3
GRADIENTSUM -0.99244134
LEAFVALUESSUM 7.5084265426
Tree 2 CV-Ensemble 3
GRADIENTSUM 0.99585389
LEAFVALUESSUM 4.4603984072
Tree 3 CV-Ensemble 3
GRADIENTSUM -0.40563338
LEAFVALUESSUM 1.4069332496
Tree 4 CV-Ensemble 3
GRADIENTSUM 1.91909099
LEAFVALUESSUM 4.6025952245
Tree 0 CV-Ensemble 4
GRADIENTSUM 0.00000000
LEAFVALUESSUM 2.9281220811
Tree 1 CV-Ensemble 4
GRADIENTSUM -1.58942828
LEAFVALUESSUM 7.3584181060
Tree 2 CV-Ensemble 4
GRADIENTSUM -0.22032576
LEAFVALUESSUM 4.2747961691
Tree 3 CV-Ensemble 4
GRADIENTSUM -2.22989540
LEAFVALUESSUM 4.4536830929
Tree 4 CV-Ensemble 4
GRADIENTSUM -0.68431580
LEAFVALUESSUM 5.7625479384
