Tree 0 CV-Ensemble 0
GRADIENTSUM 0.00000000
LEAFVALUESSUM -6.4490205927
Tree 1 CV-Ensemble 0
GRADIENTSUM -149.29080864
LEAFVALUESSUM 1.8000000000
Tree 2 CV-Ensemble 0
GRADIENTSUM -115.05260673
LEAFVALUESSUM 5.6700000000
Tree 3 CV-Ensemble 0
GRADIENTSUM -40.78032747
LEAFVALUESSUM 3.6450000000
Tree 4 CV-Ensemble 0
GRADIENTSUM 1.02941336
LEAFVALUESSUM 1.9683000000
Tree 0 CV-Ensemble 1
GRADIENTSUM 0.00000000
LEAFVALUESSUM -3.2138490165
Tree 1 CV-Ensemble 1
GRADIENTSUM -114.31504519
LEAFVALUESSUM 0.0000000000
Tree 2 CV-Ensemble 1
GRADIENTSUM -116.54135035
LEAFVALUESSUM 5.6700000000
Tree 3 CV-Ensemble 1
GRADIENTSUM -42.08043169
LEAFVALUESSUM 3.6450000000
Tree 4 CV-Ensemble 1
GRADIENTSUM 0.12713557
LEAFVALUESSUM 1.9683000000
Tree 0 CV-Ensemble 2
GRADIENTSUM 0.00000000
LEAFVALUESSUM 0.1863933813
Tree 1 CV-Ensemble 2
GRADIENTSUM 0.04541529
LEAFVALUESSUM -2.7000000000
Tree 2 CV-Ensemble 2
GRADIENTSUM -90.41486290
LEAFVALUESSUM -5.6700000000
Tree 3 CV-Ensemble 2
GRADIENTSUM -199.99611178
LEAFVALUESSUM 5.1030000000
Tree 4 CV-Ensemble 2
GRADIENTSUM -86.48314317
LEAFVALUESSUM 4.5927000000
Tree 0 CV-Ensemble 3
GRADIENTSUM 0.00000000
LEAFVALUESSUM -1.2004256285
Tree 1 CV-Ensemble 3
GRADIENTSUM -6.03973723
LEAFVALUESSUM -1.3936639118
Tree 2 CV-Ensemble 3
GRADIENTSUM -91.76924341
LEAFVALUESSUM -5.6700000000
Tree 3 CV-Ensemble 3
GRADIENTSUM -208.95963211
LEAFVALUESSUM 3.6450000000
Tree 4 CV-Ensemble 3
GRADIENTSUM -92.88068184
LEAFVALUESSUM 4.5927000000
Tree 0 CV-Ensemble 4
GRADIENTSUM 0.00000000
LEAFVALUESSUM -2.9701805287
Tree 1 CV-Ensemble 4
GRADIENTSUM -79.49626048
LEAFVALUESSUM -6.1311411992
Tree 2 CV-Ensemble 4
GRADIENTSUM -190.70729207
LEAFVALUESSUM 0.0000000000
Tree 3 CV-Ensemble 4
GRADIENTSUM -204.43126757
LEAFVALUESSUM 5.1030000000
Tree 4 CV-Ensemble 4
GRADIENTSUM -88.05505442
LEAFVALUESSUM 4.5927000000
