Tree 0 CV-Ensemble 0
GRADIENTSUM -1.09844857
LEAFVALUESSUM -1.0068649819
Tree 1 CV-Ensemble 0
GRADIENTSUM -24.67505679
LEAFVALUESSUM -5.7029382165
Tree 2 CV-Ensemble 0
GRADIENTSUM -83.77076051
LEAFVALUESSUM -0.4369466841
Tree 3 CV-Ensemble 0
GRADIENTSUM -99.35640012
LEAFVALUESSUM -4.1240059163
Tree 4 CV-Ensemble 0
GRADIENTSUM -160.67649952
LEAFVALUESSUM -1.3338920324
Tree 5 CV-Ensemble 0
GRADIENTSUM -180.14549977
LEAFVALUESSUM -1.3459006742
Tree 6 CV-Ensemble 0
GRADIENTSUM -200.07393296
LEAFVALUESSUM -0.8148718457
Tree 7 CV-Ensemble 0
GRADIENTSUM -177.55177428
LEAFVALUESSUM 0.5240974020
Tree 8 CV-Ensemble 0
GRADIENTSUM -179.23760169
LEAFVALUESSUM 0.8388124905
Tree 9 CV-Ensemble 0
GRADIENTSUM -240.40056784
LEAFVALUESSUM -1.7159100348
Tree 10 CV-Ensemble 0
GRADIENTSUM -258.83294074
LEAFVALUESSUM -0.1399894299
Tree 11 CV-Ensemble 0
GRADIENTSUM -260.53922945
LEAFVALUESSUM 0.4774142433
Tree 12 CV-Ensemble 0
GRADIENTSUM -254.70073448
LEAFVALUESSUM 1.5634846871
Tree 13 CV-Ensemble 0
GRADIENTSUM -218.20513966
LEAFVALUESSUM 2.5562399503
Tree 14 CV-Ensemble 0
GRADIENTSUM -236.25068746
LEAFVALUESSUM -0.7722859244
Tree 15 CV-Ensemble 0
GRADIENTSUM -242.02694138
LEAFVALUESSUM -0.0738336731
Tree 16 CV-Ensemble 0
GRADIENTSUM -225.01144553
LEAFVALUESSUM 1.1039763760
Tree 17 CV-Ensemble 0
GRADIENTSUM -190.27860500
LEAFVALUESSUM 0.6410393515
Tree 18 CV-Ensemble 0
GRADIENTSUM -176.77665539
LEAFVALUESSUM -0.6069675844
Tree 19 CV-Ensemble 0
GRADIENTSUM -178.35321353
