Tree 0 CV-Ensemble 0
GRADIENTSUM 4.89333333
LEAFVALUESSUM -0.8060606061
Tree 1 CV-Ensemble 0
GRADIENTSUM 0.22424242
LEAFVALUESSUM -0.1707988981
Tree 2 CV-Ensemble 0
GRADIENTSUM -0.29884298
LEAFVALUESSUM -0.4245429502
Tree 3 CV-Ensemble 0
GRADIENTSUM -2.13165039
LEAFVALUESSUM 1.0950435990
Tree 4 CV-Ensemble 0
GRADIENTSUM 3.73183981
LEAFVALUESSUM -0.0557454885
Tree 5 CV-Ensemble 0
GRADIENTSUM 3.78924291
LEAFVALUESSUM 0.7766376969
Tree 6 CV-Ensemble 0
GRADIENTSUM 4.70057535
LEAFVALUESSUM 0.2807277060
Tree 7 CV-Ensemble 0
GRADIENTSUM 5.03008621
LEAFVALUESSUM 0.3495254147
Tree 8 CV-Ensemble 0
GRADIENTSUM 6.29016031
LEAFVALUESSUM 0.1583092476
Tree 9 CV-Ensemble 0
GRADIENTSUM 4.78816139
LEAFVALUESSUM -0.4547936116
Tree 10 CV-Ensemble 0
GRADIENTSUM 3.29181469
LEAFVALUESSUM 0.3995501488
Tree 11 CV-Ensemble 0
GRADIENTSUM 4.85906928
LEAFVALUESSUM 0.0213684201
Tree 12 CV-Ensemble 0
GRADIENTSUM 4.57547434
LEAFVALUESSUM -0.3019995951
Tree 13 CV-Ensemble 0
GRADIENTSUM 3.15225700
LEAFVALUESSUM 0.0011643121
Tree 14 CV-Ensemble 0
GRADIENTSUM 3.05818704
LEAFVALUESSUM -0.1521655245
Tree 15 CV-Ensemble 0
GRADIENTSUM 1.74278025
LEAFVALUESSUM -0.2585871062
Tree 16 CV-Ensemble 0
GRADIENTSUM 1.77265913
LEAFVALUESSUM -0.6397404594
Tree 17 CV-Ensemble 0
GRADIENTSUM -0.60781625
LEAFVALUESSUM 0.4294192484
Tree 18 CV-Ensemble 0
GRADIENTSUM 0.64014852
LEAFVALUESSUM -0.5402097973
Tree 19 CV-Ensemble 0
GRADIENTSUM -1.56269508
LEAFVALUESSUM -0.1454662870
Tree 20 CV-Ensemble 0
GRADIENTSUM -2.23095886
LEAFVALUESSUM -0.0119304565
Tree 21 CV-Ensemble 0
GRADIENTSUM -2.21187965
LEAFVALUESSUM 0.1334200118
Tree 22 CV-Ensemble 0
GRADIENTSUM -1.77857920
LEAFVALUESSUM -0.1969541804
Tree 23 CV-Ensemble 0
GRADIENTSUM -2.75588824
LEAFVALUESSUM -0.1354897464
Tree 24 CV-Ensemble 0
GRADIENTSUM -3.19196304
LEAFVALUESSUM 0.3100336355
Tree 25 CV-Ensemble 0
GRADIENTSUM -1.83157292
LEAFVALUESSUM 0.1476699120
Tree 26 CV-Ensemble 0
GRADIENTSUM -0.84660982
LEAFVALUESSUM 0.2510983390
Tree 27 CV-Ensemble 0
GRADIENTSUM 1.25560497
LEAFVALUESSUM 0.0215938252
Tree 28 CV-Ensemble 0
GRADIENTSUM 0.54052630
LEAFVALUESSUM -0.2093390532
Tree 29 CV-Ensemble 0
GRADIENTSUM -0.82563509
LEAFVALUESSUM -0.1790699693
Tree 30 CV-Ensemble 0
GRADIENTSUM -1.93012949
LEAFVALUESSUM 0.0000000000
Tree 31 CV-Ensemble 0
GRADIENTSUM -1.49265999
LEAFVALUESSUM 0.0309368297
Tree 32 CV-Ensemble 0
GRADIENTSUM -1.26303802
LEAFVALUESSUM -0.0801944344
Tree 33 CV-Ensemble 0
GRADIENTSUM -1.78374322
LEAFVALUESSUM 0.0000000000
Tree 34 CV-Ensemble 0
GRADIENTSUM -1.61786651
LEAFVALUESSUM 0.0556256779
Tree 35 CV-Ensemble 0
GRADIENTSUM -1.30879245
LEAFVALUESSUM 0.0500631101
Tree 36 CV-Ensemble 0
GRADIENTSUM -0.92692940
LEAFVALUESSUM -0.0450567991
Tree 37 CV-Ensemble 0
GRADIENTSUM -1.09396225
LEAFVALUESSUM -0.0011113382
Tree 38 CV-Ensemble 0
GRADIENTSUM -1.22854386
LEAFVALUESSUM 0.0000000000
Tree 39 CV-Ensemble 0
GRADIENTSUM -0.87054942
LEAFVALUESSUM -0.0328464065
Tree 40 CV-Ensemble 0
GRADIENTSUM -1.16620088
LEAFVALUESSUM 0.0000000000
Tree 41 CV-Ensemble 0
GRADIENTSUM -1.10635177
LEAFVALUESSUM -0.0266055893
Tree 42 CV-Ensemble 0
GRADIENTSUM -1.36264652
LEAFVALUESSUM 0.0239450304
Tree 43 CV-Ensemble 0
GRADIENTSUM -0.81759038
LEAFVALUESSUM 0.0215505273
Tree 44 CV-Ensemble 0
GRADIENTSUM 0.16424360
LEAFVALUESSUM -0.0387909492
Tree 45 CV-Ensemble 0
GRADIENTSUM -1.52983091
LEAFVALUESSUM -0.0174559271
Tree 46 CV-Ensemble 0
GRADIENTSUM -1.65039014
LEAFVALUESSUM 0.0157103344
Tree 47 CV-Ensemble 0
GRADIENTSUM -1.10286367
LEAFVALUESSUM -0.0141393010
Tree 48 CV-Ensemble 0
GRADIENTSUM -1.37714243
LEAFVALUESSUM 0.0254507418
Tree 49 CV-Ensemble 0
GRADIENTSUM -0.66176625
LEAFVALUESSUM 0.0114528338
Tree 0 CV-Ensemble 1
GRADIENTSUM 5.56000000
LEAFVALUESSUM -0.1636363636
Tree 1 CV-Ensemble 1
GRADIENTSUM 2.86181818
LEAFVALUESSUM 0.6380165289
Tree 2 CV-Ensemble 1
GRADIENTSUM 9.99537190
LEAFVALUESSUM 0.4700225394
Tree 3 CV-Ensemble 1
GRADIENTSUM 13.17373403
LEAFVALUESSUM -0.2693258657
Tree 4 CV-Ensemble 1
GRADIENTSUM 11.15941807
LEAFVALUESSUM -0.8939776841
Tree 5 CV-Ensemble 1
GRADIENTSUM 6.55155299
LEAFVALUESSUM -0.1305181137
Tree 6 CV-Ensemble 1
GRADIENTSUM 5.87219999
LEAFVALUESSUM -0.0852025571
Tree 7 CV-Ensemble 1
GRADIENTSUM 6.39835051
LEAFVALUESSUM 0.5002317026
Tree 8 CV-Ensemble 1
GRADIENTSUM 7.87588159
LEAFVALUESSUM 0.6797434669
Tree 9 CV-Ensemble 1
GRADIENTSUM 4.77978557
LEAFVALUESSUM 0.0025136798
Tree 10 CV-Ensemble 1
GRADIENTSUM 4.23827109
LEAFVALUESSUM -0.5430164030
Tree 11 CV-Ensemble 1
GRADIENTSUM 2.49574476
LEAFVALUESSUM -0.8799558132
Tree 12 CV-Ensemble 1
GRADIENTSUM -2.15436998
LEAFVALUESSUM -0.6003507284
Tree 13 CV-Ensemble 1
GRADIENTSUM -5.13869862
LEAFVALUESSUM -0.3191189921
Tree 14 CV-Ensemble 1
GRADIENTSUM -7.56992636
LEAFVALUESSUM -0.7127412134
Tree 15 CV-Ensemble 1
GRADIENTSUM -10.84237588
LEAFVALUESSUM -0.1383824476
Tree 16 CV-Ensemble 1
GRADIENTSUM -10.12907806
LEAFVALUESSUM -0.4404265603
Tree 17 CV-Ensemble 1
GRADIENTSUM -11.13892926
LEAFVALUESSUM 0.4927994162
Tree 18 CV-Ensemble 1
GRADIENTSUM -8.98062534
LEAFVALUESSUM -0.2686901338
Tree 19 CV-Ensemble 1
GRADIENTSUM -9.95499354
LEAFVALUESSUM -0.0501467454
Tree 20 CV-Ensemble 1
GRADIENTSUM -10.06233289
LEAFVALUESSUM 0.0839958575
Tree 21 CV-Ensemble 1
GRADIENTSUM -9.55562575
LEAFVALUESSUM 0.1954745014
Tree 22 CV-Ensemble 1
GRADIENTSUM -8.65489991
LEAFVALUESSUM -0.1969541804
Tree 23 CV-Ensemble 1
GRADIENTSUM -9.42893880
LEAFVALUESSUM -0.1058858644
Tree 24 CV-Ensemble 1
GRADIENTSUM -9.62148842
LEAFVALUESSUM 0.3190657723
Tree 25 CV-Ensemble 1
GRADIENTSUM -7.96280415
LEAFVALUESSUM 0.2378152584
Tree 26 CV-Ensemble 1
GRADIENTSUM -6.60806263
LEAFVALUESSUM 0.2584432756
Tree 27 CV-Ensemble 1
GRADIENTSUM -4.32810129
LEAFVALUESSUM 0.0079954195
Tree 28 CV-Ensemble 1
GRADIENTSUM -4.58139835
LEAFVALUESSUM -0.2093390532
Tree 29 CV-Ensemble 1
GRADIENTSUM -5.70836151
LEAFVALUESSUM -0.1025452014
Tree 30 CV-Ensemble 1
GRADIENTSUM -6.40597842
LEAFVALUESSUM 0.0076961422
Tree 31 CV-Ensemble 1
GRADIENTSUM -5.69632565
LEAFVALUESSUM 0.0763040849
Tree 32 CV-Ensemble 1
GRADIENTSUM -5.36532930
LEAFVALUESSUM -0.0198677734
Tree 33 CV-Ensemble 1
GRADIENTSUM -5.66710904
LEAFVALUESSUM 0.1105305367
Tree 34 CV-Ensemble 1
GRADIENTSUM -5.02224955
LEAFVALUESSUM 0.0556256779
Tree 35 CV-Ensemble 1
GRADIENTSUM -4.35852519
LEAFVALUESSUM 0.0500631101
Tree 36 CV-Ensemble 1
GRADIENTSUM -3.75607956
LEAFVALUESSUM -0.0320119833
Tree 37 CV-Ensemble 1
GRADIENTSUM -3.85233238
LEAFVALUESSUM 0.0000000000
Tree 38 CV-Ensemble 1
GRADIENTSUM -3.77027341
LEAFVALUESSUM 0.0000000000
Tree 39 CV-Ensemble 1
GRADIENTSUM -3.35396083
LEAFVALUESSUM -0.0539631499
Tree 40 CV-Ensemble 1
GRADIENTSUM -3.71571483
LEAFVALUESSUM 0.0033658315
Tree 41 CV-Ensemble 1
GRADIENTSUM -3.53721206
LEAFVALUESSUM -0.0266055893
Tree 42 CV-Ensemble 1
GRADIENTSUM -3.63990455
LEAFVALUESSUM 0.0373798504
Tree 43 CV-Ensemble 1
GRADIENTSUM -2.79840822
LEAFVALUESSUM 0.0215505273
Tree 44 CV-Ensemble 1
GRADIENTSUM -1.58439815
LEAFVALUESSUM -0.0387909492
Tree 45 CV-Ensemble 1
GRADIENTSUM -2.98283243
LEAFVALUESSUM 0.0000000000
Tree 46 CV-Ensemble 1
GRADIENTSUM -2.80225269
LEAFVALUESSUM 0.0314206688
Tree 47 CV-Ensemble 1
GRADIENTSUM -2.02109236
LEAFVALUESSUM -0.0141393010
Tree 48 CV-Ensemble 1
GRADIENTSUM -1.99286246
LEAFVALUESSUM 0.0254507418
Tree 49 CV-Ensemble 1
GRADIENTSUM -1.01445960
LEAFVALUESSUM 0.0114528338
Tree 0 CV-Ensemble 2
GRADIENTSUM 5.17333333
LEAFVALUESSUM -0.1987878788
Tree 1 CV-Ensemble 2
GRADIENTSUM 2.72242424
LEAFVALUESSUM 0.6060606061
Tree 2 CV-Ensemble 2
GRADIENTSUM 10.73520661
LEAFVALUESSUM 0.4409717005
Tree 3 CV-Ensemble 2
GRADIENTSUM 13.33383421
LEAFVALUESSUM -0.2957357193
Tree 4 CV-Ensemble 2
GRADIENTSUM 11.34478975
LEAFVALUESSUM -0.9179866419
Tree 5 CV-Ensemble 2
GRADIENTSUM 6.69152852
LEAFVALUESSUM -0.1523444390
Tree 6 CV-Ensemble 2
GRADIENTSUM 5.78724123
LEAFVALUESSUM -0.1050446710
Tree 7 CV-Ensemble 2
GRADIENTSUM 6.21972339
LEAFVALUESSUM 0.4821934172
Tree 8 CV-Ensemble 2
GRADIENTSUM 7.30367337
LEAFVALUESSUM 0.6715442462
Tree 9 CV-Ensemble 2
GRADIENTSUM 3.79983427
LEAFVALUESSUM -0.0123939940
Tree 10 CV-Ensemble 2
GRADIENTSUM 2.71635526
LEAFVALUESSUM -0.5565688338
Tree 11 CV-Ensemble 2
GRADIENTSUM 0.97691498
LEAFVALUESSUM -0.8891961069
Tree 12 CV-Ensemble 2
GRADIENTSUM -3.46328685
LEAFVALUESSUM -0.6118310933
Tree 13 CV-Ensemble 2
GRADIENTSUM -6.45711623
LEAFVALUESSUM -0.3293011340
Tree 14 CV-Ensemble 2
GRADIENTSUM -8.79529202
LEAFVALUESSUM -0.7196835828
Tree 15 CV-Ensemble 2
GRADIENTSUM -12.01634975
LEAFVALUESSUM -0.4126751377
Tree 16 CV-Ensemble 2
GRADIENTSUM -13.76370267
LEAFVALUESSUM -0.0487236617
Tree 17 CV-Ensemble 2
GRADIENTSUM -13.66544705
LEAFVALUESSUM -0.0248242336
Tree 18 CV-Ensemble 2
GRADIENTSUM -13.15630435
LEAFVALUESSUM 0.4519064814
Tree 19 CV-Ensemble 2
GRADIENTSUM -10.26113525
LEAFVALUESSUM -0.0371382932
Tree 20 CV-Ensemble 2
GRADIENTSUM -9.83353284
LEAFVALUESSUM 0.1677987561
Tree 21 CV-Ensemble 2
GRADIENTSUM -9.14319529
LEAFVALUESSUM 0.2597667210
Tree 22 CV-Ensemble 2
GRADIENTSUM -8.26853454
