Tree 0 CV-Ensemble 0
GRADIENTSUM 0.00000000
LEAFVALUESSUM -1.5622835498
Tree 1 CV-Ensemble 0
GRADIENTSUM -42.86483496
LEAFVALUESSUM -2.0870498819
Tree 2 CV-Ensemble 0
GRADIENTSUM -109.81523342
LEAFVALUESSUM -2.3874464414
Tree 3 CV-Ensemble 0
GRADIENTSUM -111.10955486
LEAFVALUESSUM 4.0393775180
Tree 4 CV-Ensemble 0
GRADIENTSUM -85.30613177
LEAFVALUESSUM 4.1456927389
Tree 5 CV-Ensemble 0
GRADIENTSUM -63.23008476
LEAFVALUESSUM 2.7258233437
Tree 6 CV-Ensemble 0
GRADIENTSUM -46.49078522
LEAFVALUESSUM 2.0069662229
Tree 7 CV-Ensemble 0
GRADIENTSUM -29.51911412
LEAFVALUESSUM 1.3029318519
Tree 8 CV-Ensemble 0
GRADIENTSUM -22.33987432
LEAFVALUESSUM 2.1742845713
Tree 9 CV-Ensemble 0
GRADIENTSUM -3.53480747
LEAFVALUESSUM 1.4919504829
Tree 10 CV-Ensemble 0
GRADIENTSUM 6.76418894
LEAFVALUESSUM 1.3771371639
Tree 11 CV-Ensemble 0
GRADIENTSUM 12.64738341
LEAFVALUESSUM 0.5057597228
Tree 12 CV-Ensemble 0
GRADIENTSUM 17.71634562
LEAFVALUESSUM 1.3345635127
Tree 13 CV-Ensemble 0
GRADIENTSUM 23.32633431
LEAFVALUESSUM 2.2790794290
Tree 14 CV-Ensemble 0
GRADIENTSUM 34.71062586
LEAFVALUESSUM 1.4712015530
Tree 15 CV-Ensemble 0
GRADIENTSUM 44.49976077
LEAFVALUESSUM 2.1684562327
Tree 16 CV-Ensemble 0
GRADIENTSUM 56.42764030
LEAFVALUESSUM 2.2854659658
Tree 17 CV-Ensemble 0
GRADIENTSUM 67.32866741
LEAFVALUESSUM 0.8179645882
Tree 18 CV-Ensemble 0
GRADIENTSUM 73.06629460
LEAFVALUESSUM 0.7568380763
Tree 19 CV-Ensemble 0
GRADIENTSUM 72.52488218
LEAFVALUESSUM -1.4199048387
Tree 20 CV-Ensemble 0
GRADIENTSUM 67.64316070
LEAFVALUESSUM -1.4663913633
Tree 21 CV-Ensemble 0
GRADIENTSUM 56.14332133
LEAFVALUESSUM -1.1267787535
Tree 22 CV-Ensemble 0
GRADIENTSUM 43.49349998
LEAFVALUESSUM -0.9847709022
Tree 23 CV-Ensemble 0
GRADIENTSUM 33.22684628
LEAFVALUESSUM -0.4501664059
Tree 24 CV-Ensemble 0
GRADIENTSUM 28.27807179
LEAFVALUESSUM -0.9571973169
Tree 25 CV-Ensemble 0
GRADIENTSUM 15.17951987
LEAFVALUESSUM -0.5025285914
Tree 26 CV-Ensemble 0
GRADIENTSUM 9.81338946
LEAFVALUESSUM 0.7753298267
Tree 27 CV-Ensemble 0
GRADIENTSUM 16.57028736
LEAFVALUESSUM 0.9048592475
Tree 28 CV-Ensemble 0
GRADIENTSUM 21.37419291
LEAFVALUESSUM 0.7156683885
Tree 29 CV-Ensemble 0
GRADIENTSUM 25.63232333
LEAFVALUESSUM 0.3297090088
Tree 30 CV-Ensemble 0
GRADIENTSUM 28.79400746
LEAFVALUESSUM -0.3114256400
Tree 31 CV-Ensemble 0
GRADIENTSUM 25.75335855
LEAFVALUESSUM -0.0763040849
Tree 32 CV-Ensemble 0
GRADIENTSUM 22.38865490
LEAFVALUESSUM -0.2746947056
Tree 33 CV-Ensemble 0
GRADIENTSUM 17.92683716
LEAFVALUESSUM -0.4326441614
Tree 34 CV-Ensemble 0
GRADIENTSUM 9.78067124
LEAFVALUESSUM -0.1668770337
Tree 35 CV-Ensemble 0
GRADIENTSUM 1.81018177
LEAFVALUESSUM -0.0750946651
Tree 36 CV-Ensemble 0
GRADIENTSUM -4.02991742
LEAFVALUESSUM -0.0965005516
Tree 37 CV-Ensemble 0
GRADIENTSUM -7.75832809
LEAFVALUESSUM -0.1227504677
Tree 38 CV-Ensemble 0
GRADIENTSUM -10.21801174
LEAFVALUESSUM -0.1308567035
Tree 39 CV-Ensemble 0
GRADIENTSUM -14.18203873
LEAFVALUESSUM 0.1313856261
Tree 40 CV-Ensemble 0
GRADIENTSUM -13.14417862
LEAFVALUESSUM 0.0422092405
Tree 41 CV-Ensemble 0
GRADIENTSUM -13.35370569
LEAFVALUESSUM 0.0508439916
Tree 42 CV-Ensemble 0
GRADIENTSUM -11.87719827
LEAFVALUESSUM 0.1077526366
Tree 43 CV-Ensemble 0
GRADIENTSUM -8.70669123
LEAFVALUESSUM 0.1616289550
Tree 44 CV-Ensemble 0
GRADIENTSUM -5.70344579
LEAFVALUESSUM 0.1260705849
Tree 45 CV-Ensemble 0
GRADIENTSUM -2.23078331
LEAFVALUESSUM 0.1396474171
Tree 46 CV-Ensemble 0
GRADIENTSUM 0.65311765
LEAFVALUESSUM 0.1021171737
Tree 47 CV-Ensemble 0
GRADIENTSUM 3.40763535
LEAFVALUESSUM 0.0919054564
Tree 48 CV-Ensemble 0
GRADIENTSUM 5.21755540
LEAFVALUESSUM -0.0318134272
Tree 49 CV-Ensemble 0
GRADIENTSUM 0.97363759
LEAFVALUESSUM 0.0286320845
Tree 0 CV-Ensemble 1
GRADIENTSUM 0.00000000
LEAFVALUESSUM 1.3479694486
Tree 1 CV-Ensemble 1
GRADIENTSUM 7.85839000
LEAFVALUESSUM -0.1356257379
Tree 2 CV-Ensemble 1
GRADIENTSUM 8.61490933
LEAFVALUESSUM 0.3990488001
Tree 3 CV-Ensemble 1
GRADIENTSUM 11.68219560
LEAFVALUESSUM 1.1631290194
Tree 4 CV-Ensemble 1
GRADIENTSUM 21.37944820
LEAFVALUESSUM 1.8718168990
Tree 5 CV-Ensemble 1
GRADIENTSUM 42.32826859
LEAFVALUESSUM 2.3219759572
Tree 6 CV-Ensemble 1
GRADIENTSUM 61.83684954
LEAFVALUESSUM 1.8633880125
Tree 7 CV-Ensemble 1
GRADIENTSUM 75.30254628
LEAFVALUESSUM 1.3816463742
Tree 8 CV-Ensemble 1
GRADIENTSUM 86.98440041
LEAFVALUESSUM 1.4805118025
Tree 9 CV-Ensemble 1
GRADIENTSUM 94.30164682
LEAFVALUESSUM 1.2668357955
Tree 10 CV-Ensemble 1
GRADIENTSUM 99.98377093
LEAFVALUESSUM 1.0988117185
Tree 11 CV-Ensemble 1
GRADIENTSUM 109.49772881
LEAFVALUESSUM -0.5683249910
Tree 12 CV-Ensemble 1
GRADIENTSUM 109.17033928
LEAFVALUESSUM -1.6764774470
Tree 13 CV-Ensemble 1
GRADIENTSUM 101.57462722
LEAFVALUESSUM 0.8306757355
Tree 14 CV-Ensemble 1
GRADIENTSUM 104.72737330
LEAFVALUESSUM 0.6477178526
Tree 15 CV-Ensemble 1
GRADIENTSUM 110.79606729
LEAFVALUESSUM 0.9690708104
Tree 16 CV-Ensemble 1
GRADIENTSUM 115.06495075
LEAFVALUESSUM 0.6759122213
Tree 17 CV-Ensemble 1
GRADIENTSUM 120.17927478
LEAFVALUESSUM -0.1161143037
Tree 18 CV-Ensemble 1
GRADIENTSUM 122.24863194
LEAFVALUESSUM 0.0346146953
Tree 19 CV-Ensemble 1
GRADIENTSUM 118.94808206
LEAFVALUESSUM -1.8190409567
Tree 20 CV-Ensemble 1
GRADIENTSUM 109.26114099
LEAFVALUESSUM -1.1945167890
Tree 21 CV-Ensemble 1
GRADIENTSUM 95.84112298
LEAFVALUESSUM -1.2199512395
Tree 22 CV-Ensemble 1
GRADIENTSUM 80.89525538
LEAFVALUESSUM -0.8862938120
Tree 23 CV-Ensemble 1
GRADIENTSUM 68.91930059
LEAFVALUESSUM -0.6893202452
Tree 24 CV-Ensemble 1
GRADIENTSUM 60.87915952
LEAFVALUESSUM -0.5583651015
Tree 25 CV-Ensemble 1
GRADIENTSUM 45.94654572
LEAFVALUESSUM -0.2871591951
Tree 26 CV-Ensemble 1
GRADIENTSUM 39.13616437
LEAFVALUESSUM 0.6461081889
Tree 27 CV-Ensemble 1
GRADIENTSUM 44.25600821
LEAFVALUESSUM 0.7636711669
Tree 28 CV-Ensemble 1
GRADIENTSUM 47.88294789
LEAFVALUESSUM 0.7775599567
Tree 29 CV-Ensemble 1
GRADIENTSUM 51.30618174
LEAFVALUESSUM 0.3768102958
Tree 30 CV-Ensemble 1
GRADIENTSUM 53.69574194
LEAFVALUESSUM -0.2876492444
Tree 31 CV-Ensemble 1
GRADIENTSUM 49.30400562
LEAFVALUESSUM -0.3103928759
Tree 32 CV-Ensemble 1
GRADIENTSUM 43.65244039
LEAFVALUESSUM -0.3677295365
Tree 33 CV-Ensemble 1
GRADIENTSUM 37.60895573
LEAFVALUESSUM -0.4017410070
Tree 34 CV-Ensemble 1
GRADIENTSUM 28.40373937
LEAFVALUESSUM -0.1112513558
Tree 35 CV-Ensemble 1
GRADIENTSUM 19.45632228
LEAFVALUESSUM -0.0750946651
Tree 36 CV-Ensemble 1
GRADIENTSUM 12.88998076
LEAFVALUESSUM -0.1802271964
Tree 37 CV-Ensemble 1
GRADIENTSUM 7.70948588
LEAFVALUESSUM -0.1549931778
Tree 38 CV-Ensemble 1
GRADIENTSUM 4.21580435
LEAFVALUESSUM -0.1277360254
Tree 39 CV-Ensemble 1
GRADIENTSUM -1.18476345
LEAFVALUESSUM 0.0985392196
Tree 40 CV-Ensemble 1
GRADIENTSUM -1.43033633
LEAFVALUESSUM -0.0448774209
Tree 41 CV-Ensemble 1
GRADIENTSUM -3.04944941
LEAFVALUESSUM 0.0798167679
Tree 42 CV-Ensemble 1
GRADIENTSUM -2.73727988
LEAFVALUESSUM 0.1316976670
Tree 43 CV-Ensemble 1
GRADIENTSUM -1.44489192
LEAFVALUESSUM 0.1724042186
Tree 44 CV-Ensemble 1
GRADIENTSUM 0.54326689
LEAFVALUESSUM 0.1066751103
Tree 45 CV-Ensemble 1
GRADIENTSUM 3.36792234
LEAFVALUESSUM 0.1396474171
Tree 46 CV-Ensemble 1
GRADIENTSUM 4.98902794
LEAFVALUESSUM 0.1178275082
Tree 47 CV-Ensemble 1
GRADIENTSUM 6.58969750
LEAFVALUESSUM 0.0777661554
Tree 48 CV-Ensemble 1
GRADIENTSUM 7.55444449
LEAFVALUESSUM -0.0318134272
Tree 49 CV-Ensemble 1
GRADIENTSUM 1.83521163
LEAFVALUESSUM 0.0057264169
Tree 0 CV-Ensemble 2
GRADIENTSUM 0.00000000
LEAFVALUESSUM 1.0570678092
Tree 1 CV-Ensemble 2
GRADIENTSUM 5.64977971
LEAFVALUESSUM -0.4947166470
Tree 2 CV-Ensemble 2
GRADIENTSUM 3.16969043
LEAFVALUESSUM 0.1162390485
Tree 3 CV-Ensemble 2
GRADIENTSUM 4.33054447
LEAFVALUESSUM 0.9654126635
Tree 4 CV-Ensemble 2
GRADIENTSUM 12.02952243
LEAFVALUESSUM 1.7275481553
Tree 5 CV-Ensemble 2
GRADIENTSUM 31.69287681
LEAFVALUESSUM 2.1402519856
Tree 6 CV-Ensemble 2
GRADIENTSUM 49.48769337
LEAFVALUESSUM 1.8488737105
Tree 7 CV-Ensemble 2
GRADIENTSUM 61.29305384
LEAFVALUESSUM 1.2470010524
Tree 8 CV-Ensemble 2
GRADIENTSUM 71.83451674
LEAFVALUESSUM 1.3219201262
Tree 9 CV-Ensemble 2
GRADIENTSUM 78.13660484
LEAFVALUESSUM 1.1246962486
Tree 10 CV-Ensemble 2
GRADIENTSUM 83.05429344
LEAFVALUESSUM 1.0160195276
Tree 11 CV-Ensemble 2
GRADIENTSUM 91.46213717
LEAFVALUESSUM -0.6702058970
Tree 12 CV-Ensemble 2
GRADIENTSUM 89.04209830
LEAFVALUESSUM -2.1350467248
Tree 13 CV-Ensemble 2
GRADIENTSUM 67.22169525
LEAFVALUESSUM -2.1211218853
Tree 14 CV-Ensemble 2
GRADIENTSUM 56.01332796
LEAFVALUESSUM -1.8693488193
Tree 15 CV-Ensemble 2
GRADIENTSUM 42.48981765
LEAFVALUESSUM -0.8022300830
Tree 16 CV-Ensemble 2
GRADIENTSUM 37.83786062
LEAFVALUESSUM 1.8822636372
Tree 17 CV-Ensemble 2
GRADIENTSUM 46.79040670
LEAFVALUESSUM 0.5040841566
Tree 18 CV-Ensemble 2
GRADIENTSUM 49.08841149
LEAFVALUESSUM 0.7050692264
Tree 19 CV-Ensemble 2
GRADIENTSUM 50.63643279
LEAFVALUESSUM 0.0537516434
Tree 20 CV-Ensemble 2
GRADIENTSUM 50.46916091
LEAFVALUESSUM -0.3932751215
Tree 21 CV-Ensemble 2
GRADIENTSUM 48.08366816
LEAFVALUESSUM 0.8543970232
Tree 22 CV-Ensemble 2
GRADIENTSUM 52.49825847
LEAFVALUESSUM -0.6079852997
Tree 23 CV-Ensemble 2
GRADIENTSUM 48.09980067
LEAFVALUESSUM -0.0748508206
Tree 24 CV-Ensemble 2
GRADIENTSUM 49.73421707
LEAFVALUESSUM -0.0598107889
Tree 25 CV-Ensemble 2
GRADIENTSUM 49.52419317
LEAFVALUESSUM -0.2871591951
Tree 26 CV-Ensemble 2
GRADIENTSUM 42.56839949
LEAFVALUESSUM 0.8399406456
Tree 27 CV-Ensemble 2
GRADIENTSUM 47.44888006
LEAFVALUESSUM 0.6357075425
Tree 28 CV-Ensemble 2
GRADIENTSUM 50.81997386
LEAFVALUESSUM 0.8235330910
Tree 29 CV-Ensemble 2
GRADIENTSUM 54.34491356
LEAFVALUESSUM 0.2826077218
Tree 30 CV-Ensemble 2
GRADIENTSUM 56.88368410
LEAFVALUESSUM -0.3425143171
Tree 31 CV-Ensemble 2
GRADIENTSUM 52.52059232
LEAFVALUESSUM -0.3364718552
Tree 32 CV-Ensemble 2
GRADIENTSUM 46.89834716
LEAFVALUESSUM -0.4188310907
Tree 33 CV-Ensemble 2
GRADIENTSUM 40.73597920
LEAFVALUESSUM -0.3708378526
Tree 34 CV-Ensemble 2
GRADIENTSUM 31.38032748
LEAFVALUESSUM -0.1390641947
Tree 35 CV-Ensemble 2
GRADIENTSUM 22.37363898
LEAFVALUESSUM -0.0750946651
Tree 36 CV-Ensemble 2
GRADIENTSUM 15.28096588
LEAFVALUESSUM -0.1802271964
Tree 37 CV-Ensemble 2
GRADIENTSUM 9.64439352
LEAFVALUESSUM -0.1824800363
Tree 38 CV-Ensemble 2
GRADIENTSUM 5.77055533
LEAFVALUESSUM -0.1423837976
Tree 39 CV-Ensemble 2
GRADIENTSUM 0.05626793
LEAFVALUESSUM 0.1375957055
Tree 40 CV-Ensemble 2
GRADIENTSUM -0.24631633
LEAFVALUESSUM -0.0390902396
Tree 41 CV-Ensemble 2
GRADIENTSUM -1.83011038
LEAFVALUESSUM 0.0798167679
Tree 42 CV-Ensemble 2
GRADIENTSUM -1.49118222
LEAFVALUESSUM 0.1316976670
Tree 43 CV-Ensemble 2
GRADIENTSUM -0.14321742
LEAFVALUESSUM 0.1724042186
Tree 44 CV-Ensemble 2
GRADIENTSUM 1.98168287
LEAFVALUESSUM 0.1357683222
Tree 45 CV-Ensemble 2
GRADIENTSUM 4.69244138
LEAFVALUESSUM 0.1047355628
Tree 46 CV-Ensemble 2
GRADIENTSUM 6.14748094
LEAFVALUESSUM 0.1178275082
Tree 47 CV-Ensemble 2
GRADIENTSUM 7.50041072
LEAFVALUESSUM 0.0989751069
Tree 48 CV-Ensemble 2
GRADIENTSUM 7.98034577
LEAFVALUESSUM -0.0558240381
Tree 49 CV-Ensemble 2
GRADIENTSUM 2.06030283
LEAFVALUESSUM 0.0000000000
Tree 0 CV-Ensemble 3
GRADIENTSUM 0.00000000
LEAFVALUESSUM 1.0139362891
Tree 1 CV-Ensemble 3
GRADIENTSUM 5.26724176
LEAFVALUESSUM -0.5479584809
Tree 2 CV-Ensemble 3
GRADIENTSUM 2.46500064
LEAFVALUESSUM 0.0678953849
Tree 3 CV-Ensemble 3
GRADIENTSUM 3.36965197
LEAFVALUESSUM 0.9360586927
Tree 4 CV-Ensemble 3
GRADIENTSUM 10.60189897
LEAFVALUESSUM 1.7063541097
Tree 5 CV-Ensemble 3
GRADIENTSUM 29.66011734
LEAFVALUESSUM 2.1120494028
Tree 6 CV-Ensemble 3
GRADIENTSUM 47.39159767
LEAFVALUESSUM 1.8217887954
Tree 7 CV-Ensemble 3
GRADIENTSUM 59.29379180
LEAFVALUESSUM 1.2271471119
Tree 8 CV-Ensemble 3
GRADIENTSUM 69.67424070
LEAFVALUESSUM 1.2968767671
Tree 9 CV-Ensemble 3
GRADIENTSUM 75.89101648
LEAFVALUESSUM 1.1054883210
Tree 10 CV-Ensemble 3
GRADIENTSUM 80.39323963
LEAFVALUESSUM 1.0042783956
Tree 11 CV-Ensemble 3
GRADIENTSUM 89.05824377
LEAFVALUESSUM -0.6834184378
Tree 12 CV-Ensemble 3
GRADIENTSUM 87.26095092
LEAFVALUESSUM -2.1476354297
Tree 13 CV-Ensemble 3
GRADIENTSUM 65.22158745
LEAFVALUESSUM -2.1360529694
Tree 14 CV-Ensemble 3
GRADIENTSUM 53.73380254
LEAFVALUESSUM -1.8810144883
Tree 15 CV-Ensemble 3
GRADIENTSUM 39.47525874
LEAFVALUESSUM -0.8169062153
Tree 16 CV-Ensemble 3
GRADIENTSUM 35.31814886
LEAFVALUESSUM 1.9865986430
Tree 17 CV-Ensemble 3
GRADIENTSUM 44.45326904
LEAFVALUESSUM 0.4872456001
Tree 18 CV-Ensemble 3
GRADIENTSUM 46.32545235
LEAFVALUESSUM 0.6976841969
Tree 19 CV-Ensemble 3
GRADIENTSUM 48.05034230
LEAFVALUESSUM 0.0886499498
Tree 20 CV-Ensemble 3
GRADIENTSUM 48.84854826
LEAFVALUESSUM -0.3736705708
Tree 21 CV-Ensemble 3
GRADIENTSUM 47.01392440
LEAFVALUESSUM 0.8504016325
Tree 22 CV-Ensemble 3
GRADIENTSUM 51.06345262
LEAFVALUESSUM -0.6319832584
Tree 23 CV-Ensemble 3
GRADIENTSUM 46.81367613
LEAFVALUESSUM -0.0917602840
Tree 24 CV-Ensemble 3
GRADIENTSUM 47.76131562
LEAFVALUESSUM -0.1550178634
Tree 25 CV-Ensemble 3
GRADIENTSUM 48.40859417
LEAFVALUESSUM 0.0949912595
Tree 26 CV-Ensemble 3
GRADIENTSUM 48.20084285
LEAFVALUESSUM 0.7233520557
Tree 27 CV-Ensemble 3
GRADIENTSUM 49.29088615
LEAFVALUESSUM 0.5233476330
Tree 28 CV-Ensemble 3
GRADIENTSUM 53.66601332
LEAFVALUESSUM 0.5686244854
Tree 29 CV-Ensemble 3
GRADIENTSUM 56.38660110
LEAFVALUESSUM 0.5474972954
Tree 30 CV-Ensemble 3
GRADIENTSUM 58.74524674
LEAFVALUESSUM 0.2819178531
Tree 31 CV-Ensemble 3
GRADIENTSUM 59.92770783
LEAFVALUESSUM -0.3433683820
Tree 32 CV-Ensemble 3
GRADIENTSUM 57.46719745
LEAFVALUESSUM -0.3433683820
Tree 33 CV-Ensemble 3
GRADIENTSUM 51.98712366
LEAFVALUESSUM -0.2781283894
Tree 34 CV-Ensemble 3
GRADIENTSUM 41.62022094
LEAFVALUESSUM -0.2225027116
Tree 35 CV-Ensemble 3
GRADIENTSUM 28.95135669
LEAFVALUESSUM -0.2165048157
Tree 36 CV-Ensemble 3
GRADIENTSUM 24.14121400
LEAFVALUESSUM -0.1351703973
Tree 37 CV-Ensemble 3
GRADIENTSUM 13.22672017
LEAFVALUESSUM -0.2635822747
Tree 38 CV-Ensemble 3
GRADIENTSUM 4.12338872
LEAFVALUESSUM -0.1277360254
Tree 39 CV-Ensemble 3
GRADIENTSUM -1.37002425
LEAFVALUESSUM 0.0648449392
Tree 40 CV-Ensemble 3
GRADIENTSUM -1.48092673
LEAFVALUESSUM -0.0270685859
Tree 41 CV-Ensemble 3
GRADIENTSUM -2.94900410
LEAFVALUESSUM 0.0798167679
Tree 42 CV-Ensemble 3
GRADIENTSUM -2.77477033
LEAFVALUESSUM 0.0838076063
Tree 43 CV-Ensemble 3
GRADIENTSUM -1.34317538
LEAFVALUESSUM 0.1724042186
Tree 44 CV-Ensemble 3
GRADIENTSUM 0.87549317
LEAFVALUESSUM 0.1454660595
Tree 45 CV-Ensemble 3
GRADIENTSUM 3.72745194
LEAFVALUESSUM 0.1396474171
Tree 46 CV-Ensemble 3
GRADIENTSUM 5.36988647
LEAFVALUESSUM 0.1178275082
Tree 47 CV-Ensemble 3
GRADIENTSUM 6.85372164
LEAFVALUESSUM 0.0706965049
Tree 48 CV-Ensemble 3
GRADIENTSUM 7.59957049
LEAFVALUESSUM -0.0318134272
Tree 49 CV-Ensemble 3
GRADIENTSUM 1.89434893
LEAFVALUESSUM 0.0114528338
Tree 0 CV-Ensemble 4
GRADIENTSUM 0.00000000
LEAFVALUESSUM 1.4716970939
Tree 1 CV-Ensemble 4
GRADIENTSUM 9.58051579
LEAFVALUESSUM 0.0171044864
Tree 2 CV-Ensemble 4
GRADIENTSUM 8.52277818
LEAFVALUESSUM 0.6290575380
Tree 3 CV-Ensemble 4
GRADIENTSUM 12.84096260
LEAFVALUESSUM 1.2870780744
Tree 4 CV-Ensemble 4
GRADIENTSUM 23.60961894
LEAFVALUESSUM 1.9281188472
Tree 5 CV-Ensemble 4
GRADIENTSUM 45.32551662
LEAFVALUESSUM 2.6698623629
Tree 6 CV-Ensemble 4
GRADIENTSUM 64.83805864
LEAFVALUESSUM 1.9648742095
Tree 7 CV-Ensemble 4
GRADIENTSUM 78.82472816
LEAFVALUESSUM 1.3115094828
Tree 8 CV-Ensemble 4
GRADIENTSUM 91.14173359
LEAFVALUESSUM 1.1876376152
Tree 9 CV-Ensemble 4
GRADIENTSUM 98.99386501
LEAFVALUESSUM 1.4669459837
Tree 10 CV-Ensemble 4
GRADIENTSUM 105.61820627
LEAFVALUESSUM 1.1061404512
Tree 11 CV-Ensemble 4
GRADIENTSUM 115.21422033
LEAFVALUESSUM -0.5279527244
Tree 12 CV-Ensemble 4
GRADIENTSUM 113.26579098
LEAFVALUESSUM -2.0383066384
Tree 13 CV-Ensemble 4
GRADIENTSUM 91.81323705
LEAFVALUESSUM -1.9947093638
Tree 14 CV-Ensemble 4
GRADIENTSUM 81.05769167
LEAFVALUESSUM -1.7643524509
Tree 15 CV-Ensemble 4
GRADIENTSUM 67.43907133
LEAFVALUESSUM -0.7299751275
Tree 16 CV-Ensemble 4
GRADIENTSUM 63.08651594
LEAFVALUESSUM 2.1256370640
Tree 17 CV-Ensemble 4
GRADIENTSUM 73.18307158
LEAFVALUESSUM 0.6105614375
Tree 18 CV-Ensemble 4
GRADIENTSUM 75.97078899
LEAFVALUESSUM 0.6831328139
Tree 19 CV-Ensemble 4
GRADIENTSUM 78.09092957
LEAFVALUESSUM 0.0894775666
Tree 20 CV-Ensemble 4
GRADIENTSUM 78.83682864
LEAFVALUESSUM -0.2926724348
Tree 21 CV-Ensemble 4
GRADIENTSUM 77.50623766
LEAFVALUESSUM 0.8887764772
Tree 22 CV-Ensemble 4
GRADIENTSUM 81.80684143
LEAFVALUESSUM -0.6180696852
Tree 23 CV-Ensemble 4
GRADIENTSUM 77.69698491
LEAFVALUESSUM 0.0378982627
Tree 24 CV-Ensemble 4
GRADIENTSUM 79.11411712
LEAFVALUESSUM -0.0102896506
Tree 25 CV-Ensemble 4
GRADIENTSUM 78.66644146
LEAFVALUESSUM 0.0449048748
Tree 26 CV-Ensemble 4
GRADIENTSUM 78.62528218
LEAFVALUESSUM 0.6341019671
Tree 27 CV-Ensemble 4
GRADIENTSUM 80.32910934
LEAFVALUESSUM 0.6977968440
Tree 28 CV-Ensemble 4
GRADIENTSUM 84.55059772
LEAFVALUESSUM 0.6771344927
Tree 29 CV-Ensemble 4
GRADIENTSUM 87.36234953
LEAFVALUESSUM 0.6195159825
Tree 30 CV-Ensemble 4
GRADIENTSUM 90.16486731
LEAFVALUESSUM 0.3051686527
Tree 31 CV-Ensemble 4
GRADIENTSUM 91.80000162
LEAFVALUESSUM -0.2670642971
Tree 32 CV-Ensemble 4
GRADIENTSUM 89.44630899
LEAFVALUESSUM -0.3777052202
Tree 33 CV-Ensemble 4
GRADIENTSUM 84.08931218
LEAFVALUESSUM -0.3399346982
Tree 34 CV-Ensemble 4
GRADIENTSUM 73.77602415
LEAFVALUESSUM -0.2225027116
Tree 35 CV-Ensemble 4
GRADIENTSUM 61.13347300
LEAFVALUESSUM -0.1923884166
Tree 36 CV-Ensemble 4
GRADIENTSUM 56.29789010
LEAFVALUESSUM -0.1576987968
Tree 37 CV-Ensemble 4
GRADIENTSUM 45.58477799
LEAFVALUESSUM -0.2027555959
Tree 38 CV-Ensemble 4
GRADIENTSUM 34.79699965
LEAFVALUESSUM 0.0912400182
Tree 39 CV-Ensemble 4
GRADIENTSUM 34.75729045
LEAFVALUESSUM 0.1970784392
Tree 40 CV-Ensemble 4
GRADIENTSUM 37.50824214
LEAFVALUESSUM 0.1910577879
Tree 41 CV-Ensemble 4
GRADIENTSUM 39.01220665
LEAFVALUESSUM 0.2128447144
Tree 42 CV-Ensemble 4
GRADIENTSUM 41.89339026
LEAFVALUESSUM -0.0359175455
Tree 43 CV-Ensemble 4
GRADIENTSUM 39.74928077
LEAFVALUESSUM -0.0646515820
Tree 44 CV-Ensemble 4
GRADIENTSUM 36.84027475
LEAFVALUESSUM -0.0678456964
Tree 45 CV-Ensemble 4
GRADIENTSUM 31.98602687
LEAFVALUESSUM -0.0785516721
Tree 46 CV-Ensemble 4
GRADIENTSUM 26.13255679
LEAFVALUESSUM -0.0628413377
Tree 47 CV-Ensemble 4
GRADIENTSUM 14.73476146
LEAFVALUESSUM 0.0000000000
Tree 48 CV-Ensemble 4
GRADIENTSUM 10.57173701
LEAFVALUESSUM -0.0636268544
Tree 49 CV-Ensemble 4
GRADIENTSUM 2.38762443
LEAFVALUESSUM -0.0352093131
