Tree 0 CV-Ensemble 0
GRADIENTSUM 3.07172996
LEAFVALUESSUM 0.3943229766
Tree 1 CV-Ensemble 0
GRADIENTSUM 4.92213272
LEAFVALUESSUM 0.6262858737
Tree 2 CV-Ensemble 0
GRADIENTSUM 8.30296056
LEAFVALUESSUM 0.6655951713
Tree 3 CV-Ensemble 0
GRADIENTSUM 12.20107340
LEAFVALUESSUM 0.6050865194
Tree 4 CV-Ensemble 0
GRADIENTSUM 15.68741615
LEAFVALUESSUM 0.5544298191
Tree 5 CV-Ensemble 0
GRADIENTSUM 18.82483330
LEAFVALUESSUM 0.4696469304
Tree 6 CV-Ensemble 0
GRADIENTSUM 21.40363247
LEAFVALUESSUM 0.4070339188
Tree 7 CV-Ensemble 0
GRADIENTSUM 23.87513309
LEAFVALUESSUM 0.3950050374
Tree 8 CV-Ensemble 0
GRADIENTSUM 25.88578973
LEAFVALUESSUM 0.3556413368
Tree 9 CV-Ensemble 0
GRADIENTSUM 27.63977676
LEAFVALUESSUM 0.2276246447
Tree 10 CV-Ensemble 0
GRADIENTSUM 28.93956013
LEAFVALUESSUM 0.3036210337
Tree 11 CV-Ensemble 0
GRADIENTSUM 30.34949852
LEAFVALUESSUM 0.2085085865
Tree 12 CV-Ensemble 0
GRADIENTSUM 31.42187070
LEAFVALUESSUM 0.0888674190
Tree 13 CV-Ensemble 0
GRADIENTSUM 31.50687299
LEAFVALUESSUM 0.1250698460
Tree 14 CV-Ensemble 0
GRADIENTSUM 32.09870822
LEAFVALUESSUM 0.1126802167
Tree 15 CV-Ensemble 0
GRADIENTSUM 32.59838699
LEAFVALUESSUM 0.0957531755
Tree 16 CV-Ensemble 0
GRADIENTSUM 33.02235730
LEAFVALUESSUM 0.0924787655
Tree 17 CV-Ensemble 0
GRADIENTSUM 33.46053546
LEAFVALUESSUM 0.0992254628
Tree 18 CV-Ensemble 0
GRADIENTSUM 33.87826724
LEAFVALUESSUM 0.0742019556
Tree 19 CV-Ensemble 0
GRADIENTSUM 34.20120863
LEAFVALUESSUM -0.0200793174
Tree 20 CV-Ensemble 0
GRADIENTSUM 34.26232692
LEAFVALUESSUM -0.2464894475
Tree 21 CV-Ensemble 0
GRADIENTSUM 33.30191683
LEAFVALUESSUM -0.2207028731
Tree 22 CV-Ensemble 0
GRADIENTSUM 32.53269344
LEAFVALUESSUM -0.1999113904
Tree 23 CV-Ensemble 0
GRADIENTSUM 31.77048200
LEAFVALUESSUM -0.0730778413
Tree 24 CV-Ensemble 0
GRADIENTSUM 32.38429910
LEAFVALUESSUM 0.2699270303
Tree 25 CV-Ensemble 0
GRADIENTSUM 33.31091853
LEAFVALUESSUM 0.2426928633
Tree 26 CV-Ensemble 0
GRADIENTSUM 34.11715647
LEAFVALUESSUM 0.2526393080
Tree 27 CV-Ensemble 0
GRADIENTSUM 34.98899137
LEAFVALUESSUM 0.1878326063
Tree 28 CV-Ensemble 0
GRADIENTSUM 35.59458197
LEAFVALUESSUM 0.0264194491
Tree 29 CV-Ensemble 0
GRADIENTSUM 35.82757173
LEAFVALUESSUM 0.1812361844
Tree 30 CV-Ensemble 0
GRADIENTSUM 36.38335585
LEAFVALUESSUM -0.1695646331
Tree 31 CV-Ensemble 0
GRADIENTSUM 34.62158433
LEAFVALUESSUM -0.1526081698
Tree 32 CV-Ensemble 0
GRADIENTSUM 32.93709610
LEAFVALUESSUM -0.1249245633
Tree 33 CV-Ensemble 0
GRADIENTSUM 31.70633401
LEAFVALUESSUM -0.1236126175
Tree 34 CV-Ensemble 0
GRADIENTSUM 28.45907794
LEAFVALUESSUM -0.1112513558
Tree 35 CV-Ensemble 0
GRADIENTSUM 25.17984140
LEAFVALUESSUM -0.1001262202
Tree 36 CV-Ensemble 0
GRADIENTSUM 22.64200255
LEAFVALUESSUM -0.0901135982
Tree 37 CV-Ensemble 0
GRADIENTSUM 21.48558322
LEAFVALUESSUM -0.0811022384
Tree 38 CV-Ensemble 0
GRADIENTSUM 19.03979865
LEAFVALUESSUM -0.0729920145
Tree 39 CV-Ensemble 0
GRADIENTSUM 17.84251440
LEAFVALUESSUM -0.0656928131
Tree 40 CV-Ensemble 0
GRADIENTSUM 16.82929032
LEAFVALUESSUM -0.0591235318
Tree 41 CV-Ensemble 0
GRADIENTSUM 12.27671880
LEAFVALUESSUM -0.0532111786
Tree 42 CV-Ensemble 0
GRADIENTSUM 10.72804364
LEAFVALUESSUM -0.0478900607
Tree 43 CV-Ensemble 0
GRADIENTSUM 9.69803348
LEAFVALUESSUM -0.0431010547
Tree 44 CV-Ensemble 0
GRADIENTSUM 8.33268929
LEAFVALUESSUM -0.0387909492
Tree 45 CV-Ensemble 0
GRADIENTSUM 5.72834639
LEAFVALUESSUM -0.0349118543
Tree 46 CV-Ensemble 0
GRADIENTSUM 3.40735159
LEAFVALUESSUM -0.0314206688
Tree 47 CV-Ensemble 0
GRADIENTSUM 1.04856011
LEAFVALUESSUM -0.0282786020
Tree 48 CV-Ensemble 0
GRADIENTSUM 0.45436499
LEAFVALUESSUM -0.0254507418
Tree 49 CV-Ensemble 0
GRADIENTSUM -0.12316105
LEAFVALUESSUM 0.0229056676
Tree 0 CV-Ensemble 1
GRADIENTSUM 5.04219409
LEAFVALUESSUM 0.2052167242
Tree 1 CV-Ensemble 1
GRADIENTSUM 6.27349444
LEAFVALUESSUM 0.1865606584
Tree 2 CV-Ensemble 1
GRADIENTSUM 7.37420232
LEAFVALUESSUM 0.4918100346
Tree 3 CV-Ensemble 1
GRADIENTSUM 9.90218959
LEAFVALUESSUM 0.2357808559
Tree 4 CV-Ensemble 1
GRADIENTSUM 10.66741885
LEAFVALUESSUM -0.4781948282
Tree 5 CV-Ensemble 1
GRADIENTSUM 8.44337901
LEAFVALUESSUM 0.1775514401
Tree 6 CV-Ensemble 1
GRADIENTSUM 9.83072464
LEAFVALUESSUM -0.2496410877
Tree 7 CV-Ensemble 1
GRADIENTSUM 8.59208844
LEAFVALUESSUM -0.2011664188
Tree 8 CV-Ensemble 1
GRADIENTSUM 7.45398628
LEAFVALUESSUM -0.1412312473
Tree 9 CV-Ensemble 1
GRADIENTSUM 6.70700989
LEAFVALUESSUM 0.1558073686
Tree 10 CV-Ensemble 1
GRADIENTSUM 7.55450863
LEAFVALUESSUM 0.1020634117
Tree 11 CV-Ensemble 1
GRADIENTSUM 8.06295197
LEAFVALUESSUM 0.0623347163
Tree 12 CV-Ensemble 1
GRADIENTSUM 7.97975241
LEAFVALUESSUM 0.2554395002
Tree 13 CV-Ensemble 1
GRADIENTSUM 9.19651210
LEAFVALUESSUM 0.2905488263
Tree 14 CV-Ensemble 1
GRADIENTSUM 10.67331446
LEAFVALUESSUM 0.3251520319
Tree 15 CV-Ensemble 1
GRADIENTSUM 12.19670392
LEAFVALUESSUM 0.6663898038
Tree 16 CV-Ensemble 1
GRADIENTSUM 15.21829118
LEAFVALUESSUM 0.6008081660
Tree 17 CV-Ensemble 1
GRADIENTSUM 17.86697488
LEAFVALUESSUM 0.5670301866
Tree 18 CV-Ensemble 1
GRADIENTSUM 20.38891536
LEAFVALUESSUM 0.4966083229
Tree 19 CV-Ensemble 1
GRADIENTSUM 22.46188325
LEAFVALUESSUM 0.3798885312
Tree 20 CV-Ensemble 1
GRADIENTSUM 24.15419726
LEAFVALUESSUM 0.1221099522
Tree 21 CV-Ensemble 1
GRADIENTSUM 24.63409798
LEAFVALUESSUM 0.1139103437
Tree 22 CV-Ensemble 1
GRADIENTSUM 25.09392169
LEAFVALUESSUM 0.1114586396
Tree 23 CV-Ensemble 1
GRADIENTSUM 25.47674606
LEAFVALUESSUM 0.1498749538
Tree 24 CV-Ensemble 1
GRADIENTSUM 26.55063449
LEAFVALUESSUM 0.3190657723
Tree 25 CV-Ensemble 1
GRADIENTSUM 27.95499262
LEAFVALUESSUM 0.2871591951
Tree 26 CV-Ensemble 1
GRADIENTSUM 29.16971576
LEAFVALUESSUM 0.2584432756
Tree 27 CV-Ensemble 1
GRADIENTSUM 30.32133559
LEAFVALUESSUM 0.2325989480
Tree 28 CV-Ensemble 1
GRADIENTSUM 31.35741043
LEAFVALUESSUM 0.1601017625
Tree 29 CV-Ensemble 1
GRADIENTSUM 32.03736669
LEAFVALUESSUM 0.1884051479
Tree 30 CV-Ensemble 1
GRADIENTSUM 32.88618125
LEAFVALUESSUM -0.1695646331
Tree 31 CV-Ensemble 1
GRADIENTSUM 31.26341032
LEAFVALUESSUM -0.1526081698
Tree 32 CV-Ensemble 1
GRADIENTSUM 29.70518828
LEAFVALUESSUM -0.0747405038
Tree 33 CV-Ensemble 1
GRADIENTSUM 28.63635188
LEAFVALUESSUM -0.1236126175
Tree 34 CV-Ensemble 1
GRADIENTSUM 25.55598002
LEAFVALUESSUM -0.1112513558
Tree 35 CV-Ensemble 1
GRADIENTSUM 22.43133890
LEAFVALUESSUM -0.0686243504
Tree 36 CV-Ensemble 1
GRADIENTSUM 20.06539105
LEAFVALUESSUM -0.0901135982
Tree 37 CV-Ensemble 1
GRADIENTSUM 19.07323882
LEAFVALUESSUM -0.0508964129
Tree 38 CV-Ensemble 1
GRADIENTSUM 16.84083209
LEAFVALUESSUM -0.0729920145
Tree 39 CV-Ensemble 1
GRADIENTSUM 15.83009660
LEAFVALUESSUM -0.0656928131
Tree 40 CV-Ensemble 1
GRADIENTSUM 15.00250000
LEAFVALUESSUM -0.0591235318
Tree 41 CV-Ensemble 1
GRADIENTSUM 10.61147982
LEAFVALUESSUM -0.0532111786
Tree 42 CV-Ensemble 1
GRADIENTSUM 9.22507508
LEAFVALUESSUM -0.0478900607
Tree 43 CV-Ensemble 1
GRADIENTSUM 8.35592547
LEAFVALUESSUM -0.0431010547
Tree 44 CV-Ensemble 1
GRADIENTSUM 7.15053940
LEAFVALUESSUM -0.0387909492
Tree 45 CV-Ensemble 1
GRADIENTSUM 4.70665918
LEAFVALUESSUM -0.0349118543
Tree 46 CV-Ensemble 1
GRADIENTSUM 2.55056980
LEAFVALUESSUM -0.0314206688
Tree 47 CV-Ensemble 1
GRADIENTSUM 0.40220565
LEAFVALUESSUM -0.0282786020
Tree 48 CV-Ensemble 1
GRADIENTSUM 0.03839514
LEAFVALUESSUM -0.0254507418
Tree 49 CV-Ensemble 1
GRADIENTSUM -0.31493677
LEAFVALUESSUM 0.0229056676
Tree 0 CV-Ensemble 2
GRADIENTSUM 4.78481013
LEAFVALUESSUM 0.1818181818
Tree 1 CV-Ensemble 2
GRADIENTSUM 5.87571922
LEAFVALUESSUM 0.1652892562
Tree 2 CV-Ensemble 2
GRADIENTSUM 6.85092583
LEAFVALUESSUM 0.4724723963
Tree 3 CV-Ensemble 2
GRADIENTSUM 9.11025307
LEAFVALUESSUM 0.2182011846
Tree 4 CV-Ensemble 2
GRADIENTSUM 9.80540687
LEAFVALUESSUM -0.4941763475
Tree 5 CV-Ensemble 2
GRADIENTSUM 7.54267463
LEAFVALUESSUM 0.1630227862
Tree 6 CV-Ensemble 2
GRADIENTSUM 8.80272709
LEAFVALUESSUM -0.2628489549
Tree 7 CV-Ensemble 2
GRADIENTSUM 7.50050980
LEAFVALUESSUM -0.2131735708
Tree 8 CV-Ensemble 2
GRADIENTSUM 6.30667776
LEAFVALUESSUM -0.1521468400
Tree 9 CV-Ensemble 2
GRADIENTSUM 5.52118545
LEAFVALUESSUM 0.1458841025
Tree 10 CV-Ensemble 2
GRADIENTSUM 6.32695450
LEAFVALUESSUM 0.0930422607
Tree 11 CV-Ensemble 2
GRADIENTSUM 6.80010966
LEAFVALUESSUM 0.0541336700
Tree 12 CV-Ensemble 2
GRADIENTSUM 6.74929798
LEAFVALUESSUM 0.2479840035
Tree 13 CV-Ensemble 2
GRADIENTSUM 8.00357907
LEAFVALUESSUM 0.2837711021
Tree 14 CV-Ensemble 2
GRADIENTSUM 9.43263715
LEAFVALUESSUM 0.3189904644
Tree 15 CV-Ensemble 2
GRADIENTSUM 10.92415164
LEAFVALUESSUM 0.4655614813
Tree 16 CV-Ensemble 2
GRADIENTSUM 12.68928157
LEAFVALUESSUM 0.6557477079
Tree 17 CV-Ensemble 2
GRADIENTSUM 15.36893834
LEAFVALUESSUM 0.6670872680
Tree 18 CV-Ensemble 2
GRADIENTSUM 18.27489459
LEAFVALUESSUM 0.6003785412
Tree 19 CV-Ensemble 2
GRADIENTSUM 20.86200206
LEAFVALUESSUM 0.5403406871
Tree 20 CV-Ensemble 2
GRADIENTSUM 23.14016675
LEAFVALUESSUM 0.4817358654
Tree 21 CV-Ensemble 2
GRADIENTSUM 25.10986249
LEAFVALUESSUM 0.4263791645
Tree 22 CV-Ensemble 2
GRADIENTSUM 26.83509016
LEAFVALUESSUM 0.3939083609
Tree 23 CV-Ensemble 2
GRADIENTSUM 28.43813832
LEAFVALUESSUM 0.3545175248
Tree 24 CV-Ensemble 2
GRADIENTSUM 29.85444082
LEAFVALUESSUM 0.2431570082
Tree 25 CV-Ensemble 2
GRADIENTSUM 30.89759162
LEAFVALUESSUM 0.2823789937
Tree 26 CV-Ensemble 2
GRADIENTSUM 31.91965429
LEAFVALUESSUM 0.2468774258
Tree 27 CV-Ensemble 2
GRADIENTSUM 32.79162111
LEAFVALUESSUM 0.1409966989
Tree 28 CV-Ensemble 2
GRADIENTSUM 33.01937134
LEAFVALUESSUM 0.1822070745
Tree 29 CV-Ensemble 2
GRADIENTSUM 33.67357382
LEAFVALUESSUM 0.1587827829
Tree 30 CV-Ensemble 2
GRADIENTSUM 34.15709602
LEAFVALUESSUM -0.1695646331
Tree 31 CV-Ensemble 2
GRADIENTSUM 32.44494129
LEAFVALUESSUM -0.1526081698
Tree 32 CV-Ensemble 2
GRADIENTSUM 30.79199536
LEAFVALUESSUM -0.1048732613
Tree 33 CV-Ensemble 2
GRADIENTSUM 29.61916699
LEAFVALUESSUM -0.1236126175
Tree 34 CV-Ensemble 2
GRADIENTSUM 26.49316097
LEAFVALUESSUM -0.1112513558
Tree 35 CV-Ensemble 2
GRADIENTSUM 23.31530566
LEAFVALUESSUM -0.0853231273
Tree 36 CV-Ensemble 2
GRADIENTSUM 20.88989344
LEAFVALUESSUM -0.0901135982
Tree 37 CV-Ensemble 2
GRADIENTSUM 19.84576216
LEAFVALUESSUM -0.0608522922
Tree 38 CV-Ensemble 2
GRADIENTSUM 17.54457924
LEAFVALUESSUM -0.0729920145
Tree 39 CV-Ensemble 2
GRADIENTSUM 16.46116954
LEAFVALUESSUM -0.0656928131
Tree 40 CV-Ensemble 2
GRADIENTSUM 15.58039717
LEAFVALUESSUM -0.0591235318
Tree 41 CV-Ensemble 2
GRADIENTSUM 11.14565256
LEAFVALUESSUM -0.0532111786
Tree 42 CV-Ensemble 2
GRADIENTSUM 9.71452780
LEAFVALUESSUM -0.0478900607
Tree 43 CV-Ensemble 2
GRADIENTSUM 8.79398407
LEAFVALUESSUM -0.0431010547
Tree 44 CV-Ensemble 2
GRADIENTSUM 7.54479213
LEAFVALUESSUM -0.0387909492
Tree 45 CV-Ensemble 2
GRADIENTSUM 5.05005631
LEAFVALUESSUM -0.0349118543
Tree 46 CV-Ensemble 2
GRADIENTSUM 2.84219717
LEAFVALUESSUM -0.0314206688
Tree 47 CV-Ensemble 2
GRADIENTSUM 0.64187155
LEAFVALUESSUM -0.0282786020
Tree 48 CV-Ensemble 2
GRADIENTSUM 0.19410599
LEAFVALUESSUM -0.0254507418
Tree 49 CV-Ensemble 2
GRADIENTSUM -0.23996963
LEAFVALUESSUM 0.0229056676
Tree 0 CV-Ensemble 3
GRADIENTSUM -0.21078431
LEAFVALUESSUM -0.3132798574
Tree 1 CV-Ensemble 3
GRADIENTSUM -2.09046346
LEAFVALUESSUM -0.2847998704
Tree 2 CV-Ensemble 3
GRADIENTSUM -3.77078269
LEAFVALUESSUM 0.1154225777
Tree 3 CV-Ensemble 3
GRADIENTSUM -3.56122479
LEAFVALUESSUM -0.1405735438
Tree 4 CV-Ensemble 3
GRADIENTSUM -5.81290721
LEAFVALUESSUM -0.9323638925
Tree 5 CV-Ensemble 3
GRADIENTSUM -11.85376317
LEAFVALUESSUM -0.1362852022
Tree 6 CV-Ensemble 3
GRADIENTSUM -11.39446426
LEAFVALUESSUM -0.6014407492
Tree 7 CV-Ensemble 3
GRADIENTSUM -14.53480628
LEAFVALUESSUM -0.5168139948
Tree 8 CV-Ensemble 3
GRADIENTSUM -17.29117513
LEAFVALUESSUM -0.4214465234
Tree 9 CV-Ensemble 3
GRADIENTSUM -19.45462086
LEAFVALUESSUM -0.0586747351
Tree 10 CV-Ensemble 3
GRADIENTSUM -19.77978639
LEAFVALUESSUM -0.0982943005
Tree 11 CV-Ensemble 3
GRADIENTSUM -20.26960281
LEAFVALUESSUM -0.1210352666
Tree 12 CV-Ensemble 3
GRADIENTSUM -21.13693293
LEAFVALUESSUM 0.1224583322
Tree 13 CV-Ensemble 3
GRADIENTSUM -20.27511230
LEAFVALUESSUM 0.1801471028
Tree 14 CV-Ensemble 3
GRADIENTSUM -19.30573008
LEAFVALUESSUM 0.2352373598
Tree 15 CV-Ensemble 3
GRADIENTSUM -18.21473349
LEAFVALUESSUM 0.4193751395
Tree 16 CV-Ensemble 3
GRADIENTSUM -16.57766496
LEAFVALUESSUM 0.6462979044
Tree 17 CV-Ensemble 3
GRADIENTSUM -13.87504796
LEAFVALUESSUM 0.6670872680
Tree 18 CV-Ensemble 3
GRADIENTSUM -10.95221231
LEAFVALUESSUM 0.6003785412
Tree 19 CV-Ensemble 3
GRADIENTSUM -8.34699802
LEAFVALUESSUM 0.5403406871
Tree 20 CV-Ensemble 3
GRADIENTSUM -6.05150931
LEAFVALUESSUM 0.4826571383
Tree 21 CV-Ensemble 3
GRADIENTSUM -4.05419148
LEAFVALUESSUM 0.4261123192
Tree 22 CV-Ensemble 3
GRADIENTSUM -2.32566541
LEAFVALUESSUM 0.3939083609
Tree 23 CV-Ensemble 3
GRADIENTSUM -0.70475259
LEAFVALUESSUM 0.3545175248
Tree 24 CV-Ensemble 3
GRADIENTSUM 0.73005450
LEAFVALUESSUM 0.2310973615
Tree 25 CV-Ensemble 3
GRADIENTSUM 1.71247398
LEAFVALUESSUM 0.2809123131
Tree 26 CV-Ensemble 3
GRADIENTSUM 2.73879612
LEAFVALUESSUM 0.2451801460
Tree 27 CV-Ensemble 3
GRADIENTSUM 3.58687517
LEAFVALUESSUM 0.1229368420
Tree 28 CV-Ensemble 3
GRADIENTSUM 3.90904308
LEAFVALUESSUM 0.1724310431
Tree 29 CV-Ensemble 3
GRADIENTSUM 4.49609492
LEAFVALUESSUM 0.1519049861
Tree 30 CV-Ensemble 3
GRADIENTSUM 4.96171384
LEAFVALUESSUM 0.1392885365
Tree 31 CV-Ensemble 3
GRADIENTSUM 5.36864927
LEAFVALUESSUM 0.1307607852
Tree 32 CV-Ensemble 3
GRADIENTSUM 5.75928041
LEAFVALUESSUM 0.1339112639
Tree 33 CV-Ensemble 3
GRADIENTSUM 6.16237463
LEAFVALUESSUM 0.1080132424
Tree 34 CV-Ensemble 3
GRADIENTSUM 6.45685119
LEAFVALUESSUM 0.0342025342
Tree 35 CV-Ensemble 3
GRADIENTSUM 6.54393498
LEAFVALUESSUM -0.1001262202
Tree 36 CV-Ensemble 3
GRADIENTSUM 6.10114694
LEAFVALUESSUM -0.0901135982
Tree 37 CV-Ensemble 3
GRADIENTSUM 5.68854801
LEAFVALUESSUM -0.0811022384
Tree 38 CV-Ensemble 3
GRADIENTSUM 5.30935461
LEAFVALUESSUM -0.0364960073
Tree 39 CV-Ensemble 3
GRADIENTSUM 5.21504408
LEAFVALUESSUM 0.0656928131
Tree 40 CV-Ensemble 3
GRADIENTSUM 5.63046569
LEAFVALUESSUM 0.0591235318
Tree 41 CV-Ensemble 3
GRADIENTSUM 5.98261619
LEAFVALUESSUM 0.0532111786
Tree 42 CV-Ensemble 3
GRADIENTSUM 6.37294534
LEAFVALUESSUM 0.0478900607
Tree 43 CV-Ensemble 3
GRADIENTSUM 6.73107496
LEAFVALUESSUM 0.0000000000
Tree 44 CV-Ensemble 3
GRADIENTSUM 6.82550605
LEAFVALUESSUM 0.0387909492
Tree 45 CV-Ensemble 3
GRADIENTSUM 7.15465276
LEAFVALUESSUM -0.0349118543
Tree 46 CV-Ensemble 3
GRADIENTSUM 4.32452124
LEAFVALUESSUM -0.0314206688
Tree 47 CV-Ensemble 3
GRADIENTSUM 1.50133314
LEAFVALUESSUM -0.0282786020
Tree 48 CV-Ensemble 3
GRADIENTSUM 0.73288821
LEAFVALUESSUM -0.0254507418
Tree 49 CV-Ensemble 3
GRADIENTSUM -0.02150522
LEAFVALUESSUM 0.0100624313
Tree 0 CV-Ensemble 4
GRADIENTSUM -13.28270042
LEAFVALUESSUM 0.0375911009
Tree 1 CV-Ensemble 4
GRADIENTSUM -13.05715382
LEAFVALUESSUM 0.0341737281
Tree 2 CV-Ensemble 4
GRADIENTSUM -12.85552882
LEAFVALUESSUM 0.3532764617
Tree 3 CV-Ensemble 4
GRADIENTSUM -11.18857367
LEAFVALUESSUM 0.1098412440
Tree 4 CV-Ensemble 4
GRADIENTSUM -11.71908492
LEAFVALUESSUM -0.5926853844
Tree 5 CV-Ensemble 4
GRADIENTSUM -15.53381966
LEAFVALUESSUM 0.0734691163
Tree 6 CV-Ensemble 4
GRADIENTSUM -14.11743923
LEAFVALUESSUM -0.3442613821
Tree 7 CV-Ensemble 4
GRADIENTSUM -15.88522776
LEAFVALUESSUM -0.2871848683
Tree 8 CV-Ensemble 4
GRADIENTSUM -17.42500240
LEAFVALUESSUM -0.2194298377
Tree 9 CV-Ensemble 4
GRADIENTSUM -18.54007074
LEAFVALUESSUM 0.0797990359
Tree 10 CV-Ensemble 4
GRADIENTSUM -18.15770316
