Abalone, 1 ensemble with 50 trees, privacy budget = 3
Using all 4100 samples, (0.75,0.25) train-test-split
learning_rate=0.1

Mean                      RMSE: 3.24
Depth first growth        RMSE: 2.29    #trees used: 41/50
Best-leaf first growth    RMSE: 3.24    #trees used: 9/50
3-nodes trees growth      RMSE: 2.34    #trees used: 37/50
---------
Mean                      RMSE: 3.25
Depth first growth        RMSE: 2.27    #trees used: 39/50
Best-leaf first growth    RMSE: 3.25    #trees used: 3/50
3-nodes trees growth      RMSE: 2.26    #trees used: 34/50
---------
Mean                      RMSE: 3.19
Depth first growth        RMSE: 2.32    #trees used: 30/50
Best-leaf first growth    RMSE: 3.21    #trees used: 7/50
3-nodes trees growth      RMSE: 2.38    #trees used: 37/50
---------
Mean                      RMSE: 3.12
Depth first growth        RMSE: 2.30    #trees used: 37/50
Best-leaf first growth    RMSE: 3.12    #trees used: 6/50
3-nodes trees growth      RMSE: 2.37    #trees used: 38/50
---------
Mean                      RMSE: 3.21
Depth first growth        RMSE: 2.38    #trees used: 36/50
Best-leaf first growth    RMSE: 3.21    #trees used: 5/50
3-nodes trees growth      RMSE: 2.39    #trees used: 37/50
---------
Mean                      RMSE: 3.21
Depth first growth        RMSE: 2.25    #trees used: 35/50
Best-leaf first growth    RMSE: 3.21    #trees used: 3/50
3-nodes trees growth      RMSE: 2.33    #trees used: 38/50
---------
Mean                      RMSE: 3.07
Depth first growth        RMSE: 2.24    #trees used: 39/50
Best-leaf first growth    RMSE: 3.07    #trees used: 4/50
3-nodes trees growth      RMSE: 2.20    #trees used: 42/50
---------
Mean                      RMSE: 3.27
Depth first growth        RMSE: 2.30    #trees used: 40/50
Best-leaf first growth    RMSE: 3.27    #trees used: 4/50
3-nodes trees growth      RMSE: 2.29    #trees used: 31/50
---------
Mean                      RMSE: 3.35
Depth first growth        RMSE: 2.52    #trees used: 38/50
Best-leaf first growth    RMSE: 3.36    #trees used: 3/50
3-nodes trees growth      RMSE: 2.42    #trees used: 35/50
---------
Mean                      RMSE: 3.21
Depth first growth        RMSE: 2.33    #trees used: 37/50
Best-leaf first growth    RMSE: 3.21    #trees used: 5/50
3-nodes trees growth      RMSE: 2.28    #trees used: 39/50
---------
