Abalone, 1 ensemble with 50 trees, privacy budget = 1
Using all 4100 samples, (0.75,0.25) train-test-split
learning_rate=0.1


Mean                      RMSE: 3.38
Depth first growth        RMSE: 2.48    #trees used: 35/50
Best-leaf first growth    RMSE: 3.38    #trees used: 6/50
3-nodes trees growth      RMSE: 2.54    #trees used: 40/50
---------
Mean                      RMSE: 3.14
Depth first growth        RMSE: 2.35    #trees used: 35/50
Best-leaf first growth    RMSE: 3.14    #trees used: 3/50
3-nodes trees growth      RMSE: 2.37    #trees used: 41/50
---------
Mean                      RMSE: 3.23
Depth first growth        RMSE: 2.48    #trees used: 37/50
Best-leaf first growth    RMSE: 3.23    #trees used: 5/50
3-nodes trees growth      RMSE: 2.40    #trees used: 35/50
---------
Mean                      RMSE: 3.03
Depth first growth        RMSE: 2.28    #trees used: 33/50
Best-leaf first growth    RMSE: 3.04    #trees used: 2/50
3-nodes trees growth      RMSE: 2.23    #trees used: 34/50
---------
Mean                      RMSE: 3.27
Depth first growth        RMSE: 2.46    #trees used: 35/50
Best-leaf first growth    RMSE: 3.27    #trees used: 6/50
3-nodes trees growth      RMSE: 2.43    #trees used: 35/50
---------
Mean                      RMSE: 3.23
Depth first growth        RMSE: 2.45    #trees used: 41/50
Best-leaf first growth    RMSE: 3.23    #trees used: 4/50
3-nodes trees growth      RMSE: 2.39    #trees used: 42/50
---------
Mean                      RMSE: 3.14
Depth first growth        RMSE: 2.33    #trees used: 37/50
Best-leaf first growth    RMSE: 3.14    #trees used: 7/50
3-nodes trees growth      RMSE: 2.36    #trees used: 43/50
---------
Mean                      RMSE: 3.21
Depth first growth        RMSE: 2.44    #trees used: 36/50
Best-leaf first growth    RMSE: 3.21    #trees used: 5/50
3-nodes trees growth      RMSE: 2.51    #trees used: 42/50
---------
Mean                      RMSE: 3.25
Depth first growth        RMSE: 2.47    #trees used: 44/50
Best-leaf first growth    RMSE: 3.25    #trees used: 11/50
3-nodes trees growth      RMSE: 2.51    #trees used: 41/50
---------
Mean                      RMSE: 3.10
Depth first growth        RMSE: 2.30    #trees used: 41/50
Best-leaf first growth    RMSE: 3.10    #trees used: 3/50
3-nodes trees growth      RMSE: 2.38    #trees used: 36/50
---------
