Abalone, 1 ensemble with 50 trees, privacy budget = 8
Using all 4100 samples, (0.75,0.25) train-test-split
learning_rate=0.1

Mean                      RMSE: 3.17
Depth first growth        RMSE: 2.25    #trees used: 35/50
Best-leaf first growth    RMSE: 3.18    #trees used: 5/50
3-nodes trees growth      RMSE: 2.25    #trees used: 37/50
---------
Mean                      RMSE: 3.22
Depth first growth        RMSE: 2.32    #trees used: 36/50
Best-leaf first growth    RMSE: 3.22    #trees used: 4/50
3-nodes trees growth      RMSE: 2.34    #trees used: 34/50
---------
Mean                      RMSE: 3.21
Depth first growth        RMSE: 2.28    #trees used: 34/50
Best-leaf first growth    RMSE: 3.21    #trees used: 5/50
3-nodes trees growth      RMSE: 2.36    #trees used: 36/50
---------
Mean                      RMSE: 3.27
Depth first growth        RMSE: 2.33    #trees used: 31/50
Best-leaf first growth    RMSE: 3.27    #trees used: 5/50
3-nodes trees growth      RMSE: 2.35    #trees used: 40/50
---------
Mean                      RMSE: 3.14
Depth first growth        RMSE: 2.24    #trees used: 36/50
Best-leaf first growth    RMSE: 3.14    #trees used: 6/50
3-nodes trees growth      RMSE: 2.20    #trees used: 35/50
---------
Mean                      RMSE: 3.14
Depth first growth        RMSE: 2.20    #trees used: 31/50
Best-leaf first growth    RMSE: 3.14    #trees used: 5/50
3-nodes trees growth      RMSE: 2.21    #trees used: 37/50
---------
Mean                      RMSE: 3.36
Depth first growth        RMSE: 2.44    #trees used: 33/50
Best-leaf first growth    RMSE: 3.36    #trees used: 3/50
3-nodes trees growth      RMSE: 2.48    #trees used: 37/50
---------
Mean                      RMSE: 3.35
Depth first growth        RMSE: 2.51    #trees used: 33/50
Best-leaf first growth    RMSE: 3.35    #trees used: 6/50
3-nodes trees growth      RMSE: 2.55    #trees used: 41/50
---------
Mean                      RMSE: 3.33
Depth first growth        RMSE: 2.30    #trees used: 33/50
Best-leaf first growth    RMSE: 3.33    #trees used: 7/50
3-nodes trees growth      RMSE: 2.34    #trees used: 40/50
---------
Mean                      RMSE: 3.14
Depth first growth        RMSE: 2.16    #trees used: 35/50
Best-leaf first growth    RMSE: 3.14    #trees used: 3/50
3-nodes trees growth      RMSE: 2.22    #trees used: 37/50
---------
