Abalone, 1 ensemble with 50 trees, privacy budget = 0.1
Using all 4177 samples, (0.75,0.25) train-test-split
learning_rate=0.1, balanced_trees (same #samples per tree)

Mean                      RMSE: 3.09
Depth first growth        RMSE: 15.71    #trees used: 50/50
Best-leaf first growth    RMSE: 16.31    #trees used: 50/50
3-nodes trees growth      RMSE: 10.38    #trees used: 50/50
--------(0/9)
Mean                      RMSE: 3.22
Depth first growth        RMSE: 13.75    #trees used: 50/50
Best-leaf first growth    RMSE: 8.44    #trees used: 50/50
3-nodes trees growth      RMSE: 13.96    #trees used: 50/50
--------(1/9)
Mean                      RMSE: 3.32
Depth first growth        RMSE: 9.79    #trees used: 50/50
Best-leaf first growth    RMSE: 11.26    #trees used: 50/50
3-nodes trees growth      RMSE: 11.24    #trees used: 50/50
--------(2/9)
Mean                      RMSE: 3.27
Depth first growth        RMSE: 9.32    #trees used: 50/50
Best-leaf first growth    RMSE: 9.21    #trees used: 50/50
3-nodes trees growth      RMSE: 16.03    #trees used: 50/50
--------(3/9)
Mean                      RMSE: 3.20
Depth first growth        RMSE: 13.13    #trees used: 50/50
Best-leaf first growth    RMSE: 4.36    #trees used: 50/50
3-nodes trees growth      RMSE: 15.40    #trees used: 50/50
--------(4/9)
Mean                      RMSE: 3.27
Depth first growth        RMSE: 12.40    #trees used: 50/50
Best-leaf first growth    RMSE: 3.33    #trees used: 50/50
3-nodes trees growth      RMSE: 12.79    #trees used: 50/50
--------(5/9)
Mean                      RMSE: 3.17
Depth first growth        RMSE: 11.49    #trees used: 50/50
Best-leaf first growth    RMSE: 5.95    #trees used: 50/50
3-nodes trees growth      RMSE: 11.47    #trees used: 50/50
--------(6/9)
Mean                      RMSE: 3.20
Depth first growth        RMSE: 14.56    #trees used: 50/50
Best-leaf first growth    RMSE: 4.53    #trees used: 50/50
3-nodes trees growth      RMSE: 10.70    #trees used: 50/50
--------(7/9)
Mean                      RMSE: 3.24
Depth first growth        RMSE: 10.00    #trees used: 50/50
Best-leaf first growth    RMSE: 7.72    #trees used: 50/50
3-nodes trees growth      RMSE: 10.68    #trees used: 50/50
--------(8/9)
Mean                      RMSE: 3.17
Depth first growth        RMSE: 11.59    #trees used: 50/50
Best-leaf first growth    RMSE: 14.89    #trees used: 50/50
3-nodes trees growth      RMSE: 11.64    #trees used: 50/50
--------(9/9)

===== Average =====

RMSEs: [3.21, 12.17, 8.6, 12.43]   #trees: [50, 50, 50]/50