======================= tree 0
Attr1 < 0.470
:  Attr3 < 0.055
:  :  Attr1 < 0.255 (L-leaf)
:  :  Attr1 >= 0.255 (R-leaf)
:  Attr3 >= 0.055
:  :  Attr3 < 0.095
:  :  :  Attr7 < 0.021
:  :  :  :  Attr1 < 0.255 (L-leaf)
:  :  :  :  Attr1 >= 0.255 (R-leaf)
:  :  :  Attr7 >= 0.021
:  :  :  :  Attr1 < 0.280
:  :  :  :  :  Attr1 < 0.265 (L-leaf)
:  :  :  :  :  Attr1 >= 0.265 (R-leaf)
:  :  :  :  Attr1 >= 0.280
:  :  :  :  :  Attr4 < 0.162 (L-leaf)
:  :  :  :  :  Attr4 >= 0.162 (R-leaf)
:  :  Attr3 >= 0.095 (R-leaf)
Attr1 >= 0.470
:  Attr4 < 2.080
:  :  Attr7 < 0.330
:  :  :  Attr3 < 0.175
:  :  :  :  Attr3 < 0.160
:  :  :  :  :  Attr1 < 0.540 (L-leaf)
:  :  :  :  :  Attr1 >= 0.540 (R-leaf)
:  :  :  :  Attr3 >= 0.160
:  :  :  :  :  Attr6 < 0.244 (L-leaf)
:  :  :  :  :  Attr6 >= 0.244 (R-leaf)
:  :  :  Attr3 >= 0.175 (R-leaf)
:  :  Attr7 >= 0.330
:  :  :  Attr6 < 0.228
:  :  :  :  Attr1 < 0.660
:  :  :  :  :  Attr0 = 1 (L-leaf)
:  :  :  :  :  Attr0 != 1 (R-leaf)
:  :  :  :  Attr1 >= 0.660 (R-leaf)
:  :  :  Attr6 >= 0.228
:  :  :  :  Attr5 < 0.498 (L-leaf)
:  :  :  :  Attr5 >= 0.498
:  :  :  :  :  Attr4 < 1.668 (L-leaf)
:  :  :  :  :  Attr4 >= 1.668 (R-leaf)
:  Attr4 >= 2.080
:  :  Attr1 < 0.730 (L-leaf)
:  :  Attr1 >= 0.730 (R-leaf)
======================= tree 1
Attr4 < 0.400
:  Attr5 < 0.058 (L-leaf)
:  Attr5 >= 0.058
:  :  Attr4 < 0.183
:  :  :  Attr5 < 0.062 (L-leaf)
:  :  :  Attr5 >= 0.062
:  :  :  :  Attr1 < 0.320 (L-leaf)
:  :  :  :  Attr1 >= 0.320
:  :  :  :  :  Attr1 < 0.340 (L-leaf)
:  :  :  :  :  Attr1 >= 0.340 (R-leaf)
:  :  Attr4 >= 0.183
:  :  :  Attr5 < 0.163
:  :  :  :  Attr4 < 0.350
:  :  :  :  :  Attr4 < 0.187 (L-leaf)
:  :  :  :  :  Attr4 >= 0.187 (R-leaf)
:  :  :  :  Attr4 >= 0.350
:  :  :  :  :  Attr1 < 0.430 (L-leaf)
:  :  :  :  :  Attr1 >= 0.430 (R-leaf)
:  :  :  Attr5 >= 0.163
:  :  :  :  Attr3 < 0.115
:  :  :  :  :  Attr1 < 0.415 (L-leaf)
:  :  :  :  :  Attr1 >= 0.415 (R-leaf)
:  :  :  :  Attr3 >= 0.115
:  :  :  :  :  Attr1 < 0.435 (L-leaf)
:  :  :  :  :  Attr1 >= 0.435 (R-leaf)
Attr4 >= 0.400
:  Attr1 < 0.505
:  :  Attr4 < 0.660
:  :  :  Attr0 = 2
:  :  :  :  Attr6 < 0.095 (L-leaf)
:  :  :  :  Attr6 >= 0.095
:  :  :  :  :  Attr1 < 0.485 (L-leaf)
:  :  :  :  :  Attr1 >= 0.485 (R-leaf)
:  :  :  Attr0 != 2
:  :  :  :  Attr3 < 0.130
:  :  :  :  :  Attr7 < 0.150 (L-leaf)
:  :  :  :  :  Attr7 >= 0.150 (R-leaf)
:  :  :  :  Attr3 >= 0.130
:  :  :  :  :  Attr2 < 0.395 (L-leaf)
:  :  :  :  :  Attr2 >= 0.395 (R-leaf)
:  :  Attr4 >= 0.660
:  :  :  Attr2 < 0.400
:  :  :  :  Attr1 < 0.500 (L-leaf)
:  :  :  :  Attr1 >= 0.500 (R-leaf)
:  :  :  Attr2 >= 0.400 (R-leaf)
:  Attr1 >= 0.505
:  :  Attr0 = 3
:  :  :  Attr1 < 0.510
:  :  :  :  Attr2 < 0.390 (L-leaf)
:  :  :  :  Attr2 >= 0.390 (R-leaf)
:  :  :  Attr1 >= 0.510
:  :  :  :  Attr2 < 0.405 (L-leaf)
:  :  :  :  Attr2 >= 0.405 (R-leaf)
:  :  Attr0 != 3
:  :  :  Attr1 < 0.510
:  :  :  :  Attr0 = 2 (L-leaf)
:  :  :  :  Attr0 != 2 (R-leaf)
:  :  :  Attr1 >= 0.510 (R-leaf)
======================= tree 2
Attr1 < 0.595
:  Attr4 < 1.133
:  :  Attr4 < 0.716
:  :  :  Attr1 < 0.515 (L-leaf)
:  :  :  Attr1 >= 0.515
:  :  :  :  Attr0 = 1
:  :  :  :  :  Attr1 < 0.530 (L-leaf)
:  :  :  :  :  Attr1 >= 0.530 (R-leaf)
:  :  :  :  Attr0 != 1 (R-leaf)
:  :  Attr4 >= 0.716
:  :  :  Attr6 < 0.160 (L-leaf)
:  :  :  Attr6 >= 0.160
:  :  :  :  Attr4 < 1.115
:  :  :  :  :  Attr7 < 0.283 (L-leaf)
:  :  :  :  :  Attr7 >= 0.283 (R-leaf)
:  :  :  :  Attr4 >= 1.115 (R-leaf)
:  Attr4 >= 1.133
:  :  Attr6 < 0.262
:  :  :  Attr1 < 0.580
:  :  :  :  Attr4 < 1.195 (L-leaf)
:  :  :  :  Attr4 >= 1.195 (R-leaf)
:  :  :  Attr1 >= 0.580
:  :  :  :  Attr2 < 0.490
:  :  :  :  :  Attr0 = 2 (L-leaf)
:  :  :  :  :  Attr0 != 2 (R-leaf)
:  :  :  :  Attr2 >= 0.490 (R-leaf)
:  :  Attr6 >= 0.262 (R-leaf)
Attr1 >= 0.595
:  Attr5 < 0.586
:  :  Attr5 < 0.465 (L-leaf)
:  :  Attr5 >= 0.465
:  :  :  Attr5 < 0.585
:  :  :  :  Attr1 < 0.610
:  :  :  :  :  Attr2 < 0.460 (L-leaf)
:  :  :  :  :  Attr2 >= 0.460 (R-leaf)
:  :  :  :  Attr1 >= 0.610
:  :  :  :  :  Attr7 < 0.315 (L-leaf)
:  :  :  :  :  Attr7 >= 0.315 (R-leaf)
:  :  :  Attr5 >= 0.585 (R-leaf)
:  Attr5 >= 0.586
:  :  Attr6 < 0.356
:  :  :  Attr5 < 0.614
:  :  :  :  Attr2 < 0.510
:  :  :  :  :  Attr1 < 0.605 (L-leaf)
:  :  :  :  :  Attr1 >= 0.605 (R-leaf)
:  :  :  :  Attr2 >= 0.510 (R-leaf)
:  :  :  Attr5 >= 0.614
:  :  :  :  Attr3 < 0.170
:  :  :  :  :  Attr6 < 0.275 (L-leaf)
:  :  :  :  :  Attr6 >= 0.275 (R-leaf)
:  :  :  :  Attr3 >= 0.170
:  :  :  :  :  Attr2 < 0.525 (L-leaf)
:  :  :  :  :  Attr2 >= 0.525 (R-leaf)
:  :  Attr6 >= 0.356 (R-leaf)
======================= tree 3
Attr4 < 1.494
:  Attr1 < 0.265
:  :  Attr1 < 0.250
:  :  :  Attr1 < 0.225
:  :  :  :  Attr1 < 0.195 (L-leaf)
:  :  :  :  Attr1 >= 0.195
:  :  :  :  :  Attr1 < 0.200 (L-leaf)
:  :  :  :  :  Attr1 >= 0.200 (R-leaf)
:  :  :  Attr1 >= 0.225
:  :  :  :  Attr1 < 0.245 (L-leaf)
:  :  :  :  Attr1 >= 0.245 (R-leaf)
:  :  Attr1 >= 0.250 (R-leaf)
:  Attr1 >= 0.265
:  :  Attr1 < 0.385
:  :  :  Attr3 < 0.065
:  :  :  :  Attr1 < 0.315 (L-leaf)
:  :  :  :  Attr1 >= 0.315 (R-leaf)
:  :  :  Attr3 >= 0.065
:  :  :  :  Attr5 < 0.054
:  :  :  :  :  Attr1 < 0.285 (L-leaf)
:  :  :  :  :  Attr1 >= 0.285 (R-leaf)
:  :  :  :  Attr5 >= 0.054
:  :  :  :  :  Attr6 < 0.047 (L-leaf)
:  :  :  :  :  Attr6 >= 0.047 (R-leaf)
:  :  Attr1 >= 0.385
:  :  :  Attr6 < 0.099
:  :  :  :  Attr2 < 0.335
:  :  :  :  :  Attr2 < 0.310 (L-leaf)
:  :  :  :  :  Attr2 >= 0.310 (R-leaf)
:  :  :  :  Attr2 >= 0.335
:  :  :  :  :  Attr2 < 0.365 (L-leaf)
:  :  :  :  :  Attr2 >= 0.365 (R-leaf)
:  :  :  Attr6 >= 0.099
:  :  :  :  Attr0 = 2 (L-leaf)
:  :  :  :  Attr0 != 2
:  :  :  :  :  Attr6 < 0.108 (L-leaf)
:  :  :  :  :  Attr6 >= 0.108 (R-leaf)
Attr4 >= 1.494
:  Attr3 < 0.180
:  :  Attr5 < 0.689 (L-leaf)
:  :  Attr5 >= 0.689
:  :  :  Attr1 < 0.695
:  :  :  :  Attr0 = 2
:  :  :  :  :  Attr2 < 0.510 (L-leaf)
:  :  :  :  :  Attr2 >= 0.510 (R-leaf)
:  :  :  :  Attr0 != 2 (R-leaf)
:  :  :  Attr1 >= 0.695
:  :  :  :  Attr0 = 2 (L-leaf)
:  :  :  :  Attr0 != 2 (R-leaf)
:  Attr3 >= 0.180
:  :  Attr6 < 0.303
:  :  :  Attr0 = 1 (L-leaf)
:  :  :  Attr0 != 1 (R-leaf)
:  :  Attr6 >= 0.303
:  :  :  Attr2 < 0.525
:  :  :  :  Attr0 = 2 (L-leaf)
:  :  :  :  Attr0 != 2
:  :  :  :  :  Attr1 < 0.690 (L-leaf)
:  :  :  :  :  Attr1 >= 0.690 (R-leaf)
:  :  :  Attr2 >= 0.525
:  :  :  :  Attr5 < 1.012
:  :  :  :  :  Attr2 < 0.535 (L-leaf)
:  :  :  :  :  Attr2 >= 0.535 (R-leaf)
:  :  :  :  Attr5 >= 1.012
:  :  :  :  :  Attr0 = 1 (L-leaf)
:  :  :  :  :  Attr0 != 1 (R-leaf)
======================= tree 4
Attr7 < 0.150
:  Attr0 = 3
:  :  Attr1 < 0.525 (L-leaf)
:  :  Attr1 >= 0.525 (R-leaf)
:  Attr0 != 3
:  :  Attr5 < 0.249 (L-leaf)
:  :  Attr5 >= 0.249
:  :  :  Attr0 = 1 (L-leaf)
:  :  :  Attr0 != 1 (R-leaf)
Attr7 >= 0.150
:  Attr3 < 0.165
:  :  Attr5 < 0.317
:  :  :  Attr1 < 0.540
:  :  :  :  Attr4 < 0.542
:  :  :  :  :  Attr1 < 0.520 (L-leaf)
:  :  :  :  :  Attr1 >= 0.520 (R-leaf)
:  :  :  :  Attr4 >= 0.542
:  :  :  :  :  Attr5 < 0.279 (L-leaf)
:  :  :  :  :  Attr5 >= 0.279 (R-leaf)
:  :  :  Attr1 >= 0.540
:  :  :  :  Attr1 < 0.575 (L-leaf)
:  :  :  :  Attr1 >= 0.575 (R-leaf)
:  :  Attr5 >= 0.317
:  :  :  Attr7 < 0.185
:  :  :  :  Attr0 = 1 (L-leaf)
:  :  :  :  Attr0 != 1
:  :  :  :  :  Attr2 < 0.400 (L-leaf)
:  :  :  :  :  Attr2 >= 0.400 (R-leaf)
:  :  :  Attr7 >= 0.185
:  :  :  :  Attr6 < 0.240
:  :  :  :  :  Attr6 < 0.229 (L-leaf)
:  :  :  :  :  Attr6 >= 0.229 (R-leaf)
:  :  :  :  Attr6 >= 0.240
:  :  :  :  :  Attr6 < 0.262 (L-leaf)
:  :  :  :  :  Attr6 >= 0.262 (R-leaf)
:  Attr3 >= 0.165
:  :  Attr4 < 1.191
:  :  :  Attr2 < 0.480
:  :  :  :  Attr1 < 0.615
:  :  :  :  :  Attr6 < 0.220 (L-leaf)
:  :  :  :  :  Attr6 >= 0.220 (R-leaf)
:  :  :  :  Attr1 >= 0.615 (R-leaf)
:  :  :  Attr2 >= 0.480 (R-leaf)
:  :  Attr4 >= 1.191
:  :  :  Attr1 < 0.600 (L-leaf)
:  :  :  Attr1 >= 0.600 (R-leaf)
======================= tree 5
Attr7 < 0.289
:  Attr6 < 0.038
:  :  Attr3 < 0.090
:  :  :  Attr7 < 0.065
:  :  :  :  Attr5 < 0.435
:  :  :  :  :  Attr4 < 0.200 (L-leaf)
:  :  :  :  :  Attr4 >= 0.200 (R-leaf)
:  :  :  :  Attr5 >= 0.435 (R-leaf)
:  :  :  Attr7 >= 0.065
:  :  :  :  Attr1 < 0.350 (L-leaf)
:  :  :  :  Attr1 >= 0.350 (R-leaf)
:  :  Attr3 >= 0.090
:  :  :  Attr1 < 0.350
:  :  :  :  Attr1 < 0.340
:  :  :  :  :  Attr1 < 0.330 (L-leaf)
:  :  :  :  :  Attr1 >= 0.330 (R-leaf)
:  :  :  :  Attr1 >= 0.340
:  :  :  :  :  Attr1 < 0.345 (L-leaf)
:  :  :  :  :  Attr1 >= 0.345 (R-leaf)
:  :  :  Attr1 >= 0.350 (R-leaf)
:  Attr6 >= 0.038
:  :  Attr0 = 2
:  :  :  Attr1 < 0.620 (L-leaf)
:  :  :  Attr1 >= 0.620 (R-leaf)
:  :  Attr0 != 2
:  :  :  Attr1 < 0.330 (L-leaf)
:  :  :  Attr1 >= 0.330
:  :  :  :  Attr4 < 0.196 (L-leaf)
:  :  :  :  Attr4 >= 0.196
:  :  :  :  :  Attr1 < 0.720 (L-leaf)
:  :  :  :  :  Attr1 >= 0.720 (R-leaf)
Attr7 >= 0.289
:  Attr6 < 0.366
:  :  Attr1 < 0.665
:  :  :  Attr4 < 1.375
:  :  :  :  Attr1 < 0.650
:  :  :  :  :  Attr3 < 0.165 (L-leaf)
:  :  :  :  :  Attr3 >= 0.165 (R-leaf)
:  :  :  :  Attr1 >= 0.650
:  :  :  :  :  Attr0 = 1 (L-leaf)
:  :  :  :  :  Attr0 != 1 (R-leaf)
:  :  :  Attr4 >= 1.375
:  :  :  :  Attr0 = 2
:  :  :  :  :  Attr1 < 0.650 (L-leaf)
:  :  :  :  :  Attr1 >= 0.650 (R-leaf)
:  :  :  :  Attr0 != 2 (R-leaf)
:  :  Attr1 >= 0.665
:  :  :  Attr1 < 0.705
:  :  :  :  Attr5 < 0.629
:  :  :  :  :  Attr1 < 0.690 (L-leaf)
:  :  :  :  :  Attr1 >= 0.690 (R-leaf)
:  :  :  :  Attr5 >= 0.629
:  :  :  :  :  Attr0 = 1 (L-leaf)
:  :  :  :  :  Attr0 != 1 (R-leaf)
:  :  :  Attr1 >= 0.705
:  :  :  :  Attr0 = 2 (L-leaf)
:  :  :  :  Attr0 != 2 (R-leaf)
:  Attr6 >= 0.366
:  :  Attr6 < 0.368 (L-leaf)
:  :  Attr6 >= 0.368
:  :  :  Attr6 < 0.469
:  :  :  :  Attr5 < 0.931
:  :  :  :  :  Attr7 < 0.400 (L-leaf)
:  :  :  :  :  Attr7 >= 0.400 (R-leaf)
:  :  :  :  Attr5 >= 0.931
:  :  :  :  :  Attr1 < 0.715 (L-leaf)
:  :  :  :  :  Attr1 >= 0.715 (R-leaf)
:  :  :  Attr6 >= 0.469
:  :  :  :  Attr1 < 0.735
:  :  :  :  :  Attr2 < 0.580 (L-leaf)
:  :  :  :  :  Attr2 >= 0.580 (R-leaf)
:  :  :  :  Attr1 >= 0.735
:  :  :  :  :  Attr0 = 1 (L-leaf)
:  :  :  :  :  Attr0 != 1 (R-leaf)
======================= tree 6
Attr6 < 0.073
:  Attr3 < 0.085
:  :  Attr1 < 0.380 (L-leaf)
:  :  Attr1 >= 0.380 (R-leaf)
:  Attr3 >= 0.085
:  :  Attr7 < 0.067
:  :  :  Attr1 < 0.375 (L-leaf)
:  :  :  Attr1 >= 0.375
:  :  :  :  Attr1 < 0.385 (L-leaf)
:  :  :  :  Attr1 >= 0.385 (R-leaf)
:  :  Attr7 >= 0.067
:  :  :  Attr7 < 0.075
:  :  :  :  Attr7 < 0.075
:  :  :  :  :  Attr4 < 0.218 (L-leaf)
:  :  :  :  :  Attr4 >= 0.218 (R-leaf)
:  :  :  :  Attr7 >= 0.075 (R-leaf)
:  :  :  Attr7 >= 0.075
:  :  :  :  Attr7 < 0.085
:  :  :  :  :  Attr6 < 0.065 (L-leaf)
:  :  :  :  :  Attr6 >= 0.065 (R-leaf)
:  :  :  :  Attr7 >= 0.085
:  :  :  :  :  Attr4 < 0.306 (L-leaf)
:  :  :  :  :  Attr4 >= 0.306 (R-leaf)
Attr6 >= 0.073
:  Attr7 < 0.205
:  :  Attr4 < 0.370 (L-leaf)
:  :  Attr4 >= 0.370
:  :  :  Attr1 < 0.520
:  :  :  :  Attr3 < 0.135
:  :  :  :  :  Attr6 < 0.116 (L-leaf)
:  :  :  :  :  Attr6 >= 0.116 (R-leaf)
:  :  :  :  Attr3 >= 0.135
:  :  :  :  :  Attr1 < 0.500 (L-leaf)
:  :  :  :  :  Attr1 >= 0.500 (R-leaf)
:  :  :  Attr1 >= 0.520
:  :  :  :  Attr4 < 0.663 (L-leaf)
:  :  :  :  Attr4 >= 0.663
:  :  :  :  :  Attr0 = 3 (L-leaf)
:  :  :  :  :  Attr0 != 3 (R-leaf)
:  Attr7 >= 0.205
:  :  Attr0 = 1 (L-leaf)
:  :  Attr0 != 1 (R-leaf)
======================= tree 7
Attr4 < 0.871
:  Attr7 < 0.225
:  :  Attr4 < 0.744
:  :  :  Attr6 < 0.121 (L-leaf)
:  :  :  Attr6 >= 0.121
:  :  :  :  Attr4 < 0.651
:  :  :  :  :  Attr1 < 0.535 (L-leaf)
:  :  :  :  :  Attr1 >= 0.535 (R-leaf)
:  :  :  :  Attr4 >= 0.651
:  :  :  :  :  Attr0 = 3 (L-leaf)
:  :  :  :  :  Attr0 != 3 (R-leaf)
:  :  Attr4 >= 0.744
:  :  :  Attr7 < 0.207
:  :  :  :  Attr2 < 0.420 (L-leaf)
:  :  :  :  Attr2 >= 0.420
:  :  :  :  :  Attr1 < 0.570 (L-leaf)
:  :  :  :  :  Attr1 >= 0.570 (R-leaf)
:  :  :  Attr7 >= 0.207
:  :  :  :  Attr7 < 0.223
:  :  :  :  :  Attr3 < 0.150 (L-leaf)
:  :  :  :  :  Attr3 >= 0.150 (R-leaf)
:  :  :  :  Attr7 >= 0.223 (R-leaf)
:  Attr7 >= 0.225
:  :  Attr5 < 0.336
:  :  :  Attr7 < 0.233
:  :  :  :  Attr1 < 0.590 (L-leaf)
:  :  :  :  Attr1 >= 0.590 (R-leaf)
:  :  :  Attr7 >= 0.233
:  :  :  :  Attr2 < 0.435
:  :  :  :  :  Attr1 < 0.555 (L-leaf)
:  :  :  :  :  Attr1 >= 0.555 (R-leaf)
:  :  :  :  Attr2 >= 0.435 (R-leaf)
:  :  Attr5 >= 0.336
:  :  :  Attr1 < 0.565
:  :  :  :  Attr1 < 0.555
:  :  :  :  :  Attr1 < 0.545 (L-leaf)
:  :  :  :  :  Attr1 >= 0.545 (R-leaf)
:  :  :  :  Attr1 >= 0.555
:  :  :  :  :  Attr0 = 1 (L-leaf)
:  :  :  :  :  Attr0 != 1 (R-leaf)
:  :  :  Attr1 >= 0.565
:  :  :  :  Attr6 < 0.169
:  :  :  :  :  Attr0 = 3 (L-leaf)
:  :  :  :  :  Attr0 != 3 (R-leaf)
:  :  :  :  Attr6 >= 0.169
:  :  :  :  :  Attr0 = 2 (L-leaf)
:  :  :  :  :  Attr0 != 2 (R-leaf)
Attr4 >= 0.871
:  Attr1 < 0.595
:  :  Attr3 < 0.150
:  :  :  Attr0 = 1 (L-leaf)
:  :  :  Attr0 != 1
:  :  :  :  Attr0 = 3 (L-leaf)
:  :  :  :  Attr0 != 3 (R-leaf)
:  :  Attr3 >= 0.150
:  :  :  Attr7 < 0.306
:  :  :  :  Attr3 < 0.160
:  :  :  :  :  Attr6 < 0.191 (L-leaf)
:  :  :  :  :  Attr6 >= 0.191 (R-leaf)
:  :  :  :  Attr3 >= 0.160
:  :  :  :  :  Attr2 < 0.470 (L-leaf)
:  :  :  :  :  Attr2 >= 0.470 (R-leaf)
:  :  :  Attr7 >= 0.306
:  :  :  :  Attr2 < 0.490
:  :  :  :  :  Attr0 = 2 (L-leaf)
:  :  :  :  :  Attr0 != 2 (R-leaf)
:  :  :  :  Attr2 >= 0.490 (R-leaf)
:  Attr1 >= 0.595
:  :  Attr3 < 0.175
:  :  :  Attr3 < 0.155
:  :  :  :  Attr0 = 3
:  :  :  :  :  Attr1 < 0.605 (L-leaf)
:  :  :  :  :  Attr1 >= 0.605 (R-leaf)
:  :  :  :  Attr0 != 3
:  :  :  :  :  Attr0 = 2 (L-leaf)
:  :  :  :  :  Attr0 != 2 (R-leaf)
:  :  :  Attr3 >= 0.155
:  :  :  :  Attr3 < 0.170
:  :  :  :  :  Attr1 < 0.605 (L-leaf)
:  :  :  :  :  Attr1 >= 0.605 (R-leaf)
:  :  :  :  Attr3 >= 0.170 (R-leaf)
:  :  Attr3 >= 0.175 (R-leaf)
======================= tree 8
Attr1 < 0.610 (L-leaf)
Attr1 >= 0.610
:  Attr3 < 0.230
:  :  Attr5 < 0.484
:  :  :  Attr6 < 0.319
:  :  :  :  Attr0 = 3 (L-leaf)
:  :  :  :  Attr0 != 3
:  :  :  :  :  Attr7 < 0.330 (L-leaf)
:  :  :  :  :  Attr7 >= 0.330 (R-leaf)
:  :  :  Attr6 >= 0.319 (R-leaf)
:  :  Attr5 >= 0.484
:  :  :  Attr1 < 0.745
:  :  :  :  Attr2 < 0.535
:  :  :  :  :  Attr6 < 0.264 (L-leaf)
:  :  :  :  :  Attr6 >= 0.264 (R-leaf)
:  :  :  :  Attr2 >= 0.535
:  :  :  :  :  Attr3 < 0.190 (L-leaf)
:  :  :  :  :  Attr3 >= 0.190 (R-leaf)
:  :  :  Attr1 >= 0.745 (R-leaf)
:  Attr3 >= 0.230
:  :  Attr3 < 0.515
:  :  :  Attr0 = 1 (L-leaf)
:  :  :  Attr0 != 1
:  :  :  :  Attr1 < 0.815 (L-leaf)
:  :  :  :  Attr1 >= 0.815 (R-leaf)
:  :  Attr3 >= 0.515 (R-leaf)
======================= tree 9
Attr5 < 0.178
:  Attr3 < 0.135
:  :  Attr7 < 0.080
:  :  :  Attr3 < 0.095
:  :  :  :  Attr1 < 0.365 (L-leaf)
:  :  :  :  Attr1 >= 0.365
:  :  :  :  :  Attr1 < 0.385 (L-leaf)
:  :  :  :  :  Attr1 >= 0.385 (R-leaf)
:  :  :  Attr3 >= 0.095
:  :  :  :  Attr1 < 0.410 (L-leaf)
:  :  :  :  Attr1 >= 0.410 (R-leaf)
:  :  Attr7 >= 0.080
:  :  :  Attr1 < 0.440
:  :  :  :  Attr1 < 0.405 (L-leaf)
:  :  :  :  Attr1 >= 0.405
:  :  :  :  :  Attr2 < 0.300 (L-leaf)
:  :  :  :  :  Attr2 >= 0.300 (R-leaf)
:  :  :  Attr1 >= 0.440
:  :  :  :  Attr1 < 0.470 (L-leaf)
:  :  :  :  Attr1 >= 0.470 (R-leaf)
:  Attr3 >= 0.135 (R-leaf)
Attr5 >= 0.178
:  Attr2 < 0.485
:  :  Attr0 = 3
:  :  :  Attr3 < 0.140
:  :  :  :  Attr5 < 0.187 (L-leaf)
:  :  :  :  Attr5 >= 0.187
:  :  :  :  :  Attr2 < 0.355 (L-leaf)
:  :  :  :  :  Attr2 >= 0.355 (R-leaf)
:  :  :  Attr3 >= 0.140 (R-leaf)
:  :  Attr0 != 3
:  :  :  Attr1 < 0.440 (L-leaf)
:  :  :  Attr1 >= 0.440
:  :  :  :  Attr4 < 0.553
:  :  :  :  :  Attr1 < 0.450 (L-leaf)
:  :  :  :  :  Attr1 >= 0.450 (R-leaf)
:  :  :  :  Attr4 >= 0.553
:  :  :  :  :  Attr1 < 0.620 (L-leaf)
:  :  :  :  :  Attr1 >= 0.620 (R-leaf)
:  Attr2 >= 0.485
:  :  Attr4 < 1.201
:  :  :  Attr0 = 2
:  :  :  :  Attr1 < 0.610 (L-leaf)
:  :  :  :  Attr1 >= 0.610 (R-leaf)
:  :  :  Attr0 != 2 (R-leaf)
:  :  Attr4 >= 1.201
:  :  :  Attr2 < 0.515 (L-leaf)
:  :  :  Attr2 >= 0.515 (R-leaf)
======================= tree 10
Attr5 < 0.550
:  Attr6 < 0.047
:  :  Attr1 < 0.295
:  :  :  Attr1 < 0.285 (L-leaf)
:  :  :  Attr1 >= 0.285 (R-leaf)
:  :  Attr1 >= 0.295
:  :  :  Attr1 < 0.355
:  :  :  :  Attr1 < 0.335
:  :  :  :  :  Attr1 < 0.305 (L-leaf)
:  :  :  :  :  Attr1 >= 0.305 (R-leaf)
:  :  :  :  Attr1 >= 0.335
:  :  :  :  :  Attr1 < 0.350 (L-leaf)
:  :  :  :  :  Attr1 >= 0.350 (R-leaf)
:  :  :  Attr1 >= 0.355
:  :  :  :  Attr1 < 0.370
:  :  :  :  :  Attr1 < 0.360 (L-leaf)
:  :  :  :  :  Attr1 >= 0.360 (R-leaf)
:  :  :  :  Attr1 >= 0.370
:  :  :  :  :  Attr1 < 0.380 (L-leaf)
:  :  :  :  :  Attr1 >= 0.380 (R-leaf)
:  Attr6 >= 0.047
:  :  Attr6 < 0.324
:  :  :  Attr6 < 0.058
:  :  :  :  Attr6 < 0.056
:  :  :  :  :  Attr4 < 0.236 (L-leaf)
:  :  :  :  :  Attr4 >= 0.236 (R-leaf)
:  :  :  :  Attr6 >= 0.056
:  :  :  :  :  Attr4 < 0.308 (L-leaf)
:  :  :  :  :  Attr4 >= 0.308 (R-leaf)
:  :  :  Attr6 >= 0.058
:  :  :  :  Attr4 < 1.175
:  :  :  :  :  Attr1 < 0.450 (L-leaf)
:  :  :  :  :  Attr1 >= 0.450 (R-leaf)
:  :  :  :  Attr4 >= 1.175
:  :  :  :  :  Attr1 < 0.650 (L-leaf)
:  :  :  :  :  Attr1 >= 0.650 (R-leaf)
:  :  Attr6 >= 0.324 (R-leaf)
Attr5 >= 0.550
:  Attr4 < 1.684
:  :  Attr3 < 0.160
:  :  :  Attr1 < 0.645 (L-leaf)
:  :  :  Attr1 >= 0.645 (R-leaf)
:  :  Attr3 >= 0.160
:  :  :  Attr6 < 0.326
:  :  :  :  Attr2 < 0.505
:  :  :  :  :  Attr1 < 0.650 (L-leaf)
:  :  :  :  :  Attr1 >= 0.650 (R-leaf)
:  :  :  :  Attr2 >= 0.505
:  :  :  :  :  Attr3 < 0.175 (L-leaf)
:  :  :  :  :  Attr3 >= 0.175 (R-leaf)
:  :  :  Attr6 >= 0.326
:  :  :  :  Attr1 < 0.645 (L-leaf)
:  :  :  :  Attr1 >= 0.645
:  :  :  :  :  Attr2 < 0.545 (L-leaf)
:  :  :  :  :  Attr2 >= 0.545 (R-leaf)
:  Attr4 >= 1.684
:  :  Attr6 < 0.427
:  :  :  Attr5 < 0.766
:  :  :  :  Attr0 = 2 (L-leaf)
:  :  :  :  Attr0 != 2 (R-leaf)
:  :  :  Attr5 >= 0.766
:  :  :  :  Attr7 < 0.461
:  :  :  :  :  Attr4 < 1.783 (L-leaf)
:  :  :  :  :  Attr4 >= 1.783 (R-leaf)
:  :  :  :  Attr7 >= 0.461
:  :  :  :  :  Attr0 = 2 (L-leaf)
:  :  :  :  :  Attr0 != 2 (R-leaf)
:  :  Attr6 >= 0.427 (R-leaf)
======================= tree 11
Attr4 < 0.816
:  Attr0 = 2
:  :  Attr1 < 0.570 (L-leaf)
:  :  Attr1 >= 0.570 (R-leaf)
:  Attr0 != 2
:  :  Attr5 < 0.339
:  :  :  Attr4 < 0.664
:  :  :  :  Attr5 < 0.245
:  :  :  :  :  Attr4 < 0.437 (L-leaf)
:  :  :  :  :  Attr4 >= 0.437 (R-leaf)
:  :  :  :  Attr5 >= 0.245
:  :  :  :  :  Attr6 < 0.160 (L-leaf)
:  :  :  :  :  Attr6 >= 0.160 (R-leaf)
:  :  :  Attr4 >= 0.664
:  :  :  :  Attr6 < 0.146 (L-leaf)
:  :  :  :  Attr6 >= 0.146
:  :  :  :  :  Attr1 < 0.565 (L-leaf)
:  :  :  :  :  Attr1 >= 0.565 (R-leaf)
:  :  Attr5 >= 0.339
:  :  :  Attr0 = 3
:  :  :  :  Attr5 < 0.358
:  :  :  :  :  Attr1 < 0.560 (L-leaf)
:  :  :  :  :  Attr1 >= 0.560 (R-leaf)
:  :  :  :  Attr5 >= 0.358
:  :  :  :  :  Attr1 < 0.555 (L-leaf)
:  :  :  :  :  Attr1 >= 0.555 (R-leaf)
:  :  :  Attr0 != 3 (R-leaf)
Attr4 >= 0.816
:  Attr3 < 0.140
:  :  Attr0 = 3
:  :  :  Attr1 < 0.550 (L-leaf)
:  :  :  Attr1 >= 0.550 (R-leaf)
:  :  Attr0 != 3 (R-leaf)
:  Attr3 >= 0.140
:  :  Attr2 < 0.445
:  :  :  Attr7 < 0.229 (L-leaf)
:  :  :  Attr7 >= 0.229
:  :  :  :  Attr0 = 1 (L-leaf)
:  :  :  :  Attr0 != 1
:  :  :  :  :  Attr3 < 0.170 (L-leaf)
:  :  :  :  :  Attr3 >= 0.170 (R-leaf)
:  :  Attr2 >= 0.445
:  :  :  Attr1 < 0.560
:  :  :  :  Attr0 = 1 (L-leaf)
:  :  :  :  Attr0 != 1 (R-leaf)
:  :  :  Attr1 >= 0.560 (R-leaf)
======================= tree 12
Attr5 < 0.483
:  Attr1 < 0.595
:  :  Attr3 < 0.150
:  :  :  Attr7 < 0.228 (L-leaf)
:  :  :  Attr7 >= 0.228
:  :  :  :  Attr3 < 0.130
:  :  :  :  :  Attr1 < 0.580 (L-leaf)
:  :  :  :  :  Attr1 >= 0.580 (R-leaf)
:  :  :  :  Attr3 >= 0.130
:  :  :  :  :  Attr7 < 0.265 (L-leaf)
:  :  :  :  :  Attr7 >= 0.265 (R-leaf)
:  :  Attr3 >= 0.150
:  :  :  Attr0 = 2
:  :  :  :  Attr2 < 0.465
:  :  :  :  :  Attr1 < 0.580 (L-leaf)
:  :  :  :  :  Attr1 >= 0.580 (R-leaf)
:  :  :  :  Attr2 >= 0.465 (R-leaf)
:  :  :  Attr0 != 2
:  :  :  :  Attr6 < 0.198
:  :  :  :  :  Attr0 = 3 (L-leaf)
:  :  :  :  :  Attr0 != 3 (R-leaf)
:  :  :  :  Attr6 >= 0.198
:  :  :  :  :  Attr1 < 0.580 (L-leaf)
:  :  :  :  :  Attr1 >= 0.580 (R-leaf)
:  Attr1 >= 0.595
:  :  Attr0 = 1
:  :  :  Attr7 < 0.270
:  :  :  :  Attr1 < 0.610
:  :  :  :  :  Attr3 < 0.145 (L-leaf)
:  :  :  :  :  Attr3 >= 0.145 (R-leaf)
:  :  :  :  Attr1 >= 0.610 (R-leaf)
:  :  :  Attr7 >= 0.270
:  :  :  :  Attr5 < 0.473
:  :  :  :  :  Attr1 < 0.605 (L-leaf)
:  :  :  :  :  Attr1 >= 0.605 (R-leaf)
:  :  :  :  Attr5 >= 0.473 (R-leaf)
:  :  Attr0 != 1
:  :  :  Attr4 < 1.064
:  :  :  :  Attr1 < 0.605
:  :  :  :  :  Attr1 < 0.600 (L-leaf)
:  :  :  :  :  Attr1 >= 0.600 (R-leaf)
:  :  :  :  Attr1 >= 0.605
:  :  :  :  :  Attr2 < 0.465 (L-leaf)
:  :  :  :  :  Attr2 >= 0.465 (R-leaf)
:  :  :  Attr4 >= 1.064
:  :  :  :  Attr0 = 2
:  :  :  :  :  Attr1 < 0.610 (L-leaf)
:  :  :  :  :  Attr1 >= 0.610 (R-leaf)
:  :  :  :  Attr0 != 2 (R-leaf)
Attr5 >= 0.483
:  Attr2 < 0.465 (L-leaf)
:  Attr2 >= 0.465
:  :  Attr1 < 0.620
:  :  :  Attr3 < 0.170
:  :  :  :  Attr4 < 1.194
:  :  :  :  :  Attr1 < 0.600 (L-leaf)
:  :  :  :  :  Attr1 >= 0.600 (R-leaf)
:  :  :  :  Attr4 >= 1.194
:  :  :  :  :  Attr0 = 1 (L-leaf)
:  :  :  :  :  Attr0 != 1 (R-leaf)
:  :  :  Attr3 >= 0.170
:  :  :  :  Attr1 < 0.610 (L-leaf)
:  :  :  :  Attr1 >= 0.610
:  :  :  :  :  Attr0 = 1 (L-leaf)
:  :  :  :  :  Attr0 != 1 (R-leaf)
:  :  Attr1 >= 0.620
:  :  :  Attr4 < 1.154
:  :  :  :  Attr0 = 2 (L-leaf)
:  :  :  :  Attr0 != 2
:  :  :  :  :  Attr2 < 0.490 (L-leaf)
:  :  :  :  :  Attr2 >= 0.490 (R-leaf)
:  :  :  Attr4 >= 1.154
:  :  :  :  Attr4 < 1.362
:  :  :  :  :  Attr7 < 0.395 (L-leaf)
:  :  :  :  :  Attr7 >= 0.395 (R-leaf)
:  :  :  :  Attr4 >= 1.362 (R-leaf)
======================= tree 13
Attr5 < 0.680
:  Attr4 < 1.247
:  :  Attr5 < 0.519
:  :  :  Attr2 < 0.505 (L-leaf)
:  :  :  Attr2 >= 0.505
:  :  :  :  Attr0 = 1 (L-leaf)
:  :  :  :  Attr0 != 1 (R-leaf)
:  :  Attr5 >= 0.519
:  :  :  Attr6 < 0.273
:  :  :  :  Attr6 < 0.273
:  :  :  :  :  Attr1 < 0.640 (L-leaf)
:  :  :  :  :  Attr1 >= 0.640 (R-leaf)
:  :  :  :  Attr6 >= 0.273 (R-leaf)
:  :  :  Attr6 >= 0.273
:  :  :  :  Attr1 < 0.645 (L-leaf)
:  :  :  :  Attr1 >= 0.645
:  :  :  :  :  Attr0 = 2 (L-leaf)
:  :  :  :  :  Attr0 != 2 (R-leaf)
:  Attr4 >= 1.247
:  :  Attr1 < 0.720
:  :  :  Attr1 < 0.665
:  :  :  :  Attr3 < 0.170
:  :  :  :  :  Attr2 < 0.510 (L-leaf)
:  :  :  :  :  Attr2 >= 0.510 (R-leaf)
:  :  :  :  Attr3 >= 0.170
:  :  :  :  :  Attr2 < 0.495 (L-leaf)
:  :  :  :  :  Attr2 >= 0.495 (R-leaf)
:  :  :  Attr1 >= 0.665
:  :  :  :  Attr5 < 0.592
:  :  :  :  :  Attr0 = 2 (L-leaf)
:  :  :  :  :  Attr0 != 2 (R-leaf)
:  :  :  :  Attr5 >= 0.592
:  :  :  :  :  Attr2 < 0.505 (L-leaf)
:  :  :  :  :  Attr2 >= 0.505 (R-leaf)
:  :  Attr1 >= 0.720 (R-leaf)
Attr5 >= 0.680
:  Attr2 < 0.540
:  :  Attr6 < 0.345
:  :  :  Attr3 < 0.200
:  :  :  :  Attr1 < 0.660 (L-leaf)
:  :  :  :  Attr1 >= 0.660
:  :  :  :  :  Attr6 < 0.293 (L-leaf)
:  :  :  :  :  Attr6 >= 0.293 (R-leaf)
:  :  :  Attr3 >= 0.200 (R-leaf)
:  :  Attr6 >= 0.345
:  :  :  Attr1 < 0.660
:  :  :  :  Attr2 < 0.505
:  :  :  :  :  Attr0 = 3 (L-leaf)
:  :  :  :  :  Attr0 != 3 (R-leaf)
:  :  :  :  Attr2 >= 0.505
:  :  :  :  :  Attr0 = 1 (L-leaf)
:  :  :  :  :  Attr0 != 1 (R-leaf)
:  :  :  Attr1 >= 0.660
:  :  :  :  Attr0 = 1 (L-leaf)
:  :  :  :  Attr0 != 1 (R-leaf)
:  Attr2 >= 0.540
:  :  Attr5 < 0.993
:  :  :  Attr6 < 0.368
:  :  :  :  Attr5 < 0.802 (L-leaf)
:  :  :  :  Attr5 >= 0.802
:  :  :  :  :  Attr2 < 0.550 (L-leaf)
:  :  :  :  :  Attr2 >= 0.550 (R-leaf)
:  :  :  Attr6 >= 0.368
:  :  :  :  Attr3 < 0.200
:  :  :  :  :  Attr0 = 2 (L-leaf)
:  :  :  :  :  Attr0 != 2 (R-leaf)
:  :  :  :  Attr3 >= 0.200
:  :  :  :  :  Attr0 = 2 (L-leaf)
:  :  :  :  :  Attr0 != 2 (R-leaf)
:  :  Attr5 >= 0.993
:  :  :  Attr1 < 0.720 (L-leaf)
:  :  :  Attr1 >= 0.720
:  :  :  :  Attr0 = 1 (L-leaf)
:  :  :  :  Attr0 != 1 (R-leaf)
======================= tree 14
Attr7 < 0.164
:  Attr3 < 0.110
:  :  Attr1 < 0.375
:  :  :  Attr1 < 0.240 (L-leaf)
:  :  :  Attr1 >= 0.240
:  :  :  :  Attr1 < 0.275 (L-leaf)
:  :  :  :  Attr1 >= 0.275 (R-leaf)
:  :  Attr1 >= 0.375
:  :  :  Attr1 < 0.455 (L-leaf)
:  :  :  Attr1 >= 0.455 (R-leaf)
:  Attr3 >= 0.110
:  :  Attr0 = 1
:  :  :  Attr1 < 0.525
:  :  :  :  Attr4 < 0.564 (L-leaf)
:  :  :  :  Attr4 >= 0.564
:  :  :  :  :  Attr1 < 0.465 (L-leaf)
:  :  :  :  :  Attr1 >= 0.465 (R-leaf)
:  :  :  Attr1 >= 0.525 (R-leaf)
:  :  Attr0 != 1 (R-leaf)
Attr7 >= 0.164
:  Attr0 = 1
:  :  Attr3 < 0.145
:  :  :  Attr1 < 0.530 (L-leaf)
:  :  :  Attr1 >= 0.530 (R-leaf)
:  :  Attr3 >= 0.145
:  :  :  Attr3 < 0.180
:  :  :  :  Attr1 < 0.625
:  :  :  :  :  Attr4 < 0.968 (L-leaf)
:  :  :  :  :  Attr4 >= 0.968 (R-leaf)
:  :  :  :  Attr1 >= 0.625
:  :  :  :  :  Attr1 < 0.645 (L-leaf)
:  :  :  :  :  Attr1 >= 0.645 (R-leaf)
:  :  :  Attr3 >= 0.180
:  :  :  :  Attr1 < 0.750
:  :  :  :  :  Attr2 < 0.545 (L-leaf)
:  :  :  :  :  Attr2 >= 0.545 (R-leaf)
:  :  :  :  Attr1 >= 0.750
:  :  :  :  :  Attr1 < 0.775 (L-leaf)
:  :  :  :  :  Attr1 >= 0.775 (R-leaf)
:  Attr0 != 1
:  :  Attr4 < 1.548
:  :  :  Attr6 < 0.257
:  :  :  :  Attr4 < 0.891
:  :  :  :  :  Attr1 < 0.465 (L-leaf)
:  :  :  :  :  Attr1 >= 0.465 (R-leaf)
:  :  :  :  Attr4 >= 0.891
:  :  :  :  :  Attr4 < 1.115 (L-leaf)
:  :  :  :  :  Attr4 >= 1.115 (R-leaf)
:  :  :  Attr6 >= 0.257
:  :  :  :  Attr1 < 0.705
:  :  :  :  :  Attr6 < 0.294 (L-leaf)
:  :  :  :  :  Attr6 >= 0.294 (R-leaf)
:  :  :  :  Attr1 >= 0.705 (R-leaf)
:  :  Attr4 >= 1.548
:  :  :  Attr1 < 0.750
:  :  :  :  Attr7 < 0.421 (L-leaf)
:  :  :  :  Attr7 >= 0.421
:  :  :  :  :  Attr1 < 0.685 (L-leaf)
:  :  :  :  :  Attr1 >= 0.685 (R-leaf)
:  :  :  Attr1 >= 0.750 (R-leaf)
======================= tree 15
Attr6 < 0.178
:  Attr1 < 0.550
:  :  Attr7 < 0.113
:  :  :  Attr6 < 0.056
:  :  :  :  Attr3 < 0.105
:  :  :  :  :  Attr6 < 0.045 (L-leaf)
:  :  :  :  :  Attr6 >= 0.045 (R-leaf)
:  :  :  :  Attr3 >= 0.105
:  :  :  :  :  Attr1 < 0.435 (L-leaf)
:  :  :  :  :  Attr1 >= 0.435 (R-leaf)
:  :  :  Attr6 >= 0.056
:  :  :  :  Attr2 < 0.330
:  :  :  :  :  Attr4 < 0.282 (L-leaf)
:  :  :  :  :  Attr4 >= 0.282 (R-leaf)
:  :  :  :  Attr2 >= 0.330
:  :  :  :  :  Attr1 < 0.435 (L-leaf)
:  :  :  :  :  Attr1 >= 0.435 (R-leaf)
:  :  Attr7 >= 0.113
:  :  :  Attr7 < 0.115 (L-leaf)
:  :  :  Attr7 >= 0.115
:  :  :  :  Attr6 < 0.170
:  :  :  :  :  Attr0 = 2 (L-leaf)
:  :  :  :  :  Attr0 != 2 (R-leaf)
:  :  :  :  Attr6 >= 0.170
:  :  :  :  :  Attr1 < 0.535 (L-leaf)
:  :  :  :  :  Attr1 >= 0.535 (R-leaf)
:  Attr1 >= 0.550
:  :  Attr3 < 0.135
:  :  :  Attr0 = 3 (L-leaf)
:  :  :  Attr0 != 3
:  :  :  :  Attr4 < 0.667 (L-leaf)
:  :  :  :  Attr4 >= 0.667
:  :  :  :  :  Attr1 < 0.565 (L-leaf)
:  :  :  :  :  Attr1 >= 0.565 (R-leaf)
:  :  Attr3 >= 0.135
:  :  :  Attr7 < 0.220 (L-leaf)
:  :  :  Attr7 >= 0.220
:  :  :  :  Attr0 = 3
:  :  :  :  :  Attr1 < 0.565 (L-leaf)
:  :  :  :  :  Attr1 >= 0.565 (R-leaf)
:  :  :  :  Attr0 != 3 (R-leaf)
Attr6 >= 0.178
:  Attr1 < 0.565
:  :  Attr1 < 0.560
:  :  :  Attr0 = 2 (L-leaf)
:  :  :  Attr0 != 2
:  :  :  :  Attr1 < 0.550 (L-leaf)
:  :  :  :  Attr1 >= 0.550 (R-leaf)
:  :  Attr1 >= 0.560 (R-leaf)
:  Attr1 >= 0.565
:  :  Attr0 = 2 (L-leaf)
:  :  Attr0 != 2 (R-leaf)
======================= tree 16
Attr7 < 0.474
:  Attr2 < 0.430 (L-leaf)
:  Attr2 >= 0.430
:  :  Attr1 < 0.605
:  :  :  Attr7 < 0.239
:  :  :  :  Attr3 < 0.155
:  :  :  :  :  Attr3 < 0.135 (L-leaf)
:  :  :  :  :  Attr3 >= 0.135 (R-leaf)
:  :  :  :  Attr3 >= 0.155
:  :  :  :  :  Attr0 = 1 (L-leaf)
:  :  :  :  :  Attr0 != 1 (R-leaf)
:  :  :  Attr7 >= 0.239
:  :  :  :  Attr3 < 0.175
:  :  :  :  :  Attr5 < 0.454 (L-leaf)
:  :  :  :  :  Attr5 >= 0.454 (R-leaf)
:  :  :  :  Attr3 >= 0.175
:  :  :  :  :  Attr0 = 1 (L-leaf)
:  :  :  :  :  Attr0 != 1 (R-leaf)
:  :  Attr1 >= 0.605
:  :  :  Attr3 < 0.160
:  :  :  :  Attr6 < 0.199 (L-leaf)
:  :  :  :  Attr6 >= 0.199
:  :  :  :  :  Attr4 < 1.031 (L-leaf)
:  :  :  :  :  Attr4 >= 1.031 (R-leaf)
:  :  :  Attr3 >= 0.160
:  :  :  :  Attr5 < 0.581
:  :  :  :  :  Attr7 < 0.352 (L-leaf)
:  :  :  :  :  Attr7 >= 0.352 (R-leaf)
:  :  :  :  Attr5 >= 0.581
:  :  :  :  :  Attr2 < 0.495 (L-leaf)
:  :  :  :  :  Attr2 >= 0.495 (R-leaf)
Attr7 >= 0.474
:  Attr0 = 1 (L-leaf)
:  Attr0 != 1 (R-leaf)
======================= tree 17
Attr7 < 0.145
:  Attr1 < 0.280
:  :  Attr1 < 0.210
:  :  :  Attr1 < 0.160 (L-leaf)
:  :  :  Attr1 >= 0.160 (R-leaf)
:  :  Attr1 >= 0.210 (R-leaf)
:  Attr1 >= 0.280
:  :  Attr4 < 0.170
:  :  :  Attr2 < 0.210 (L-leaf)
:  :  :  Attr2 >= 0.210
:  :  :  :  Attr6 < 0.022 (L-leaf)
:  :  :  :  Attr6 >= 0.022
:  :  :  :  :  Attr1 < 0.350 (L-leaf)
:  :  :  :  :  Attr1 >= 0.350 (R-leaf)
:  :  Attr4 >= 0.170
:  :  :  Attr1 < 0.360
:  :  :  :  Attr1 < 0.355
:  :  :  :  :  Attr1 < 0.350 (L-leaf)
:  :  :  :  :  Attr1 >= 0.350 (R-leaf)
:  :  :  :  Attr1 >= 0.355 (R-leaf)
:  :  :  Attr1 >= 0.360
:  :  :  :  Attr3 < 0.085 (L-leaf)
:  :  :  :  Attr3 >= 0.085
:  :  :  :  :  Attr0 = 3 (L-leaf)
:  :  :  :  :  Attr0 != 3 (R-leaf)
Attr7 >= 0.145
:  Attr4 < 0.633
:  :  Attr2 < 0.395
:  :  :  Attr1 < 0.505
:  :  :  :  Attr0 = 1 (L-leaf)
:  :  :  :  Attr0 != 1 (R-leaf)
:  :  :  Attr1 >= 0.505 (R-leaf)
:  :  Attr2 >= 0.395 (R-leaf)
:  Attr4 >= 0.633
:  :  Attr7 < 0.535
:  :  :  Attr4 < 1.866
:  :  :  :  Attr3 < 0.175
:  :  :  :  :  Attr2 < 0.520 (L-leaf)
:  :  :  :  :  Attr2 >= 0.520 (R-leaf)
:  :  :  :  Attr3 >= 0.175
:  :  :  :  :  Attr0 = 2 (L-leaf)
:  :  :  :  :  Attr0 != 2 (R-leaf)
:  :  :  Attr4 >= 1.866
:  :  :  :  Attr0 = 2 (L-leaf)
:  :  :  :  Attr0 != 2 (R-leaf)
:  :  Attr7 >= 0.535
:  :  :  Attr1 < 0.760
:  :  :  :  Attr0 = 2 (L-leaf)
:  :  :  :  Attr0 != 2 (R-leaf)
:  :  :  Attr1 >= 0.760 (R-leaf)
======================= tree 18
Attr1 < 0.320
:  Attr1 < 0.285
:  :  Attr1 < 0.280
:  :  :  Attr1 < 0.270 (L-leaf)
:  :  :  Attr1 >= 0.270 (R-leaf)
:  :  Attr1 >= 0.280 (R-leaf)
:  Attr1 >= 0.285 (R-leaf)
Attr1 >= 0.320
:  Attr5 < 0.558
:  :  Attr7 < 0.356
:  :  :  Attr7 < 0.231
:  :  :  :  Attr0 = 3
:  :  :  :  :  Attr1 < 0.550 (L-leaf)
:  :  :  :  :  Attr1 >= 0.550 (R-leaf)
:  :  :  :  Attr0 != 3
:  :  :  :  :  Attr1 < 0.460 (L-leaf)
:  :  :  :  :  Attr1 >= 0.460 (R-leaf)
:  :  :  Attr7 >= 0.231
:  :  :  :  Attr5 < 0.433
:  :  :  :  :  Attr6 < 0.191 (L-leaf)
:  :  :  :  :  Attr6 >= 0.191 (R-leaf)
:  :  :  :  Attr5 >= 0.433
:  :  :  :  :  Attr3 < 0.165 (L-leaf)
:  :  :  :  :  Attr3 >= 0.165 (R-leaf)
:  :  Attr7 >= 0.356
:  :  :  Attr1 < 0.625 (L-leaf)
:  :  :  Attr1 >= 0.625 (R-leaf)
:  Attr5 >= 0.558
:  :  Attr6 < 0.387
:  :  :  Attr0 = 1
:  :  :  :  Attr4 < 1.238 (L-leaf)
:  :  :  :  Attr4 >= 1.238
:  :  :  :  :  Attr1 < 0.660 (L-leaf)
:  :  :  :  :  Attr1 >= 0.660 (R-leaf)
:  :  :  Attr0 != 1
:  :  :  :  Attr2 < 0.555
:  :  :  :  :  Attr1 < 0.710 (L-leaf)
:  :  :  :  :  Attr1 >= 0.710 (R-leaf)
:  :  :  :  Attr2 >= 0.555
:  :  :  :  :  Attr1 < 0.730 (L-leaf)
:  :  :  :  :  Attr1 >= 0.730 (R-leaf)
:  :  Attr6 >= 0.387
:  :  :  Attr2 < 0.550 (L-leaf)
:  :  :  Attr2 >= 0.550
:  :  :  :  Attr1 < 0.720 (L-leaf)
:  :  :  :  Attr1 >= 0.720
:  :  :  :  :  Attr0 = 1 (L-leaf)
:  :  :  :  :  Attr0 != 1 (R-leaf)
======================= tree 19
Attr3 < 0.155
:  Attr3 < 0.100
:  :  Attr6 < 0.018
:  :  :  Attr1 < 0.280
:  :  :  :  Attr1 < 0.180 (L-leaf)
:  :  :  :  Attr1 >= 0.180 (R-leaf)
:  :  :  Attr1 >= 0.280 (R-leaf)
:  :  Attr6 >= 0.018
:  :  :  Attr1 < 0.455
:  :  :  :  Attr3 < 0.070
:  :  :  :  :  Attr1 < 0.325 (L-leaf)
:  :  :  :  :  Attr1 >= 0.325 (R-leaf)
:  :  :  :  Attr3 >= 0.070
:  :  :  :  :  Attr4 < 0.180 (L-leaf)
:  :  :  :  :  Attr4 >= 0.180 (R-leaf)
:  :  :  Attr1 >= 0.455 (R-leaf)
:  Attr3 >= 0.100
:  :  Attr3 < 0.135
:  :  :  Attr1 < 0.565
:  :  :  :  Attr5 < 0.305
:  :  :  :  :  Attr6 < 0.100 (L-leaf)
:  :  :  :  :  Attr6 >= 0.100 (R-leaf)
:  :  :  :  Attr5 >= 0.305
:  :  :  :  :  Attr1 < 0.560 (L-leaf)
:  :  :  :  :  Attr1 >= 0.560 (R-leaf)
:  :  :  Attr1 >= 0.565 (R-leaf)
:  :  Attr3 >= 0.135
:  :  :  Attr5 < 0.368
:  :  :  :  Attr1 < 0.500 (L-leaf)
:  :  :  :  Attr1 >= 0.500
:  :  :  :  :  Attr1 < 0.595 (L-leaf)
:  :  :  :  :  Attr1 >= 0.595 (R-leaf)
:  :  :  Attr5 >= 0.368
:  :  :  :  Attr1 < 0.585 (L-leaf)
:  :  :  :  Attr1 >= 0.585 (R-leaf)
Attr3 >= 0.155
:  Attr5 < 0.753
:  :  Attr1 < 0.585
:  :  :  Attr1 < 0.570 (L-leaf)
:  :  :  Attr1 >= 0.570
:  :  :  :  Attr0 = 2 (L-leaf)
:  :  :  :  Attr0 != 2 (R-leaf)
:  :  Attr1 >= 0.585
:  :  :  Attr1 < 0.595
:  :  :  :  Attr0 = 1 (L-leaf)
:  :  :  :  Attr0 != 1 (R-leaf)
:  :  :  Attr1 >= 0.595
:  :  :  :  Attr1 < 0.775
:  :  :  :  :  Attr1 < 0.620 (L-leaf)
:  :  :  :  :  Attr1 >= 0.620 (R-leaf)
:  :  :  :  Attr1 >= 0.775 (R-leaf)
:  Attr5 >= 0.753
:  :  Attr0 = 1 (L-leaf)
:  :  Attr0 != 1 (R-leaf)
======================= tree 20
Attr3 < 0.160
:  Attr3 < 0.090
:  :  Attr0 = 1
:  :  :  Attr1 < 0.335 (L-leaf)
:  :  :  Attr1 >= 0.335 (R-leaf)
:  :  Attr0 != 1
:  :  :  Attr1 < 0.190 (L-leaf)
:  :  :  Attr1 >= 0.190
:  :  :  :  Attr0 = 3
:  :  :  :  :  Attr1 < 0.215 (L-leaf)
:  :  :  :  :  Attr1 >= 0.215 (R-leaf)
:  :  :  :  Attr0 != 3
:  :  :  :  :  Attr1 < 0.370 (L-leaf)
:  :  :  :  :  Attr1 >= 0.370 (R-leaf)
:  Attr3 >= 0.090
:  :  Attr3 < 0.155
:  :  :  Attr7 < 0.250
:  :  :  :  Attr5 < 0.140
:  :  :  :  :  Attr1 < 0.430 (L-leaf)
:  :  :  :  :  Attr1 >= 0.430 (R-leaf)
:  :  :  :  Attr5 >= 0.140
:  :  :  :  :  Attr1 < 0.405 (L-leaf)
:  :  :  :  :  Attr1 >= 0.405 (R-leaf)
:  :  :  Attr7 >= 0.250
:  :  :  :  Attr1 < 0.550
:  :  :  :  :  Attr0 = 1 (L-leaf)
:  :  :  :  :  Attr0 != 1 (R-leaf)
:  :  :  :  Attr1 >= 0.550 (R-leaf)
:  :  Attr3 >= 0.155 (R-leaf)
Attr3 >= 0.160
:  Attr7 < 0.510
:  :  Attr6 < 0.311
:  :  :  Attr2 < 0.500
:  :  :  :  Attr5 < 0.345
:  :  :  :  :  Attr1 < 0.550 (L-leaf)
:  :  :  :  :  Attr1 >= 0.550 (R-leaf)
:  :  :  :  Attr5 >= 0.345
:  :  :  :  :  Attr2 < 0.465 (L-leaf)
:  :  :  :  :  Attr2 >= 0.465 (R-leaf)
:  :  :  Attr2 >= 0.500
:  :  :  :  Attr0 = 1 (L-leaf)
:  :  :  :  Attr0 != 1 (R-leaf)
:  :  Attr6 >= 0.311
:  :  :  Attr1 < 0.640 (L-leaf)
:  :  :  Attr1 >= 0.640
:  :  :  :  Attr1 < 0.710
:  :  :  :  :  Attr1 < 0.650 (L-leaf)
:  :  :  :  :  Attr1 >= 0.650 (R-leaf)
:  :  :  :  Attr1 >= 0.710 (R-leaf)
:  Attr7 >= 0.510
:  :  Attr2 < 0.495
:  :  :  Attr1 < 0.645 (L-leaf)
:  :  :  Attr1 >= 0.645 (R-leaf)
:  :  Attr2 >= 0.495
:  :  :  Attr3 < 0.215
:  :  :  :  Attr1 < 0.680
:  :  :  :  :  Attr1 < 0.660 (L-leaf)
:  :  :  :  :  Attr1 >= 0.660 (R-leaf)
:  :  :  :  Attr1 >= 0.680
:  :  :  :  :  Attr0 = 1 (L-leaf)
:  :  :  :  :  Attr0 != 1 (R-leaf)
:  :  :  Attr3 >= 0.215
:  :  :  :  Attr1 < 0.625 (L-leaf)
:  :  :  :  Attr1 >= 0.625
:  :  :  :  :  Attr1 < 0.630 (L-leaf)
:  :  :  :  :  Attr1 >= 0.630 (R-leaf)
======================= tree 21
Attr1 < 0.555
:  Attr6 < 0.079
:  :  Attr6 < 0.051
:  :  :  Attr1 < 0.355 (L-leaf)
:  :  :  Attr1 >= 0.355 (R-leaf)
:  :  Attr6 >= 0.051
:  :  :  Attr6 < 0.074
:  :  :  :  Attr5 < 0.082 (L-leaf)
:  :  :  :  Attr5 >= 0.082
:  :  :  :  :  Attr0 = 2 (L-leaf)
:  :  :  :  :  Attr0 != 2 (R-leaf)
:  :  :  Attr6 >= 0.074
:  :  :  :  Attr1 < 0.385 (L-leaf)
:  :  :  :  Attr1 >= 0.385
:  :  :  :  :  Attr0 = 3 (L-leaf)
:  :  :  :  :  Attr0 != 3 (R-leaf)
:  Attr6 >= 0.079
:  :  Attr5 < 0.161
:  :  :  Attr0 = 1 (L-leaf)
:  :  :  Attr0 != 1 (R-leaf)
:  :  Attr5 >= 0.161
:  :  :  Attr4 < 0.871
:  :  :  :  Attr4 < 0.618
:  :  :  :  :  Attr1 < 0.485 (L-leaf)
:  :  :  :  :  Attr1 >= 0.485 (R-leaf)
:  :  :  :  Attr4 >= 0.618
:  :  :  :  :  Attr5 < 0.268 (L-leaf)
:  :  :  :  :  Attr5 >= 0.268 (R-leaf)
:  :  :  Attr4 >= 0.871 (R-leaf)
Attr1 >= 0.555
:  Attr4 < 1.268
:  :  Attr7 < 0.425
:  :  :  Attr2 < 0.450
:  :  :  :  Attr2 < 0.445
:  :  :  :  :  Attr1 < 0.585 (L-leaf)
:  :  :  :  :  Attr1 >= 0.585 (R-leaf)
:  :  :  :  Attr2 >= 0.445 (R-leaf)
:  :  :  Attr2 >= 0.450
:  :  :  :  Attr7 < 0.280 (L-leaf)
:  :  :  :  Attr7 >= 0.280
:  :  :  :  :  Attr2 < 0.480 (L-leaf)
:  :  :  :  :  Attr2 >= 0.480 (R-leaf)
:  :  Attr7 >= 0.425
:  :  :  Attr0 = 1 (L-leaf)
:  :  :  Attr0 != 1 (R-leaf)
:  Attr4 >= 1.268
:  :  Attr2 < 0.575
:  :  :  Attr7 < 0.580
:  :  :  :  Attr3 < 0.180
:  :  :  :  :  Attr1 < 0.670 (L-leaf)
:  :  :  :  :  Attr1 >= 0.670 (R-leaf)
:  :  :  :  Attr3 >= 0.180
:  :  :  :  :  Attr3 < 0.200 (L-leaf)
:  :  :  :  :  Attr3 >= 0.200 (R-leaf)
:  :  :  Attr7 >= 0.580
:  :  :  :  Attr1 < 0.695 (L-leaf)
:  :  :  :  Attr1 >= 0.695 (R-leaf)
:  :  Attr2 >= 0.575
:  :  :  Attr0 = 1 (L-leaf)
:  :  :  Attr0 != 1 (R-leaf)
======================= tree 22
Attr3 < 0.135
:  Attr0 = 3
:  :  Attr1 < 0.400
:  :  :  Attr1 < 0.325
:  :  :  :  Attr1 < 0.315
:  :  :  :  :  Attr1 < 0.255 (L-leaf)
:  :  :  :  :  Attr1 >= 0.255 (R-leaf)
:  :  :  :  Attr1 >= 0.315 (R-leaf)
:  :  :  Attr1 >= 0.325
:  :  :  :  Attr1 < 0.395
:  :  :  :  :  Attr1 < 0.330 (L-leaf)
:  :  :  :  :  Attr1 >= 0.330 (R-leaf)
:  :  :  :  Attr1 >= 0.395 (R-leaf)
:  :  Attr1 >= 0.400
:  :  :  Attr1 < 0.415 (L-leaf)
:  :  :  Attr1 >= 0.415
:  :  :  :  Attr4 < 0.385 (L-leaf)
:  :  :  :  Attr4 >= 0.385
:  :  :  :  :  Attr1 < 0.495 (L-leaf)
:  :  :  :  :  Attr1 >= 0.495 (R-leaf)
:  Attr0 != 3
:  :  Attr6 < 0.147
:  :  :  Attr2 < 0.360
:  :  :  :  Attr1 < 0.430
:  :  :  :  :  Attr0 = 2 (L-leaf)
:  :  :  :  :  Attr0 != 2 (R-leaf)
:  :  :  :  Attr1 >= 0.430
:  :  :  :  :  Attr0 = 1 (L-leaf)
:  :  :  :  :  Attr0 != 1 (R-leaf)
:  :  :  Attr2 >= 0.360
:  :  :  :  Attr5 < 0.282
:  :  :  :  :  Attr1 < 0.475 (L-leaf)
:  :  :  :  :  Attr1 >= 0.475 (R-leaf)
:  :  :  :  Attr5 >= 0.282 (R-leaf)
:  :  Attr6 >= 0.147
:  :  :  Attr6 < 0.189
:  :  :  :  Attr3 < 0.125 (L-leaf)
:  :  :  :  Attr3 >= 0.125
:  :  :  :  :  Attr0 = 1 (L-leaf)
:  :  :  :  :  Attr0 != 1 (R-leaf)
:  :  :  Attr6 >= 0.189
:  :  :  :  Attr0 = 2 (L-leaf)
:  :  :  :  Attr0 != 2 (R-leaf)
Attr3 >= 0.135
:  Attr7 < 0.252
:  :  Attr1 < 0.515
:  :  :  Attr7 < 0.205
:  :  :  :  Attr0 = 2 (L-leaf)
:  :  :  :  Attr0 != 2 (R-leaf)
:  :  :  Attr7 >= 0.205
:  :  :  :  Attr0 = 2
:  :  :  :  :  Attr1 < 0.505 (L-leaf)
:  :  :  :  :  Attr1 >= 0.505 (R-leaf)
:  :  :  :  Attr0 != 2 (R-leaf)
:  :  Attr1 >= 0.515
:  :  :  Attr2 < 0.425 (L-leaf)
:  :  :  Attr2 >= 0.425
:  :  :  :  Attr5 < 0.355
:  :  :  :  :  Attr4 < 0.799 (L-leaf)
:  :  :  :  :  Attr4 >= 0.799 (R-leaf)
:  :  :  :  Attr5 >= 0.355
:  :  :  :  :  Attr0 = 2 (L-leaf)
:  :  :  :  :  Attr0 != 2 (R-leaf)
:  Attr7 >= 0.252
:  :  Attr1 < 0.525
:  :  :  Attr0 = 2 (L-leaf)
:  :  :  Attr0 != 2
:  :  :  :  Attr0 = 1 (L-leaf)
:  :  :  :  Attr0 != 1 (R-leaf)
:  :  Attr1 >= 0.525
:  :  :  Attr6 < 0.218
:  :  :  :  Attr6 < 0.179
:  :  :  :  :  Attr0 = 1 (L-leaf)
:  :  :  :  :  Attr0 != 1 (R-leaf)
:  :  :  :  Attr6 >= 0.179
:  :  :  :  :  Attr3 < 0.165 (L-leaf)
:  :  :  :  :  Attr3 >= 0.165 (R-leaf)
:  :  :  Attr6 >= 0.218
:  :  :  :  Attr3 < 0.170
:  :  :  :  :  Attr0 = 2 (L-leaf)
:  :  :  :  :  Attr0 != 2 (R-leaf)
:  :  :  :  Attr3 >= 0.170
:  :  :  :  :  Attr3 < 0.220 (L-leaf)
:  :  :  :  :  Attr3 >= 0.220 (R-leaf)
======================= tree 23
Attr2 < 0.225
:  Attr4 < 0.024 (L-leaf)
:  Attr4 >= 0.024
:  :  Attr0 = 1
:  :  :  Attr1 < 0.175 (L-leaf)
:  :  :  Attr1 >= 0.175 (R-leaf)
:  :  Attr0 != 1 (R-leaf)
Attr2 >= 0.225
:  Attr3 < 0.190
:  :  Attr7 < 0.265
:  :  :  Attr3 < 0.125
:  :  :  :  Attr6 < 0.079
:  :  :  :  :  Attr4 < 0.357 (L-leaf)
:  :  :  :  :  Attr4 >= 0.357 (R-leaf)
:  :  :  :  Attr6 >= 0.079
:  :  :  :  :  Attr1 < 0.440 (L-leaf)
:  :  :  :  :  Attr1 >= 0.440 (R-leaf)
:  :  :  Attr3 >= 0.125
:  :  :  :  Attr6 < 0.112
:  :  :  :  :  Attr0 = 3 (L-leaf)
:  :  :  :  :  Attr0 != 3 (R-leaf)
:  :  :  :  Attr6 >= 0.112
:  :  :  :  :  Attr5 < 0.350 (L-leaf)
:  :  :  :  :  Attr5 >= 0.350 (R-leaf)
:  :  Attr7 >= 0.265
:  :  :  Attr0 = 2
:  :  :  :  Attr7 < 0.320
:  :  :  :  :  Attr1 < 0.630 (L-leaf)
:  :  :  :  :  Attr1 >= 0.630 (R-leaf)
:  :  :  :  Attr7 >= 0.320
:  :  :  :  :  Attr1 < 0.640 (L-leaf)
:  :  :  :  :  Attr1 >= 0.640 (R-leaf)
:  :  :  Attr0 != 2
:  :  :  :  Attr5 < 0.550
:  :  :  :  :  Attr1 < 0.655 (L-leaf)
:  :  :  :  :  Attr1 >= 0.655 (R-leaf)
:  :  :  :  Attr5 >= 0.550
:  :  :  :  :  Attr2 < 0.460 (L-leaf)
:  :  :  :  :  Attr2 >= 0.460 (R-leaf)
:  Attr3 >= 0.190
:  :  Attr4 < 1.449
:  :  :  Attr2 < 0.475 (L-leaf)
:  :  :  Attr2 >= 0.475
:  :  :  :  Attr0 = 3 (L-leaf)
:  :  :  :  Attr0 != 3
:  :  :  :  :  Attr0 = 2 (L-leaf)
:  :  :  :  :  Attr0 != 2 (R-leaf)
:  :  Attr4 >= 1.449
:  :  :  Attr0 = 2
:  :  :  :  Attr1 < 0.720 (L-leaf)
:  :  :  :  Attr1 >= 0.720 (R-leaf)
:  :  :  Attr0 != 2 (R-leaf)
======================= tree 24
Attr7 < 0.280
:  Attr4 < 0.197
:  :  Attr5 < 0.040
:  :  :  Attr1 < 0.235 (L-leaf)
:  :  :  Attr1 >= 0.235
:  :  :  :  Attr1 < 0.250 (L-leaf)
:  :  :  :  Attr1 >= 0.250
:  :  :  :  :  Attr2 < 0.205 (L-leaf)
:  :  :  :  :  Attr2 >= 0.205 (R-leaf)
:  :  Attr5 >= 0.040
:  :  :  Attr0 = 3
:  :  :  :  Attr1 < 0.355
:  :  :  :  :  Attr1 < 0.335 (L-leaf)
:  :  :  :  :  Attr1 >= 0.335 (R-leaf)
:  :  :  :  Attr1 >= 0.355 (R-leaf)
:  :  :  Attr0 != 3
:  :  :  :  Attr3 < 0.075 (L-leaf)
:  :  :  :  Attr3 >= 0.075
:  :  :  :  :  Attr0 = 1 (L-leaf)
:  :  :  :  :  Attr0 != 1 (R-leaf)
:  Attr4 >= 0.197
:  :  Attr3 < 0.170
:  :  :  Attr7 < 0.190
:  :  :  :  Attr7 < 0.070
:  :  :  :  :  Attr3 < 0.090 (L-leaf)
:  :  :  :  :  Attr3 >= 0.090 (R-leaf)
:  :  :  :  Attr7 >= 0.070
:  :  :  :  :  Attr6 < 0.114 (L-leaf)
:  :  :  :  :  Attr6 >= 0.114 (R-leaf)
:  :  :  Attr7 >= 0.190
:  :  :  :  Attr1 < 0.520
:  :  :  :  :  Attr3 < 0.140 (L-leaf)
:  :  :  :  :  Attr3 >= 0.140 (R-leaf)
:  :  :  :  Attr1 >= 0.520
:  :  :  :  :  Attr2 < 0.415 (L-leaf)
:  :  :  :  :  Attr2 >= 0.415 (R-leaf)
:  :  Attr3 >= 0.170
:  :  :  Attr7 < 0.260
:  :  :  :  Attr1 < 0.615
:  :  :  :  :  Attr0 = 1 (L-leaf)
:  :  :  :  :  Attr0 != 1 (R-leaf)
:  :  :  :  Attr1 >= 0.615 (R-leaf)
:  :  :  Attr7 >= 0.260
:  :  :  :  Attr0 = 3 (L-leaf)
:  :  :  :  Attr0 != 3 (R-leaf)
Attr7 >= 0.280
:  Attr5 < 0.258 (L-leaf)
:  Attr5 >= 0.258
:  :  Attr1 < 0.590
:  :  :  Attr2 < 0.440
:  :  :  :  Attr1 < 0.550
:  :  :  :  :  Attr0 = 2 (L-leaf)
:  :  :  :  :  Attr0 != 2 (R-leaf)
:  :  :  :  Attr1 >= 0.550
:  :  :  :  :  Attr0 = 1 (L-leaf)
:  :  :  :  :  Attr0 != 1 (R-leaf)
:  :  :  Attr2 >= 0.440
:  :  :  :  Attr0 = 2 (L-leaf)
:  :  :  :  Attr0 != 2 (R-leaf)
:  :  Attr1 >= 0.590
:  :  :  Attr4 < 1.298
:  :  :  :  Attr1 < 0.610 (L-leaf)
:  :  :  :  Attr1 >= 0.610 (R-leaf)
:  :  :  Attr4 >= 1.298
:  :  :  :  Attr6 < 0.336
:  :  :  :  :  Attr0 = 3 (L-leaf)
:  :  :  :  :  Attr0 != 3 (R-leaf)
:  :  :  :  Attr6 >= 0.336
:  :  :  :  :  Attr0 = 2 (L-leaf)
:  :  :  :  :  Attr0 != 2 (R-leaf)
======================= tree 25
Attr5 < 0.345
:  Attr6 < 0.180
:  :  Attr7 < 0.184
:  :  :  Attr1 < 0.505
:  :  :  :  Attr1 < 0.475
:  :  :  :  :  Attr0 = 3 (L-leaf)
:  :  :  :  :  Attr0 != 3 (R-leaf)
:  :  :  :  Attr1 >= 0.475 (R-leaf)
:  :  :  Attr1 >= 0.505 (R-leaf)
:  :  Attr7 >= 0.184
:  :  :  Attr1 < 0.515
:  :  :  :  Attr6 < 0.118 (L-leaf)
:  :  :  :  Attr6 >= 0.118
:  :  :  :  :  Attr1 < 0.480 (L-leaf)
:  :  :  :  :  Attr1 >= 0.480 (R-leaf)
:  :  :  Attr1 >= 0.515 (R-leaf)
:  Attr6 >= 0.180
:  :  Attr1 < 0.520
:  :  :  Attr1 < 0.500 (L-leaf)
:  :  :  Attr1 >= 0.500 (R-leaf)
:  :  Attr1 >= 0.520
:  :  :  Attr0 = 2 (L-leaf)
:  :  :  Attr0 != 2 (R-leaf)
Attr5 >= 0.345
:  Attr7 < 0.454
:  :  Attr7 < 0.211
:  :  :  Attr1 < 0.525 (L-leaf)
:  :  :  Attr1 >= 0.525 (R-leaf)
:  :  Attr7 >= 0.211
:  :  :  Attr6 < 0.160
:  :  :  :  Attr1 < 0.545 (L-leaf)
:  :  :  :  Attr1 >= 0.545 (R-leaf)
:  :  :  Attr6 >= 0.160
:  :  :  :  Attr6 < 0.312
:  :  :  :  :  Attr4 < 1.332 (L-leaf)
:  :  :  :  :  Attr4 >= 1.332 (R-leaf)
:  :  :  :  Attr6 >= 0.312
:  :  :  :  :  Attr1 < 0.660 (L-leaf)
:  :  :  :  :  Attr1 >= 0.660 (R-leaf)
:  Attr7 >= 0.454
:  :  Attr1 < 0.660
:  :  :  Attr0 = 1 (L-leaf)
:  :  :  Attr0 != 1 (R-leaf)
:  :  Attr1 >= 0.660
:  :  :  Attr1 < 0.695
:  :  :  :  Attr3 < 0.200 (L-leaf)
:  :  :  :  Attr3 >= 0.200
:  :  :  :  :  Attr0 = 1 (L-leaf)
:  :  :  :  :  Attr0 != 1 (R-leaf)
:  :  :  Attr1 >= 0.695 (R-leaf)
======================= tree 26
Attr3 < 0.110
:  Attr0 = 3
:  :  Attr5 < 0.065
:  :  :  Attr1 < 0.340 (L-leaf)
:  :  :  Attr1 >= 0.340 (R-leaf)
:  :  Attr5 >= 0.065
:  :  :  Attr5 < 0.157
:  :  :  :  Attr1 < 0.390
:  :  :  :  :  Attr1 < 0.370 (L-leaf)
:  :  :  :  :  Attr1 >= 0.370 (R-leaf)
:  :  :  :  Attr1 >= 0.390
:  :  :  :  :  Attr1 < 0.415 (L-leaf)
:  :  :  :  :  Attr1 >= 0.415 (R-leaf)
:  :  :  Attr5 >= 0.157
:  :  :  :  Attr1 < 0.475
:  :  :  :  :  Attr1 < 0.440 (L-leaf)
:  :  :  :  :  Attr1 >= 0.440 (R-leaf)
:  :  :  :  Attr1 >= 0.475 (R-leaf)
:  Attr0 != 3
:  :  Attr1 < 0.480 (L-leaf)
:  :  Attr1 >= 0.480 (R-leaf)
Attr3 >= 0.110
:  Attr6 < 0.375
:  :  Attr1 < 0.670
:  :  :  Attr6 < 0.275
:  :  :  :  Attr3 < 0.125
:  :  :  :  :  Attr0 = 1 (L-leaf)
:  :  :  :  :  Attr0 != 1 (R-leaf)
:  :  :  :  Attr3 >= 0.125
:  :  :  :  :  Attr5 < 0.477 (L-leaf)
:  :  :  :  :  Attr5 >= 0.477 (R-leaf)
:  :  :  Attr6 >= 0.275
:  :  :  :  Attr1 < 0.615 (L-leaf)
:  :  :  :  Attr1 >= 0.615
:  :  :  :  :  Attr7 < 0.370 (L-leaf)
:  :  :  :  :  Attr7 >= 0.370 (R-leaf)
:  :  Attr1 >= 0.670 (R-leaf)
:  Attr6 >= 0.375 (R-leaf)
======================= tree 27
Attr5 < 0.772
:  Attr2 < 0.480
:  :  Attr3 < 0.145
:  :  :  Attr4 < 0.347
:  :  :  :  Attr4 < 0.219
:  :  :  :  :  Attr4 < 0.163 (L-leaf)
:  :  :  :  :  Attr4 >= 0.163 (R-leaf)
:  :  :  :  Attr4 >= 0.219
:  :  :  :  :  Attr4 < 0.228 (L-leaf)
:  :  :  :  :  Attr4 >= 0.228 (R-leaf)
:  :  :  Attr4 >= 0.347
:  :  :  :  Attr4 < 0.648
:  :  :  :  :  Attr1 < 0.500 (L-leaf)
:  :  :  :  :  Attr1 >= 0.500 (R-leaf)
:  :  :  :  Attr4 >= 0.648
:  :  :  :  :  Attr7 < 0.180 (L-leaf)
:  :  :  :  :  Attr7 >= 0.180 (R-leaf)
:  :  Attr3 >= 0.145
:  :  :  Attr4 < 1.198
:  :  :  :  Attr0 = 3
:  :  :  :  :  Attr2 < 0.395 (L-leaf)
:  :  :  :  :  Attr2 >= 0.395 (R-leaf)
:  :  :  :  Attr0 != 3
:  :  :  :  :  Attr2 < 0.465 (L-leaf)
:  :  :  :  :  Attr2 >= 0.465 (R-leaf)
:  :  :  Attr4 >= 1.198 (R-leaf)
:  Attr2 >= 0.480
:  :  Attr1 < 0.605 (L-leaf)
:  :  Attr1 >= 0.605
:  :  :  Attr2 < 0.490
:  :  :  :  Attr0 = 2 (L-leaf)
:  :  :  :  Attr0 != 2 (R-leaf)
:  :  :  Attr2 >= 0.490
:  :  :  :  Attr1 < 0.700
:  :  :  :  :  Attr7 < 0.505 (L-leaf)
:  :  :  :  :  Attr7 >= 0.505 (R-leaf)
:  :  :  :  Attr1 >= 0.700 (R-leaf)
Attr5 >= 0.772
:  Attr7 < 0.584
:  :  Attr2 < 0.545
:  :  :  Attr1 < 0.690 (L-leaf)
:  :  :  Attr1 >= 0.690 (R-leaf)
:  :  Attr2 >= 0.545
:  :  :  Attr0 = 2 (L-leaf)
:  :  :  Attr0 != 2 (R-leaf)
:  Attr7 >= 0.584
:  :  Attr0 = 2 (L-leaf)
:  :  Attr0 != 2 (R-leaf)
======================= tree 28
Attr7 < 0.508
:  Attr6 < 0.040
:  :  Attr1 < 0.250
:  :  :  Attr1 < 0.210 (L-leaf)
:  :  :  Attr1 >= 0.210 (R-leaf)
:  :  Attr1 >= 0.250
:  :  :  Attr1 < 0.345
:  :  :  :  Attr2 < 0.250
:  :  :  :  :  Attr1 < 0.290 (L-leaf)
:  :  :  :  :  Attr1 >= 0.290 (R-leaf)
:  :  :  :  Attr2 >= 0.250 (R-leaf)
:  :  :  Attr1 >= 0.345
:  :  :  :  Attr1 < 0.360 (L-leaf)
:  :  :  :  Attr1 >= 0.360 (R-leaf)
:  Attr6 >= 0.040
:  :  Attr7 < 0.176
:  :  :  Attr4 < 0.558
:  :  :  :  Attr5 < 0.279
:  :  :  :  :  Attr4 < 0.300 (L-leaf)
:  :  :  :  :  Attr4 >= 0.300 (R-leaf)
:  :  :  :  Attr5 >= 0.279 (R-leaf)
:  :  :  Attr4 >= 0.558
:  :  :  :  Attr1 < 0.480 (L-leaf)
:  :  :  :  Attr1 >= 0.480
:  :  :  :  :  Attr0 = 1 (L-leaf)
:  :  :  :  :  Attr0 != 1 (R-leaf)
:  :  Attr7 >= 0.176
:  :  :  Attr3 < 0.190
:  :  :  :  Attr5 < 0.926
:  :  :  :  :  Attr6 < 0.317 (L-leaf)
:  :  :  :  :  Attr6 >= 0.317 (R-leaf)
:  :  :  :  Attr5 >= 0.926 (R-leaf)
:  :  :  Attr3 >= 0.190
:  :  :  :  Attr1 < 0.725
:  :  :  :  :  Attr1 < 0.675 (L-leaf)
:  :  :  :  :  Attr1 >= 0.675 (R-leaf)
:  :  :  :  Attr1 >= 0.725
:  :  :  :  :  Attr1 < 0.740 (L-leaf)
:  :  :  :  :  Attr1 >= 0.740 (R-leaf)
Attr7 >= 0.508
:  Attr1 < 0.750 (L-leaf)
:  Attr1 >= 0.750 (R-leaf)
======================= tree 29
Attr5 < 0.826
:  Attr3 < 0.175
:  :  Attr1 < 0.525
:  :  :  Attr0 = 2 (L-leaf)
:  :  :  Attr0 != 2
:  :  :  :  Attr3 < 0.140
:  :  :  :  :  Attr1 < 0.320 (L-leaf)
:  :  :  :  :  Attr1 >= 0.320 (R-leaf)
:  :  :  :  Attr3 >= 0.140
:  :  :  :  :  Attr0 = 3 (L-leaf)
:  :  :  :  :  Attr0 != 3 (R-leaf)
:  :  Attr1 >= 0.525
:  :  :  Attr5 < 0.339
:  :  :  :  Attr4 < 0.697
:  :  :  :  :  Attr2 < 0.385 (L-leaf)
:  :  :  :  :  Attr2 >= 0.385 (R-leaf)
:  :  :  :  Attr4 >= 0.697
:  :  :  :  :  Attr0 = 2 (L-leaf)
:  :  :  :  :  Attr0 != 2 (R-leaf)
:  :  :  Attr5 >= 0.339
:  :  :  :  Attr1 < 0.630
:  :  :  :  :  Attr7 < 0.230 (L-leaf)
:  :  :  :  :  Attr7 >= 0.230 (R-leaf)
:  :  :  :  Attr1 >= 0.630
:  :  :  :  :  Attr2 < 0.475 (L-leaf)
:  :  :  :  :  Attr2 >= 0.475 (R-leaf)
:  Attr3 >= 0.175
:  :  Attr7 < 0.340
:  :  :  Attr0 = 2 (L-leaf)
:  :  :  Attr0 != 2
:  :  :  :  Attr2 < 0.510
:  :  :  :  :  Attr1 < 0.610 (L-leaf)
:  :  :  :  :  Attr1 >= 0.610 (R-leaf)
:  :  :  :  Attr2 >= 0.510 (R-leaf)
:  :  Attr7 >= 0.340
:  :  :  Attr3 < 0.190
:  :  :  :  Attr1 < 0.630 (L-leaf)
:  :  :  :  Attr1 >= 0.630
:  :  :  :  :  Attr1 < 0.650 (L-leaf)
:  :  :  :  :  Attr1 >= 0.650 (R-leaf)
:  :  :  Attr3 >= 0.190
:  :  :  :  Attr3 < 0.200
:  :  :  :  :  Attr0 = 1 (L-leaf)
:  :  :  :  :  Attr0 != 1 (R-leaf)
:  :  :  :  Attr3 >= 0.200
:  :  :  :  :  Attr1 < 0.710 (L-leaf)
:  :  :  :  :  Attr1 >= 0.710 (R-leaf)
Attr5 >= 0.826
:  Attr1 < 0.725
:  :  Attr1 < 0.705 (L-leaf)
:  :  Attr1 >= 0.705
:  :  :  Attr0 = 2 (L-leaf)
:  :  :  Attr0 != 2 (R-leaf)
:  Attr1 >= 0.725 (R-leaf)
======================= tree 30
Attr1 < 0.735
:  Attr5 < 0.484
:  :  Attr5 < 0.433
:  :  :  Attr5 < 0.402
:  :  :  :  Attr5 < 0.086
:  :  :  :  :  Attr4 < 0.196 (L-leaf)
:  :  :  :  :  Attr4 >= 0.196 (R-leaf)
:  :  :  :  Attr5 >= 0.086
:  :  :  :  :  Attr1 < 0.570 (L-leaf)
:  :  :  :  :  Attr1 >= 0.570 (R-leaf)
:  :  :  Attr5 >= 0.402
:  :  :  :  Attr1 < 0.570
:  :  :  :  :  Attr0 = 3 (L-leaf)
:  :  :  :  :  Attr0 != 3 (R-leaf)
:  :  :  :  Attr1 >= 0.570
:  :  :  :  :  Attr1 < 0.595 (L-leaf)
:  :  :  :  :  Attr1 >= 0.595 (R-leaf)
:  :  Attr5 >= 0.433
:  :  :  Attr1 < 0.590
:  :  :  :  Attr0 = 1 (L-leaf)
:  :  :  :  Attr0 != 1 (R-leaf)
:  :  :  Attr1 >= 0.590
:  :  :  :  Attr0 = 2 (L-leaf)
:  :  :  :  Attr0 != 2 (R-leaf)
:  Attr5 >= 0.484
:  :  Attr4 < 1.173
:  :  :  Attr1 < 0.625
:  :  :  :  Attr5 < 0.535
:  :  :  :  :  Attr0 = 1 (L-leaf)
:  :  :  :  :  Attr0 != 1 (R-leaf)
:  :  :  :  Attr5 >= 0.535
:  :  :  :  :  Attr1 < 0.605 (L-leaf)
:  :  :  :  :  Attr1 >= 0.605 (R-leaf)
:  :  :  Attr1 >= 0.625
:  :  :  :  Attr4 < 1.166
:  :  :  :  :  Attr0 = 1 (L-leaf)
:  :  :  :  :  Attr0 != 1 (R-leaf)
:  :  :  :  Attr4 >= 1.166 (R-leaf)
:  :  Attr4 >= 1.173
:  :  :  Attr5 < 0.575
:  :  :  :  Attr1 < 0.655 (L-leaf)
:  :  :  :  Attr1 >= 0.655 (R-leaf)
:  :  :  Attr5 >= 0.575
:  :  :  :  Attr7 < 0.495
:  :  :  :  :  Attr4 < 1.254 (L-leaf)
:  :  :  :  :  Attr4 >= 1.254 (R-leaf)
:  :  :  :  Attr7 >= 0.495 (R-leaf)
Attr1 >= 0.735
:  Attr1 < 0.740 (L-leaf)
:  Attr1 >= 0.740 (R-leaf)
======================= tree 31
Attr1 < 0.630
:  Attr1 < 0.590
:  :  Attr2 < 0.450
:  :  :  Attr1 < 0.580
:  :  :  :  Attr6 < 0.194
:  :  :  :  :  Attr7 < 0.246 (L-leaf)
:  :  :  :  :  Attr7 >= 0.246 (R-leaf)
:  :  :  :  Attr6 >= 0.194
:  :  :  :  :  Attr0 = 2 (L-leaf)
:  :  :  :  :  Attr0 != 2 (R-leaf)
:  :  :  Attr1 >= 0.580
:  :  :  :  Attr0 = 1 (L-leaf)
:  :  :  :  Attr0 != 1 (R-leaf)
:  :  Attr2 >= 0.450
:  :  :  Attr5 < 0.380 (L-leaf)
:  :  :  Attr5 >= 0.380
:  :  :  :  Attr1 < 0.580
:  :  :  :  :  Attr1 < 0.575 (L-leaf)
:  :  :  :  :  Attr1 >= 0.575 (R-leaf)
:  :  :  :  Attr1 >= 0.580
:  :  :  :  :  Attr3 < 0.170 (L-leaf)
:  :  :  :  :  Attr3 >= 0.170 (R-leaf)
:  Attr1 >= 0.590
:  :  Attr5 < 0.445
:  :  :  Attr2 < 0.490
:  :  :  :  Attr2 < 0.480
:  :  :  :  :  Attr0 = 2 (L-leaf)
:  :  :  :  :  Attr0 != 2 (R-leaf)
:  :  :  :  Attr2 >= 0.480 (R-leaf)
:  :  :  Attr2 >= 0.490
:  :  :  :  Attr1 < 0.625 (L-leaf)
:  :  :  :  Attr1 >= 0.625 (R-leaf)
:  :  Attr5 >= 0.445
:  :  :  Attr5 < 0.458
:  :  :  :  Attr3 < 0.180
:  :  :  :  :  Attr0 = 1 (L-leaf)
:  :  :  :  :  Attr0 != 1 (R-leaf)
:  :  :  :  Attr3 >= 0.180 (R-leaf)
:  :  :  Attr5 >= 0.458
:  :  :  :  Attr5 < 0.541
:  :  :  :  :  Attr3 < 0.145 (L-leaf)
:  :  :  :  :  Attr3 >= 0.145 (R-leaf)
:  :  :  :  Attr5 >= 0.541
:  :  :  :  :  Attr0 = 3 (L-leaf)
:  :  :  :  :  Attr0 != 3 (R-leaf)
Attr1 >= 0.630
:  Attr6 < 0.306
:  :  Attr4 < 1.292
:  :  :  Attr2 < 0.485 (L-leaf)
:  :  :  Attr2 >= 0.485
:  :  :  :  Attr0 = 1
:  :  :  :  :  Attr1 < 0.635 (L-leaf)
:  :  :  :  :  Attr1 >= 0.635 (R-leaf)
:  :  :  :  Attr0 != 1 (R-leaf)
:  :  Attr4 >= 1.292
:  :  :  Attr0 = 2 (L-leaf)
:  :  :  Attr0 != 2 (R-leaf)
:  Attr6 >= 0.306 (R-leaf)
======================= tree 32
Attr6 < 0.309
:  Attr3 < 0.190
:  :  Attr1 < 0.635
:  :  :  Attr3 < 0.155
:  :  :  :  Attr4 < 0.449
:  :  :  :  :  Attr2 < 0.280 (L-leaf)
:  :  :  :  :  Attr2 >= 0.280 (R-leaf)
:  :  :  :  Attr4 >= 0.449
:  :  :  :  :  Attr3 < 0.130 (L-leaf)
:  :  :  :  :  Attr3 >= 0.130 (R-leaf)
:  :  :  Attr3 >= 0.155
:  :  :  :  Attr0 = 2 (L-leaf)
:  :  :  :  Attr0 != 2
:  :  :  :  :  Attr1 < 0.595 (L-leaf)
:  :  :  :  :  Attr1 >= 0.595 (R-leaf)
:  :  Attr1 >= 0.635
:  :  :  Attr3 < 0.160 (L-leaf)
:  :  :  Attr3 >= 0.160
:  :  :  :  Attr1 < 0.680
:  :  :  :  :  Attr7 < 0.354 (L-leaf)
:  :  :  :  :  Attr7 >= 0.354 (R-leaf)
:  :  :  :  Attr1 >= 0.680
:  :  :  :  :  Attr0 = 1 (L-leaf)
:  :  :  :  :  Attr0 != 1 (R-leaf)
:  Attr3 >= 0.190
:  :  Attr0 = 2
:  :  :  Attr1 < 0.635 (L-leaf)
:  :  :  Attr1 >= 0.635 (R-leaf)
:  :  Attr0 != 2 (R-leaf)
Attr6 >= 0.309
:  Attr3 < 0.170 (L-leaf)
:  Attr3 >= 0.170
:  :  Attr0 = 3 (L-leaf)
:  :  Attr0 != 3
:  :  :  Attr1 < 0.685
:  :  :  :  Attr6 < 0.440
:  :  :  :  :  Attr5 < 0.590 (L-leaf)
:  :  :  :  :  Attr5 >= 0.590 (R-leaf)
:  :  :  :  Attr6 >= 0.440 (R-leaf)
:  :  :  Attr1 >= 0.685
:  :  :  :  Attr5 < 0.954
:  :  :  :  :  Attr3 < 0.190 (L-leaf)
:  :  :  :  :  Attr3 >= 0.190 (R-leaf)
:  :  :  :  Attr5 >= 0.954
:  :  :  :  :  Attr6 < 0.478 (L-leaf)
:  :  :  :  :  Attr6 >= 0.478 (R-leaf)
======================= tree 33
Attr3 < 0.180
:  Attr6 < 0.065
:  :  Attr1 < 0.435
:  :  :  Attr1 < 0.420 (L-leaf)
:  :  :  Attr1 >= 0.420 (R-leaf)
:  :  Attr1 >= 0.435 (R-leaf)
:  Attr6 >= 0.065
:  :  Attr1 < 0.600
:  :  :  Attr6 < 0.183
:  :  :  :  Attr4 < 0.645
:  :  :  :  :  Attr1 < 0.495 (L-leaf)
:  :  :  :  :  Attr1 >= 0.495 (R-leaf)
:  :  :  :  Attr4 >= 0.645
:  :  :  :  :  Attr1 < 0.535 (L-leaf)
:  :  :  :  :  Attr1 >= 0.535 (R-leaf)
:  :  :  Attr6 >= 0.183
:  :  :  :  Attr6 < 0.211
:  :  :  :  :  Attr5 < 0.410 (L-leaf)
:  :  :  :  :  Attr5 >= 0.410 (R-leaf)
:  :  :  :  Attr6 >= 0.211
:  :  :  :  :  Attr1 < 0.585 (L-leaf)
:  :  :  :  :  Attr1 >= 0.585 (R-leaf)
:  :  Attr1 >= 0.600
:  :  :  Attr6 < 0.262
:  :  :  :  Attr2 < 0.495
:  :  :  :  :  Attr0 = 1 (L-leaf)
:  :  :  :  :  Attr0 != 1 (R-leaf)
:  :  :  :  Attr2 >= 0.495
:  :  :  :  :  Attr2 < 0.505 (L-leaf)
:  :  :  :  :  Attr2 >= 0.505 (R-leaf)
:  :  :  Attr6 >= 0.262
:  :  :  :  Attr5 < 0.557
:  :  :  :  :  Attr1 < 0.655 (L-leaf)
:  :  :  :  :  Attr1 >= 0.655 (R-leaf)
:  :  :  :  Attr5 >= 0.557
:  :  :  :  :  Attr1 < 0.685 (L-leaf)
:  :  :  :  :  Attr1 >= 0.685 (R-leaf)
Attr3 >= 0.180
:  Attr3 < 0.185
:  :  Attr0 = 1
:  :  :  Attr1 < 0.635 (L-leaf)
:  :  :  Attr1 >= 0.635 (R-leaf)
:  :  Attr0 != 1 (R-leaf)
:  Attr3 >= 0.185
:  :  Attr5 < 0.615
:  :  :  Attr3 < 0.215
:  :  :  :  Attr0 = 1 (L-leaf)
:  :  :  :  Attr0 != 1 (R-leaf)
:  :  :  Attr3 >= 0.215 (R-leaf)
:  :  Attr5 >= 0.615
:  :  :  Attr5 < 0.667
:  :  :  :  Attr1 < 0.700 (L-leaf)
:  :  :  :  Attr1 >= 0.700 (R-leaf)
:  :  :  Attr5 >= 0.667 (R-leaf)
======================= tree 34
Attr7 < 0.463
:  Attr5 < 0.463
:  :  Attr3 < 0.155
:  :  :  Attr1 < 0.465
:  :  :  :  Attr5 < 0.216
:  :  :  :  :  Attr3 < 0.095 (L-leaf)
:  :  :  :  :  Attr3 >= 0.095 (R-leaf)
:  :  :  :  Attr5 >= 0.216
:  :  :  :  :  Attr1 < 0.440 (L-leaf)
:  :  :  :  :  Attr1 >= 0.440 (R-leaf)
:  :  :  Attr1 >= 0.465
:  :  :  :  Attr6 < 0.184
:  :  :  :  :  Attr4 < 0.728 (L-leaf)
:  :  :  :  :  Attr4 >= 0.728 (R-leaf)
:  :  :  :  Attr6 >= 0.184
:  :  :  :  :  Attr1 < 0.575 (L-leaf)
:  :  :  :  :  Attr1 >= 0.575 (R-leaf)
:  :  Attr3 >= 0.155
:  :  :  Attr1 < 0.615 (L-leaf)
:  :  :  Attr1 >= 0.615 (R-leaf)
:  Attr5 >= 0.463
:  :  Attr2 < 0.485
:  :  :  Attr0 = 1
:  :  :  :  Attr1 < 0.600 (L-leaf)
:  :  :  :  Attr1 >= 0.600 (R-leaf)
:  :  :  Attr0 != 1
:  :  :  :  Attr1 < 0.625 (L-leaf)
:  :  :  :  Attr1 >= 0.625 (R-leaf)
:  :  Attr2 >= 0.485
:  :  :  Attr3 < 0.170
:  :  :  :  Attr0 = 2 (L-leaf)
:  :  :  :  Attr0 != 2
:  :  :  :  :  Attr1 < 0.675 (L-leaf)
:  :  :  :  :  Attr1 >= 0.675 (R-leaf)
:  :  :  Attr3 >= 0.170
:  :  :  :  Attr1 < 0.660
:  :  :  :  :  Attr0 = 1 (L-leaf)
:  :  :  :  :  Attr0 != 1 (R-leaf)
:  :  :  :  Attr1 >= 0.660
:  :  :  :  :  Attr0 = 1 (L-leaf)
:  :  :  :  :  Attr0 != 1 (R-leaf)
Attr7 >= 0.463
:  Attr1 < 0.710 (L-leaf)
:  Attr1 >= 0.710
:  :  Attr1 < 0.755
:  :  :  Attr0 = 1 (L-leaf)
:  :  :  Attr0 != 1 (R-leaf)
:  :  Attr1 >= 0.755 (R-leaf)
======================= tree 35
Attr7 < 0.710
:  Attr4 < 0.980
:  :  Attr0 = 3
:  :  :  Attr3 < 0.125
:  :  :  :  Attr1 < 0.325
:  :  :  :  :  Attr1 < 0.270 (L-leaf)
:  :  :  :  :  Attr1 >= 0.270 (R-leaf)
:  :  :  :  Attr1 >= 0.325
:  :  :  :  :  Attr1 < 0.510 (L-leaf)
:  :  :  :  :  Attr1 >= 0.510 (R-leaf)
:  :  :  Attr3 >= 0.125
:  :  :  :  Attr1 < 0.480 (L-leaf)
:  :  :  :  Attr1 >= 0.480 (R-leaf)
:  :  Attr0 != 3
:  :  :  Attr5 < 0.291
:  :  :  :  Attr5 < 0.237
:  :  :  :  :  Attr6 < 0.115 (L-leaf)
:  :  :  :  :  Attr6 >= 0.115 (R-leaf)
:  :  :  :  Attr5 >= 0.237
:  :  :  :  :  Attr3 < 0.180 (L-leaf)
:  :  :  :  :  Attr3 >= 0.180 (R-leaf)
:  :  :  Attr5 >= 0.291
:  :  :  :  Attr5 < 0.330
:  :  :  :  :  Attr0 = 2 (L-leaf)
:  :  :  :  :  Attr0 != 2 (R-leaf)
:  :  :  :  Attr5 >= 0.330
:  :  :  :  :  Attr1 < 0.565 (L-leaf)
:  :  :  :  :  Attr1 >= 0.565 (R-leaf)
:  Attr4 >= 0.980
:  :  Attr1 < 0.645
:  :  :  Attr2 < 0.450
:  :  :  :  Attr0 = 1 (L-leaf)
:  :  :  :  Attr0 != 1 (R-leaf)
:  :  :  Attr2 >= 0.450
:  :  :  :  Attr2 < 0.485
:  :  :  :  :  Attr0 = 1 (L-leaf)
:  :  :  :  :  Attr0 != 1 (R-leaf)
:  :  :  :  Attr2 >= 0.485
:  :  :  :  :  Attr2 < 0.490 (L-leaf)
:  :  :  :  :  Attr2 >= 0.490 (R-leaf)
:  :  Attr1 >= 0.645
:  :  :  Attr3 < 0.180
:  :  :  :  Attr0 = 2
:  :  :  :  :  Attr1 < 0.670 (L-leaf)
:  :  :  :  :  Attr1 >= 0.670 (R-leaf)
:  :  :  :  Attr0 != 2 (R-leaf)
:  :  :  Attr3 >= 0.180
:  :  :  :  Attr6 < 0.407
:  :  :  :  :  Attr5 < 0.535 (L-leaf)
:  :  :  :  :  Attr5 >= 0.535 (R-leaf)
:  :  :  :  Attr6 >= 0.407 (R-leaf)
Attr7 >= 0.710
:  Attr1 < 0.700 (L-leaf)
:  Attr1 >= 0.700 (R-leaf)
======================= tree 36
Attr1 < 0.460
:  Attr6 < 0.120
:  :  Attr5 < 0.170
:  :  :  Attr1 < 0.345
:  :  :  :  Attr0 = 1 (L-leaf)
:  :  :  :  Attr0 != 1 (R-leaf)
:  :  :  Attr1 >= 0.345
:  :  :  :  Attr7 < 0.125
:  :  :  :  :  Attr0 = 3 (L-leaf)
:  :  :  :  :  Attr0 != 3 (R-leaf)
:  :  :  :  Attr7 >= 0.125
:  :  :  :  :  Attr1 < 0.425 (L-leaf)
:  :  :  :  :  Attr1 >= 0.425 (R-leaf)
:  :  Attr5 >= 0.170
:  :  :  Attr6 < 0.115
:  :  :  :  Attr4 < 0.533
:  :  :  :  :  Attr0 = 2 (L-leaf)
:  :  :  :  :  Attr0 != 2 (R-leaf)
:  :  :  :  Attr4 >= 0.533 (R-leaf)
:  :  :  Attr6 >= 0.115 (R-leaf)
:  Attr6 >= 0.120
:  :  Attr1 < 0.450 (L-leaf)
:  :  Attr1 >= 0.450 (R-leaf)
Attr1 >= 0.460
:  Attr3 < 0.175
:  :  Attr7 < 0.215
:  :  :  Attr1 < 0.495
:  :  :  :  Attr5 < 0.192 (L-leaf)
:  :  :  :  Attr5 >= 0.192
:  :  :  :  :  Attr1 < 0.485 (L-leaf)
:  :  :  :  :  Attr1 >= 0.485 (R-leaf)
:  :  :  Attr1 >= 0.495
:  :  :  :  Attr3 < 0.135 (L-leaf)
:  :  :  :  Attr3 >= 0.135
:  :  :  :  :  Attr1 < 0.555 (L-leaf)
:  :  :  :  :  Attr1 >= 0.555 (R-leaf)
:  :  Attr7 >= 0.215
:  :  :  Attr6 < 0.162
:  :  :  :  Attr1 < 0.500 (L-leaf)
:  :  :  :  Attr1 >= 0.500
:  :  :  :  :  Attr1 < 0.555 (L-leaf)
:  :  :  :  :  Attr1 >= 0.555 (R-leaf)
:  :  :  Attr6 >= 0.162
:  :  :  :  Attr6 < 0.289
:  :  :  :  :  Attr3 < 0.125 (L-leaf)
:  :  :  :  :  Attr3 >= 0.125 (R-leaf)
:  :  :  :  Attr6 >= 0.289
:  :  :  :  :  Attr0 = 2 (L-leaf)
:  :  :  :  :  Attr0 != 2 (R-leaf)
:  Attr3 >= 0.175
:  :  Attr2 < 0.435 (L-leaf)
:  :  Attr2 >= 0.435
:  :  :  Attr3 < 0.195
:  :  :  :  Attr4 < 1.402
:  :  :  :  :  Attr7 < 0.370 (L-leaf)
:  :  :  :  :  Attr7 >= 0.370 (R-leaf)
:  :  :  :  Attr4 >= 1.402
:  :  :  :  :  Attr4 < 1.498 (L-leaf)
:  :  :  :  :  Attr4 >= 1.498 (R-leaf)
:  :  :  Attr3 >= 0.195
:  :  :  :  Attr1 < 0.590 (L-leaf)
:  :  :  :  Attr1 >= 0.590
:  :  :  :  :  Attr1 < 0.690 (L-leaf)
:  :  :  :  :  Attr1 >= 0.690 (R-leaf)
======================= tree 37
Attr1 < 0.690
:  Attr1 < 0.345
:  :  Attr1 < 0.265 (L-leaf)
:  :  Attr1 >= 0.265
:  :  :  Attr1 < 0.275 (L-leaf)
:  :  :  Attr1 >= 0.275 (R-leaf)
:  Attr1 >= 0.345
:  :  Attr6 < 0.488
:  :  :  Attr3 < 0.190
:  :  :  :  Attr3 < 0.165
:  :  :  :  :  Attr5 < 0.428 (L-leaf)
:  :  :  :  :  Attr5 >= 0.428 (R-leaf)
:  :  :  :  Attr3 >= 0.165
:  :  :  :  :  Attr1 < 0.585 (L-leaf)
:  :  :  :  :  Attr1 >= 0.585 (R-leaf)
:  :  :  Attr3 >= 0.190
:  :  :  :  Attr0 = 1 (L-leaf)
:  :  :  :  Attr0 != 1
:  :  :  :  :  Attr1 < 0.635 (L-leaf)
:  :  :  :  :  Attr1 >= 0.635 (R-leaf)
:  :  Attr6 >= 0.488 (R-leaf)
Attr1 >= 0.690
:  Attr0 = 1 (L-leaf)
:  Attr0 != 1
:  :  Attr1 < 0.710 (L-leaf)
:  :  Attr1 >= 0.710 (R-leaf)
======================= tree 38
Attr7 < 0.165
:  Attr0 = 3
:  :  Attr1 < 0.475
:  :  :  Attr3 < 0.110
:  :  :  :  Attr6 < 0.072
:  :  :  :  :  Attr6 < 0.047 (L-leaf)
:  :  :  :  :  Attr6 >= 0.047 (R-leaf)
:  :  :  :  Attr6 >= 0.072
:  :  :  :  :  Attr1 < 0.395 (L-leaf)
:  :  :  :  :  Attr1 >= 0.395 (R-leaf)
:  :  :  Attr3 >= 0.110
:  :  :  :  Attr2 < 0.340
:  :  :  :  :  Attr1 < 0.440 (L-leaf)
:  :  :  :  :  Attr1 >= 0.440 (R-leaf)
:  :  :  :  Attr2 >= 0.340 (R-leaf)
:  :  Attr1 >= 0.475 (R-leaf)
:  Attr0 != 3
:  :  Attr1 < 0.305
:  :  :  Attr1 < 0.285 (L-leaf)
:  :  :  Attr1 >= 0.285 (R-leaf)
:  :  Attr1 >= 0.305
:  :  :  Attr1 < 0.335
:  :  :  :  Attr0 = 1
:  :  :  :  :  Attr2 < 0.245 (L-leaf)
:  :  :  :  :  Attr2 >= 0.245 (R-leaf)
:  :  :  :  Attr0 != 1 (R-leaf)
:  :  :  Attr1 >= 0.335
:  :  :  :  Attr6 < 0.106
:  :  :  :  :  Attr1 < 0.460 (L-leaf)
:  :  :  :  :  Attr1 >= 0.460 (R-leaf)
:  :  :  :  Attr6 >= 0.106
:  :  :  :  :  Attr4 < 0.533 (L-leaf)
:  :  :  :  :  Attr4 >= 0.533 (R-leaf)
Attr7 >= 0.165
:  Attr3 < 0.170
:  :  Attr6 < 0.202
:  :  :  Attr4 < 0.660
:  :  :  :  Attr1 < 0.445 (L-leaf)
:  :  :  :  Attr1 >= 0.445
:  :  :  :  :  Attr1 < 0.510 (L-leaf)
:  :  :  :  :  Attr1 >= 0.510 (R-leaf)
:  :  :  Attr4 >= 0.660
:  :  :  :  Attr2 < 0.420
:  :  :  :  :  Attr7 < 0.250 (L-leaf)
:  :  :  :  :  Attr7 >= 0.250 (R-leaf)
:  :  :  :  Attr2 >= 0.420 (R-leaf)
:  :  Attr6 >= 0.202
:  :  :  Attr7 < 0.325
:  :  :  :  Attr1 < 0.530 (L-leaf)
:  :  :  :  Attr1 >= 0.530
:  :  :  :  :  Attr1 < 0.620 (L-leaf)
:  :  :  :  :  Attr1 >= 0.620 (R-leaf)
:  :  :  Attr7 >= 0.325
:  :  :  :  Attr0 = 1
:  :  :  :  :  Attr3 < 0.160 (L-leaf)
:  :  :  :  :  Attr3 >= 0.160 (R-leaf)
:  :  :  :  Attr0 != 1
:  :  :  :  :  Attr0 = 3 (L-leaf)
:  :  :  :  :  Attr0 != 3 (R-leaf)
:  Attr3 >= 0.170
:  :  Attr1 < 0.740
:  :  :  Attr1 < 0.590
:  :  :  :  Attr0 = 3 (L-leaf)
:  :  :  :  Attr0 != 3 (R-leaf)
:  :  :  Attr1 >= 0.590
:  :  :  :  Attr2 < 0.465 (L-leaf)
:  :  :  :  Attr2 >= 0.465
:  :  :  :  :  Attr0 = 3 (L-leaf)
:  :  :  :  :  Attr0 != 3 (R-leaf)
:  :  Attr1 >= 0.740 (R-leaf)
======================= tree 39
Attr3 < 0.165
:  Attr2 < 0.475
:  :  Attr1 < 0.520
:  :  :  Attr3 < 0.095
:  :  :  :  Attr1 < 0.280
:  :  :  :  :  Attr7 < 0.014 (L-leaf)
:  :  :  :  :  Attr7 >= 0.014 (R-leaf)
:  :  :  :  Attr1 >= 0.280
:  :  :  :  :  Attr1 < 0.355 (L-leaf)
:  :  :  :  :  Attr1 >= 0.355 (R-leaf)
:  :  :  Attr3 >= 0.095
:  :  :  :  Attr5 < 0.255
:  :  :  :  :  Attr6 < 0.118 (L-leaf)
:  :  :  :  :  Attr6 >= 0.118 (R-leaf)
:  :  :  :  Attr5 >= 0.255
:  :  :  :  :  Attr2 < 0.400 (L-leaf)
:  :  :  :  :  Attr2 >= 0.400 (R-leaf)
:  :  Attr1 >= 0.520
:  :  :  Attr7 < 0.337
:  :  :  :  Attr3 < 0.145
:  :  :  :  :  Attr2 < 0.395 (L-leaf)
:  :  :  :  :  Attr2 >= 0.395 (R-leaf)
:  :  :  :  Attr3 >= 0.145
:  :  :  :  :  Attr3 < 0.155 (L-leaf)
:  :  :  :  :  Attr3 >= 0.155 (R-leaf)
:  :  :  Attr7 >= 0.337 (R-leaf)
:  Attr2 >= 0.475
:  :  Attr2 < 0.495
:  :  :  Attr5 < 0.520 (L-leaf)
:  :  :  Attr5 >= 0.520
:  :  :  :  Attr0 = 1 (L-leaf)
:  :  :  :  Attr0 != 1
:  :  :  :  :  Attr1 < 0.630 (L-leaf)
:  :  :  :  :  Attr1 >= 0.630 (R-leaf)
:  :  Attr2 >= 0.495
:  :  :  Attr0 = 2 (L-leaf)
:  :  :  Attr0 != 2 (R-leaf)
Attr3 >= 0.165
:  Attr6 < 0.407
:  :  Attr3 < 0.190
:  :  :  Attr1 < 0.595
:  :  :  :  Attr1 < 0.580 (L-leaf)
:  :  :  :  Attr1 >= 0.580 (R-leaf)
:  :  :  Attr1 >= 0.595
:  :  :  :  Attr1 < 0.620
:  :  :  :  :  Attr1 < 0.610 (L-leaf)
:  :  :  :  :  Attr1 >= 0.610 (R-leaf)
:  :  :  :  Attr1 >= 0.620
:  :  :  :  :  Attr6 < 0.381 (L-leaf)
:  :  :  :  :  Attr6 >= 0.381 (R-leaf)
:  :  Attr3 >= 0.190
:  :  :  Attr1 < 0.640 (L-leaf)
:  :  :  Attr1 >= 0.640
:  :  :  :  Attr0 = 2 (L-leaf)
:  :  :  :  Attr0 != 2 (R-leaf)
:  Attr6 >= 0.407
:  :  Attr3 < 0.230
:  :  :  Attr0 = 1
:  :  :  :  Attr1 < 0.740 (L-leaf)
:  :  :  :  Attr1 >= 0.740 (R-leaf)
:  :  :  Attr0 != 1 (R-leaf)
:  :  Attr3 >= 0.230 (R-leaf)
======================= tree 40
Attr1 < 0.465
:  Attr6 < 0.081
:  :  Attr3 < 0.105
:  :  :  Attr1 < 0.320
:  :  :  :  Attr6 < 0.009 (L-leaf)
:  :  :  :  Attr6 >= 0.009
:  :  :  :  :  Attr1 < 0.260 (L-leaf)
:  :  :  :  :  Attr1 >= 0.260 (R-leaf)
:  :  :  Attr1 >= 0.320
:  :  :  :  Attr3 < 0.100
:  :  :  :  :  Attr5 < 0.151 (L-leaf)
:  :  :  :  :  Attr5 >= 0.151 (R-leaf)
:  :  :  :  Attr3 >= 0.100
:  :  :  :  :  Attr2 < 0.290 (L-leaf)
:  :  :  :  :  Attr2 >= 0.290 (R-leaf)
:  :  Attr3 >= 0.105
:  :  :  Attr1 < 0.440
:  :  :  :  Attr3 < 0.115
:  :  :  :  :  Attr0 = 3 (L-leaf)
:  :  :  :  :  Attr0 != 3 (R-leaf)
:  :  :  :  Attr3 >= 0.115 (R-leaf)
:  :  :  Attr1 >= 0.440 (R-leaf)
:  Attr6 >= 0.081
:  :  Attr7 < 0.106 (L-leaf)
:  :  Attr7 >= 0.106
:  :  :  Attr1 < 0.435 (L-leaf)
:  :  :  Attr1 >= 0.435
:  :  :  :  Attr2 < 0.350
:  :  :  :  :  Attr1 < 0.450 (L-leaf)
:  :  :  :  :  Attr1 >= 0.450 (R-leaf)
:  :  :  :  Attr2 >= 0.350 (R-leaf)
Attr1 >= 0.465
:  Attr1 < 0.485
:  :  Attr3 < 0.145
:  :  :  Attr1 < 0.470 (L-leaf)
:  :  :  Attr1 >= 0.470 (R-leaf)
:  :  Attr3 >= 0.145
:  :  :  Attr1 < 0.475 (L-leaf)
:  :  :  Attr1 >= 0.475 (R-leaf)
:  Attr1 >= 0.485
:  :  Attr7 < 0.268
:  :  :  Attr1 < 0.585
:  :  :  :  Attr0 = 1
:  :  :  :  :  Attr1 < 0.555 (L-leaf)
:  :  :  :  :  Attr1 >= 0.555 (R-leaf)
:  :  :  :  Attr0 != 1
:  :  :  :  :  Attr1 < 0.510 (L-leaf)
:  :  :  :  :  Attr1 >= 0.510 (R-leaf)
:  :  :  Attr1 >= 0.585
:  :  :  :  Attr0 = 2 (L-leaf)
:  :  :  :  Attr0 != 2 (R-leaf)
:  :  Attr7 >= 0.268
:  :  :  Attr7 < 0.288
:  :  :  :  Attr1 < 0.625
:  :  :  :  :  Attr1 < 0.600 (L-leaf)
:  :  :  :  :  Attr1 >= 0.600 (R-leaf)
:  :  :  :  Attr1 >= 0.625 (R-leaf)
:  :  :  Attr7 >= 0.288
:  :  :  :  Attr3 < 0.175
:  :  :  :  :  Attr1 < 0.600 (L-leaf)
:  :  :  :  :  Attr1 >= 0.600 (R-leaf)
:  :  :  :  Attr3 >= 0.175
:  :  :  :  :  Attr4 < 1.492 (L-leaf)
:  :  :  :  :  Attr4 >= 1.492 (R-leaf)
======================= tree 41
Attr3 < 0.160
:  Attr5 < 0.636
:  :  Attr3 < 0.130
:  :  :  Attr4 < 0.581
:  :  :  :  Attr2 < 0.365
:  :  :  :  :  Attr1 < 0.395 (L-leaf)
:  :  :  :  :  Attr1 >= 0.395 (R-leaf)
:  :  :  :  Attr2 >= 0.365
:  :  :  :  :  Attr6 < 0.119 (L-leaf)
:  :  :  :  :  Attr6 >= 0.119 (R-leaf)
:  :  :  Attr4 >= 0.581
:  :  :  :  Attr3 < 0.120 (L-leaf)
:  :  :  :  Attr3 >= 0.120
:  :  :  :  :  Attr0 = 2 (L-leaf)
:  :  :  :  :  Attr0 != 2 (R-leaf)
:  :  Attr3 >= 0.130
:  :  :  Attr5 < 0.426
:  :  :  :  Attr7 < 0.275
:  :  :  :  :  Attr1 < 0.580 (L-leaf)
:  :  :  :  :  Attr1 >= 0.580 (R-leaf)
:  :  :  :  Attr7 >= 0.275
:  :  :  :  :  Attr0 = 3 (L-leaf)
:  :  :  :  :  Attr0 != 3 (R-leaf)
:  :  :  Attr5 >= 0.426
:  :  :  :  Attr0 = 3
:  :  :  :  :  Attr1 < 0.630 (L-leaf)
:  :  :  :  :  Attr1 >= 0.630 (R-leaf)
:  :  :  :  Attr0 != 3
:  :  :  :  :  Attr0 = 2 (L-leaf)
:  :  :  :  :  Attr0 != 2 (R-leaf)
:  Attr5 >= 0.636
:  :  Attr0 = 1 (L-leaf)
:  :  Attr0 != 1 (R-leaf)
Attr3 >= 0.160
:  Attr3 < 0.180
:  :  Attr5 < 0.431
:  :  :  Attr1 < 0.585 (L-leaf)
:  :  :  Attr1 >= 0.585 (R-leaf)
:  :  Attr5 >= 0.431
:  :  :  Attr6 < 0.221
:  :  :  :  Attr0 = 2
:  :  :  :  :  Attr1 < 0.655 (L-leaf)
:  :  :  :  :  Attr1 >= 0.655 (R-leaf)
:  :  :  :  Attr0 != 2
:  :  :  :  :  Attr1 < 0.625 (L-leaf)
:  :  :  :  :  Attr1 >= 0.625 (R-leaf)
:  :  :  Attr6 >= 0.221
:  :  :  :  Attr3 < 0.170
:  :  :  :  :  Attr7 < 0.310 (L-leaf)
:  :  :  :  :  Attr7 >= 0.310 (R-leaf)
:  :  :  :  Attr3 >= 0.170
:  :  :  :  :  Attr5 < 0.500 (L-leaf)
:  :  :  :  :  Attr5 >= 0.500 (R-leaf)
:  Attr3 >= 0.180
:  :  Attr3 < 0.195
:  :  :  Attr5 < 0.708 (L-leaf)
:  :  :  Attr5 >= 0.708
:  :  :  :  Attr1 < 0.715 (L-leaf)
:  :  :  :  Attr1 >= 0.715 (R-leaf)
:  :  Attr3 >= 0.195
:  :  :  Attr1 < 0.660
:  :  :  :  Attr0 = 1 (L-leaf)
:  :  :  :  Attr0 != 1 (R-leaf)
:  :  :  Attr1 >= 0.660
:  :  :  :  Attr1 < 0.735 (L-leaf)
:  :  :  :  Attr1 >= 0.735 (R-leaf)
======================= tree 42
Attr3 < 0.135
:  Attr4 < 0.442
:  :  Attr6 < 0.083
:  :  :  Attr1 < 0.295
:  :  :  :  Attr1 < 0.285 (L-leaf)
:  :  :  :  Attr1 >= 0.285 (R-leaf)
:  :  :  Attr1 >= 0.295
:  :  :  :  Attr5 < 0.135
:  :  :  :  :  Attr3 < 0.085 (L-leaf)
:  :  :  :  :  Attr3 >= 0.085 (R-leaf)
:  :  :  :  Attr5 >= 0.135
:  :  :  :  :  Attr1 < 0.470 (L-leaf)
:  :  :  :  :  Attr1 >= 0.470 (R-leaf)
:  :  Attr6 >= 0.083
:  :  :  Attr2 < 0.370
:  :  :  :  Attr5 < 0.164
:  :  :  :  :  Attr1 < 0.485 (L-leaf)
:  :  :  :  :  Attr1 >= 0.485 (R-leaf)
:  :  :  :  Attr5 >= 0.164
:  :  :  :  :  Attr1 < 0.475 (L-leaf)
:  :  :  :  :  Attr1 >= 0.475 (R-leaf)
:  :  :  Attr2 >= 0.370 (R-leaf)
:  Attr4 >= 0.442
:  :  Attr4 < 0.769
:  :  :  Attr5 < 0.298
:  :  :  :  Attr2 < 0.355 (L-leaf)
:  :  :  :  Attr2 >= 0.355
:  :  :  :  :  Attr0 = 3 (L-leaf)
:  :  :  :  :  Attr0 != 3 (R-leaf)
:  :  :  Attr5 >= 0.298
:  :  :  :  Attr1 < 0.530 (L-leaf)
:  :  :  :  Attr1 >= 0.530 (R-leaf)
:  :  Attr4 >= 0.769
:  :  :  Attr0 = 1 (L-leaf)
:  :  :  Attr0 != 1
:  :  :  :  Attr0 = 2 (L-leaf)
:  :  :  :  Attr0 != 2 (R-leaf)
Attr3 >= 0.135
:  Attr0 = 2
:  :  Attr4 < 1.265
:  :  :  Attr3 < 0.155
:  :  :  :  Attr1 < 0.585 (L-leaf)
:  :  :  :  Attr1 >= 0.585
:  :  :  :  :  Attr1 < 0.595 (L-leaf)
:  :  :  :  :  Attr1 >= 0.595 (R-leaf)
:  :  :  Attr3 >= 0.155
:  :  :  :  Attr1 < 0.590 (L-leaf)
:  :  :  :  Attr1 >= 0.590
:  :  :  :  :  Attr1 < 0.640 (L-leaf)
:  :  :  :  :  Attr1 >= 0.640 (R-leaf)
:  :  Attr4 >= 1.265
:  :  :  Attr1 < 0.735
:  :  :  :  Attr4 < 1.347
:  :  :  :  :  Attr1 < 0.655 (L-leaf)
:  :  :  :  :  Attr1 >= 0.655 (R-leaf)
:  :  :  :  Attr4 >= 1.347
:  :  :  :  :  Attr1 < 0.665 (L-leaf)
:  :  :  :  :  Attr1 >= 0.665 (R-leaf)
:  :  :  Attr1 >= 0.735 (R-leaf)
:  Attr0 != 2
:  :  Attr1 < 0.690
:  :  :  Attr3 < 0.200
:  :  :  :  Attr3 < 0.180
:  :  :  :  :  Attr6 < 0.221 (L-leaf)
:  :  :  :  :  Attr6 >= 0.221 (R-leaf)
:  :  :  :  Attr3 >= 0.180
:  :  :  :  :  Attr1 < 0.615 (L-leaf)
:  :  :  :  :  Attr1 >= 0.615 (R-leaf)
:  :  :  Attr3 >= 0.200 (R-leaf)
:  :  Attr1 >= 0.690
:  :  :  Attr1 < 0.715 (L-leaf)
:  :  :  Attr1 >= 0.715 (R-leaf)
======================= tree 43
Attr6 < 0.322
:  Attr3 < 0.145
:  :  Attr1 < 0.625
:  :  :  Attr4 < 0.647
:  :  :  :  Attr1 < 0.465
:  :  :  :  :  Attr3 < 0.115 (L-leaf)
:  :  :  :  :  Attr3 >= 0.115 (R-leaf)
:  :  :  :  Attr1 >= 0.465
:  :  :  :  :  Attr1 < 0.470 (L-leaf)
:  :  :  :  :  Attr1 >= 0.470 (R-leaf)
:  :  :  Attr4 >= 0.647
:  :  :  :  Attr0 = 2 (L-leaf)
:  :  :  :  Attr0 != 2
:  :  :  :  :  Attr1 < 0.510 (L-leaf)
:  :  :  :  :  Attr1 >= 0.510 (R-leaf)
:  :  Attr1 >= 0.625 (R-leaf)
:  Attr3 >= 0.145
:  :  Attr1 < 0.595
:  :  :  Attr1 < 0.500
:  :  :  :  Attr0 = 2 (L-leaf)
:  :  :  :  Attr0 != 2 (R-leaf)
:  :  :  Attr1 >= 0.500
:  :  :  :  Attr6 < 0.182
:  :  :  :  :  Attr0 = 1 (L-leaf)
:  :  :  :  :  Attr0 != 1 (R-leaf)
:  :  :  :  Attr6 >= 0.182
:  :  :  :  :  Attr0 = 3 (L-leaf)
:  :  :  :  :  Attr0 != 3 (R-leaf)
:  :  Attr1 >= 0.595
:  :  :  Attr1 < 0.600 (L-leaf)
:  :  :  Attr1 >= 0.600
:  :  :  :  Attr7 < 0.358
:  :  :  :  :  Attr4 < 1.012 (L-leaf)
:  :  :  :  :  Attr4 >= 1.012 (R-leaf)
:  :  :  :  Attr7 >= 0.358
:  :  :  :  :  Attr5 < 0.575 (L-leaf)
:  :  :  :  :  Attr5 >= 0.575 (R-leaf)
Attr6 >= 0.322
:  Attr3 < 0.190
:  :  Attr1 < 0.725
:  :  :  Attr2 < 0.535
:  :  :  :  Attr1 < 0.705 (L-leaf)
:  :  :  :  Attr1 >= 0.705 (R-leaf)
:  :  :  Attr2 >= 0.535
:  :  :  :  Attr0 = 2 (L-leaf)
:  :  :  :  Attr0 != 2 (R-leaf)
:  :  Attr1 >= 0.725 (R-leaf)
:  Attr3 >= 0.190
:  :  Attr6 < 0.328 (L-leaf)
:  :  Attr6 >= 0.328
:  :  :  Attr0 = 2
:  :  :  :  Attr4 < 1.460 (L-leaf)
:  :  :  :  Attr4 >= 1.460
:  :  :  :  :  Attr7 < 0.470 (L-leaf)
:  :  :  :  :  Attr7 >= 0.470 (R-leaf)
:  :  :  Attr0 != 2
:  :  :  :  Attr1 < 0.780 (L-leaf)
:  :  :  :  Attr1 >= 0.780 (R-leaf)
======================= tree 44
Attr7 < 0.465
:  Attr7 < 0.450
:  :  Attr2 < 0.450
:  :  :  Attr6 < 0.153
:  :  :  :  Attr3 < 0.125
:  :  :  :  :  Attr0 = 3 (L-leaf)
:  :  :  :  :  Attr0 != 3 (R-leaf)
:  :  :  :  Attr3 >= 0.125
:  :  :  :  :  Attr6 < 0.108 (L-leaf)
:  :  :  :  :  Attr6 >= 0.108 (R-leaf)
:  :  :  Attr6 >= 0.153
:  :  :  :  Attr2 < 0.425
:  :  :  :  :  Attr0 = 2 (L-leaf)
:  :  :  :  :  Attr0 != 2 (R-leaf)
:  :  :  :  Attr2 >= 0.425
:  :  :  :  :  Attr0 = 1 (L-leaf)
:  :  :  :  :  Attr0 != 1 (R-leaf)
:  :  Attr2 >= 0.450
:  :  :  Attr5 < 0.335
:  :  :  :  Attr0 = 2 (L-leaf)
:  :  :  :  Attr0 != 2
:  :  :  :  :  Attr0 = 3 (L-leaf)
:  :  :  :  :  Attr0 != 3 (R-leaf)
:  :  :  Attr5 >= 0.335
:  :  :  :  Attr5 < 0.527
:  :  :  :  :  Attr5 < 0.433 (L-leaf)
:  :  :  :  :  Attr5 >= 0.433 (R-leaf)
:  :  :  :  Attr5 >= 0.527
:  :  :  :  :  Attr0 = 3 (L-leaf)
:  :  :  :  :  Attr0 != 3 (R-leaf)
:  Attr7 >= 0.450
:  :  Attr1 < 0.675
:  :  :  Attr1 < 0.665 (L-leaf)
:  :  :  Attr1 >= 0.665 (R-leaf)
:  :  Attr1 >= 0.675
:  :  :  Attr1 < 0.695 (L-leaf)
:  :  :  Attr1 >= 0.695 (R-leaf)
Attr7 >= 0.465
:  Attr2 < 0.540 (L-leaf)
:  Attr2 >= 0.540
:  :  Attr6 < 0.478
:  :  :  Attr0 = 2 (L-leaf)
:  :  :  Attr0 != 2
:  :  :  :  Attr1 < 0.740 (L-leaf)
:  :  :  :  Attr1 >= 0.740 (R-leaf)
:  :  Attr6 >= 0.478 (R-leaf)
======================= tree 45
Attr5 < 0.446
:  Attr1 < 0.500
:  :  Attr7 < 0.175
:  :  :  Attr7 < 0.170
:  :  :  :  Attr3 < 0.115
:  :  :  :  :  Attr3 < 0.085 (L-leaf)
:  :  :  :  :  Attr3 >= 0.085 (R-leaf)
:  :  :  :  Attr3 >= 0.115
:  :  :  :  :  Attr4 < 0.440 (L-leaf)
:  :  :  :  :  Attr4 >= 0.440 (R-leaf)
:  :  :  Attr7 >= 0.170 (R-leaf)
:  :  Attr7 >= 0.175
:  :  :  Attr6 < 0.172
:  :  :  :  Attr0 = 3 (L-leaf)
:  :  :  :  Attr0 != 3
:  :  :  :  :  Attr1 < 0.490 (L-leaf)
:  :  :  :  :  Attr1 >= 0.490 (R-leaf)
:  :  :  Attr6 >= 0.172
:  :  :  :  Attr0 = 2 (L-leaf)
:  :  :  :  Attr0 != 2 (R-leaf)
:  Attr1 >= 0.500
:  :  Attr3 < 0.150
:  :  :  Attr1 < 0.520
:  :  :  :  Attr4 < 0.633
:  :  :  :  :  Attr1 < 0.515 (L-leaf)
:  :  :  :  :  Attr1 >= 0.515 (R-leaf)
:  :  :  :  Attr4 >= 0.633
:  :  :  :  :  Attr0 = 1 (L-leaf)
:  :  :  :  :  Attr0 != 1 (R-leaf)
:  :  :  Attr1 >= 0.520
:  :  :  :  Attr6 < 0.196
:  :  :  :  :  Attr0 = 1 (L-leaf)
:  :  :  :  :  Attr0 != 1 (R-leaf)
:  :  :  :  Attr6 >= 0.196
:  :  :  :  :  Attr1 < 0.570 (L-leaf)
:  :  :  :  :  Attr1 >= 0.570 (R-leaf)
:  :  Attr3 >= 0.150
:  :  :  Attr6 < 0.175
:  :  :  :  Attr1 < 0.575 (L-leaf)
:  :  :  :  Attr1 >= 0.575 (R-leaf)
:  :  :  Attr6 >= 0.175
:  :  :  :  Attr7 < 0.275
:  :  :  :  :  Attr1 < 0.545 (L-leaf)
:  :  :  :  :  Attr1 >= 0.545 (R-leaf)
:  :  :  :  Attr7 >= 0.275
:  :  :  :  :  Attr7 < 0.355 (L-leaf)
:  :  :  :  :  Attr7 >= 0.355 (R-leaf)
Attr5 >= 0.446
:  Attr7 < 0.431
:  :  Attr5 < 0.752
:  :  :  Attr3 < 0.170
:  :  :  :  Attr0 = 1 (L-leaf)
:  :  :  :  Attr0 != 1
:  :  :  :  :  Attr1 < 0.615 (L-leaf)
:  :  :  :  :  Attr1 >= 0.615 (R-leaf)
:  :  :  Attr3 >= 0.170
:  :  :  :  Attr2 < 0.470
:  :  :  :  :  Attr0 = 1 (L-leaf)
:  :  :  :  :  Attr0 != 1 (R-leaf)
:  :  :  :  Attr2 >= 0.470
:  :  :  :  :  Attr1 < 0.610 (L-leaf)
:  :  :  :  :  Attr1 >= 0.610 (R-leaf)
:  :  Attr5 >= 0.752 (R-leaf)
:  Attr7 >= 0.431
:  :  Attr1 < 0.680
:  :  :  Attr1 < 0.675 (L-leaf)
:  :  :  Attr1 >= 0.675 (R-leaf)
:  :  Attr1 >= 0.680
:  :  :  Attr1 < 0.710 (L-leaf)
:  :  :  Attr1 >= 0.710 (R-leaf)
======================= tree 46
Attr3 < 0.140
:  Attr7 < 0.177
:  :  Attr1 < 0.460
:  :  :  Attr7 < 0.168
:  :  :  :  Attr2 < 0.300
:  :  :  :  :  Attr6 < 0.059 (L-leaf)
:  :  :  :  :  Attr6 >= 0.059 (R-leaf)
:  :  :  :  Attr2 >= 0.300
:  :  :  :  :  Attr0 = 3 (L-leaf)
:  :  :  :  :  Attr0 != 3 (R-leaf)
:  :  :  Attr7 >= 0.168 (R-leaf)
:  :  Attr1 >= 0.460
:  :  :  Attr1 < 0.515
:  :  :  :  Attr1 < 0.470 (L-leaf)
:  :  :  :  Attr1 >= 0.470 (R-leaf)
:  :  :  Attr1 >= 0.515 (R-leaf)
:  Attr7 >= 0.177
:  :  Attr7 < 0.260
:  :  :  Attr1 < 0.540
:  :  :  :  Attr2 < 0.400
:  :  :  :  :  Attr0 = 1 (L-leaf)
:  :  :  :  :  Attr0 != 1 (R-leaf)
:  :  :  :  Attr2 >= 0.400
:  :  :  :  :  Attr1 < 0.525 (L-leaf)
:  :  :  :  :  Attr1 >= 0.525 (R-leaf)
:  :  :  Attr1 >= 0.540
:  :  :  :  Attr0 = 1 (L-leaf)
:  :  :  :  Attr0 != 1 (R-leaf)
:  :  Attr7 >= 0.260
:  :  :  Attr1 < 0.530 (L-leaf)
:  :  :  Attr1 >= 0.530
:  :  :  :  Attr0 = 2 (L-leaf)
:  :  :  :  Attr0 != 2
:  :  :  :  :  Attr0 = 3 (L-leaf)
:  :  :  :  :  Attr0 != 3 (R-leaf)
Attr3 >= 0.140
:  Attr6 < 0.151
:  :  Attr5 < 0.273
:  :  :  Attr0 = 1 (L-leaf)
:  :  :  Attr0 != 1
:  :  :  :  Attr0 = 3 (L-leaf)
:  :  :  :  Attr0 != 3 (R-leaf)
:  :  Attr5 >= 0.273
:  :  :  Attr0 = 2 (L-leaf)
:  :  :  Attr0 != 2
:  :  :  :  Attr1 < 0.520 (L-leaf)
:  :  :  :  Attr1 >= 0.520 (R-leaf)
:  Attr6 >= 0.151
:  :  Attr7 < 0.295
:  :  :  Attr0 = 1 (L-leaf)
:  :  :  Attr0 != 1
:  :  :  :  Attr1 < 0.565
:  :  :  :  :  Attr3 < 0.145 (L-leaf)
:  :  :  :  :  Attr3 >= 0.145 (R-leaf)
:  :  :  :  Attr1 >= 0.565
:  :  :  :  :  Attr0 = 2 (L-leaf)
:  :  :  :  :  Attr0 != 2 (R-leaf)
:  :  Attr7 >= 0.295
:  :  :  Attr4 < 2.049
:  :  :  :  Attr6 < 0.323
:  :  :  :  :  Attr3 < 0.180 (L-leaf)
:  :  :  :  :  Attr3 >= 0.180 (R-leaf)
:  :  :  :  Attr6 >= 0.323
:  :  :  :  :  Attr4 < 1.626 (L-leaf)
:  :  :  :  :  Attr4 >= 1.626 (R-leaf)
:  :  :  Attr4 >= 2.049 (R-leaf)
======================= tree 47
Attr1 < 0.565
:  Attr6 < 0.144
:  :  Attr0 = 2
:  :  :  Attr1 < 0.515 (L-leaf)
:  :  :  Attr1 >= 0.515 (R-leaf)
:  :  Attr0 != 2
:  :  :  Attr7 < 0.119
:  :  :  :  Attr3 < 0.075
:  :  :  :  :  Attr6 < 0.018 (L-leaf)
:  :  :  :  :  Attr6 >= 0.018 (R-leaf)
:  :  :  :  Attr3 >= 0.075
:  :  :  :  :  Attr2 < 0.300 (L-leaf)
:  :  :  :  :  Attr2 >= 0.300 (R-leaf)
:  :  :  Attr7 >= 0.119
:  :  :  :  Attr2 < 0.385
:  :  :  :  :  Attr1 < 0.450 (L-leaf)
:  :  :  :  :  Attr1 >= 0.450 (R-leaf)
:  :  :  :  Attr2 >= 0.385
:  :  :  :  :  Attr0 = 1 (L-leaf)
:  :  :  :  :  Attr0 != 1 (R-leaf)
:  Attr6 >= 0.144
:  :  Attr5 < 0.416
:  :  :  Attr6 < 0.171
:  :  :  :  Attr0 = 2
:  :  :  :  :  Attr1 < 0.525 (L-leaf)
:  :  :  :  :  Attr1 >= 0.525 (R-leaf)
:  :  :  :  Attr0 != 2
:  :  :  :  :  Attr1 < 0.550 (L-leaf)
:  :  :  :  :  Attr1 >= 0.550 (R-leaf)
:  :  :  Attr6 >= 0.171
:  :  :  :  Attr6 < 0.229
:  :  :  :  :  Attr1 < 0.525 (L-leaf)
:  :  :  :  :  Attr1 >= 0.525 (R-leaf)
:  :  :  :  Attr6 >= 0.229
:  :  :  :  :  Attr0 = 1 (L-leaf)
:  :  :  :  :  Attr0 != 1 (R-leaf)
:  :  Attr5 >= 0.416
:  :  :  Attr1 < 0.555 (L-leaf)
:  :  :  Attr1 >= 0.555 (R-leaf)
Attr1 >= 0.565
:  Attr0 = 3 (L-leaf)
:  Attr0 != 3
:  :  Attr4 < 1.385
:  :  :  Attr0 = 1
:  :  :  :  Attr1 < 0.600 (L-leaf)
:  :  :  :  Attr1 >= 0.600
:  :  :  :  :  Attr1 < 0.630 (L-leaf)
:  :  :  :  :  Attr1 >= 0.630 (R-leaf)
:  :  :  Attr0 != 1
:  :  :  :  Attr1 < 0.645 (L-leaf)
:  :  :  :  Attr1 >= 0.645 (R-leaf)
:  :  Attr4 >= 1.385
:  :  :  Attr7 < 0.451
:  :  :  :  Attr1 < 0.685
:  :  :  :  :  Attr0 = 2 (L-leaf)
:  :  :  :  :  Attr0 != 2 (R-leaf)
:  :  :  :  Attr1 >= 0.685
:  :  :  :  :  Attr1 < 0.690 (L-leaf)
:  :  :  :  :  Attr1 >= 0.690 (R-leaf)
:  :  :  Attr7 >= 0.451
:  :  :  :  Attr3 < 0.235
:  :  :  :  :  Attr1 < 0.695 (L-leaf)
:  :  :  :  :  Attr1 >= 0.695 (R-leaf)
:  :  :  :  Attr3 >= 0.235 (R-leaf)
======================= tree 48
Attr2 < 0.475
:  Attr5 < 0.447
:  :  Attr5 < 0.317
:  :  :  Attr1 < 0.520
:  :  :  :  Attr1 < 0.365
:  :  :  :  :  Attr3 < 0.070 (L-leaf)
:  :  :  :  :  Attr3 >= 0.070 (R-leaf)
:  :  :  :  Attr1 >= 0.365
:  :  :  :  :  Attr2 < 0.310 (L-leaf)
:  :  :  :  :  Attr2 >= 0.310 (R-leaf)
:  :  :  Attr1 >= 0.520
:  :  :  :  Attr1 < 0.600
:  :  :  :  :  Attr3 < 0.140 (L-leaf)
:  :  :  :  :  Attr3 >= 0.140 (R-leaf)
:  :  :  :  Attr1 >= 0.600 (R-leaf)
:  :  Attr5 >= 0.317
:  :  :  Attr0 = 1
:  :  :  :  Attr1 < 0.585 (L-leaf)
:  :  :  :  Attr1 >= 0.585
:  :  :  :  :  Attr1 < 0.620 (L-leaf)
:  :  :  :  :  Attr1 >= 0.620 (R-leaf)
:  :  :  Attr0 != 1
:  :  :  :  Attr1 < 0.555
:  :  :  :  :  Attr2 < 0.420 (L-leaf)
:  :  :  :  :  Attr2 >= 0.420 (R-leaf)
:  :  :  :  Attr1 >= 0.555
:  :  :  :  :  Attr1 < 0.580 (L-leaf)
:  :  :  :  :  Attr1 >= 0.580 (R-leaf)
:  Attr5 >= 0.447
:  :  Attr7 < 0.275
:  :  :  Attr1 < 0.620
:  :  :  :  Attr1 < 0.585
:  :  :  :  :  Attr0 = 3 (L-leaf)
:  :  :  :  :  Attr0 != 3 (R-leaf)
:  :  :  :  Attr1 >= 0.585 (R-leaf)
:  :  :  Attr1 >= 0.620 (R-leaf)
:  :  Attr7 >= 0.275
:  :  :  Attr0 = 1
:  :  :  :  Attr1 < 0.625 (L-leaf)
:  :  :  :  Attr1 >= 0.625 (R-leaf)
:  :  :  Attr0 != 1 (R-leaf)
Attr2 >= 0.475
:  Attr4 < 1.025 (L-leaf)
:  Attr4 >= 1.025
:  :  Attr4 < 1.234
:  :  :  Attr5 < 0.543
:  :  :  :  Attr4 < 1.056 (L-leaf)
:  :  :  :  Attr4 >= 1.056
:  :  :  :  :  Attr1 < 0.645 (L-leaf)
:  :  :  :  :  Attr1 >= 0.645 (R-leaf)
:  :  :  Attr5 >= 0.543
:  :  :  :  Attr3 < 0.155
:  :  :  :  :  Attr1 < 0.635 (L-leaf)
:  :  :  :  :  Attr1 >= 0.635 (R-leaf)
:  :  :  :  Attr3 >= 0.155
:  :  :  :  :  Attr2 < 0.530 (L-leaf)
:  :  :  :  :  Attr2 >= 0.530 (R-leaf)
:  :  Attr4 >= 1.234
:  :  :  Attr6 < 0.292
:  :  :  :  Attr5 < 0.633 (L-leaf)
:  :  :  :  Attr5 >= 0.633
:  :  :  :  :  Attr1 < 0.680 (L-leaf)
:  :  :  :  :  Attr1 >= 0.680 (R-leaf)
:  :  :  Attr6 >= 0.292
:  :  :  :  Attr3 < 0.175
:  :  :  :  :  Attr0 = 1 (L-leaf)
:  :  :  :  :  Attr0 != 1 (R-leaf)
:  :  :  :  Attr3 >= 0.175
:  :  :  :  :  Attr4 < 1.293 (L-leaf)
:  :  :  :  :  Attr4 >= 1.293 (R-leaf)
======================= tree 49
Attr5 < 0.737
:  Attr2 < 0.435
:  :  Attr7 < 0.262
:  :  :  Attr5 < 0.246
:  :  :  :  Attr1 < 0.350 (L-leaf)
:  :  :  :  Attr1 >= 0.350
:  :  :  :  :  Attr4 < 0.516 (L-leaf)
:  :  :  :  :  Attr4 >= 0.516 (R-leaf)
:  :  :  Attr5 >= 0.246
:  :  :  :  Attr7 < 0.225
:  :  :  :  :  Attr1 < 0.540 (L-leaf)
:  :  :  :  :  Attr1 >= 0.540 (R-leaf)
:  :  :  :  Attr7 >= 0.225
:  :  :  :  :  Attr1 < 0.580 (L-leaf)
:  :  :  :  :  Attr1 >= 0.580 (R-leaf)
:  :  Attr7 >= 0.262
:  :  :  Attr1 < 0.610
:  :  :  :  Attr0 = 3 (L-leaf)
:  :  :  :  Attr0 != 3 (R-leaf)
:  :  :  Attr1 >= 0.610 (R-leaf)
:  Attr2 >= 0.435
:  :  Attr1 < 0.640
:  :  :  Attr2 < 0.510
:  :  :  :  Attr7 < 0.278
:  :  :  :  :  Attr7 < 0.259 (L-leaf)
:  :  :  :  :  Attr7 >= 0.259 (R-leaf)
:  :  :  :  Attr7 >= 0.278
:  :  :  :  :  Attr6 < 0.301 (L-leaf)
:  :  :  :  :  Attr6 >= 0.301 (R-leaf)
:  :  :  Attr2 >= 0.510
:  :  :  :  Attr1 < 0.630 (L-leaf)
:  :  :  :  Attr1 >= 0.630 (R-leaf)
:  :  Attr1 >= 0.640
:  :  :  Attr3 < 0.160 (L-leaf)
:  :  :  Attr3 >= 0.160
:  :  :  :  Attr1 < 0.670
:  :  :  :  :  Attr0 = 2 (L-leaf)
:  :  :  :  :  Attr0 != 2 (R-leaf)
:  :  :  :  Attr1 >= 0.670
:  :  :  :  :  Attr1 < 0.680 (L-leaf)
:  :  :  :  :  Attr1 >= 0.680 (R-leaf)
Attr5 >= 0.737
:  Attr6 < 0.456
:  :  Attr4 < 1.790
:  :  :  Attr3 < 0.190
:  :  :  :  Attr1 < 0.675 (L-leaf)
:  :  :  :  Attr1 >= 0.675 (R-leaf)
:  :  :  Attr3 >= 0.190
:  :  :  :  Attr1 < 0.720 (L-leaf)
:  :  :  :  Attr1 >= 0.720 (R-leaf)
:  :  Attr4 >= 1.790
:  :  :  Attr0 = 1 (L-leaf)
:  :  :  Attr0 != 1 (R-leaf)
:  Attr6 >= 0.456 (R-leaf)
