Tree 0 CV-Ensemble 0
GRADIENTSUM 0.00000000
LEAFVALUESSUM 7.3889578183
Tree 1 CV-Ensemble 0
GRADIENTSUM -0.70350604
LEAFVALUESSUM 0.1691748867
Tree 2 CV-Ensemble 0
GRADIENTSUM -2.79013783
LEAFVALUESSUM -4.0500000000
Tree 3 CV-Ensemble 0
GRADIENTSUM -15.96232016
LEAFVALUESSUM -0.7290000000
Tree 4 CV-Ensemble 0
GRADIENTSUM -58.91372629
LEAFVALUESSUM -0.6561000000
Tree 0 CV-Ensemble 1
GRADIENTSUM 0.00000000
LEAFVALUESSUM -7.2801801320
Tree 1 CV-Ensemble 1
GRADIENTSUM -32.68748834
LEAFVALUESSUM -0.4869636715
Tree 2 CV-Ensemble 1
GRADIENTSUM -67.30153670
LEAFVALUESSUM 1.6200000000
Tree 3 CV-Ensemble 1
GRADIENTSUM -71.60075454
LEAFVALUESSUM 0.7290000000
Tree 4 CV-Ensemble 1
GRADIENTSUM -75.17241406
LEAFVALUESSUM -0.0000000000
Tree 0 CV-Ensemble 2
GRADIENTSUM 0.00000000
LEAFVALUESSUM -11.9321827146
Tree 1 CV-Ensemble 2
GRADIENTSUM -38.59191339
LEAFVALUESSUM -1.1819063634
Tree 2 CV-Ensemble 2
GRADIENTSUM -60.55345593
LEAFVALUESSUM -0.0000000000
Tree 3 CV-Ensemble 2
GRADIENTSUM -53.15990883
