Tree 0 CV-Ensemble 0
GRADIENTSUM 0.00000000
LEAFVALUESSUM 0.0361576566
Tree 1 CV-Ensemble 0
GRADIENTSUM 1.84765625
LEAFVALUESSUM -0.0812591732
Tree 2 CV-Ensemble 0
GRADIENTSUM -2.30468750
LEAFVALUESSUM -0.0029812867
Tree 3 CV-Ensemble 0
GRADIENTSUM -2.45703125
LEAFVALUESSUM 0.0948660714
Tree 4 CV-Ensemble 0
GRADIENTSUM 2.39062500
LEAFVALUESSUM -0.0458853167
Tree 0 CV-Ensemble 1
GRADIENTSUM 0.00000000
LEAFVALUESSUM -0.0147535470
Tree 1 CV-Ensemble 1
GRADIENTSUM -0.75390625
LEAFVALUESSUM -0.0538924902
Tree 2 CV-Ensemble 1
GRADIENTSUM -3.50781250
LEAFVALUESSUM 0.0048159247
Tree 3 CV-Ensemble 1
GRADIENTSUM -3.26171875
LEAFVALUESSUM 0.1026632828
Tree 4 CV-Ensemble 1
GRADIENTSUM 1.98437500
LEAFVALUESSUM -0.0380878119
Tree 0 CV-Ensemble 2
GRADIENTSUM 0.00000000
LEAFVALUESSUM -0.0303479697
Tree 1 CV-Ensemble 2
GRADIENTSUM -1.55078125
LEAFVALUESSUM 0.0283604452
Tree 2 CV-Ensemble 2
GRADIENTSUM -0.10156250
LEAFVALUESSUM -0.0303479697
Tree 3 CV-Ensemble 2
GRADIENTSUM -1.65234375
LEAFVALUESSUM 0.0870688601
Tree 4 CV-Ensemble 2
GRADIENTSUM 2.79687500
LEAFVALUESSUM -0.0536828215
Tree 0 CV-Ensemble 3
GRADIENTSUM 0.00000000
LEAFVALUESSUM -0.0147535470
Tree 1 CV-Ensemble 3
GRADIENTSUM -0.75390625
LEAFVALUESSUM 0.0439548679
Tree 2 CV-Ensemble 3
GRADIENTSUM 1.49218750
LEAFVALUESSUM -0.0343230186
Tree 3 CV-Ensemble 3
GRADIENTSUM -0.26171875
LEAFVALUESSUM 0.0439548679
Tree 4 CV-Ensemble 3
GRADIENTSUM 1.98437500
LEAFVALUESSUM -0.0380878119
Tree 0 CV-Ensemble 4
GRADIENTSUM 0.00000000
LEAFVALUESSUM -0.0264493640
Tree 1 CV-Ensemble 4
GRADIENTSUM -1.35156250
LEAFVALUESSUM 0.0322590509
Tree 2 CV-Ensemble 4
GRADIENTSUM 0.29687500
LEAFVALUESSUM -0.0460188356
Tree 3 CV-Ensemble 4
GRADIENTSUM -2.05468750
LEAFVALUESSUM 0.0322590509
Tree 4 CV-Ensemble 4
GRADIENTSUM -0.40625000
LEAFVALUESSUM 0.0077975048
