Tree 0 CV-Ensemble 0
GRADIENTSUM 0.00000000
LEAFVALUESSUM -6.4490205927
Tree 1 CV-Ensemble 0
GRADIENTSUM -149.29934706
LEAFVALUESSUM 1.8000000000
Tree 2 CV-Ensemble 0
GRADIENTSUM -114.40091411
LEAFVALUESSUM 5.6700000000
Tree 3 CV-Ensemble 0
GRADIENTSUM -40.83155801
LEAFVALUESSUM 3.6450000000
Tree 4 CV-Ensemble 0
GRADIENTSUM 1.18375178
LEAFVALUESSUM -1.9683000000
Tree 0 CV-Ensemble 1
GRADIENTSUM 0.00000000
LEAFVALUESSUM -3.2138490165
Tree 1 CV-Ensemble 1
GRADIENTSUM -111.94508240
LEAFVALUESSUM 0.0000000000
Tree 2 CV-Ensemble 1
GRADIENTSUM -114.91679426
LEAFVALUESSUM 5.6700000000
Tree 3 CV-Ensemble 1
GRADIENTSUM -40.76864274
LEAFVALUESSUM 3.6450000000
Tree 4 CV-Ensemble 1
GRADIENTSUM 1.16154535
LEAFVALUESSUM -1.9683000000
Tree 0 CV-Ensemble 2
GRADIENTSUM 0.00000000
LEAFVALUESSUM 0.1863933813
Tree 1 CV-Ensemble 2
GRADIENTSUM 0.02213851
LEAFVALUESSUM -2.7000000000
Tree 2 CV-Ensemble 2
GRADIENTSUM -87.00733492
LEAFVALUESSUM -5.6700000000
Tree 3 CV-Ensemble 2
GRADIENTSUM -196.97785404
LEAFVALUESSUM 5.1030000000
Tree 4 CV-Ensemble 2
GRADIENTSUM -84.47204285
LEAFVALUESSUM 4.5927000000
Tree 0 CV-Ensemble 3
GRADIENTSUM 0.00000000
LEAFVALUESSUM -1.2004256285
Tree 1 CV-Ensemble 3
GRADIENTSUM -5.40286395
LEAFVALUESSUM -1.3936639118
Tree 2 CV-Ensemble 3
GRADIENTSUM -88.50708064
LEAFVALUESSUM -5.6700000000
Tree 3 CV-Ensemble 3
GRADIENTSUM -206.17811187
LEAFVALUESSUM 3.6450000000
Tree 4 CV-Ensemble 3
GRADIENTSUM -89.24732880
LEAFVALUESSUM 4.5927000000
Tree 0 CV-Ensemble 4
GRADIENTSUM 0.00000000
LEAFVALUESSUM -2.0615593016
Tree 1 CV-Ensemble 4
GRADIENTSUM -78.31970700
LEAFVALUESSUM -6.1538722566
Tree 2 CV-Ensemble 4
GRADIENTSUM -189.33659141
LEAFVALUESSUM 0.0000000000
Tree 3 CV-Ensemble 4
GRADIENTSUM -203.44486536
LEAFVALUESSUM 5.1030000000
Tree 4 CV-Ensemble 4
GRADIENTSUM -87.33096680
LEAFVALUESSUM 4.5927000000
